[ 2016-12-28T09:37:00+08:00 ] 127.0.0.1 /index.php/Home/In
ERR: 无法加载控制器:In

[ 2016-12-28T14:08:04+08:00 ] 127.0.0.1 /index.php/Admin/Privilege/del/id/3.html
ERR: 非法操作:del

[ 2016-12-28T14:57:11+08:00 ] 127.0.0.1 /index.php/Comment/Index/index.html
ERR: 无法加载控制器:Index

[ 2016-12-28T15:12:47+08:00 ] 127.0.0.1 /index.php/Admin/Privilege/edit/id/4.html
ERR: Think\Model:getChildren方法不存在！

[ 2016-12-28T16:59:13+08:00 ] 127.0.0.1 /index.php/Admin/Index.menu
ERR: 无法加载控制器:Index.menu

[ 2016-12-28T17:15:08+08:00 ] 127.0.0.1 /index.php/Admin/Admin/add
ERR: 无法加载控制器:Admin

[ 2016-12-28T17:15:09+08:00 ] 127.0.0.1 /index.php/Admin/Admin/lst
ERR: 无法加载控制器:Admin

[ 2016-12-28T17:15:10+08:00 ] 127.0.0.1 /index.php/Admin/Admin/lst
ERR: 无法加载控制器:Admin

[ 2016-12-28T17:15:10+08:00 ] 127.0.0.1 /index.php/Admin/Admin/edit
ERR: 无法加载控制器:Admin

[ 2016-12-28T17:15:11+08:00 ] 127.0.0.1 /index.php/Admin/Admin/del
ERR: 无法加载控制器:Admin

[ 2016-12-28T17:49:07+08:00 ] 127.0.0.1 /index.php/Admin/Privilege/del/id/4
INFO: [ app_begin ] --START--
INFO: Run Behavior\ReadHtmlCacheBehavior [ RunTime:0.000674s ]
INFO: [ app_begin ] --END-- [ RunTime:0.001126s ]
SQL: SHOW COLUMNS FROM `emp_privilege` [ RunTime:0.004608s ]
INFO: [ app_end ] --START--
INFO: Run Behavior\ShowPageTraceBehavior [ RunTime:0.000785s ]
INFO: [ app_end ] --END-- [ RunTime:0.000847s ]

[ 2016-12-28T17:50:17+08:00 ] 127.0.0.1 /index.php/Admin/Privilege/del/id/4
INFO: [ app_begin ] --START--
INFO: Run Behavior\ReadHtmlCacheBehavior [ RunTime:0.000550s ]
INFO: [ app_begin ] --END-- [ RunTime:0.000954s ]
SQL: SHOW COLUMNS FROM `emp_privilege` [ RunTime:0.004512s ]
INFO: [ app_end ] --START--
INFO: Run Behavior\ShowPageTraceBehavior [ RunTime:0.000741s ]
INFO: [ app_end ] --END-- [ RunTime:0.000803s ]

[ 2016-12-28T17:50:35+08:00 ] 127.0.0.1 /index.php/Admin/Privilege/del/id/4
INFO: [ app_begin ] --START--
INFO: Run Behavior\ReadHtmlCacheBehavior [ RunTime:0.000561s ]
INFO: [ app_begin ] --END-- [ RunTime:0.000962s ]
SQL: SHOW COLUMNS FROM `emp_privilege` [ RunTime:0.004387s ]
INFO: [ app_end ] --START--
INFO: Run Behavior\ShowPageTraceBehavior [ RunTime:0.000696s ]
INFO: [ app_end ] --END-- [ RunTime:0.000757s ]

[ 2016-12-28T17:50:38+08:00 ] 127.0.0.1 /index.php/Admin/Privilege/del/id/3
INFO: [ app_begin ] --START--
INFO: Run Behavior\ReadHtmlCacheBehavior [ RunTime:0.000603s ]
INFO: [ app_begin ] --END-- [ RunTime:0.001043s ]
SQL: SHOW COLUMNS FROM `emp_privilege` [ RunTime:0.004565s ]
INFO: [ app_end ] --START--
INFO: Run Behavior\ShowPageTraceBehavior [ RunTime:0.000695s ]
INFO: [ app_end ] --END-- [ RunTime:0.000756s ]

[ 2016-12-28T17:53:09+08:00 ] 127.0.0.1 /index.php/Admin/Privilege/del/id/3
INFO: [ app_begin ] --START--
INFO: Run Behavior\ReadHtmlCacheBehavior [ RunTime:0.000604s ]
INFO: [ app_begin ] --END-- [ RunTime:0.001048s ]
SQL: SHOW COLUMNS FROM `emp_privilege` [ RunTime:0.004770s ]
INFO: [ app_end ] --START--
INFO: Run Behavior\ShowPageTraceBehavior [ RunTime:0.000803s ]
INFO: [ app_end ] --END-- [ RunTime:0.000880s ]

[ 2016-12-28T17:56:03+08:00 ] 127.0.0.1 /index.php/Admin/Privilege/del/id/3
INFO: [ app_begin ] --START--
INFO: Run Behavior\ReadHtmlCacheBehavior [ RunTime:0.000584s ]
INFO: [ app_begin ] --END-- [ RunTime:0.001042s ]
SQL: SHOW COLUMNS FROM `emp_privilege` [ RunTime:0.005140s ]
INFO: [ app_end ] --START--
INFO: Run Behavior\ShowPageTraceBehavior [ RunTime:0.000793s ]
INFO: [ app_end ] --END-- [ RunTime:0.000866s ]

[ 2016-12-28T17:56:08+08:00 ] 127.0.0.1 /index.php/Admin/Privilege/del/id/5
INFO: [ app_begin ] --START--
INFO: Run Behavior\ReadHtmlCacheBehavior [ RunTime:0.000655s ]
INFO: [ app_begin ] --END-- [ RunTime:0.001159s ]
SQL: SHOW COLUMNS FROM `emp_privilege` [ RunTime:0.005956s ]
INFO: [ app_end ] --START--
INFO: Run Behavior\ShowPageTraceBehavior [ RunTime:0.000796s ]
INFO: [ app_end ] --END-- [ RunTime:0.000866s ]

[ 2016-12-28T17:56:11+08:00 ] 127.0.0.1 /index.php/Admin/Privilege/del/id/2
INFO: [ app_begin ] --START--
INFO: Run Behavior\ReadHtmlCacheBehavior [ RunTime:0.000585s ]
INFO: [ app_begin ] --END-- [ RunTime:0.001001s ]
SQL: SHOW COLUMNS FROM `emp_privilege` [ RunTime:0.004523s ]
INFO: [ app_end ] --START--
INFO: Run Behavior\ShowPageTraceBehavior [ RunTime:0.000759s ]
INFO: [ app_end ] --END-- [ RunTime:0.000822s ]

[ 2016-12-28T17:57:06+08:00 ] 127.0.0.1 /index.php/Admin/Privilege/del/id/4
INFO: [ app_begin ] --START--
INFO: Run Behavior\ReadHtmlCacheBehavior [ RunTime:0.000592s ]
INFO: [ app_begin ] --END-- [ RunTime:0.001084s ]
SQL: SHOW COLUMNS FROM `emp_privilege` [ RunTime:0.004885s ]
INFO: [ app_end ] --START--
INFO: Run Behavior\ShowPageTraceBehavior [ RunTime:0.000753s ]
INFO: [ app_end ] --END-- [ RunTime:0.000844s ]

[ 2016-12-28T18:01:31+08:00 ] 127.0.0.1 /index.php/Admin/Privilege/del/id/3
INFO: [ app_begin ] --START--
INFO: Run Behavior\ReadHtmlCacheBehavior [ RunTime:0.000550s ]
INFO: [ app_begin ] --END-- [ RunTime:0.000958s ]
SQL: SHOW COLUMNS FROM `emp_privilege` [ RunTime:0.004408s ]
SQL: DELETE FROM `emp_privilege` WHERE ( `id` = 3 ) [ RunTime:0.025267s ]
INFO: [ app_end ] --START--
INFO: Run Behavior\ShowPageTraceBehavior [ RunTime:0.000743s ]
INFO: [ app_end ] --END-- [ RunTime:0.000800s ]

