[ 2016-12-23T09:05:24+08:00 ] 192.168.0.100 /
INFO: [ app_init ] --START--
INFO: Run Behavior\BuildLiteBehavior [ RunTime:0.000020s ]
INFO: [ app_init ] --END-- [ RunTime:0.000703s ]
INFO: [ app_begin ] --START--
INFO: Run Behavior\ReadHtmlCacheBehavior [ RunTime:0.001114s ]
INFO: [ app_begin ] --END-- [ RunTime:0.001191s ]
NOTIC: [2] Missing argument 1 for Think\Controller::assign(), called in E:\Wamp\host\emp\Application\Home\Controller\IndexController.class.php on line 8 and defined E:\Wamp\host\emp\ThinkPHP\Library\Think\Controller.class.php 第 121 行.
NOTIC: [8] Undefined variable: name E:\Wamp\host\emp\ThinkPHP\Library\Think\Controller.class.php 第 122 行.
INFO: [ view_parse ] --START--
INFO: [ template_filter ] --START--
INFO: Run Behavior\ContentReplaceBehavior [ RunTime:0.000043s ]
INFO: [ template_filter ] --END-- [ RunTime:0.000133s ]
INFO: Run Behavior\ParseTemplateBehavior [ RunTime:0.008093s ]
INFO: [ view_parse ] --END-- [ RunTime:0.008181s ]
INFO: [ view_filter ] --START--
INFO: Run Behavior\WriteHtmlCacheBehavior [ RunTime:0.000863s ]
INFO: [ view_filter ] --END-- [ RunTime:0.000949s ]
INFO: [ app_end ] --START--
INFO: Run Behavior\ShowPageTraceBehavior [ RunTime:0.001345s ]
INFO: [ app_end ] --END-- [ RunTime:0.001424s ]

[ 2016-12-23T09:05:30+08:00 ] 192.168.0.100 /
INFO: [ app_init ] --START--
INFO: Run Behavior\BuildLiteBehavior [ RunTime:0.000017s ]
INFO: [ app_init ] --END-- [ RunTime:0.000495s ]
INFO: [ app_begin ] --START--
INFO: Run Behavior\ReadHtmlCacheBehavior [ RunTime:0.000687s ]
INFO: [ app_begin ] --END-- [ RunTime:0.000756s ]
NOTIC: [2] Missing argument 1 for Think\Controller::assign(), called in E:\Wamp\host\emp\Application\Home\Controller\IndexController.class.php on line 8 and defined E:\Wamp\host\emp\ThinkPHP\Library\Think\Controller.class.php 第 121 行.
NOTIC: [8] Undefined variable: name E:\Wamp\host\emp\ThinkPHP\Library\Think\Controller.class.php 第 122 行.
INFO: [ view_parse ] --START--
INFO: [ template_filter ] --START--
INFO: Run Behavior\ContentReplaceBehavior [ RunTime:0.000043s ]
INFO: [ template_filter ] --END-- [ RunTime:0.000160s ]
INFO: Run Behavior\ParseTemplateBehavior [ RunTime:0.006810s ]
INFO: [ view_parse ] --END-- [ RunTime:0.006883s ]
INFO: [ view_filter ] --START--
INFO: Run Behavior\WriteHtmlCacheBehavior [ RunTime:0.000415s ]
INFO: [ view_filter ] --END-- [ RunTime:0.000476s ]
INFO: [ app_end ] --START--
INFO: Run Behavior\ShowPageTraceBehavior [ RunTime:0.000667s ]
INFO: [ app_end ] --END-- [ RunTime:0.000730s ]

[ 2016-12-23T12:14:51+08:00 ] 127.0.0.1 /
INFO: [ app_init ] --START--
INFO: Run Behavior\BuildLiteBehavior [ RunTime:0.000020s ]
INFO: [ app_init ] --END-- [ RunTime:0.000835s ]
INFO: [ app_begin ] --START--
INFO: Run Behavior\ReadHtmlCacheBehavior [ RunTime:0.001112s ]
INFO: [ app_begin ] --END-- [ RunTime:0.001211s ]
NOTIC: [2] Missing argument 1 for Think\Controller::assign(), called in E:\Wamp\host\emp\Application\Home\Controller\IndexController.class.php on line 8 and defined E:\Wamp\host\emp\ThinkPHP\Library\Think\Controller.class.php 第 121 行.
NOTIC: [8] Undefined variable: name E:\Wamp\host\emp\ThinkPHP\Library\Think\Controller.class.php 第 122 行.
INFO: [ view_parse ] --START--
INFO: [ template_filter ] --START--
INFO: Run Behavior\ContentReplaceBehavior [ RunTime:0.000044s ]
INFO: [ template_filter ] --END-- [ RunTime:0.000148s ]
INFO: Run Behavior\ParseTemplateBehavior [ RunTime:0.009092s ]
INFO: [ view_parse ] --END-- [ RunTime:0.009194s ]
INFO: [ view_filter ] --START--
INFO: Run Behavior\WriteHtmlCacheBehavior [ RunTime:0.000791s ]
INFO: [ view_filter ] --END-- [ RunTime:0.000873s ]
INFO: [ app_end ] --START--
INFO: Run Behavior\ShowPageTraceBehavior [ RunTime:0.001237s ]
INFO: [ app_end ] --END-- [ RunTime:0.001325s ]

[ 2016-12-23T12:56:45+08:00 ] 127.0.0.1 /index.php/
INFO: [ app_init ] --START--
INFO: Run Behavior\BuildLiteBehavior [ RunTime:0.000019s ]
INFO: [ app_init ] --END-- [ RunTime:0.000832s ]
INFO: [ app_begin ] --START--
INFO: Run Behavior\ReadHtmlCacheBehavior [ RunTime:0.000968s ]
INFO: [ app_begin ] --END-- [ RunTime:0.001042s ]
NOTIC: [2] Missing argument 1 for Think\Controller::assign(), called in E:\Wamp\host\emp\Application\Home\Controller\IndexController.class.php on line 8 and defined E:\Wamp\host\emp\ThinkPHP\Library\Think\Controller.class.php 第 121 行.
NOTIC: [8] Undefined variable: name E:\Wamp\host\emp\ThinkPHP\Library\Think\Controller.class.php 第 122 行.
INFO: [ view_parse ] --START--
INFO: [ template_filter ] --START--
INFO: Run Behavior\ContentReplaceBehavior [ RunTime:0.000042s ]
INFO: [ template_filter ] --END-- [ RunTime:0.000138s ]
INFO: Run Behavior\ParseTemplateBehavior [ RunTime:0.007907s ]
INFO: [ view_parse ] --END-- [ RunTime:0.007989s ]
INFO: [ view_filter ] --START--
INFO: Run Behavior\WriteHtmlCacheBehavior [ RunTime:0.000731s ]
INFO: [ view_filter ] --END-- [ RunTime:0.000796s ]
INFO: [ app_end ] --START--
INFO: Run Behavior\ShowPageTraceBehavior [ RunTime:0.000943s ]
INFO: [ app_end ] --END-- [ RunTime:0.001005s ]

[ 2016-12-23T12:57:01+08:00 ] 127.0.0.1 /index.php/Home/Index/index
INFO: [ app_init ] --START--
INFO: Run Behavior\BuildLiteBehavior [ RunTime:0.000028s ]
INFO: [ app_init ] --END-- [ RunTime:0.000819s ]
INFO: [ app_begin ] --START--
INFO: Run Behavior\ReadHtmlCacheBehavior [ RunTime:0.001474s ]
INFO: [ app_begin ] --END-- [ RunTime:0.001609s ]
NOTIC: [2] Missing argument 1 for Think\Controller::assign(), called in E:\Wamp\host\emp\Application\Home\Controller\IndexController.class.php on line 8 and defined E:\Wamp\host\emp\ThinkPHP\Library\Think\Controller.class.php 第 121 行.
NOTIC: [8] Undefined variable: name E:\Wamp\host\emp\ThinkPHP\Library\Think\Controller.class.php 第 122 行.
INFO: [ view_parse ] --START--
INFO: [ template_filter ] --START--
INFO: Run Behavior\ContentReplaceBehavior [ RunTime:0.000068s ]
INFO: [ template_filter ] --END-- [ RunTime:0.000186s ]
INFO: Run Behavior\ParseTemplateBehavior [ RunTime:0.012249s ]
INFO: [ view_parse ] --END-- [ RunTime:0.012381s ]
INFO: [ view_filter ] --START--
INFO: Run Behavior\WriteHtmlCacheBehavior [ RunTime:0.000803s ]
INFO: [ view_filter ] --END-- [ RunTime:0.000908s ]
INFO: [ app_end ] --START--
INFO: Run Behavior\ShowPageTraceBehavior [ RunTime:0.001310s ]
INFO: [ app_end ] --END-- [ RunTime:0.001419s ]

[ 2016-12-23T14:31:01+08:00 ] 127.0.0.1 /index.php/Admin
INFO: [ app_init ] --START--
INFO: Run Behavior\BuildLiteBehavior [ RunTime:0.000017s ]
INFO: [ app_init ] --END-- [ RunTime:0.000712s ]
INFO: [ app_begin ] --START--
INFO: Run Behavior\ReadHtmlCacheBehavior [ RunTime:0.000903s ]
INFO: [ app_begin ] --END-- [ RunTime:0.000969s ]
ERR: 无法加载控制器:Index

[ 2016-12-23T14:31:12+08:00 ] 127.0.0.1 /index.php/Esafe
INFO: [ app_init ] --START--
INFO: Run Behavior\BuildLiteBehavior [ RunTime:0.000016s ]
INFO: [ app_init ] --END-- [ RunTime:0.000589s ]
INFO: [ app_begin ] --START--
INFO: Run Behavior\ReadHtmlCacheBehavior [ RunTime:0.000581s ]
INFO: [ app_begin ] --END-- [ RunTime:0.000647s ]
ERR: 无法加载控制器:Index

[ 2016-12-23T14:31:14+08:00 ] 127.0.0.1 /index.php/Esafe
INFO: [ app_init ] --START--
INFO: Run Behavior\BuildLiteBehavior [ RunTime:0.000020s ]
INFO: [ app_init ] --END-- [ RunTime:0.000536s ]
INFO: [ app_begin ] --START--
INFO: Run Behavior\ReadHtmlCacheBehavior [ RunTime:0.000675s ]
INFO: [ app_begin ] --END-- [ RunTime:0.000748s ]
ERR: 无法加载控制器:Index

[ 2016-12-23T14:48:23+08:00 ] 127.0.0.1 /index.php/
INFO: [ app_init ] --START--
INFO: Run Behavior\BuildLiteBehavior [ RunTime:0.000017s ]
INFO: [ app_init ] --END-- [ RunTime:0.000718s ]
INFO: [ app_begin ] --START--
INFO: Run Behavior\ReadHtmlCacheBehavior [ RunTime:0.000848s ]
INFO: [ app_begin ] --END-- [ RunTime:0.000916s ]
NOTIC: [2] Missing argument 1 for Think\Controller::assign(), called in E:\Wamp\host\emp\Application\Home\Controller\IndexController.class.php on line 8 and defined E:\Wamp\host\emp\ThinkPHP\Library\Think\Controller.class.php 第 121 行.
NOTIC: [8] Undefined variable: name E:\Wamp\host\emp\ThinkPHP\Library\Think\Controller.class.php 第 122 行.
INFO: [ view_parse ] --START--
INFO: [ template_filter ] --START--
INFO: Run Behavior\ContentReplaceBehavior [ RunTime:0.000041s ]
INFO: [ template_filter ] --END-- [ RunTime:0.000117s ]

[ 2016-12-23T14:50:44+08:00 ] 127.0.0.1 /index.php/
INFO: [ app_init ] --START--
INFO: Run Behavior\BuildLiteBehavior [ RunTime:0.000018s ]
INFO: [ app_init ] --END-- [ RunTime:0.000548s ]
INFO: [ app_begin ] --START--
INFO: Run Behavior\ReadHtmlCacheBehavior [ RunTime:0.001226s ]
INFO: [ app_begin ] --END-- [ RunTime:0.001320s ]
NOTIC: [2] Missing argument 1 for Think\Controller::assign(), called in E:\Wamp\host\emp\Application\Home\Controller\IndexController.class.php on line 8 and defined E:\Wamp\host\emp\ThinkPHP\Library\Think\Controller.class.php 第 121 行.
NOTIC: [8] Undefined variable: name E:\Wamp\host\emp\ThinkPHP\Library\Think\Controller.class.php 第 122 行.
INFO: [ view_parse ] --START--
INFO: [ template_filter ] --START--
INFO: Run Behavior\ContentReplaceBehavior [ RunTime:0.000042s ]
INFO: [ template_filter ] --END-- [ RunTime:0.000116s ]

[ 2016-12-23T14:52:40+08:00 ] 127.0.0.1 /index.php/
INFO: [ app_init ] --START--
INFO: Run Behavior\BuildLiteBehavior [ RunTime:0.000014s ]
INFO: [ app_init ] --END-- [ RunTime:0.000436s ]
INFO: [ app_begin ] --START--
INFO: Run Behavior\ReadHtmlCacheBehavior [ RunTime:0.000550s ]
INFO: [ app_begin ] --END-- [ RunTime:0.000904s ]
NOTIC: [2] Missing argument 1 for Think\Controller::assign(), called in E:\Wamp\host\emp\Application\Home\Controller\IndexController.class.php on line 8 and defined E:\Wamp\host\emp\ThinkPHP\Library\Think\Controller.class.php 第 121 行.
NOTIC: [8] Undefined variable: name E:\Wamp\host\emp\ThinkPHP\Library\Think\Controller.class.php 第 122 行.
INFO: [ view_parse ] --START--
INFO: [ template_filter ] --START--
INFO: Run Behavior\ContentReplaceBehavior [ RunTime:0.000041s ]
INFO: [ template_filter ] --END-- [ RunTime:0.000112s ]

[ 2016-12-23T14:52:43+08:00 ] 127.0.0.1 /index.php/
INFO: [ app_init ] --START--
INFO: Run Behavior\BuildLiteBehavior [ RunTime:0.000025s ]
INFO: [ app_init ] --END-- [ RunTime:0.000753s ]
INFO: [ app_begin ] --START--
INFO: Run Behavior\ReadHtmlCacheBehavior [ RunTime:0.002426s ]
INFO: [ app_begin ] --END-- [ RunTime:0.002532s ]
NOTIC: [2] Missing argument 1 for Think\Controller::assign(), called in E:\Wamp\host\emp\Application\Home\Controller\IndexController.class.php on line 8 and defined E:\Wamp\host\emp\ThinkPHP\Library\Think\Controller.class.php 第 121 行.
NOTIC: [8] Undefined variable: name E:\Wamp\host\emp\ThinkPHP\Library\Think\Controller.class.php 第 122 行.
INFO: [ view_parse ] --START--
INFO: [ template_filter ] --START--
INFO: Run Behavior\ContentReplaceBehavior [ RunTime:0.000042s ]
INFO: [ template_filter ] --END-- [ RunTime:0.000117s ]

[ 2016-12-23T14:53:03+08:00 ] 127.0.0.1 /
INFO: [ app_init ] --START--
INFO: Run Behavior\BuildLiteBehavior [ RunTime:0.000017s ]
INFO: [ app_init ] --END-- [ RunTime:0.000684s ]
INFO: [ app_begin ] --START--
INFO: Run Behavior\ReadHtmlCacheBehavior [ RunTime:0.000710s ]
INFO: [ app_begin ] --END-- [ RunTime:0.000784s ]
NOTIC: [2] Missing argument 1 for Think\Controller::assign(), called in E:\Wamp\host\emp\Application\Home\Controller\IndexController.class.php on line 8 and defined E:\Wamp\host\emp\ThinkPHP\Library\Think\Controller.class.php 第 121 行.
NOTIC: [8] Undefined variable: name E:\Wamp\host\emp\ThinkPHP\Library\Think\Controller.class.php 第 122 行.
INFO: [ view_parse ] --START--
INFO: [ template_filter ] --START--
INFO: Run Behavior\ContentReplaceBehavior [ RunTime:0.000041s ]
INFO: [ template_filter ] --END-- [ RunTime:0.000120s ]

[ 2016-12-23T14:54:19+08:00 ] 127.0.0.1 /
INFO: [ app_init ] --START--
INFO: Run Behavior\BuildLiteBehavior [ RunTime:0.000014s ]
INFO: [ app_init ] --END-- [ RunTime:0.000460s ]
INFO: [ app_begin ] --START--
INFO: Run Behavior\ReadHtmlCacheBehavior [ RunTime:0.000658s ]
INFO: [ app_begin ] --END-- [ RunTime:0.000723s ]
NOTIC: [2] Missing argument 1 for Think\Controller::assign(), called in E:\Wamp\host\emp\Application\Home\Controller\IndexController.class.php on line 8 and defined E:\Wamp\host\emp\ThinkPHP\Library\Think\Controller.class.php 第 121 行.
NOTIC: [8] Undefined variable: name E:\Wamp\host\emp\ThinkPHP\Library\Think\Controller.class.php 第 122 行.
INFO: [ view_parse ] --START--
INFO: [ template_filter ] --START--
INFO: Run Behavior\ContentReplaceBehavior [ RunTime:0.000046s ]
INFO: [ template_filter ] --END-- [ RunTime:0.000137s ]

[ 2016-12-23T14:55:48+08:00 ] 127.0.0.1 /index.php/
INFO: [ app_init ] --START--
INFO: Run Behavior\BuildLiteBehavior [ RunTime:0.000017s ]
INFO: [ app_init ] --END-- [ RunTime:0.000583s ]
INFO: [ app_begin ] --START--
INFO: Run Behavior\ReadHtmlCacheBehavior [ RunTime:0.000711s ]
INFO: [ app_begin ] --END-- [ RunTime:0.000786s ]
NOTIC: [2] Missing argument 1 for Think\Controller::assign(), called in E:\Wamp\host\emp\Application\Home\Controller\IndexController.class.php on line 8 and defined E:\Wamp\host\emp\ThinkPHP\Library\Think\Controller.class.php 第 121 行.
NOTIC: [8] Undefined variable: name E:\Wamp\host\emp\ThinkPHP\Library\Think\Controller.class.php 第 122 行.

[ 2016-12-23T14:57:06+08:00 ] 127.0.0.1 /index.php/
INFO: [ app_init ] --START--
INFO: Run Behavior\BuildLiteBehavior [ RunTime:0.000018s ]
INFO: [ app_init ] --END-- [ RunTime:0.000518s ]
INFO: [ app_begin ] --START--
INFO: Run Behavior\ReadHtmlCacheBehavior [ RunTime:0.001887s ]
INFO: [ app_begin ] --END-- [ RunTime:0.001992s ]
NOTIC: [2] Missing argument 1 for Think\Controller::assign(), called in E:\Wamp\host\emp\Application\Home\Controller\IndexController.class.php on line 8 and defined E:\Wamp\host\emp\ThinkPHP\Library\Think\Controller.class.php 第 121 行.
NOTIC: [8] Undefined variable: name E:\Wamp\host\emp\ThinkPHP\Library\Think\Controller.class.php 第 122 行.
INFO: [ view_parse ] --START--
INFO: [ template_filter ] --START--
INFO: Run Behavior\ContentReplaceBehavior [ RunTime:0.000044s ]
INFO: [ template_filter ] --END-- [ RunTime:0.000129s ]

[ 2016-12-23T15:00:28+08:00 ] 127.0.0.1 /index.php/
INFO: [ app_init ] --START--
INFO: Run Behavior\BuildLiteBehavior [ RunTime:0.000017s ]
INFO: [ app_init ] --END-- [ RunTime:0.000518s ]
INFO: [ app_begin ] --START--
INFO: Run Behavior\ReadHtmlCacheBehavior [ RunTime:0.000738s ]
INFO: [ app_begin ] --END-- [ RunTime:0.000819s ]
NOTIC: [2] Missing argument 1 for Think\Controller::assign(), called in E:\Wamp\host\emp\Application\Home\Controller\IndexController.class.php on line 8 and defined E:\Wamp\host\emp\ThinkPHP\Library\Think\Controller.class.php 第 121 行.
NOTIC: [8] Undefined variable: name E:\Wamp\host\emp\ThinkPHP\Library\Think\Controller.class.php 第 122 行.
INFO: [ view_parse ] --START--
INFO: [ template_filter ] --START--
INFO: Run Behavior\ContentReplaceBehavior [ RunTime:0.000043s ]
INFO: [ template_filter ] --END-- [ RunTime:0.000124s ]

[ 2016-12-23T15:00:28+08:00 ] 127.0.0.1 /index.php/
INFO: [ app_init ] --START--
INFO: Run Behavior\BuildLiteBehavior [ RunTime:0.000015s ]
INFO: [ app_init ] --END-- [ RunTime:0.000434s ]
INFO: [ app_begin ] --START--
INFO: Run Behavior\ReadHtmlCacheBehavior [ RunTime:0.000614s ]
INFO: [ app_begin ] --END-- [ RunTime:0.000688s ]
NOTIC: [2] Missing argument 1 for Think\Controller::assign(), called in E:\Wamp\host\emp\Application\Home\Controller\IndexController.class.php on line 8 and defined E:\Wamp\host\emp\ThinkPHP\Library\Think\Controller.class.php 第 121 行.
NOTIC: [8] Undefined variable: name E:\Wamp\host\emp\ThinkPHP\Library\Think\Controller.class.php 第 122 行.
INFO: [ view_parse ] --START--
INFO: [ template_filter ] --START--
INFO: Run Behavior\ContentReplaceBehavior [ RunTime:0.000042s ]
INFO: [ template_filter ] --END-- [ RunTime:0.000118s ]

[ 2016-12-23T15:00:28+08:00 ] 127.0.0.1 /index.php/
INFO: [ app_init ] --START--
INFO: Run Behavior\BuildLiteBehavior [ RunTime:0.000015s ]
INFO: [ app_init ] --END-- [ RunTime:0.000473s ]
INFO: [ app_begin ] --START--
INFO: Run Behavior\ReadHtmlCacheBehavior [ RunTime:0.000609s ]
INFO: [ app_begin ] --END-- [ RunTime:0.000680s ]
NOTIC: [2] Missing argument 1 for Think\Controller::assign(), called in E:\Wamp\host\emp\Application\Home\Controller\IndexController.class.php on line 8 and defined E:\Wamp\host\emp\ThinkPHP\Library\Think\Controller.class.php 第 121 行.
NOTIC: [8] Undefined variable: name E:\Wamp\host\emp\ThinkPHP\Library\Think\Controller.class.php 第 122 行.
INFO: [ view_parse ] --START--
INFO: [ template_filter ] --START--
INFO: Run Behavior\ContentReplaceBehavior [ RunTime:0.000046s ]
INFO: [ template_filter ] --END-- [ RunTime:0.000130s ]

[ 2016-12-23T15:00:29+08:00 ] 127.0.0.1 /index.php/
INFO: [ app_init ] --START--
INFO: Run Behavior\BuildLiteBehavior [ RunTime:0.000026s ]
INFO: [ app_init ] --END-- [ RunTime:0.000789s ]
INFO: [ app_begin ] --START--
INFO: Run Behavior\ReadHtmlCacheBehavior [ RunTime:0.000999s ]
INFO: [ app_begin ] --END-- [ RunTime:0.001099s ]
NOTIC: [2] Missing argument 1 for Think\Controller::assign(), called in E:\Wamp\host\emp\Application\Home\Controller\IndexController.class.php on line 8 and defined E:\Wamp\host\emp\ThinkPHP\Library\Think\Controller.class.php 第 121 行.
NOTIC: [8] Undefined variable: name E:\Wamp\host\emp\ThinkPHP\Library\Think\Controller.class.php 第 122 行.
INFO: [ view_parse ] --START--
INFO: [ template_filter ] --START--
INFO: Run Behavior\ContentReplaceBehavior [ RunTime:0.000045s ]
INFO: [ template_filter ] --END-- [ RunTime:0.000126s ]

[ 2016-12-23T15:00:29+08:00 ] 127.0.0.1 /index.php/
INFO: [ app_init ] --START--
INFO: Run Behavior\BuildLiteBehavior [ RunTime:0.000016s ]
INFO: [ app_init ] --END-- [ RunTime:0.000480s ]
INFO: [ app_begin ] --START--
INFO: Run Behavior\ReadHtmlCacheBehavior [ RunTime:0.000553s ]
INFO: [ app_begin ] --END-- [ RunTime:0.000619s ]
NOTIC: [2] Missing argument 1 for Think\Controller::assign(), called in E:\Wamp\host\emp\Application\Home\Controller\IndexController.class.php on line 8 and defined E:\Wamp\host\emp\ThinkPHP\Library\Think\Controller.class.php 第 121 行.
NOTIC: [8] Undefined variable: name E:\Wamp\host\emp\ThinkPHP\Library\Think\Controller.class.php 第 122 行.
INFO: [ view_parse ] --START--
INFO: [ template_filter ] --START--
INFO: Run Behavior\ContentReplaceBehavior [ RunTime:0.000042s ]
INFO: [ template_filter ] --END-- [ RunTime:0.000121s ]

[ 2016-12-23T15:02:08+08:00 ] 127.0.0.1 /index.php/
INFO: [ app_init ] --START--
INFO: Run Behavior\BuildLiteBehavior [ RunTime:0.000017s ]
INFO: [ app_init ] --END-- [ RunTime:0.000539s ]
INFO: [ app_begin ] --START--
INFO: Run Behavior\ReadHtmlCacheBehavior [ RunTime:0.000788s ]
INFO: [ app_begin ] --END-- [ RunTime:0.000880s ]
NOTIC: [2] Missing argument 1 for Think\Controller::assign(), called in E:\Wamp\host\emp\Application\Home\Controller\IndexController.class.php on line 8 and defined E:\Wamp\host\emp\ThinkPHP\Library\Think\Controller.class.php 第 121 行.
NOTIC: [8] Undefined variable: name E:\Wamp\host\emp\ThinkPHP\Library\Think\Controller.class.php 第 122 行.
INFO: [ view_parse ] --START--
INFO: [ template_filter ] --START--
INFO: Run Behavior\ContentReplaceBehavior [ RunTime:0.000040s ]
INFO: [ template_filter ] --END-- [ RunTime:0.000111s ]
NOTIC: [2] require_once(/PublicView/header.html) [<a href='function.require-once'>function.require-once</a>]: failed to open stream: No such file or directory E:\Wamp\host\emp\Application\Runtime\Cache\Home\2a94b8bda04ff446dcedd42276fc99ee.php 第 1 行.

[ 2016-12-23T15:02:27+08:00 ] 127.0.0.1 /index.php/
INFO: [ app_init ] --START--
INFO: Run Behavior\BuildLiteBehavior [ RunTime:0.000015s ]
INFO: [ app_init ] --END-- [ RunTime:0.000430s ]
INFO: [ app_begin ] --START--
INFO: Run Behavior\ReadHtmlCacheBehavior [ RunTime:0.000548s ]
INFO: [ app_begin ] --END-- [ RunTime:0.000611s ]
NOTIC: [2] Missing argument 1 for Think\Controller::assign(), called in E:\Wamp\host\emp\Application\Home\Controller\IndexController.class.php on line 8 and defined E:\Wamp\host\emp\ThinkPHP\Library\Think\Controller.class.php 第 121 行.
NOTIC: [8] Undefined variable: name E:\Wamp\host\emp\ThinkPHP\Library\Think\Controller.class.php 第 122 行.
INFO: [ view_parse ] --START--
INFO: [ template_filter ] --START--
INFO: Run Behavior\ContentReplaceBehavior [ RunTime:0.000041s ]
INFO: [ template_filter ] --END-- [ RunTime:0.000112s ]
INFO: Run Behavior\ParseTemplateBehavior [ RunTime:0.006053s ]
INFO: [ view_parse ] --END-- [ RunTime:0.006127s ]
INFO: [ view_filter ] --START--
INFO: Run Behavior\WriteHtmlCacheBehavior [ RunTime:0.000566s ]
INFO: [ view_filter ] --END-- [ RunTime:0.000626s ]
INFO: [ app_end ] --START--
INFO: Run Behavior\ShowPageTraceBehavior [ RunTime:0.001080s ]
INFO: [ app_end ] --END-- [ RunTime:0.001153s ]

[ 2016-12-23T15:05:19+08:00 ] 127.0.0.1 /
INFO: [ app_init ] --START--
INFO: Run Behavior\BuildLiteBehavior [ RunTime:0.000016s ]
INFO: [ app_init ] --END-- [ RunTime:0.000466s ]
INFO: [ app_begin ] --START--
INFO: Run Behavior\ReadHtmlCacheBehavior [ RunTime:0.000692s ]
INFO: [ app_begin ] --END-- [ RunTime:0.000761s ]
NOTIC: [2] Missing argument 1 for Think\Controller::assign(), called in E:\Wamp\host\emp\Application\Home\Controller\IndexController.class.php on line 8 and defined E:\Wamp\host\emp\ThinkPHP\Library\Think\Controller.class.php 第 121 行.
NOTIC: [8] Undefined variable: name E:\Wamp\host\emp\ThinkPHP\Library\Think\Controller.class.php 第 122 行.
INFO: [ view_parse ] --START--
INFO: [ template_filter ] --START--
INFO: Run Behavior\ContentReplaceBehavior [ RunTime:0.000043s ]
INFO: [ template_filter ] --END-- [ RunTime:0.000136s ]
INFO: Run Behavior\ParseTemplateBehavior [ RunTime:0.007829s ]
INFO: [ view_parse ] --END-- [ RunTime:0.007903s ]
INFO: [ view_filter ] --START--
INFO: Run Behavior\WriteHtmlCacheBehavior [ RunTime:0.000383s ]
INFO: [ view_filter ] --END-- [ RunTime:0.000443s ]
INFO: [ app_end ] --START--
INFO: Run Behavior\ShowPageTraceBehavior [ RunTime:0.000634s ]
INFO: [ app_end ] --END-- [ RunTime:0.000694s ]

[ 2016-12-23T15:05:20+08:00 ] 127.0.0.1 /
INFO: [ app_init ] --START--
INFO: Run Behavior\BuildLiteBehavior [ RunTime:0.000019s ]
INFO: [ app_init ] --END-- [ RunTime:0.000588s ]
INFO: [ app_begin ] --START--
INFO: Run Behavior\ReadHtmlCacheBehavior [ RunTime:0.000720s ]
INFO: [ app_begin ] --END-- [ RunTime:0.000801s ]
NOTIC: [2] Missing argument 1 for Think\Controller::assign(), called in E:\Wamp\host\emp\Application\Home\Controller\IndexController.class.php on line 8 and defined E:\Wamp\host\emp\ThinkPHP\Library\Think\Controller.class.php 第 121 行.
NOTIC: [8] Undefined variable: name E:\Wamp\host\emp\ThinkPHP\Library\Think\Controller.class.php 第 122 行.
INFO: [ view_parse ] --START--
INFO: [ template_filter ] --START--
INFO: Run Behavior\ContentReplaceBehavior [ RunTime:0.000043s ]
INFO: [ template_filter ] --END-- [ RunTime:0.000143s ]
INFO: Run Behavior\ParseTemplateBehavior [ RunTime:0.006905s ]
INFO: [ view_parse ] --END-- [ RunTime:0.006989s ]
INFO: [ view_filter ] --START--
INFO: Run Behavior\WriteHtmlCacheBehavior [ RunTime:0.000354s ]
INFO: [ view_filter ] --END-- [ RunTime:0.000419s ]
INFO: [ app_end ] --START--
INFO: Run Behavior\ShowPageTraceBehavior [ RunTime:0.000603s ]
INFO: [ app_end ] --END-- [ RunTime:0.000671s ]

[ 2016-12-23T15:05:21+08:00 ] 127.0.0.1 /
INFO: [ app_init ] --START--
INFO: Run Behavior\BuildLiteBehavior [ RunTime:0.000014s ]
INFO: [ app_init ] --END-- [ RunTime:0.000427s ]
INFO: [ app_begin ] --START--
INFO: Run Behavior\ReadHtmlCacheBehavior [ RunTime:0.000577s ]
INFO: [ app_begin ] --END-- [ RunTime:0.000649s ]
NOTIC: [2] Missing argument 1 for Think\Controller::assign(), called in E:\Wamp\host\emp\Application\Home\Controller\IndexController.class.php on line 8 and defined E:\Wamp\host\emp\ThinkPHP\Library\Think\Controller.class.php 第 121 行.
NOTIC: [8] Undefined variable: name E:\Wamp\host\emp\ThinkPHP\Library\Think\Controller.class.php 第 122 行.
INFO: [ view_parse ] --START--
INFO: [ template_filter ] --START--
INFO: Run Behavior\ContentReplaceBehavior [ RunTime:0.000044s ]
INFO: [ template_filter ] --END-- [ RunTime:0.000146s ]
INFO: Run Behavior\ParseTemplateBehavior [ RunTime:0.019771s ]
INFO: [ view_parse ] --END-- [ RunTime:0.019873s ]
INFO: [ view_filter ] --START--
INFO: Run Behavior\WriteHtmlCacheBehavior [ RunTime:0.000988s ]
INFO: [ view_filter ] --END-- [ RunTime:0.001054s ]
INFO: [ app_end ] --START--
INFO: Run Behavior\ShowPageTraceBehavior [ RunTime:0.002167s ]
INFO: [ app_end ] --END-- [ RunTime:0.002242s ]

[ 2016-12-23T15:05:21+08:00 ] 127.0.0.1 /
INFO: [ app_init ] --START--
INFO: Run Behavior\BuildLiteBehavior [ RunTime:0.000016s ]
INFO: [ app_init ] --END-- [ RunTime:0.000455s ]
INFO: [ app_begin ] --START--
INFO: Run Behavior\ReadHtmlCacheBehavior [ RunTime:0.000665s ]
INFO: [ app_begin ] --END-- [ RunTime:0.000731s ]
NOTIC: [2] Missing argument 1 for Think\Controller::assign(), called in E:\Wamp\host\emp\Application\Home\Controller\IndexController.class.php on line 8 and defined E:\Wamp\host\emp\ThinkPHP\Library\Think\Controller.class.php 第 121 行.
NOTIC: [8] Undefined variable: name E:\Wamp\host\emp\ThinkPHP\Library\Think\Controller.class.php 第 122 行.
INFO: [ view_parse ] --START--
INFO: [ template_filter ] --START--
INFO: Run Behavior\ContentReplaceBehavior [ RunTime:0.000040s ]
INFO: [ template_filter ] --END-- [ RunTime:0.000116s ]
INFO: Run Behavior\ParseTemplateBehavior [ RunTime:0.006386s ]
INFO: [ view_parse ] --END-- [ RunTime:0.006459s ]
INFO: [ view_filter ] --START--
INFO: Run Behavior\WriteHtmlCacheBehavior [ RunTime:0.000374s ]
INFO: [ view_filter ] --END-- [ RunTime:0.000433s ]
INFO: [ app_end ] --START--
INFO: Run Behavior\ShowPageTraceBehavior [ RunTime:0.000635s ]
INFO: [ app_end ] --END-- [ RunTime:0.000696s ]

[ 2016-12-23T15:07:21+08:00 ] 127.0.0.1 /index.php/
INFO: [ app_init ] --START--
INFO: Run Behavior\BuildLiteBehavior [ RunTime:0.000015s ]
INFO: [ app_init ] --END-- [ RunTime:0.000480s ]
INFO: [ app_begin ] --START--
INFO: Run Behavior\ReadHtmlCacheBehavior [ RunTime:0.001011s ]
INFO: [ app_begin ] --END-- [ RunTime:0.001112s ]
NOTIC: [2] Missing argument 1 for Think\Controller::assign(), called in E:\Wamp\host\emp\Application\Home\Controller\IndexController.class.php on line 8 and defined E:\Wamp\host\emp\ThinkPHP\Library\Think\Controller.class.php 第 121 行.
NOTIC: [8] Undefined variable: name E:\Wamp\host\emp\ThinkPHP\Library\Think\Controller.class.php 第 122 行.
INFO: [ view_parse ] --START--
INFO: [ template_filter ] --START--
INFO: Run Behavior\ContentReplaceBehavior [ RunTime:0.000042s ]
INFO: [ template_filter ] --END-- [ RunTime:0.000125s ]
INFO: Run Behavior\ParseTemplateBehavior [ RunTime:0.007580s ]
INFO: [ view_parse ] --END-- [ RunTime:0.007671s ]
INFO: [ view_filter ] --START--
INFO: Run Behavior\WriteHtmlCacheBehavior [ RunTime:0.000411s ]
INFO: [ view_filter ] --END-- [ RunTime:0.000477s ]
INFO: [ app_end ] --START--
INFO: Run Behavior\ShowPageTraceBehavior [ RunTime:0.000678s ]
INFO: [ app_end ] --END-- [ RunTime:0.000742s ]

[ 2016-12-23T15:07:46+08:00 ] 127.0.0.1 /index.php/
INFO: [ app_init ] --START--
INFO: Run Behavior\BuildLiteBehavior [ RunTime:0.000018s ]
INFO: [ app_init ] --END-- [ RunTime:0.000484s ]
INFO: [ app_begin ] --START--
INFO: Run Behavior\ReadHtmlCacheBehavior [ RunTime:0.000866s ]
INFO: [ app_begin ] --END-- [ RunTime:0.000957s ]
NOTIC: [2] Missing argument 1 for Think\Controller::assign(), called in E:\Wamp\host\emp\Application\Home\Controller\IndexController.class.php on line 8 and defined E:\Wamp\host\emp\ThinkPHP\Library\Think\Controller.class.php 第 121 行.
NOTIC: [8] Undefined variable: name E:\Wamp\host\emp\ThinkPHP\Library\Think\Controller.class.php 第 122 行.
INFO: [ view_parse ] --START--
INFO: [ template_filter ] --START--
INFO: Run Behavior\ContentReplaceBehavior [ RunTime:0.000041s ]
INFO: [ template_filter ] --END-- [ RunTime:0.000112s ]
INFO: Run Behavior\ParseTemplateBehavior [ RunTime:0.007114s ]
INFO: [ view_parse ] --END-- [ RunTime:0.007192s ]
INFO: [ view_filter ] --START--
INFO: Run Behavior\WriteHtmlCacheBehavior [ RunTime:0.000442s ]
INFO: [ view_filter ] --END-- [ RunTime:0.000501s ]
INFO: [ app_end ] --START--
INFO: Run Behavior\ShowPageTraceBehavior [ RunTime:0.000701s ]
INFO: [ app_end ] --END-- [ RunTime:0.000762s ]

[ 2016-12-23T15:09:35+08:00 ] 127.0.0.1 /index.php/
INFO: [ app_init ] --START--
INFO: Run Behavior\BuildLiteBehavior [ RunTime:0.000016s ]
INFO: [ app_init ] --END-- [ RunTime:0.000471s ]
INFO: [ app_begin ] --START--
INFO: Run Behavior\ReadHtmlCacheBehavior [ RunTime:0.000771s ]
INFO: [ app_begin ] --END-- [ RunTime:0.000848s ]
NOTIC: [2] Missing argument 1 for Think\Controller::assign(), called in E:\Wamp\host\emp\Application\Home\Controller\IndexController.class.php on line 8 and defined E:\Wamp\host\emp\ThinkPHP\Library\Think\Controller.class.php 第 121 行.
NOTIC: [8] Undefined variable: name E:\Wamp\host\emp\ThinkPHP\Library\Think\Controller.class.php 第 122 行.
INFO: [ view_parse ] --START--
INFO: [ template_filter ] --START--
INFO: Run Behavior\ContentReplaceBehavior [ RunTime:0.000040s ]
INFO: [ template_filter ] --END-- [ RunTime:0.000108s ]
INFO: Run Behavior\ParseTemplateBehavior [ RunTime:0.007018s ]
INFO: [ view_parse ] --END-- [ RunTime:0.007247s ]
INFO: [ view_filter ] --START--
INFO: Run Behavior\WriteHtmlCacheBehavior [ RunTime:0.000471s ]
INFO: [ view_filter ] --END-- [ RunTime:0.000532s ]
INFO: [ app_end ] --START--
INFO: Run Behavior\ShowPageTraceBehavior [ RunTime:0.000692s ]
INFO: [ app_end ] --END-- [ RunTime:0.000754s ]

[ 2016-12-23T15:10:53+08:00 ] 127.0.0.1 /
INFO: [ app_init ] --START--
INFO: Run Behavior\BuildLiteBehavior [ RunTime:0.000016s ]
INFO: [ app_init ] --END-- [ RunTime:0.000441s ]
INFO: [ app_begin ] --START--
INFO: Run Behavior\ReadHtmlCacheBehavior [ RunTime:0.000669s ]
INFO: [ app_begin ] --END-- [ RunTime:0.000736s ]
NOTIC: [2] Missing argument 1 for Think\Controller::assign(), called in E:\Wamp\host\emp\Application\Home\Controller\IndexController.class.php on line 8 and defined E:\Wamp\host\emp\ThinkPHP\Library\Think\Controller.class.php 第 121 行.
NOTIC: [8] Undefined variable: name E:\Wamp\host\emp\ThinkPHP\Library\Think\Controller.class.php 第 122 行.
INFO: [ view_parse ] --START--
INFO: [ template_filter ] --START--
INFO: Run Behavior\ContentReplaceBehavior [ RunTime:0.000039s ]
INFO: [ template_filter ] --END-- [ RunTime:0.000117s ]
INFO: Run Behavior\ParseTemplateBehavior [ RunTime:0.006415s ]
INFO: [ view_parse ] --END-- [ RunTime:0.006489s ]
INFO: [ view_filter ] --START--
INFO: Run Behavior\WriteHtmlCacheBehavior [ RunTime:0.000378s ]
INFO: [ view_filter ] --END-- [ RunTime:0.000437s ]
INFO: [ app_end ] --START--
INFO: Run Behavior\ShowPageTraceBehavior [ RunTime:0.000635s ]
INFO: [ app_end ] --END-- [ RunTime:0.000694s ]

[ 2016-12-23T15:10:54+08:00 ] 127.0.0.1 /
INFO: [ app_init ] --START--
INFO: Run Behavior\BuildLiteBehavior [ RunTime:0.000015s ]
INFO: [ app_init ] --END-- [ RunTime:0.000422s ]
INFO: [ app_begin ] --START--
INFO: Run Behavior\ReadHtmlCacheBehavior [ RunTime:0.000542s ]
INFO: [ app_begin ] --END-- [ RunTime:0.000606s ]
NOTIC: [2] Missing argument 1 for Think\Controller::assign(), called in E:\Wamp\host\emp\Application\Home\Controller\IndexController.class.php on line 8 and defined E:\Wamp\host\emp\ThinkPHP\Library\Think\Controller.class.php 第 121 行.
NOTIC: [8] Undefined variable: name E:\Wamp\host\emp\ThinkPHP\Library\Think\Controller.class.php 第 122 行.
INFO: [ view_parse ] --START--
INFO: [ template_filter ] --START--
INFO: Run Behavior\ContentReplaceBehavior [ RunTime:0.000041s ]
INFO: [ template_filter ] --END-- [ RunTime:0.000129s ]
INFO: Run Behavior\ParseTemplateBehavior [ RunTime:0.006986s ]
INFO: [ view_parse ] --END-- [ RunTime:0.007060s ]
INFO: [ view_filter ] --START--
INFO: Run Behavior\WriteHtmlCacheBehavior [ RunTime:0.000296s ]
INFO: [ view_filter ] --END-- [ RunTime:0.000354s ]
INFO: [ app_end ] --START--
INFO: Run Behavior\ShowPageTraceBehavior [ RunTime:0.000565s ]
INFO: [ app_end ] --END-- [ RunTime:0.000625s ]

