[ 2016-12-30T10:29:29+08:00 ] 127.0.0.1 /index.php/Admin/Role/edit/id/4.html
ERR: 错误的查询条件:[role_id=>Array]

[ 2016-12-30T10:48:32+08:00 ] 127.0.0.1 /index.php/Admin/Role/edit/id/4.html
ERR: 错误的查询条件:[role_id=>Array]

[ 2016-12-30T10:55:32+08:00 ] 127.0.0.1 /index.php/Admin/Role/edit/id/4.html
ERR: 错误的查询条件:[role_id=>Array]

[ 2016-12-30T10:55:42+08:00 ] 127.0.0.1 /index.php/Admin/Role/edit/id/4.html
ERR: 错误的查询条件:[role_id=>Array]

[ 2016-12-30T11:29:38+08:00 ] 127.0.0.1 /index.php/Admin/Privilege/del/id/1
INFO: [ app_begin ] --START--
INFO: Run Behavior\ReadHtmlCacheBehavior [ RunTime:0.000992s ]
INFO: [ app_begin ] --END-- [ RunTime:0.001721s ]
SQL: SHOW COLUMNS FROM `emp_privilege` [ RunTime:0.004749s ]
SQL: DELETE FROM `emp_privilege` WHERE ( `id` = 1 ) [ RunTime:0.116196s ]
INFO: [ app_end ] --START--
INFO: Run Behavior\ShowPageTraceBehavior [ RunTime:0.001390s ]
INFO: [ app_end ] --END-- [ RunTime:0.001542s ]

[ 2016-12-30T11:29:41+08:00 ] 127.0.0.1 /index.php/Admin/Privilege/del/id/2
INFO: [ app_begin ] --START--
INFO: Run Behavior\ReadHtmlCacheBehavior [ RunTime:0.000566s ]
INFO: [ app_begin ] --END-- [ RunTime:0.001082s ]
SQL: SHOW COLUMNS FROM `emp_privilege` [ RunTime:0.005264s ]
SQL: DELETE FROM `emp_privilege` WHERE ( `id` = 2 ) [ RunTime:0.026487s ]
INFO: [ app_end ] --START--
INFO: Run Behavior\ShowPageTraceBehavior [ RunTime:0.000789s ]
INFO: [ app_end ] --END-- [ RunTime:0.000852s ]

[ 2016-12-30T11:29:46+08:00 ] 127.0.0.1 /index.php/Admin/Privilege/del/id/3
INFO: [ app_begin ] --START--
INFO: Run Behavior\ReadHtmlCacheBehavior [ RunTime:0.001276s ]
INFO: [ app_begin ] --END-- [ RunTime:0.002201s ]
SQL: SHOW COLUMNS FROM `emp_privilege` [ RunTime:0.004479s ]
SQL: DELETE FROM `emp_privilege` WHERE ( `id` = 3 ) [ RunTime:0.009342s ]
INFO: [ app_end ] --START--
INFO: Run Behavior\ShowPageTraceBehavior [ RunTime:0.000814s ]
INFO: [ app_end ] --END-- [ RunTime:0.000881s ]

[ 2016-12-30T11:29:50+08:00 ] 127.0.0.1 /index.php/Admin/Privilege/del/id/6
INFO: [ app_begin ] --START--
INFO: Run Behavior\ReadHtmlCacheBehavior [ RunTime:0.000580s ]
INFO: [ app_begin ] --END-- [ RunTime:0.001048s ]
SQL: SHOW COLUMNS FROM `emp_privilege` [ RunTime:0.004414s ]
SQL: DELETE FROM `emp_privilege` WHERE ( `id` = 6 ) [ RunTime:0.026655s ]
INFO: [ app_end ] --START--
INFO: Run Behavior\ShowPageTraceBehavior [ RunTime:0.000811s ]
INFO: [ app_end ] --END-- [ RunTime:0.000875s ]

[ 2016-12-30T11:29:54+08:00 ] 127.0.0.1 /index.php/Admin/Privilege/del/id/7
INFO: [ app_begin ] --START--
INFO: Run Behavior\ReadHtmlCacheBehavior [ RunTime:0.000562s ]
INFO: [ app_begin ] --END-- [ RunTime:0.000993s ]
SQL: SHOW COLUMNS FROM `emp_privilege` [ RunTime:0.005072s ]
SQL: DELETE FROM `emp_privilege` WHERE ( `id` = 7 ) [ RunTime:0.030042s ]
INFO: [ app_end ] --START--
INFO: Run Behavior\ShowPageTraceBehavior [ RunTime:0.000776s ]
INFO: [ app_end ] --END-- [ RunTime:0.000839s ]

[ 2016-12-30T11:29:56+08:00 ] 127.0.0.1 /index.php/Admin/Privilege/del/id/8
INFO: [ app_begin ] --START--
INFO: Run Behavior\ReadHtmlCacheBehavior [ RunTime:0.000590s ]
INFO: [ app_begin ] --END-- [ RunTime:0.001027s ]
SQL: SHOW COLUMNS FROM `emp_privilege` [ RunTime:0.004865s ]
SQL: DELETE FROM `emp_privilege` WHERE ( `id` = 8 ) [ RunTime:0.019910s ]
INFO: [ app_end ] --START--
INFO: Run Behavior\ShowPageTraceBehavior [ RunTime:0.000876s ]
INFO: [ app_end ] --END-- [ RunTime:0.000939s ]

[ 2016-12-30T11:29:59+08:00 ] 127.0.0.1 /index.php/Admin/Privilege/del/id/11
INFO: [ app_begin ] --START--
INFO: Run Behavior\ReadHtmlCacheBehavior [ RunTime:0.002090s ]
INFO: [ app_begin ] --END-- [ RunTime:0.003046s ]
SQL: SHOW COLUMNS FROM `emp_privilege` [ RunTime:0.004706s ]
SQL: DELETE FROM `emp_privilege` WHERE ( `id` = 11 ) [ RunTime:0.019413s ]
INFO: [ app_end ] --START--
INFO: Run Behavior\ShowPageTraceBehavior [ RunTime:0.000750s ]
INFO: [ app_end ] --END-- [ RunTime:0.000808s ]

[ 2016-12-30T11:30:03+08:00 ] 127.0.0.1 /index.php/Admin/Privilege/del/id/12
INFO: [ app_begin ] --START--
INFO: Run Behavior\ReadHtmlCacheBehavior [ RunTime:0.000589s ]
INFO: [ app_begin ] --END-- [ RunTime:0.001102s ]
SQL: SHOW COLUMNS FROM `emp_privilege` [ RunTime:0.004994s ]
SQL: DELETE FROM `emp_privilege` WHERE ( `id` = 12 ) [ RunTime:0.018363s ]
INFO: [ app_end ] --START--
INFO: Run Behavior\ShowPageTraceBehavior [ RunTime:0.000757s ]
INFO: [ app_end ] --END-- [ RunTime:0.000818s ]

[ 2016-12-30T11:30:06+08:00 ] 127.0.0.1 /index.php/Admin/Privilege/del/id/13
INFO: [ app_begin ] --START--
INFO: Run Behavior\ReadHtmlCacheBehavior [ RunTime:0.000720s ]
INFO: [ app_begin ] --END-- [ RunTime:0.001296s ]
SQL: SHOW COLUMNS FROM `emp_privilege` [ RunTime:0.005649s ]
SQL: DELETE FROM `emp_privilege` WHERE ( `id` = 13 ) [ RunTime:0.023398s ]
INFO: [ app_end ] --START--
INFO: Run Behavior\ShowPageTraceBehavior [ RunTime:0.000754s ]
INFO: [ app_end ] --END-- [ RunTime:0.000814s ]

[ 2016-12-30T11:54:13+08:00 ] 127.0.0.1 /index.php/Admin/Index/showPerson.html
ERR: 非法操作:showPerson

[ 2016-12-30T14:29:55+08:00 ] 127.0.0.1 /index.php/Admin/Privilege/del/id/16
INFO: [ app_begin ] --START--
INFO: Run Behavior\ReadHtmlCacheBehavior [ RunTime:0.001642s ]
INFO: [ app_begin ] --END-- [ RunTime:0.002286s ]
NOTIC: [2048] Declaration of Admin\Model\PrivilegeModel::_before_delete() should be compatible with that of Think\Model::_before_delete() E:\Wamp\host\emp\Application\Admin\Model\PrivilegeModel.class.php 第 6 行.
NOTIC: [2048] Declaration of Admin\Model\PrivilegeModel::_after_delete() should be compatible with that of Think\Model::_after_delete() E:\Wamp\host\emp\Application\Admin\Model\PrivilegeModel.class.php 第 6 行.
SQL: SHOW COLUMNS FROM `emp_privilege` [ RunTime:0.005089s ]
SQL: DELETE FROM `emp_privilege` WHERE ( `id` = 16 ) [ RunTime:0.027206s ]
NOTIC: [8] Undefined index: where E:\Wamp\host\emp\Application\Admin\Model\PrivilegeModel.class.php 第 28 行.
INFO: [ app_end ] --START--
INFO: Run Behavior\ShowPageTraceBehavior [ RunTime:0.000943s ]
INFO: [ app_end ] --END-- [ RunTime:0.001019s ]

[ 2016-12-30T14:29:59+08:00 ] 127.0.0.1 /index.php/Admin/Privilege/del/id/15
INFO: [ app_begin ] --START--
INFO: Run Behavior\ReadHtmlCacheBehavior [ RunTime:0.000613s ]
INFO: [ app_begin ] --END-- [ RunTime:0.001060s ]
NOTIC: [2048] Declaration of Admin\Model\PrivilegeModel::_before_delete() should be compatible with that of Think\Model::_before_delete() E:\Wamp\host\emp\Application\Admin\Model\PrivilegeModel.class.php 第 6 行.
NOTIC: [2048] Declaration of Admin\Model\PrivilegeModel::_after_delete() should be compatible with that of Think\Model::_after_delete() E:\Wamp\host\emp\Application\Admin\Model\PrivilegeModel.class.php 第 6 行.
SQL: SHOW COLUMNS FROM `emp_privilege` [ RunTime:0.005149s ]
SQL: DELETE FROM `emp_privilege` WHERE ( `id` = 15 ) [ RunTime:0.019588s ]
NOTIC: [8] Undefined index: where E:\Wamp\host\emp\Application\Admin\Model\PrivilegeModel.class.php 第 28 行.
INFO: [ app_end ] --START--
INFO: Run Behavior\ShowPageTraceBehavior [ RunTime:0.000779s ]
INFO: [ app_end ] --END-- [ RunTime:0.000837s ]

[ 2016-12-30T14:30:04+08:00 ] 127.0.0.1 /index.php/Admin/Privilege/del/id/14
INFO: [ app_begin ] --START--
INFO: Run Behavior\ReadHtmlCacheBehavior [ RunTime:0.001552s ]
INFO: [ app_begin ] --END-- [ RunTime:0.002678s ]
NOTIC: [2048] Declaration of Admin\Model\PrivilegeModel::_before_delete() should be compatible with that of Think\Model::_before_delete() E:\Wamp\host\emp\Application\Admin\Model\PrivilegeModel.class.php 第 6 行.
NOTIC: [2048] Declaration of Admin\Model\PrivilegeModel::_after_delete() should be compatible with that of Think\Model::_after_delete() E:\Wamp\host\emp\Application\Admin\Model\PrivilegeModel.class.php 第 6 行.
SQL: SHOW COLUMNS FROM `emp_privilege` [ RunTime:0.004859s ]
SQL: DELETE FROM `emp_privilege` WHERE ( `id` = 14 ) [ RunTime:0.016875s ]
NOTIC: [8] Undefined index: where E:\Wamp\host\emp\Application\Admin\Model\PrivilegeModel.class.php 第 28 行.
INFO: [ app_end ] --START--
INFO: Run Behavior\ShowPageTraceBehavior [ RunTime:0.000823s ]
INFO: [ app_end ] --END-- [ RunTime:0.000886s ]

[ 2016-12-30T15:35:14+08:00 ] 127.0.0.1 /index.php/Admin/Test/index
ERR: Think\Model:_getChildren方法不存在！

