[ 2017-01-11T09:01:10+08:00 ] 127.0.0.1 /index.php/Admin/Hospital/ajaxGetCitys/province/%E6%B2%B3%E5%8D%97
INFO: [ app_begin ] --START--
INFO: Run Behavior\ReadHtmlCacheBehavior [ RunTime:0.000559s ]
INFO: [ app_begin ] --END-- [ RunTime:0.001011s ]
INFO: [ app_end ] --START--
INFO: Run Behavior\ShowPageTraceBehavior [ RunTime:0.000877s ]
INFO: [ app_end ] --END-- [ RunTime:0.000990s ]

[ 2017-01-11T09:03:56+08:00 ] 127.0.0.1 /index.php/Admin/Hospital/ajaxGetCitys/province/%E6%B2%B3%E5%8D%97
INFO: [ app_begin ] --START--
INFO: Run Behavior\ReadHtmlCacheBehavior [ RunTime:0.000750s ]
INFO: [ app_begin ] --END-- [ RunTime:0.001282s ]
INFO: [ app_end ] --START--
INFO: Run Behavior\ShowPageTraceBehavior [ RunTime:0.000823s ]
INFO: [ app_end ] --END-- [ RunTime:0.000914s ]

[ 2017-01-11T09:04:08+08:00 ] 127.0.0.1 /index.php/Admin/Hospital/ajaxDelPic/id/13
INFO: [ app_begin ] --START--
INFO: Run Behavior\ReadHtmlCacheBehavior [ RunTime:0.000763s ]
INFO: [ app_begin ] --END-- [ RunTime:0.001216s ]
SQL: SHOW COLUMNS FROM `emp_hos_img` [ RunTime:0.003680s ]
SQL: SELECT `path` FROM `emp_hos_img` WHERE ( `id` = 13 ) LIMIT 1   [ RunTime:0.000281s ]
SQL: DELETE FROM `emp_hos_img` WHERE ( `id` = 13 ) [ RunTime:0.009883s ]
INFO: [ app_end ] --START--
INFO: Run Behavior\ShowPageTraceBehavior [ RunTime:0.001089s ]
INFO: [ app_end ] --END-- [ RunTime:0.001149s ]

[ 2017-01-11T09:04:13+08:00 ] 127.0.0.1 /index.php/Admin/Hospital/ajaxGetCitys/province/%E6%B2%B3%E5%8D%97
INFO: [ app_begin ] --START--
INFO: Run Behavior\ReadHtmlCacheBehavior [ RunTime:0.000769s ]
INFO: [ app_begin ] --END-- [ RunTime:0.001355s ]
INFO: [ app_end ] --START--
INFO: Run Behavior\ShowPageTraceBehavior [ RunTime:0.000787s ]
INFO: [ app_end ] --END-- [ RunTime:0.000883s ]

[ 2017-01-11T09:06:16+08:00 ] 127.0.0.1 /index.php/Admin/Hospital/ajaxDelPic/id/16
INFO: [ app_begin ] --START--
INFO: Run Behavior\ReadHtmlCacheBehavior [ RunTime:0.000912s ]
INFO: [ app_begin ] --END-- [ RunTime:0.001580s ]
SQL: SHOW COLUMNS FROM `emp_hos_img` [ RunTime:0.004944s ]
SQL: SELECT `path` FROM `emp_hos_img` WHERE ( `id` = 16 ) LIMIT 1   [ RunTime:0.000948s ]
SQL: DELETE FROM `emp_hos_img` WHERE ( `id` = 16 ) [ RunTime:0.032252s ]
INFO: [ app_end ] --START--
INFO: Run Behavior\ShowPageTraceBehavior [ RunTime:0.001321s ]
INFO: [ app_end ] --END-- [ RunTime:0.001399s ]

[ 2017-01-11T09:06:25+08:00 ] 127.0.0.1 /index.php/Admin/Hospital/ajaxGetCitys/province/%E6%B2%B3%E5%8D%97
INFO: [ app_begin ] --START--
INFO: Run Behavior\ReadHtmlCacheBehavior [ RunTime:0.000938s ]
INFO: [ app_begin ] --END-- [ RunTime:0.001468s ]
INFO: [ app_end ] --START--
INFO: Run Behavior\ShowPageTraceBehavior [ RunTime:0.000836s ]
INFO: [ app_end ] --END-- [ RunTime:0.000931s ]

[ 2017-01-11T09:07:12+08:00 ] 127.0.0.1 /index.php/Admin/Hospital/ajaxGetCitys/province/%E6%B2%B3%E5%8D%97
INFO: [ app_begin ] --START--
INFO: Run Behavior\ReadHtmlCacheBehavior [ RunTime:0.000620s ]
INFO: [ app_begin ] --END-- [ RunTime:0.001162s ]
INFO: [ app_end ] --START--
INFO: Run Behavior\ShowPageTraceBehavior [ RunTime:0.000772s ]
INFO: [ app_end ] --END-- [ RunTime:0.000872s ]

[ 2017-01-11T09:07:27+08:00 ] 127.0.0.1 /index.php/Admin/Hospital/ajaxGetCitys/province/%E6%B2%B3%E5%8D%97
INFO: [ app_begin ] --START--
INFO: Run Behavior\ReadHtmlCacheBehavior [ RunTime:0.000620s ]
INFO: [ app_begin ] --END-- [ RunTime:0.001094s ]
INFO: [ app_end ] --START--
INFO: Run Behavior\ShowPageTraceBehavior [ RunTime:0.000752s ]
INFO: [ app_end ] --END-- [ RunTime:0.000852s ]

[ 2017-01-11T09:09:40+08:00 ] 127.0.0.1 /index.php/Admin/Hospital/ajaxGetCitys/province/%E6%B2%B3%E5%8D%97
INFO: [ app_begin ] --START--
INFO: Run Behavior\ReadHtmlCacheBehavior [ RunTime:0.000773s ]
INFO: [ app_begin ] --END-- [ RunTime:0.001356s ]
INFO: [ app_end ] --START--
INFO: Run Behavior\ShowPageTraceBehavior [ RunTime:0.000814s ]
INFO: [ app_end ] --END-- [ RunTime:0.000933s ]

[ 2017-01-11T09:09:49+08:00 ] 127.0.0.1 /index.php/Admin/Hospital/ajaxGetCitys/province/%E6%B2%B3%E5%8D%97
INFO: [ app_begin ] --START--
INFO: Run Behavior\ReadHtmlCacheBehavior [ RunTime:0.000616s ]
INFO: [ app_begin ] --END-- [ RunTime:0.001268s ]
INFO: [ app_end ] --START--
INFO: Run Behavior\ShowPageTraceBehavior [ RunTime:0.000723s ]
INFO: [ app_end ] --END-- [ RunTime:0.000813s ]

[ 2017-01-11T10:15:16+08:00 ] 127.0.0.1 /index.php/Admin/Hospital/doctor/hos_id/18.html
ERR: 非法操作:doctor

[ 2017-01-11T10:15:47+08:00 ] 127.0.0.1 /index.php/Admin/Hospital/doctor/hos_id/18.html
ERR: 非法操作:doctor

[ 2017-01-11T10:15:55+08:00 ] 127.0.0.1 /index.php/Admin/Hospital/doctorLst/hos_id/18.html
ERR: 错误的查询条件:[hos_id=>Array]

[ 2017-01-11T10:16:35+08:00 ] 127.0.0.1 /index.php/Admin/Hospital/doctorLst/hos_id/18.html
ERR: 错误的查询条件:[hos_id=>Array]

[ 2017-01-11T10:17:53+08:00 ] 127.0.0.1 /index.php/Admin/Hospital/doctorLst/hos_id/18.html
ERR: 错误的查询条件:[hos_id=>Array]

[ 2017-01-11T11:59:49+08:00 ] 127.0.0.1 /index.php/Admin/Hospital/doctorAdd/hos_id/18.html
ERR: 非法操作:doctorAdd

[ 2017-01-11T13:26:15+08:00 ] 127.0.0.1 /index.php/Admin/Hospital/ajaxGetCitys/province/%E6%B2%B3%E5%8D%97
INFO: [ app_begin ] --START--
INFO: Run Behavior\ReadHtmlCacheBehavior [ RunTime:0.000900s ]
INFO: [ app_begin ] --END-- [ RunTime:0.001943s ]
INFO: [ app_end ] --START--
INFO: Run Behavior\ShowPageTraceBehavior [ RunTime:0.000993s ]
INFO: [ app_end ] --END-- [ RunTime:0.001100s ]

[ 2017-01-11T13:26:25+08:00 ] 127.0.0.1 /index.php/Admin/Hospital/ajaxGetCitys/province/%E8%BE%BD%E5%AE%81
INFO: [ app_begin ] --START--
INFO: Run Behavior\ReadHtmlCacheBehavior [ RunTime:0.000725s ]
INFO: [ app_begin ] --END-- [ RunTime:0.001233s ]
INFO: [ app_end ] --START--
INFO: Run Behavior\ShowPageTraceBehavior [ RunTime:0.000894s ]
INFO: [ app_end ] --END-- [ RunTime:0.000994s ]

[ 2017-01-11T13:26:28+08:00 ] 127.0.0.1 /index.php/Admin/Hospital/ajaxGetCitys/province/%E9%BB%91%E9%BE%99%E6%B1%9F
INFO: [ app_begin ] --START--
INFO: Run Behavior\ReadHtmlCacheBehavior [ RunTime:0.001005s ]
INFO: [ app_begin ] --END-- [ RunTime:0.001742s ]
INFO: [ app_end ] --START--
INFO: Run Behavior\ShowPageTraceBehavior [ RunTime:0.001983s ]
INFO: [ app_end ] --END-- [ RunTime:0.002076s ]

[ 2017-01-11T13:26:31+08:00 ] 127.0.0.1 /index.php/Admin/Hospital/ajaxGetCitys/province/%E8%BE%BD%E5%AE%81
INFO: [ app_begin ] --START--
INFO: Run Behavior\ReadHtmlCacheBehavior [ RunTime:0.003973s ]
INFO: [ app_begin ] --END-- [ RunTime:0.004743s ]
INFO: [ app_end ] --START--
INFO: Run Behavior\ShowPageTraceBehavior [ RunTime:0.000754s ]
INFO: [ app_end ] --END-- [ RunTime:0.000850s ]

[ 2017-01-11T13:26:50+08:00 ] 127.0.0.1 /index.php/Admin/Hospital/ajaxGetCitys/province/%E5%90%89%E6%9E%97
INFO: [ app_begin ] --START--
INFO: Run Behavior\ReadHtmlCacheBehavior [ RunTime:0.000616s ]
INFO: [ app_begin ] --END-- [ RunTime:0.001192s ]
INFO: [ app_end ] --START--
INFO: Run Behavior\ShowPageTraceBehavior [ RunTime:0.000808s ]
INFO: [ app_end ] --END-- [ RunTime:0.000912s ]

[ 2017-01-11T13:28:36+08:00 ] 127.0.0.1 /index.php/Admin/Doctor/doctorAdd/hos_id/16.html
ERR: 非法操作:doctorAdd

[ 2017-01-11T13:40:45+08:00 ] 127.0.0.1 /index.php/Admin/Doctor/doctorAdd/hos_id/16.html
ERR: 非法操作:doctorAdd

[ 2017-01-11T17:38:59+08:00 ] 127.0.0.1 /index.php/Admin/Hospital/ajaxGetCitys/province/%E5%B1%B1%E8%A5%BF
INFO: [ app_begin ] --START--
INFO: Run Behavior\ReadHtmlCacheBehavior [ RunTime:0.000561s ]
INFO: [ app_begin ] --END-- [ RunTime:0.000999s ]
INFO: [ app_end ] --START--
INFO: Run Behavior\ShowPageTraceBehavior [ RunTime:0.000582s ]
INFO: [ app_end ] --END-- [ RunTime:0.000650s ]

[ 2017-01-11T17:53:59+08:00 ] 127.0.0.1 /index.php/Admin/Doctor/doctor/id/6.html
ERR: 非法操作:doctor

