[ 2017-04-05T09:05:07+08:00 ] 180.173.90.235 /api.php/api
INFO: [ app_init ] --START--
INFO: Run Behavior\BuildLiteBehavior [ RunTime:0.000000s ]
INFO: [ app_init ] --END-- [ RunTime:0.000000s ]
INFO: [ app_begin ] --START--
INFO: Run Behavior\ReadHtmlCacheBehavior [ RunTime:0.000000s ]
INFO: [ app_begin ] --END-- [ RunTime:0.000000s ]
SQL: SHOW COLUMNS FROM `zxznz_doctor` [ RunTime:0.000000s ]
SQL: SHOW COLUMNS FROM `zxznz_hospital` [ RunTime:0.000000s ]
SQL: SELECT d.id,d.name,d.picture,(h.name)hos_name FROM zxznz_doctor d LEFT JOIN zxznz_hospital AS h ON d.hos_id=h.id  WHERE ( h.is_show = '1' ) ORDER BY d.id desc LIMIT 12   [ RunTime:0.000000s ]
SQL: SELECT `id`,`name`,`logo` FROM `zxznz_hospital` WHERE ( `is_show` = '1' ) AND ( `is_index` = '1' ) ORDER BY is_top desc LIMIT 9   [ RunTime:0.000000s ]
INFO: [ app_end ] --START--
INFO: Run Behavior\ShowPageTraceBehavior [ RunTime:0.000000s ]
INFO: [ app_end ] --END-- [ RunTime:0.000000s ]

[ 2017-04-05T09:05:17+08:00 ] 180.173.90.235 /api.php/api
INFO: [ app_init ] --START--
INFO: Run Behavior\BuildLiteBehavior [ RunTime:0.000000s ]
INFO: [ app_init ] --END-- [ RunTime:0.000000s ]
INFO: [ app_begin ] --START--
INFO: Run Behavior\ReadHtmlCacheBehavior [ RunTime:0.000000s ]
INFO: [ app_begin ] --END-- [ RunTime:0.000000s ]
SQL: SHOW COLUMNS FROM `zxznz_doctor` [ RunTime:0.000000s ]
SQL: SHOW COLUMNS FROM `zxznz_hospital` [ RunTime:0.000000s ]
SQL: SELECT d.id,d.name,d.picture,(h.name)hos_name FROM zxznz_doctor d LEFT JOIN zxznz_hospital AS h ON d.hos_id=h.id  WHERE ( h.is_show = '1' ) ORDER BY d.id desc LIMIT 12   [ RunTime:0.000000s ]
SQL: SELECT `id`,`name`,`logo` FROM `zxznz_hospital` WHERE ( `is_show` = '1' ) AND ( `is_index` = '1' ) ORDER BY is_top desc LIMIT 9   [ RunTime:0.015625s ]
INFO: [ app_end ] --START--
INFO: Run Behavior\ShowPageTraceBehavior [ RunTime:0.000000s ]
INFO: [ app_end ] --END-- [ RunTime:0.000000s ]

[ 2017-04-05T09:14:17+08:00 ] 180.173.90.235 /api.php/api
INFO: [ app_init ] --START--
INFO: Run Behavior\BuildLiteBehavior [ RunTime:0.000000s ]
INFO: [ app_init ] --END-- [ RunTime:0.000000s ]
INFO: [ app_begin ] --START--
INFO: Run Behavior\ReadHtmlCacheBehavior [ RunTime:0.000000s ]
INFO: [ app_begin ] --END-- [ RunTime:0.000000s ]
SQL: SHOW COLUMNS FROM `zxznz_doctor` [ RunTime:0.000000s ]
SQL: SHOW COLUMNS FROM `zxznz_hospital` [ RunTime:0.000000s ]
SQL: SELECT d.id,d.name,d.picture,(h.name)hos_name FROM zxznz_doctor d LEFT JOIN zxznz_hospital AS h ON d.hos_id=h.id  WHERE ( h.is_show = '1' ) ORDER BY d.id desc LIMIT 12   [ RunTime:0.000000s ]
SQL: SELECT `id`,`name`,`logo` FROM `zxznz_hospital` WHERE ( `is_show` = '1' ) AND ( `is_index` = '1' ) ORDER BY is_top desc LIMIT 9   [ RunTime:0.000000s ]
INFO: [ app_end ] --START--
INFO: Run Behavior\ShowPageTraceBehavior [ RunTime:0.000000s ]
INFO: [ app_end ] --END-- [ RunTime:0.000000s ]

[ 2017-04-05T09:14:22+08:00 ] 180.173.90.235 /api.php/api
INFO: [ app_init ] --START--
INFO: Run Behavior\BuildLiteBehavior [ RunTime:0.000000s ]
INFO: [ app_init ] --END-- [ RunTime:0.000000s ]
INFO: [ app_begin ] --START--
INFO: Run Behavior\ReadHtmlCacheBehavior [ RunTime:0.000000s ]
INFO: [ app_begin ] --END-- [ RunTime:0.000000s ]
SQL: SHOW COLUMNS FROM `zxznz_doctor` [ RunTime:0.000000s ]
SQL: SHOW COLUMNS FROM `zxznz_hospital` [ RunTime:0.000000s ]
SQL: SELECT d.id,d.name,d.picture,(h.name)hos_name FROM zxznz_doctor d LEFT JOIN zxznz_hospital AS h ON d.hos_id=h.id  WHERE ( h.is_show = '1' ) ORDER BY d.id desc LIMIT 12   [ RunTime:0.000000s ]
SQL: SELECT `id`,`name`,`logo` FROM `zxznz_hospital` WHERE ( `is_show` = '1' ) AND ( `is_index` = '1' ) ORDER BY is_top desc LIMIT 9   [ RunTime:0.000000s ]
INFO: [ app_end ] --START--
INFO: Run Behavior\ShowPageTraceBehavior [ RunTime:0.000000s ]
INFO: [ app_end ] --END-- [ RunTime:0.000000s ]

[ 2017-04-05T11:53:55+08:00 ] 180.173.90.235 /api.php/api
INFO: [ app_init ] --START--
INFO: Run Behavior\BuildLiteBehavior [ RunTime:0.000000s ]
INFO: [ app_init ] --END-- [ RunTime:0.000000s ]
INFO: [ app_begin ] --START--
INFO: Run Behavior\ReadHtmlCacheBehavior [ RunTime:0.000000s ]
INFO: [ app_begin ] --END-- [ RunTime:0.000000s ]
SQL: SHOW COLUMNS FROM `zxznz_doctor` [ RunTime:0.000000s ]
SQL: SHOW COLUMNS FROM `zxznz_hospital` [ RunTime:0.000000s ]
SQL: SELECT d.id,d.name,d.picture,(h.name)hos_name FROM zxznz_doctor d LEFT JOIN zxznz_hospital AS h ON d.hos_id=h.id  WHERE ( h.is_show = '1' ) ORDER BY d.id desc LIMIT 12   [ RunTime:0.000000s ]
SQL: SELECT `id`,`name`,`logo` FROM `zxznz_hospital` WHERE ( `is_show` = '1' ) AND ( `is_index` = '1' ) ORDER BY is_top desc LIMIT 9   [ RunTime:0.000000s ]
INFO: [ app_end ] --START--
INFO: Run Behavior\ShowPageTraceBehavior [ RunTime:0.000000s ]
INFO: [ app_end ] --END-- [ RunTime:0.000000s ]

[ 2017-04-05T11:55:03+08:00 ] 180.173.90.235 /api.php/api
INFO: [ app_init ] --START--
INFO: Run Behavior\BuildLiteBehavior [ RunTime:0.000000s ]
INFO: [ app_init ] --END-- [ RunTime:0.000000s ]
INFO: [ app_begin ] --START--
INFO: Run Behavior\ReadHtmlCacheBehavior [ RunTime:0.000000s ]
INFO: [ app_begin ] --END-- [ RunTime:0.000000s ]
SQL: SHOW COLUMNS FROM `zxznz_doctor` [ RunTime:0.000000s ]
SQL: SHOW COLUMNS FROM `zxznz_hospital` [ RunTime:0.000000s ]
SQL: SELECT d.id,d.name,d.picture,(h.name)hos_name FROM zxznz_doctor d LEFT JOIN zxznz_hospital AS h ON d.hos_id=h.id  WHERE ( h.is_show = '1' ) ORDER BY d.id desc LIMIT 12   [ RunTime:0.000000s ]
SQL: SELECT `id`,`name`,`logo` FROM `zxznz_hospital` WHERE ( `is_show` = '1' ) AND ( `is_index` = '1' ) ORDER BY is_top desc LIMIT 9   [ RunTime:0.000000s ]
INFO: [ app_end ] --START--
INFO: Run Behavior\ShowPageTraceBehavior [ RunTime:0.000000s ]
INFO: [ app_end ] --END-- [ RunTime:0.000000s ]

[ 2017-04-05T14:06:13+08:00 ] 180.173.90.235 /api.php/api
INFO: [ app_init ] --START--
INFO: Run Behavior\BuildLiteBehavior [ RunTime:0.000000s ]
INFO: [ app_init ] --END-- [ RunTime:0.000000s ]
INFO: [ app_begin ] --START--
INFO: Run Behavior\ReadHtmlCacheBehavior [ RunTime:0.000000s ]
INFO: [ app_begin ] --END-- [ RunTime:0.000000s ]
SQL: SHOW COLUMNS FROM `zxznz_doctor` [ RunTime:0.000000s ]
SQL: SHOW COLUMNS FROM `zxznz_hospital` [ RunTime:0.000000s ]
SQL: SELECT d.id,d.name,d.picture,(h.name)hos_name FROM zxznz_doctor d LEFT JOIN zxznz_hospital AS h ON d.hos_id=h.id  WHERE ( h.is_show = '1' ) ORDER BY d.id desc LIMIT 12   [ RunTime:0.000000s ]
SQL: SELECT `id`,`name`,`logo` FROM `zxznz_hospital` WHERE ( `is_show` = '1' ) AND ( `is_index` = '1' ) ORDER BY is_top desc LIMIT 9   [ RunTime:0.000000s ]
INFO: [ app_end ] --START--
INFO: Run Behavior\ShowPageTraceBehavior [ RunTime:0.000000s ]
INFO: [ app_end ] --END-- [ RunTime:0.000000s ]

[ 2017-04-05T15:38:23+08:00 ] 180.173.90.235 /api.php/api
INFO: [ app_init ] --START--
INFO: Run Behavior\BuildLiteBehavior [ RunTime:0.000000s ]
INFO: [ app_init ] --END-- [ RunTime:0.000000s ]
INFO: [ app_begin ] --START--
INFO: Run Behavior\ReadHtmlCacheBehavior [ RunTime:0.000000s ]
INFO: [ app_begin ] --END-- [ RunTime:0.000000s ]
SQL: SHOW COLUMNS FROM `zxznz_doctor` [ RunTime:0.000000s ]
SQL: SHOW COLUMNS FROM `zxznz_hospital` [ RunTime:0.015625s ]
SQL: SELECT d.id,d.name,d.picture,(h.name)hos_name FROM zxznz_doctor d LEFT JOIN zxznz_hospital AS h ON d.hos_id=h.id  WHERE ( h.is_show = '1' ) ORDER BY d.id desc LIMIT 12   [ RunTime:0.000000s ]
SQL: SELECT `id`,`name`,`logo` FROM `zxznz_hospital` WHERE ( `is_show` = '1' ) AND ( `is_index` = '1' ) ORDER BY is_top desc LIMIT 9   [ RunTime:0.000000s ]
INFO: [ app_end ] --START--
INFO: Run Behavior\ShowPageTraceBehavior [ RunTime:0.000000s ]
INFO: [ app_end ] --END-- [ RunTime:0.000000s ]

[ 2017-04-05T16:00:10+08:00 ] 180.173.90.235 /api.php/api/Hospital/index
INFO: [ app_init ] --START--
INFO: Run Behavior\BuildLiteBehavior [ RunTime:0.000000s ]
INFO: [ app_init ] --END-- [ RunTime:0.000000s ]
INFO: [ app_begin ] --START--
INFO: Run Behavior\ReadHtmlCacheBehavior [ RunTime:0.000000s ]
INFO: [ app_begin ] --END-- [ RunTime:0.000000s ]
SQL: SHOW COLUMNS FROM `zxznz_hospital` [ RunTime:0.000000s ]
SQL: SELECT `id`,`name`,`logo` FROM `zxznz_hospital` WHERE ( `is_show` = '1' ) ORDER BY is_top desc LIMIT 0,8   [ RunTime:0.000000s ]
INFO: [ app_end ] --START--
INFO: Run Behavior\ShowPageTraceBehavior [ RunTime:0.000000s ]
INFO: [ app_end ] --END-- [ RunTime:0.000000s ]

[ 2017-04-05T16:00:20+08:00 ] 180.173.90.235 /api.php/api/Hospital/index
INFO: [ app_init ] --START--
INFO: Run Behavior\BuildLiteBehavior [ RunTime:0.000000s ]
INFO: [ app_init ] --END-- [ RunTime:0.000000s ]
INFO: [ app_begin ] --START--
INFO: Run Behavior\ReadHtmlCacheBehavior [ RunTime:0.015625s ]
INFO: [ app_begin ] --END-- [ RunTime:0.015625s ]
SQL: SHOW COLUMNS FROM `zxznz_hospital` [ RunTime:0.000000s ]
SQL: SELECT `id`,`name`,`logo` FROM `zxznz_hospital` WHERE ( `is_show` = '1' ) ORDER BY is_top desc LIMIT 8,8   [ RunTime:0.000000s ]
INFO: [ app_end ] --START--
INFO: Run Behavior\ShowPageTraceBehavior [ RunTime:0.000000s ]
INFO: [ app_end ] --END-- [ RunTime:0.000000s ]

[ 2017-04-05T16:00:58+08:00 ] 122.13.85.190 /api.php/api/Hospital/index
INFO: [ app_init ] --START--
INFO: Run Behavior\BuildLiteBehavior [ RunTime:0.000000s ]
INFO: [ app_init ] --END-- [ RunTime:0.000000s ]
INFO: [ app_begin ] --START--
INFO: Run Behavior\ReadHtmlCacheBehavior [ RunTime:0.000000s ]
INFO: [ app_begin ] --END-- [ RunTime:0.000000s ]
SQL: SHOW COLUMNS FROM `zxznz_hospital` [ RunTime:0.000000s ]
SQL: SELECT `id`,`name`,`logo` FROM `zxznz_hospital` WHERE ( `is_show` = '1' ) ORDER BY is_top desc LIMIT 0,8   [ RunTime:0.000000s ]
INFO: [ app_end ] --START--
INFO: Run Behavior\ShowPageTraceBehavior [ RunTime:0.000000s ]
INFO: [ app_end ] --END-- [ RunTime:0.000000s ]

[ 2017-04-05T16:03:24+08:00 ] 180.173.90.235 /api.php/api
INFO: [ app_init ] --START--
INFO: Run Behavior\BuildLiteBehavior [ RunTime:0.000000s ]
INFO: [ app_init ] --END-- [ RunTime:0.000000s ]
INFO: [ app_begin ] --START--
INFO: Run Behavior\ReadHtmlCacheBehavior [ RunTime:0.000000s ]
INFO: [ app_begin ] --END-- [ RunTime:0.000000s ]
SQL: SHOW COLUMNS FROM `zxznz_doctor` [ RunTime:0.000000s ]
SQL: SHOW COLUMNS FROM `zxznz_hospital` [ RunTime:0.000000s ]
SQL: SELECT d.id,d.name,d.picture,(h.name)hos_name FROM zxznz_doctor d LEFT JOIN zxznz_hospital AS h ON d.hos_id=h.id  WHERE ( h.is_show = '1' ) ORDER BY d.id desc LIMIT 12   [ RunTime:0.000000s ]
SQL: SELECT `id`,`name`,`logo` FROM `zxznz_hospital` WHERE ( `is_show` = '1' ) AND ( `is_index` = '1' ) ORDER BY is_top desc LIMIT 9   [ RunTime:0.000000s ]
INFO: [ app_end ] --START--
INFO: Run Behavior\ShowPageTraceBehavior [ RunTime:0.000000s ]
INFO: [ app_end ] --END-- [ RunTime:0.000000s ]

