[ 2017-03-14T09:45:41+08:00 ] 127.0.0.1 /index.php/Home/Index/login
ERR: 模板不存在:./Application/Home/View/Index/login.html

[ 2017-03-14T09:45:45+08:00 ] 127.0.0.1 /index.php/Home/Index/login
ERR: 模板不存在:./Application/Home/View/Index/login.html

[ 2017-03-14T09:48:15+08:00 ] 127.0.0.1 /index.php/Home/Index/login.html
ERR: 模板不存在:./Application/Home/View/Index/login.html

[ 2017-03-14T10:39:44+08:00 ] 127.0.0.1 /index.php/Home/Index/login.css
ERR: 非法操作:login.css

[ 2017-03-14T10:39:44+08:00 ] 127.0.0.1 /index.php/Home/js/jquery-1.11.3.min.js
ERR: 无法加载控制器:Js

[ 2017-03-14T10:39:46+08:00 ] 127.0.0.1 /index.php/Home/Index/login.css
ERR: 非法操作:login.css

[ 2017-03-14T10:39:46+08:00 ] 127.0.0.1 /index.php/Home/js/jquery-1.11.3.min.js
ERR: 无法加载控制器:Js

[ 2017-03-14T10:40:03+08:00 ] 127.0.0.1 /index.php/Home/Index/login.css
ERR: 非法操作:login.css

[ 2017-03-14T10:40:03+08:00 ] 127.0.0.1 /index.php/Home/js/jquery-1.11.3.min.js
ERR: 无法加载控制器:Js

[ 2017-03-14T10:40:03+08:00 ] 127.0.0.1 /index.php/Home/Index/login.css
ERR: 非法操作:login.css

[ 2017-03-14T10:40:03+08:00 ] 127.0.0.1 /index.php/Home/js/jquery-1.11.3.min.js
ERR: 无法加载控制器:Js

[ 2017-03-14T10:40:04+08:00 ] 127.0.0.1 /index.php/Home/Index/login.css
ERR: 非法操作:login.css

[ 2017-03-14T10:40:04+08:00 ] 127.0.0.1 /index.php/Home/js/jquery-1.11.3.min.js
ERR: 无法加载控制器:Js

[ 2017-03-14T10:41:58+08:00 ] 127.0.0.1 /index.php/Home/Index/login.html
ERR: 模板不存在:./Application/Home/View/Index/login.html

[ 2017-03-14T11:08:38+08:00 ] 127.0.0.1 /index.php/Home/Index/checkLoginUser
INFO: [ app_begin ] --START--
INFO: Run Behavior\ReadHtmlCacheBehavior [ RunTime:0.000633s ]
INFO: [ app_begin ] --END-- [ RunTime:0.001176s ]
SQL: SHOW COLUMNS FROM `zxznz_user` [ RunTime:0.005160s ]
SQL: SELECT `username` FROM `zxznz_user` WHERE ( `username` = '18300705320' ) LIMIT 1   [ RunTime:0.000344s ]
INFO: [ app_end ] --START--
INFO: Run Behavior\ShowPageTraceBehavior [ RunTime:0.000709s ]
INFO: [ app_end ] --END-- [ RunTime:0.000766s ]

[ 2017-03-14T11:08:49+08:00 ] 127.0.0.1 /index.php/Home/Index/checkLoginUser
INFO: [ app_begin ] --START--
INFO: Run Behavior\ReadHtmlCacheBehavior [ RunTime:0.000646s ]
INFO: [ app_begin ] --END-- [ RunTime:0.001185s ]
SQL: SHOW COLUMNS FROM `zxznz_user` [ RunTime:0.004664s ]
SQL: SELECT `username` FROM `zxznz_user` WHERE ( `username` = '18300705321' ) LIMIT 1   [ RunTime:0.000312s ]
INFO: [ app_end ] --START--
INFO: Run Behavior\ShowPageTraceBehavior [ RunTime:0.000805s ]
INFO: [ app_end ] --END-- [ RunTime:0.000868s ]

[ 2017-03-14T11:08:58+08:00 ] 127.0.0.1 /index.php/Home/Index/checkLoginUser
INFO: [ app_begin ] --START--
INFO: Run Behavior\ReadHtmlCacheBehavior [ RunTime:0.000612s ]
INFO: [ app_begin ] --END-- [ RunTime:0.001134s ]
SQL: SHOW COLUMNS FROM `zxznz_user` [ RunTime:0.004670s ]
SQL: SELECT `username` FROM `zxznz_user` WHERE ( `username` = '18300705321' ) LIMIT 1   [ RunTime:0.000207s ]
INFO: [ app_end ] --START--
INFO: Run Behavior\ShowPageTraceBehavior [ RunTime:0.000707s ]
INFO: [ app_end ] --END-- [ RunTime:0.000763s ]

[ 2017-03-14T11:09:43+08:00 ] 127.0.0.1 /index.php/Home/Index/checkLoginUser
INFO: [ app_begin ] --START--
INFO: Run Behavior\ReadHtmlCacheBehavior [ RunTime:0.000556s ]
INFO: [ app_begin ] --END-- [ RunTime:0.000965s ]
SQL: SHOW COLUMNS FROM `zxznz_user` [ RunTime:0.005296s ]
SQL: SELECT `username` FROM `zxznz_user` WHERE ( `username` = '18300705320' ) LIMIT 1   [ RunTime:0.000157s ]
INFO: [ app_end ] --START--
INFO: Run Behavior\ShowPageTraceBehavior [ RunTime:0.000690s ]
INFO: [ app_end ] --END-- [ RunTime:0.000747s ]

[ 2017-03-14T11:09:55+08:00 ] 127.0.0.1 /index.php/Home/Index/checkLoginUser
INFO: [ app_begin ] --START--
INFO: Run Behavior\ReadHtmlCacheBehavior [ RunTime:0.000560s ]
INFO: [ app_begin ] --END-- [ RunTime:0.001021s ]
SQL: SHOW COLUMNS FROM `zxznz_user` [ RunTime:0.004530s ]
SQL: SELECT `username` FROM `zxznz_user` WHERE ( `username` = '18300705320' ) LIMIT 1   [ RunTime:0.000144s ]
INFO: [ app_end ] --START--
INFO: Run Behavior\ShowPageTraceBehavior [ RunTime:0.000802s ]
INFO: [ app_end ] --END-- [ RunTime:0.000865s ]

[ 2017-03-14T11:13:08+08:00 ] 127.0.0.1 /index.php/Home/Index/checkLoginUser
INFO: [ app_begin ] --START--
INFO: Run Behavior\ReadHtmlCacheBehavior [ RunTime:0.000604s ]
INFO: [ app_begin ] --END-- [ RunTime:0.001043s ]
SQL: SHOW COLUMNS FROM `zxznz_user` [ RunTime:0.004565s ]
SQL: SELECT `username` FROM `zxznz_user` WHERE ( `username` = '18300705320' ) LIMIT 1   [ RunTime:0.000136s ]
INFO: [ app_end ] --START--
INFO: Run Behavior\ShowPageTraceBehavior [ RunTime:0.000675s ]
INFO: [ app_end ] --END-- [ RunTime:0.000731s ]

[ 2017-03-14T12:27:36+08:00 ] 127.0.0.1 /index.php/Home/Index/checkLoginUser
INFO: [ app_begin ] --START--
INFO: Run Behavior\ReadHtmlCacheBehavior [ RunTime:0.000548s ]
INFO: [ app_begin ] --END-- [ RunTime:0.000956s ]
SQL: SHOW COLUMNS FROM `zxznz_user` [ RunTime:0.004661s ]
SQL: SELECT `username` FROM `zxznz_user` WHERE ( `username` = '18300705320' ) LIMIT 1   [ RunTime:0.000150s ]
INFO: [ app_end ] --START--
INFO: Run Behavior\ShowPageTraceBehavior [ RunTime:0.000686s ]
INFO: [ app_end ] --END-- [ RunTime:0.000742s ]

[ 2017-03-14T12:29:16+08:00 ] 127.0.0.1 /index.php/Admin/Active/ajaxGetCitys/province/undefined
INFO: [ app_begin ] --START--
INFO: Run Behavior\ReadHtmlCacheBehavior [ RunTime:0.000587s ]
INFO: [ app_begin ] --END-- [ RunTime:0.001058s ]
ERR: 非法操作:ajaxGetCitys

[ 2017-03-14T12:29:51+08:00 ] 127.0.0.1 /index.php/Admin/Active/ajaxGetCitys/province/undefined
INFO: [ app_begin ] --START--
INFO: Run Behavior\ReadHtmlCacheBehavior [ RunTime:0.000608s ]
INFO: [ app_begin ] --END-- [ RunTime:0.001179s ]
ERR: 非法操作:ajaxGetCitys

[ 2017-03-14T12:30:18+08:00 ] 127.0.0.1 /index.php/Admin/Active/ajaxGetCitys/province/undefined
INFO: [ app_begin ] --START--
INFO: Run Behavior\ReadHtmlCacheBehavior [ RunTime:0.000622s ]
INFO: [ app_begin ] --END-- [ RunTime:0.001162s ]
ERR: 非法操作:ajaxGetCitys

[ 2017-03-14T13:08:40+08:00 ] 127.0.0.1 /index.php/Admin/Privilege/del/id/89
INFO: [ app_begin ] --START--
INFO: Run Behavior\ReadHtmlCacheBehavior [ RunTime:0.000546s ]
INFO: [ app_begin ] --END-- [ RunTime:0.000990s ]
SQL: SHOW COLUMNS FROM `zxznz_privilege` [ RunTime:0.004682s ]
SQL: SELECT * FROM `zxznz_privilege`  [ RunTime:0.000321s ]
SQL: SELECT * FROM `zxznz_privilege`  [ RunTime:0.000272s ]
SQL: DELETE FROM `zxznz_privilege` WHERE ( `id` = 90 ) [ RunTime:0.027299s ]
SQL: SELECT * FROM `zxznz_privilege`  [ RunTime:0.000817s ]
SQL: DELETE FROM `zxznz_privilege` WHERE ( `id` = 91 ) [ RunTime:0.015851s ]
SQL: SELECT * FROM `zxznz_privilege`  [ RunTime:0.000783s ]
SQL: DELETE FROM `zxznz_privilege` WHERE ( `id` = 92 ) [ RunTime:0.013856s ]
SQL: DELETE FROM `zxznz_privilege` WHERE ( `id` = 89 ) [ RunTime:0.026686s ]
INFO: [ app_end ] --START--
INFO: Run Behavior\ShowPageTraceBehavior [ RunTime:0.001217s ]
INFO: [ app_end ] --END-- [ RunTime:0.001319s ]

[ 2017-03-14T13:08:59+08:00 ] 127.0.0.1 /index.php/Admin/Object/lst
ERR: 无法加载控制器:Object

[ 2017-03-14T13:23:31+08:00 ] 127.0.0.1 /index.php/Home/Active/login.html
ERR: 非法操作:login

[ 2017-03-14T13:24:35+08:00 ] 127.0.0.1 /index.php/Home/Active/login.html
ERR: 非法操作:login

[ 2017-03-14T13:24:43+08:00 ] 127.0.0.1 /index.php/Home/Active/register.html
ERR: 非法操作:register

[ 2017-03-14T13:25:29+08:00 ] 127.0.0.1 /index.php/Home/Index/checkLoginUser
INFO: [ app_begin ] --START--
INFO: Run Behavior\ReadHtmlCacheBehavior [ RunTime:0.000600s ]
INFO: [ app_begin ] --END-- [ RunTime:0.001062s ]
SQL: SHOW COLUMNS FROM `zxznz_user` [ RunTime:0.004685s ]
SQL: SELECT `username` FROM `zxznz_user` WHERE ( `username` = '18300705320' ) LIMIT 1   [ RunTime:0.000138s ]
INFO: [ app_end ] --START--
INFO: Run Behavior\ShowPageTraceBehavior [ RunTime:0.000680s ]
INFO: [ app_end ] --END-- [ RunTime:0.000737s ]

[ 2017-03-14T13:31:37+08:00 ] 127.0.0.1 /index.php/Home/Index/checkLoginUser
INFO: [ app_begin ] --START--
INFO: Run Behavior\ReadHtmlCacheBehavior [ RunTime:0.000544s ]
INFO: [ app_begin ] --END-- [ RunTime:0.000986s ]
SQL: SHOW COLUMNS FROM `zxznz_user` [ RunTime:0.005168s ]
SQL: SELECT `username` FROM `zxznz_user` WHERE ( `username` = '18300705320' ) LIMIT 1   [ RunTime:0.000541s ]
INFO: [ app_end ] --START--
INFO: Run Behavior\ShowPageTraceBehavior [ RunTime:0.000761s ]
INFO: [ app_end ] --END-- [ RunTime:0.000831s ]

[ 2017-03-14T13:34:40+08:00 ] 127.0.0.1 /index.php/Home/Index/checkLoginUser
INFO: [ app_begin ] --START--
INFO: Run Behavior\ReadHtmlCacheBehavior [ RunTime:0.000676s ]
INFO: [ app_begin ] --END-- [ RunTime:0.001137s ]
SQL: SHOW COLUMNS FROM `zxznz_user` [ RunTime:0.004833s ]
SQL: SELECT `username` FROM `zxznz_user` WHERE ( `username` = '18300705320' ) LIMIT 1   [ RunTime:0.000147s ]
INFO: [ app_end ] --START--
INFO: Run Behavior\ShowPageTraceBehavior [ RunTime:0.000780s ]
INFO: [ app_end ] --END-- [ RunTime:0.000840s ]

[ 2017-03-14T13:57:14+08:00 ] 127.0.0.1 /index.php/Admin/Active/ajaxGetCitys/province/undefined
INFO: [ app_begin ] --START--
INFO: Run Behavior\ReadHtmlCacheBehavior [ RunTime:0.000629s ]
INFO: [ app_begin ] --END-- [ RunTime:0.001161s ]
ERR: 非法操作:ajaxGetCitys

[ 2017-03-14T13:58:15+08:00 ] 127.0.0.1 /index.php/Admin/Active/ajaxGetCitys/province/undefined
INFO: [ app_begin ] --START--
INFO: Run Behavior\ReadHtmlCacheBehavior [ RunTime:0.000651s ]
INFO: [ app_begin ] --END-- [ RunTime:0.001217s ]
ERR: 非法操作:ajaxGetCitys

[ 2017-03-14T13:58:32+08:00 ] 127.0.0.1 /index.php/Admin/Active/ajaxGetCitys/province/undefined
INFO: [ app_begin ] --START--
INFO: Run Behavior\ReadHtmlCacheBehavior [ RunTime:0.000612s ]
INFO: [ app_begin ] --END-- [ RunTime:0.001173s ]
ERR: 非法操作:ajaxGetCitys

[ 2017-03-14T14:12:24+08:00 ] 127.0.0.1 /index.php/Admin/Active/ajaxGetCitys/province/undefined
INFO: [ app_begin ] --START--
INFO: Run Behavior\ReadHtmlCacheBehavior [ RunTime:0.000629s ]
INFO: [ app_begin ] --END-- [ RunTime:0.001175s ]
ERR: 非法操作:ajaxGetCitys

[ 2017-03-14T14:14:08+08:00 ] 127.0.0.1 /index.php/Admin/Active/ajaxGetCitys/province/undefined
INFO: [ app_begin ] --START--
INFO: Run Behavior\ReadHtmlCacheBehavior [ RunTime:0.000937s ]
INFO: [ app_begin ] --END-- [ RunTime:0.001519s ]
ERR: 非法操作:ajaxGetCitys

[ 2017-03-14T14:16:19+08:00 ] 127.0.0.1 /index.php/Home/Active/lst/navNum/6.html
ERR: Think\Model:feild方法不存在！

[ 2017-03-14T14:19:34+08:00 ] 127.0.0.1 /index.php/Admin/Active/ajaxGetCitys/province/undefined
INFO: [ app_begin ] --START--
INFO: Run Behavior\ReadHtmlCacheBehavior [ RunTime:0.000643s ]
INFO: [ app_begin ] --END-- [ RunTime:0.001247s ]
ERR: 非法操作:ajaxGetCitys

[ 2017-03-14T14:20:19+08:00 ] 127.0.0.1 /index.php/Admin/Active/ajaxGetCitys/province/undefined
INFO: [ app_begin ] --START--
INFO: Run Behavior\ReadHtmlCacheBehavior [ RunTime:0.000660s ]
INFO: [ app_begin ] --END-- [ RunTime:0.001188s ]
ERR: 非法操作:ajaxGetCitys

[ 2017-03-14T14:40:28+08:00 ] 127.0.0.1 /index.php/Admin/Active/ajaxGetCitys/province/undefined
INFO: [ app_begin ] --START--
INFO: Run Behavior\ReadHtmlCacheBehavior [ RunTime:0.000786s ]
INFO: [ app_begin ] --END-- [ RunTime:0.001339s ]
ERR: 非法操作:ajaxGetCitys

[ 2017-03-14T14:48:46+08:00 ] 127.0.0.1 /index.php/Admin/Active/ajaxGetCitys/province/undefined
INFO: [ app_begin ] --START--
INFO: Run Behavior\ReadHtmlCacheBehavior [ RunTime:0.000611s ]
INFO: [ app_begin ] --END-- [ RunTime:0.001155s ]
ERR: 非法操作:ajaxGetCitys

[ 2017-03-14T14:51:13+08:00 ] 127.0.0.1 /index.php/Admin/Active/ajaxGetCitys/province/undefined
INFO: [ app_begin ] --START--
INFO: Run Behavior\ReadHtmlCacheBehavior [ RunTime:0.001287s ]
INFO: [ app_begin ] --END-- [ RunTime:0.002199s ]
ERR: 非法操作:ajaxGetCitys

[ 2017-03-14T14:52:15+08:00 ] 127.0.0.1 /index.php/Admin/Active/ajaxGetCitys/province/undefined
INFO: [ app_begin ] --START--
INFO: Run Behavior\ReadHtmlCacheBehavior [ RunTime:0.000651s ]
INFO: [ app_begin ] --END-- [ RunTime:0.001356s ]
ERR: 非法操作:ajaxGetCitys

[ 2017-03-14T14:52:22+08:00 ] 127.0.0.1 /index.php/Admin/Object/lst
ERR: 无法加载控制器:Object

[ 2017-03-14T14:52:25+08:00 ] 127.0.0.1 /index.php/Admin/Active/ajaxGetCitys/province/undefined
INFO: [ app_begin ] --START--
INFO: Run Behavior\ReadHtmlCacheBehavior [ RunTime:0.000593s ]
INFO: [ app_begin ] --END-- [ RunTime:0.001103s ]
ERR: 非法操作:ajaxGetCitys

[ 2017-03-14T14:52:29+08:00 ] 127.0.0.1 /index.php/Admin/Active/ajaxGetCitys/province/undefined
INFO: [ app_begin ] --START--
INFO: Run Behavior\ReadHtmlCacheBehavior [ RunTime:0.000607s ]
INFO: [ app_begin ] --END-- [ RunTime:0.001152s ]
ERR: 非法操作:ajaxGetCitys

[ 2017-03-14T14:52:50+08:00 ] 127.0.0.1 /index.php/Admin/Active/ajaxGetCitys/province/undefined
INFO: [ app_begin ] --START--
INFO: Run Behavior\ReadHtmlCacheBehavior [ RunTime:0.001520s ]
INFO: [ app_begin ] --END-- [ RunTime:0.002177s ]
ERR: 非法操作:ajaxGetCitys

[ 2017-03-14T14:53:31+08:00 ] 127.0.0.1 /index.php/Admin/Active/ajaxGetCitys/province/undefined
INFO: [ app_begin ] --START--
INFO: Run Behavior\ReadHtmlCacheBehavior [ RunTime:0.000941s ]
INFO: [ app_begin ] --END-- [ RunTime:0.001454s ]
ERR: 非法操作:ajaxGetCitys

[ 2017-03-14T14:53:41+08:00 ] 127.0.0.1 /index.php/Admin/Active/ajaxGetCitys/province/undefined
INFO: [ app_begin ] --START--
INFO: Run Behavior\ReadHtmlCacheBehavior [ RunTime:0.001686s ]
INFO: [ app_begin ] --END-- [ RunTime:0.003059s ]
ERR: 非法操作:ajaxGetCitys

[ 2017-03-14T14:54:48+08:00 ] 127.0.0.1 /index.php/Admin/Active/ajaxGetCitys/province/undefined
INFO: [ app_begin ] --START--
INFO: Run Behavior\ReadHtmlCacheBehavior [ RunTime:0.000936s ]
INFO: [ app_begin ] --END-- [ RunTime:0.001474s ]
ERR: 非法操作:ajaxGetCitys

[ 2017-03-14T14:54:52+08:00 ] 127.0.0.1 /index.php/Admin/Active/ajaxGetCitys/province/undefined
INFO: [ app_begin ] --START--
INFO: Run Behavior\ReadHtmlCacheBehavior [ RunTime:0.000909s ]
INFO: [ app_begin ] --END-- [ RunTime:0.001395s ]
ERR: 非法操作:ajaxGetCitys

[ 2017-03-14T14:55:52+08:00 ] 127.0.0.1 /index.php/Admin/Active/ajaxGetCitys/province/undefined
INFO: [ app_begin ] --START--
INFO: Run Behavior\ReadHtmlCacheBehavior [ RunTime:0.000596s ]
INFO: [ app_begin ] --END-- [ RunTime:0.001119s ]
ERR: 非法操作:ajaxGetCitys

[ 2017-03-14T14:56:00+08:00 ] 127.0.0.1 /index.php/Admin/Active/ajaxGetCitys/province/undefined
INFO: [ app_begin ] --START--
INFO: Run Behavior\ReadHtmlCacheBehavior [ RunTime:0.000646s ]
INFO: [ app_begin ] --END-- [ RunTime:0.001182s ]
ERR: 非法操作:ajaxGetCitys

[ 2017-03-14T14:56:10+08:00 ] 127.0.0.1 /index.php/Admin/Active/ajaxGetCitys/province/undefined
INFO: [ app_begin ] --START--
INFO: Run Behavior\ReadHtmlCacheBehavior [ RunTime:0.000674s ]
INFO: [ app_begin ] --END-- [ RunTime:0.001237s ]
ERR: 非法操作:ajaxGetCitys

[ 2017-03-14T14:56:33+08:00 ] 127.0.0.1 /index.php/Admin/Active/ajaxGetCitys/province/undefined
INFO: [ app_begin ] --START--
INFO: Run Behavior\ReadHtmlCacheBehavior [ RunTime:0.002175s ]
INFO: [ app_begin ] --END-- [ RunTime:0.002710s ]
ERR: 非法操作:ajaxGetCitys

[ 2017-03-14T15:25:23+08:00 ] 127.0.0.1 /index.php/Admin/Active/ajaxGetCitys/province/undefined
INFO: [ app_begin ] --START--
INFO: Run Behavior\ReadHtmlCacheBehavior [ RunTime:0.001244s ]
INFO: [ app_begin ] --END-- [ RunTime:0.001788s ]
ERR: 非法操作:ajaxGetCitys

[ 2017-03-14T15:30:07+08:00 ] 127.0.0.1 /index.php/Admin/Active/ajaxGetCitys/province/undefined
INFO: [ app_begin ] --START--
INFO: Run Behavior\ReadHtmlCacheBehavior [ RunTime:0.000948s ]
INFO: [ app_begin ] --END-- [ RunTime:0.001447s ]
ERR: 非法操作:ajaxGetCitys

[ 2017-03-14T15:30:21+08:00 ] 127.0.0.1 /index.php/Admin/Active/ajaxGetCitys/province/undefined
INFO: [ app_begin ] --START--
INFO: Run Behavior\ReadHtmlCacheBehavior [ RunTime:0.001015s ]
INFO: [ app_begin ] --END-- [ RunTime:0.001539s ]
ERR: 非法操作:ajaxGetCitys

[ 2017-03-14T15:30:43+08:00 ] 127.0.0.1 /index.php/Admin/Active/ajaxGetCitys/province/undefined
INFO: [ app_begin ] --START--
INFO: Run Behavior\ReadHtmlCacheBehavior [ RunTime:0.000898s ]
INFO: [ app_begin ] --END-- [ RunTime:0.001420s ]
ERR: 非法操作:ajaxGetCitys

[ 2017-03-14T15:30:55+08:00 ] 127.0.0.1 /index.php/Admin/Active/ajaxGetCitys/province/undefined
INFO: [ app_begin ] --START--
INFO: Run Behavior\ReadHtmlCacheBehavior [ RunTime:0.000892s ]
INFO: [ app_begin ] --END-- [ RunTime:0.001376s ]
ERR: 非法操作:ajaxGetCitys

[ 2017-03-14T15:35:22+08:00 ] 127.0.0.1 /index.php/Admin/Active/ajaxGetCitys/province/undefined
INFO: [ app_begin ] --START--
INFO: Run Behavior\ReadHtmlCacheBehavior [ RunTime:0.000764s ]
INFO: [ app_begin ] --END-- [ RunTime:0.001342s ]
ERR: 非法操作:ajaxGetCitys

[ 2017-03-14T15:38:25+08:00 ] 127.0.0.1 /index.php/Admin/Active/ajaxGetCitys/province/undefined
INFO: [ app_begin ] --START--
INFO: Run Behavior\ReadHtmlCacheBehavior [ RunTime:0.000891s ]
INFO: [ app_begin ] --END-- [ RunTime:0.001434s ]
ERR: 非法操作:ajaxGetCitys

[ 2017-03-14T15:38:30+08:00 ] 127.0.0.1 /index.php/Admin/Active/ajaxGetCitys/province/undefined
INFO: [ app_begin ] --START--
INFO: Run Behavior\ReadHtmlCacheBehavior [ RunTime:0.001605s ]
INFO: [ app_begin ] --END-- [ RunTime:0.003347s ]
ERR: 非法操作:ajaxGetCitys

[ 2017-03-14T15:41:43+08:00 ] 127.0.0.1 /index.php/Admin/Active/ajaxGetCitys/province/undefined
INFO: [ app_begin ] --START--
INFO: Run Behavior\ReadHtmlCacheBehavior [ RunTime:0.000924s ]
INFO: [ app_begin ] --END-- [ RunTime:0.001459s ]
ERR: 非法操作:ajaxGetCitys

[ 2017-03-14T15:41:48+08:00 ] 127.0.0.1 /index.php/Admin/Active/ajaxGetCitys/province/undefined
INFO: [ app_begin ] --START--
INFO: Run Behavior\ReadHtmlCacheBehavior [ RunTime:0.000910s ]
INFO: [ app_begin ] --END-- [ RunTime:0.001435s ]
ERR: 非法操作:ajaxGetCitys

[ 2017-03-14T15:42:34+08:00 ] 127.0.0.1 /index.php/Admin/Active/ajaxGetCitys/province/undefined
INFO: [ app_begin ] --START--
INFO: Run Behavior\ReadHtmlCacheBehavior [ RunTime:0.000838s ]
INFO: [ app_begin ] --END-- [ RunTime:0.005704s ]
ERR: 非法操作:ajaxGetCitys

[ 2017-03-14T15:42:36+08:00 ] 127.0.0.1 /index.php/Admin/Active/ajaxGetCitys/province/undefined
INFO: [ app_begin ] --START--
INFO: Run Behavior\ReadHtmlCacheBehavior [ RunTime:0.000853s ]
INFO: [ app_begin ] --END-- [ RunTime:0.001311s ]
ERR: 非法操作:ajaxGetCitys

[ 2017-03-14T15:42:48+08:00 ] 127.0.0.1 /index.php/Admin/Active/ajaxGetCitys/province/undefined
INFO: [ app_begin ] --START--
INFO: Run Behavior\ReadHtmlCacheBehavior [ RunTime:0.004765s ]
INFO: [ app_begin ] --END-- [ RunTime:0.005307s ]
ERR: 非法操作:ajaxGetCitys

[ 2017-03-14T15:42:57+08:00 ] 127.0.0.1 /index.php/Admin/Active/ajaxGetCitys/province/undefined
INFO: [ app_begin ] --START--
INFO: Run Behavior\ReadHtmlCacheBehavior [ RunTime:0.000915s ]
INFO: [ app_begin ] --END-- [ RunTime:0.001487s ]
ERR: 非法操作:ajaxGetCitys

[ 2017-03-14T15:44:03+08:00 ] 127.0.0.1 /index.php/Admin/Active/ajaxGetCitys/province/undefined
INFO: [ app_begin ] --START--
INFO: Run Behavior\ReadHtmlCacheBehavior [ RunTime:0.000941s ]
INFO: [ app_begin ] --END-- [ RunTime:0.001488s ]
ERR: 非法操作:ajaxGetCitys

[ 2017-03-14T15:44:26+08:00 ] 127.0.0.1 /index.php/Admin/Active/ajaxGetCitys/province/undefined
INFO: [ app_begin ] --START--
INFO: Run Behavior\ReadHtmlCacheBehavior [ RunTime:0.000881s ]
INFO: [ app_begin ] --END-- [ RunTime:0.001395s ]
ERR: 非法操作:ajaxGetCitys

[ 2017-03-14T15:44:27+08:00 ] 127.0.0.1 /index.php/Admin/Active/ajaxGetCitys/province/undefined
INFO: [ app_begin ] --START--
INFO: Run Behavior\ReadHtmlCacheBehavior [ RunTime:0.000775s ]
INFO: [ app_begin ] --END-- [ RunTime:0.001373s ]
ERR: 非法操作:ajaxGetCitys

[ 2017-03-14T15:44:39+08:00 ] 127.0.0.1 /index.php/Admin/Active/ajaxGetCitys/province/undefined
INFO: [ app_begin ] --START--
INFO: Run Behavior\ReadHtmlCacheBehavior [ RunTime:0.001853s ]
INFO: [ app_begin ] --END-- [ RunTime:0.002408s ]
ERR: 非法操作:ajaxGetCitys

[ 2017-03-14T15:45:10+08:00 ] 127.0.0.1 /index.php/Admin/Active/ajaxGetCitys/province/undefined
INFO: [ app_begin ] --START--
INFO: Run Behavior\ReadHtmlCacheBehavior [ RunTime:0.000931s ]
INFO: [ app_begin ] --END-- [ RunTime:0.001438s ]
ERR: 非法操作:ajaxGetCitys

[ 2017-03-14T15:46:06+08:00 ] 127.0.0.1 /index.php/Admin/Active/ajaxGetCitys/province/undefined
INFO: [ app_begin ] --START--
INFO: Run Behavior\ReadHtmlCacheBehavior [ RunTime:0.000632s ]
INFO: [ app_begin ] --END-- [ RunTime:0.001129s ]
ERR: 非法操作:ajaxGetCitys

[ 2017-03-14T15:46:48+08:00 ] 127.0.0.1 /index.php/Admin/Active/ajaxGetCitys/province/undefined
INFO: [ app_begin ] --START--
INFO: Run Behavior\ReadHtmlCacheBehavior [ RunTime:0.000763s ]
INFO: [ app_begin ] --END-- [ RunTime:0.001347s ]
ERR: 非法操作:ajaxGetCitys

[ 2017-03-14T15:46:52+08:00 ] 127.0.0.1 /index.php/Admin/Active/ajaxGetCitys/province/undefined
INFO: [ app_begin ] --START--
INFO: Run Behavior\ReadHtmlCacheBehavior [ RunTime:0.000640s ]
INFO: [ app_begin ] --END-- [ RunTime:0.001169s ]
ERR: 非法操作:ajaxGetCitys

[ 2017-03-14T15:47:07+08:00 ] 127.0.0.1 /index.php/Admin/Active/ajaxGetCitys/province/undefined
INFO: [ app_begin ] --START--
INFO: Run Behavior\ReadHtmlCacheBehavior [ RunTime:0.000596s ]
INFO: [ app_begin ] --END-- [ RunTime:0.001077s ]
ERR: 非法操作:ajaxGetCitys

[ 2017-03-14T15:47:17+08:00 ] 127.0.0.1 /index.php/Admin/Active/ajaxGetCitys/province/undefined
INFO: [ app_begin ] --START--
INFO: Run Behavior\ReadHtmlCacheBehavior [ RunTime:0.000705s ]
INFO: [ app_begin ] --END-- [ RunTime:0.001513s ]
ERR: 非法操作:ajaxGetCitys

[ 2017-03-14T15:47:47+08:00 ] 127.0.0.1 /index.php/Admin/Active/ajaxGetCitys/province/undefined
INFO: [ app_begin ] --START--
INFO: Run Behavior\ReadHtmlCacheBehavior [ RunTime:0.000769s ]
INFO: [ app_begin ] --END-- [ RunTime:0.001265s ]
ERR: 非法操作:ajaxGetCitys

[ 2017-03-14T15:47:53+08:00 ] 127.0.0.1 /index.php/Admin/Active/ajaxGetCitys/province/undefined
INFO: [ app_begin ] --START--
INFO: Run Behavior\ReadHtmlCacheBehavior [ RunTime:0.000669s ]
INFO: [ app_begin ] --END-- [ RunTime:0.001183s ]
ERR: 非法操作:ajaxGetCitys

[ 2017-03-14T15:48:14+08:00 ] 127.0.0.1 /index.php/Admin/Active/ajaxGetCitys/province/undefined
INFO: [ app_begin ] --START--
INFO: Run Behavior\ReadHtmlCacheBehavior [ RunTime:0.001126s ]
INFO: [ app_begin ] --END-- [ RunTime:0.001691s ]
ERR: 非法操作:ajaxGetCitys

[ 2017-03-14T15:54:45+08:00 ] 127.0.0.1 /index.php/Admin/Active/ajaxGetCitys/province/undefined
INFO: [ app_begin ] --START--
INFO: Run Behavior\ReadHtmlCacheBehavior [ RunTime:0.000642s ]
INFO: [ app_begin ] --END-- [ RunTime:0.001210s ]
ERR: 非法操作:ajaxGetCitys

[ 2017-03-14T15:55:23+08:00 ] 127.0.0.1 /index.php/Admin/Active/ajaxGetCitys/province/undefined
INFO: [ app_begin ] --START--
INFO: Run Behavior\ReadHtmlCacheBehavior [ RunTime:0.000765s ]
INFO: [ app_begin ] --END-- [ RunTime:0.001328s ]
ERR: 非法操作:ajaxGetCitys

[ 2017-03-14T15:59:42+08:00 ] 127.0.0.1 /index.php/Admin/Active/ajaxGetCitys/province/undefined
INFO: [ app_begin ] --START--
INFO: Run Behavior\ReadHtmlCacheBehavior [ RunTime:0.001779s ]
INFO: [ app_begin ] --END-- [ RunTime:0.002347s ]
ERR: 非法操作:ajaxGetCitys

[ 2017-03-14T16:05:09+08:00 ] 127.0.0.1 /index.php/Admin/Object/lst
ERR: 无法加载控制器:Object

[ 2017-03-14T16:05:56+08:00 ] 127.0.0.1 /index.php/Admin/Active/ajaxGetCitys/province/undefined
INFO: [ app_begin ] --START--
INFO: Run Behavior\ReadHtmlCacheBehavior [ RunTime:0.000886s ]
INFO: [ app_begin ] --END-- [ RunTime:0.001384s ]
ERR: 非法操作:ajaxGetCitys

[ 2017-03-14T17:00:50+08:00 ] 127.0.0.1 /index.php/admin/active/ajaxgetcitys/province/undefined
ERR: 非法操作:ajaxgetcitys

[ 2017-03-14T17:01:00+08:00 ] 127.0.0.1 /index.php/admin/active/ajaxgetcitys/province/undefined
ERR: 非法操作:ajaxgetcitys

[ 2017-03-14T17:32:18+08:00 ] 127.0.0.1 /index.php/admin/active/ajaxgetcitys/province/undefined
ERR: 非法操作:ajaxgetcitys

