[ 2017-04-27T14:13:09+08:00 ] 127.0.0.1 /
INFO: [ app_init ] --START--
INFO: Run Behavior\BuildLiteBehavior [ RunTime:0.000030s ]
INFO: [ app_init ] --END-- [ RunTime:0.001265s ]
INFO: [ app_begin ] --START--
INFO: Run Behavior\ReadHtmlCacheBehavior [ RunTime:0.001518s ]
INFO: [ app_begin ] --END-- [ RunTime:0.001642s ]
SQL: SHOW COLUMNS FROM `zxznz_doctor` [ RunTime:0.391538s ]
SQL: SELECT d.id,d.name,d.picture,(h.name)hos_name FROM zxznz_doctor d LEFT JOIN zxznz_hospital AS h ON d.hos_id=h.id  WHERE ( d.is_show = '是' ) AND ( h.is_show = '1' ) ORDER BY d.id desc LIMIT 8   [ RunTime:0.476278s ]
SQL: SHOW COLUMNS FROM `zxznz_hospital` [ RunTime:0.008213s ]
SQL: SELECT `id`,`name`,`logo` FROM `zxznz_hospital` WHERE ( `is_show` = '1' ) AND ( `is_index` = '1' ) ORDER BY is_top desc LIMIT 10   [ RunTime:0.001609s ]
INFO: [ view_parse ] --START--
INFO: [ template_filter ] --START--
INFO: Run Behavior\ContentReplaceBehavior [ RunTime:0.000228s ]
INFO: [ template_filter ] --END-- [ RunTime:0.000350s ]
NOTIC: [8] Undefined variable: page_key E:\Wamp\host\ZXZNZ\Public\Home\header.html 第 6 行.
NOTIC: [8] Use of undefined constant id - assumed 'id' E:\Wamp\host\ZXZNZ\Application\Runtime\Cache\Home\2a94b8bda04ff446dcedd42276fc99ee.php 第 169 行.
NOTIC: [8] Use of undefined constant id - assumed 'id' E:\Wamp\host\ZXZNZ\Application\Runtime\Cache\Home\2a94b8bda04ff446dcedd42276fc99ee.php 第 188 行.
NOTIC: [8] Use of undefined constant id - assumed 'id' E:\Wamp\host\ZXZNZ\Application\Runtime\Cache\Home\2a94b8bda04ff446dcedd42276fc99ee.php 第 205 行.
NOTIC: [8] Use of undefined constant id - assumed 'id' E:\Wamp\host\ZXZNZ\Application\Runtime\Cache\Home\2a94b8bda04ff446dcedd42276fc99ee.php 第 224 行.
NOTIC: [8] Use of undefined constant id - assumed 'id' E:\Wamp\host\ZXZNZ\Application\Runtime\Cache\Home\2a94b8bda04ff446dcedd42276fc99ee.php 第 241 行.
NOTIC: [8] Use of undefined constant id - assumed 'id' E:\Wamp\host\ZXZNZ\Application\Runtime\Cache\Home\2a94b8bda04ff446dcedd42276fc99ee.php 第 169 行.
NOTIC: [8] Use of undefined constant id - assumed 'id' E:\Wamp\host\ZXZNZ\Application\Runtime\Cache\Home\2a94b8bda04ff446dcedd42276fc99ee.php 第 188 行.
NOTIC: [8] Use of undefined constant id - assumed 'id' E:\Wamp\host\ZXZNZ\Application\Runtime\Cache\Home\2a94b8bda04ff446dcedd42276fc99ee.php 第 205 行.
NOTIC: [8] Use of undefined constant id - assumed 'id' E:\Wamp\host\ZXZNZ\Application\Runtime\Cache\Home\2a94b8bda04ff446dcedd42276fc99ee.php 第 224 行.
NOTIC: [8] Use of undefined constant id - assumed 'id' E:\Wamp\host\ZXZNZ\Application\Runtime\Cache\Home\2a94b8bda04ff446dcedd42276fc99ee.php 第 241 行.
INFO: Run Behavior\ParseTemplateBehavior [ RunTime:0.120340s ]
INFO: [ view_parse ] --END-- [ RunTime:0.120486s ]
INFO: [ view_filter ] --START--
INFO: Run Behavior\WriteHtmlCacheBehavior [ RunTime:0.007784s ]
INFO: [ view_filter ] --END-- [ RunTime:0.007894s ]
INFO: [ app_end ] --START--
INFO: Run Behavior\ShowPageTraceBehavior [ RunTime:0.007505s ]
INFO: [ app_end ] --END-- [ RunTime:0.007644s ]

[ 2017-04-27T14:13:13+08:00 ] 127.0.0.1 /index.php/Home/Active/index/navNum/6.html
INFO: [ app_init ] --START--
INFO: Run Behavior\BuildLiteBehavior [ RunTime:0.000056s ]
INFO: [ app_init ] --END-- [ RunTime:0.000805s ]
INFO: [ app_begin ] --START--
INFO: Run Behavior\ReadHtmlCacheBehavior [ RunTime:0.001261s ]
INFO: [ app_begin ] --END-- [ RunTime:0.001398s ]
SQL: SHOW COLUMNS FROM `zxznz_active` [ RunTime:0.067284s ]
SQL: SELECT `id`,`title`,`pic`,`intro`,`action`,`start_time`,`end_time`,`location`,`price`,`join_num` FROM `zxznz_active` WHERE ( `is_show` = '1' ) ORDER BY start_time DESC  [ RunTime:0.000491s ]
INFO: [ view_parse ] --START--
INFO: [ template_filter ] --START--
INFO: Run Behavior\ContentReplaceBehavior [ RunTime:0.000096s ]
INFO: [ template_filter ] --END-- [ RunTime:0.000225s ]
NOTIC: [8] Undefined variable: page_key E:\Wamp\host\ZXZNZ\Public\Home\header.html 第 6 行.
INFO: Run Behavior\ParseTemplateBehavior [ RunTime:0.033283s ]
INFO: [ view_parse ] --END-- [ RunTime:0.033410s ]
INFO: [ view_filter ] --START--
INFO: Run Behavior\WriteHtmlCacheBehavior [ RunTime:0.000476s ]
INFO: [ view_filter ] --END-- [ RunTime:0.000568s ]
INFO: [ app_end ] --START--
INFO: Run Behavior\ShowPageTraceBehavior [ RunTime:0.000910s ]
INFO: [ app_end ] --END-- [ RunTime:0.001003s ]

[ 2017-04-27T14:13:14+08:00 ] 127.0.0.1 /index.php/Home/Publish/index/navNum/4.html
INFO: [ app_init ] --START--
INFO: Run Behavior\BuildLiteBehavior [ RunTime:0.000016s ]
INFO: [ app_init ] --END-- [ RunTime:0.000431s ]
INFO: [ app_begin ] --START--
INFO: Run Behavior\ReadHtmlCacheBehavior [ RunTime:0.001141s ]
INFO: [ app_begin ] --END-- [ RunTime:0.001254s ]
SQL: SHOW COLUMNS FROM `zxznz_publish` [ RunTime:0.069712s ]
SQL: SELECT `id`,`title`,`intro`,`begin`,`action`,`bg`,`bg_type` FROM `zxznz_publish` WHERE ( `is_show` = '1' ) ORDER BY begin desc  [ RunTime:0.006048s ]
INFO: [ view_parse ] --START--
INFO: [ template_filter ] --START--
INFO: Run Behavior\ContentReplaceBehavior [ RunTime:0.000110s ]
INFO: [ template_filter ] --END-- [ RunTime:0.000235s ]
NOTIC: [8] Undefined variable: page_key E:\Wamp\host\ZXZNZ\Public\Home\header.html 第 6 行.
NOTIC: [8] Undefined offset: 1 E:\Wamp\host\ZXZNZ\Application\Runtime\Cache\Home\5d3bb405c7b7f5e0f8b86556a3e7ee21.php 第 64 行.
INFO: Run Behavior\ParseTemplateBehavior [ RunTime:0.041559s ]
INFO: [ view_parse ] --END-- [ RunTime:0.041709s ]
INFO: [ view_filter ] --START--
INFO: Run Behavior\WriteHtmlCacheBehavior [ RunTime:0.000574s ]
INFO: [ view_filter ] --END-- [ RunTime:0.000683s ]
INFO: [ app_end ] --START--
INFO: Run Behavior\ShowPageTraceBehavior [ RunTime:0.001148s ]
INFO: [ app_end ] --END-- [ RunTime:0.001278s ]

[ 2017-04-27T14:18:26+08:00 ] 127.0.0.1 /index.php/Home/Publish/index/navNum/4.html
INFO: [ app_init ] --START--
INFO: Run Behavior\BuildLiteBehavior [ RunTime:0.000020s ]
INFO: [ app_init ] --END-- [ RunTime:0.000710s ]
INFO: [ app_begin ] --START--
INFO: Run Behavior\ReadHtmlCacheBehavior [ RunTime:0.000803s ]
INFO: [ app_begin ] --END-- [ RunTime:0.000889s ]
SQL: SHOW COLUMNS FROM `zxznz_publish` [ RunTime:0.005438s ]
SQL: SELECT `id`,`title`,`intro`,`begin`,`action`,`bg`,`bg_type` FROM `zxznz_publish` WHERE ( `is_show` = '1' ) ORDER BY begin desc  [ RunTime:0.000324s ]
SQL: SHOW COLUMNS FROM `zxznz_active` [ RunTime:0.005181s ]

[ 2017-04-27T14:19:53+08:00 ] 127.0.0.1 /index.php/Home/Publish/index/navNum/4.html
INFO: [ app_init ] --START--
INFO: Run Behavior\BuildLiteBehavior [ RunTime:0.000015s ]
INFO: [ app_init ] --END-- [ RunTime:0.000526s ]
INFO: [ app_begin ] --START--
INFO: Run Behavior\ReadHtmlCacheBehavior [ RunTime:0.000735s ]
INFO: [ app_begin ] --END-- [ RunTime:0.000811s ]
SQL: SHOW COLUMNS FROM `zxznz_publish` [ RunTime:0.005299s ]
SQL: SELECT `id`,`title`,`intro`,`begin`,`action`,`bg`,`bg_type` FROM `zxznz_publish` WHERE ( `is_show` = '1' ) ORDER BY begin desc  [ RunTime:0.000427s ]
SQL: SHOW COLUMNS FROM `zxznz_active` [ RunTime:0.005440s ]
ERR: Think\Model:getAct方法不存在！
NOTIC: [8] Undefined variable: message E:\Wamp\host\ZXZNZ\ThinkPHP\Tpl\dispatch_jump.tpl 第 31 行.
NOTIC: [8] Undefined variable: jumpUrl E:\Wamp\host\ZXZNZ\ThinkPHP\Tpl\dispatch_jump.tpl 第 38 行.
NOTIC: [8] Undefined variable: waitSecond E:\Wamp\host\ZXZNZ\ThinkPHP\Tpl\dispatch_jump.tpl 第 38 行.

[ 2017-04-27T14:19:54+08:00 ] 127.0.0.1 /index.php/Home/Publish/index/navNum/4.html
INFO: [ app_init ] --START--
INFO: Run Behavior\BuildLiteBehavior [ RunTime:0.000019s ]
INFO: [ app_init ] --END-- [ RunTime:0.000444s ]
INFO: [ app_begin ] --START--
INFO: Run Behavior\ReadHtmlCacheBehavior [ RunTime:0.000560s ]
INFO: [ app_begin ] --END-- [ RunTime:0.000624s ]
SQL: SHOW COLUMNS FROM `zxznz_publish` [ RunTime:0.005872s ]
SQL: SELECT `id`,`title`,`intro`,`begin`,`action`,`bg`,`bg_type` FROM `zxznz_publish` WHERE ( `is_show` = '1' ) ORDER BY begin desc  [ RunTime:0.000421s ]
SQL: SHOW COLUMNS FROM `zxznz_active` [ RunTime:0.005015s ]
ERR: Think\Model:getAct方法不存在！
NOTIC: [8] Undefined variable: message E:\Wamp\host\ZXZNZ\ThinkPHP\Tpl\dispatch_jump.tpl 第 31 行.
NOTIC: [8] Undefined variable: jumpUrl E:\Wamp\host\ZXZNZ\ThinkPHP\Tpl\dispatch_jump.tpl 第 38 行.
NOTIC: [8] Undefined variable: waitSecond E:\Wamp\host\ZXZNZ\ThinkPHP\Tpl\dispatch_jump.tpl 第 38 行.

[ 2017-04-27T14:19:55+08:00 ] 127.0.0.1 /index.php/Home/Publish/index/navNum/4.html
INFO: [ app_init ] --START--
INFO: Run Behavior\BuildLiteBehavior [ RunTime:0.000015s ]
INFO: [ app_init ] --END-- [ RunTime:0.000432s ]
INFO: [ app_begin ] --START--
INFO: Run Behavior\ReadHtmlCacheBehavior [ RunTime:0.000561s ]
INFO: [ app_begin ] --END-- [ RunTime:0.000626s ]
SQL: SHOW COLUMNS FROM `zxznz_publish` [ RunTime:0.006098s ]
SQL: SELECT `id`,`title`,`intro`,`begin`,`action`,`bg`,`bg_type` FROM `zxznz_publish` WHERE ( `is_show` = '1' ) ORDER BY begin desc  [ RunTime:0.000360s ]
SQL: SHOW COLUMNS FROM `zxznz_active` [ RunTime:0.004827s ]
ERR: Think\Model:getAct方法不存在！
NOTIC: [8] Undefined variable: message E:\Wamp\host\ZXZNZ\ThinkPHP\Tpl\dispatch_jump.tpl 第 31 行.
NOTIC: [8] Undefined variable: jumpUrl E:\Wamp\host\ZXZNZ\ThinkPHP\Tpl\dispatch_jump.tpl 第 38 行.
NOTIC: [8] Undefined variable: waitSecond E:\Wamp\host\ZXZNZ\ThinkPHP\Tpl\dispatch_jump.tpl 第 38 行.

[ 2017-04-27T14:19:56+08:00 ] 127.0.0.1 /index.php/Home/Publish/index/navNum/4.html
INFO: [ app_init ] --START--
INFO: Run Behavior\BuildLiteBehavior [ RunTime:0.000015s ]
INFO: [ app_init ] --END-- [ RunTime:0.000441s ]
INFO: [ app_begin ] --START--
INFO: Run Behavior\ReadHtmlCacheBehavior [ RunTime:0.000561s ]
INFO: [ app_begin ] --END-- [ RunTime:0.000627s ]
SQL: SHOW COLUMNS FROM `zxznz_publish` [ RunTime:0.004931s ]
SQL: SELECT `id`,`title`,`intro`,`begin`,`action`,`bg`,`bg_type` FROM `zxznz_publish` WHERE ( `is_show` = '1' ) ORDER BY begin desc  [ RunTime:0.000258s ]
SQL: SHOW COLUMNS FROM `zxznz_active` [ RunTime:0.004619s ]
ERR: Think\Model:getAct方法不存在！
NOTIC: [8] Undefined variable: message E:\Wamp\host\ZXZNZ\ThinkPHP\Tpl\dispatch_jump.tpl 第 31 行.
NOTIC: [8] Undefined variable: jumpUrl E:\Wamp\host\ZXZNZ\ThinkPHP\Tpl\dispatch_jump.tpl 第 38 行.
NOTIC: [8] Undefined variable: waitSecond E:\Wamp\host\ZXZNZ\ThinkPHP\Tpl\dispatch_jump.tpl 第 38 行.

[ 2017-04-27T14:19:58+08:00 ] 127.0.0.1 /index.php/Home/Publish/index/navNum/4.html
INFO: [ app_init ] --START--
INFO: Run Behavior\BuildLiteBehavior [ RunTime:0.000017s ]
INFO: [ app_init ] --END-- [ RunTime:0.000457s ]
INFO: [ app_begin ] --START--
INFO: Run Behavior\ReadHtmlCacheBehavior [ RunTime:0.000577s ]
INFO: [ app_begin ] --END-- [ RunTime:0.000645s ]
SQL: SHOW COLUMNS FROM `zxznz_publish` [ RunTime:0.004669s ]
SQL: SELECT `id`,`title`,`intro`,`begin`,`action`,`bg`,`bg_type` FROM `zxznz_publish` WHERE ( `is_show` = '1' ) ORDER BY begin desc  [ RunTime:0.004966s ]
SQL: SHOW COLUMNS FROM `zxznz_active` [ RunTime:0.005681s ]
ERR: Think\Model:getAct方法不存在！
NOTIC: [8] Undefined variable: message E:\Wamp\host\ZXZNZ\ThinkPHP\Tpl\dispatch_jump.tpl 第 31 行.
NOTIC: [8] Undefined variable: jumpUrl E:\Wamp\host\ZXZNZ\ThinkPHP\Tpl\dispatch_jump.tpl 第 38 行.
NOTIC: [8] Undefined variable: waitSecond E:\Wamp\host\ZXZNZ\ThinkPHP\Tpl\dispatch_jump.tpl 第 38 行.

[ 2017-04-27T14:19:59+08:00 ] 127.0.0.1 /index.php/Home/Publish/index/navNum/4.html
INFO: [ app_init ] --START--
INFO: Run Behavior\BuildLiteBehavior [ RunTime:0.000021s ]
INFO: [ app_init ] --END-- [ RunTime:0.001200s ]
INFO: [ app_begin ] --START--
INFO: Run Behavior\ReadHtmlCacheBehavior [ RunTime:0.000690s ]
INFO: [ app_begin ] --END-- [ RunTime:0.000791s ]
SQL: SHOW COLUMNS FROM `zxznz_publish` [ RunTime:0.004864s ]
SQL: SELECT `id`,`title`,`intro`,`begin`,`action`,`bg`,`bg_type` FROM `zxznz_publish` WHERE ( `is_show` = '1' ) ORDER BY begin desc  [ RunTime:0.000314s ]
SQL: SHOW COLUMNS FROM `zxznz_active` [ RunTime:0.004831s ]
ERR: Think\Model:getAct方法不存在！
NOTIC: [8] Undefined variable: message E:\Wamp\host\ZXZNZ\ThinkPHP\Tpl\dispatch_jump.tpl 第 31 行.
NOTIC: [8] Undefined variable: jumpUrl E:\Wamp\host\ZXZNZ\ThinkPHP\Tpl\dispatch_jump.tpl 第 38 行.
NOTIC: [8] Undefined variable: waitSecond E:\Wamp\host\ZXZNZ\ThinkPHP\Tpl\dispatch_jump.tpl 第 38 行.

[ 2017-04-27T14:20:00+08:00 ] 127.0.0.1 /index.php/Home/Publish/index/navNum/4.html
INFO: [ app_init ] --START--
INFO: Run Behavior\BuildLiteBehavior [ RunTime:0.000015s ]
INFO: [ app_init ] --END-- [ RunTime:0.000432s ]
INFO: [ app_begin ] --START--
INFO: Run Behavior\ReadHtmlCacheBehavior [ RunTime:0.000560s ]
INFO: [ app_begin ] --END-- [ RunTime:0.000625s ]
SQL: SHOW COLUMNS FROM `zxznz_publish` [ RunTime:0.004685s ]
SQL: SELECT `id`,`title`,`intro`,`begin`,`action`,`bg`,`bg_type` FROM `zxznz_publish` WHERE ( `is_show` = '1' ) ORDER BY begin desc  [ RunTime:0.000245s ]
SQL: SHOW COLUMNS FROM `zxznz_active` [ RunTime:0.004775s ]
ERR: Think\Model:getAct方法不存在！
NOTIC: [8] Undefined variable: message E:\Wamp\host\ZXZNZ\ThinkPHP\Tpl\dispatch_jump.tpl 第 31 行.
NOTIC: [8] Undefined variable: jumpUrl E:\Wamp\host\ZXZNZ\ThinkPHP\Tpl\dispatch_jump.tpl 第 38 行.
NOTIC: [8] Undefined variable: waitSecond E:\Wamp\host\ZXZNZ\ThinkPHP\Tpl\dispatch_jump.tpl 第 38 行.

[ 2017-04-27T14:20:01+08:00 ] 127.0.0.1 /index.php/Home/Publish/index/navNum/4.html
INFO: [ app_init ] --START--
INFO: Run Behavior\BuildLiteBehavior [ RunTime:0.000016s ]
INFO: [ app_init ] --END-- [ RunTime:0.000429s ]
INFO: [ app_begin ] --START--
INFO: Run Behavior\ReadHtmlCacheBehavior [ RunTime:0.000556s ]
INFO: [ app_begin ] --END-- [ RunTime:0.000620s ]
SQL: SHOW COLUMNS FROM `zxznz_publish` [ RunTime:0.004580s ]
SQL: SELECT `id`,`title`,`intro`,`begin`,`action`,`bg`,`bg_type` FROM `zxznz_publish` WHERE ( `is_show` = '1' ) ORDER BY begin desc  [ RunTime:0.000247s ]
SQL: SHOW COLUMNS FROM `zxznz_active` [ RunTime:0.004597s ]
ERR: Think\Model:getAct方法不存在！
NOTIC: [8] Undefined variable: message E:\Wamp\host\ZXZNZ\ThinkPHP\Tpl\dispatch_jump.tpl 第 31 行.
NOTIC: [8] Undefined variable: jumpUrl E:\Wamp\host\ZXZNZ\ThinkPHP\Tpl\dispatch_jump.tpl 第 38 行.
NOTIC: [8] Undefined variable: waitSecond E:\Wamp\host\ZXZNZ\ThinkPHP\Tpl\dispatch_jump.tpl 第 38 行.

[ 2017-04-27T14:20:02+08:00 ] 127.0.0.1 /index.php/Home/Publish/index/navNum/4.html
INFO: [ app_init ] --START--
INFO: Run Behavior\BuildLiteBehavior [ RunTime:0.000015s ]
INFO: [ app_init ] --END-- [ RunTime:0.000428s ]
INFO: [ app_begin ] --START--
INFO: Run Behavior\ReadHtmlCacheBehavior [ RunTime:0.000557s ]
INFO: [ app_begin ] --END-- [ RunTime:0.000621s ]
SQL: SHOW COLUMNS FROM `zxznz_publish` [ RunTime:0.005083s ]
SQL: SELECT `id`,`title`,`intro`,`begin`,`action`,`bg`,`bg_type` FROM `zxznz_publish` WHERE ( `is_show` = '1' ) ORDER BY begin desc  [ RunTime:0.000276s ]
SQL: SHOW COLUMNS FROM `zxznz_active` [ RunTime:0.004932s ]
ERR: Think\Model:getAct方法不存在！
NOTIC: [8] Undefined variable: message E:\Wamp\host\ZXZNZ\ThinkPHP\Tpl\dispatch_jump.tpl 第 31 行.
NOTIC: [8] Undefined variable: jumpUrl E:\Wamp\host\ZXZNZ\ThinkPHP\Tpl\dispatch_jump.tpl 第 38 行.
NOTIC: [8] Undefined variable: waitSecond E:\Wamp\host\ZXZNZ\ThinkPHP\Tpl\dispatch_jump.tpl 第 38 行.

[ 2017-04-27T14:20:03+08:00 ] 127.0.0.1 /index.php/Home/Publish/index/navNum/4.html
INFO: [ app_init ] --START--
INFO: Run Behavior\BuildLiteBehavior [ RunTime:0.000015s ]
INFO: [ app_init ] --END-- [ RunTime:0.000433s ]
INFO: [ app_begin ] --START--
INFO: Run Behavior\ReadHtmlCacheBehavior [ RunTime:0.000612s ]
INFO: [ app_begin ] --END-- [ RunTime:0.000692s ]
SQL: SHOW COLUMNS FROM `zxznz_publish` [ RunTime:0.004694s ]
SQL: SELECT `id`,`title`,`intro`,`begin`,`action`,`bg`,`bg_type` FROM `zxznz_publish` WHERE ( `is_show` = '1' ) ORDER BY begin desc  [ RunTime:0.000314s ]
SQL: SHOW COLUMNS FROM `zxznz_active` [ RunTime:0.005476s ]
ERR: Think\Model:getAct方法不存在！
NOTIC: [8] Undefined variable: message E:\Wamp\host\ZXZNZ\ThinkPHP\Tpl\dispatch_jump.tpl 第 31 行.
NOTIC: [8] Undefined variable: jumpUrl E:\Wamp\host\ZXZNZ\ThinkPHP\Tpl\dispatch_jump.tpl 第 38 行.
NOTIC: [8] Undefined variable: waitSecond E:\Wamp\host\ZXZNZ\ThinkPHP\Tpl\dispatch_jump.tpl 第 38 行.

[ 2017-04-27T14:20:04+08:00 ] 127.0.0.1 /index.php/Home/Publish/index/navNum/4.html
INFO: [ app_init ] --START--
INFO: Run Behavior\BuildLiteBehavior [ RunTime:0.000017s ]
INFO: [ app_init ] --END-- [ RunTime:0.000459s ]
INFO: [ app_begin ] --START--
INFO: Run Behavior\ReadHtmlCacheBehavior [ RunTime:0.000662s ]
INFO: [ app_begin ] --END-- [ RunTime:0.000747s ]
SQL: SHOW COLUMNS FROM `zxznz_publish` [ RunTime:0.004928s ]
SQL: SELECT `id`,`title`,`intro`,`begin`,`action`,`bg`,`bg_type` FROM `zxznz_publish` WHERE ( `is_show` = '1' ) ORDER BY begin desc  [ RunTime:0.000262s ]
SQL: SHOW COLUMNS FROM `zxznz_active` [ RunTime:0.005189s ]
ERR: Think\Model:getAct方法不存在！
NOTIC: [8] Undefined variable: message E:\Wamp\host\ZXZNZ\ThinkPHP\Tpl\dispatch_jump.tpl 第 31 行.
NOTIC: [8] Undefined variable: jumpUrl E:\Wamp\host\ZXZNZ\ThinkPHP\Tpl\dispatch_jump.tpl 第 38 行.
NOTIC: [8] Undefined variable: waitSecond E:\Wamp\host\ZXZNZ\ThinkPHP\Tpl\dispatch_jump.tpl 第 38 行.

[ 2017-04-27T14:20:06+08:00 ] 127.0.0.1 /index.php/Home/Publish/index/navNum/4.html
INFO: [ app_init ] --START--
INFO: Run Behavior\BuildLiteBehavior [ RunTime:0.000017s ]
INFO: [ app_init ] --END-- [ RunTime:0.000444s ]
INFO: [ app_begin ] --START--
INFO: Run Behavior\ReadHtmlCacheBehavior [ RunTime:0.000574s ]
INFO: [ app_begin ] --END-- [ RunTime:0.000641s ]
SQL: SHOW COLUMNS FROM `zxznz_publish` [ RunTime:0.004634s ]
SQL: SELECT `id`,`title`,`intro`,`begin`,`action`,`bg`,`bg_type` FROM `zxznz_publish` WHERE ( `is_show` = '1' ) ORDER BY begin desc  [ RunTime:0.000286s ]
SQL: SHOW COLUMNS FROM `zxznz_active` [ RunTime:0.006988s ]
ERR: Think\Model:getAct方法不存在！
NOTIC: [8] Undefined variable: message E:\Wamp\host\ZXZNZ\ThinkPHP\Tpl\dispatch_jump.tpl 第 31 行.
NOTIC: [8] Undefined variable: jumpUrl E:\Wamp\host\ZXZNZ\ThinkPHP\Tpl\dispatch_jump.tpl 第 38 行.
NOTIC: [8] Undefined variable: waitSecond E:\Wamp\host\ZXZNZ\ThinkPHP\Tpl\dispatch_jump.tpl 第 38 行.

[ 2017-04-27T14:20:07+08:00 ] 127.0.0.1 /index.php/Home/Publish/index/navNum/4.html
INFO: [ app_init ] --START--
INFO: Run Behavior\BuildLiteBehavior [ RunTime:0.000018s ]
INFO: [ app_init ] --END-- [ RunTime:0.000542s ]
INFO: [ app_begin ] --START--
INFO: Run Behavior\ReadHtmlCacheBehavior [ RunTime:0.000591s ]
INFO: [ app_begin ] --END-- [ RunTime:0.000661s ]
SQL: SHOW COLUMNS FROM `zxznz_publish` [ RunTime:0.004729s ]
SQL: SELECT `id`,`title`,`intro`,`begin`,`action`,`bg`,`bg_type` FROM `zxznz_publish` WHERE ( `is_show` = '1' ) ORDER BY begin desc  [ RunTime:0.000277s ]
SQL: SHOW COLUMNS FROM `zxznz_active` [ RunTime:0.005363s ]
ERR: Think\Model:getAct方法不存在！
NOTIC: [8] Undefined variable: message E:\Wamp\host\ZXZNZ\ThinkPHP\Tpl\dispatch_jump.tpl 第 31 行.
NOTIC: [8] Undefined variable: jumpUrl E:\Wamp\host\ZXZNZ\ThinkPHP\Tpl\dispatch_jump.tpl 第 38 行.
NOTIC: [8] Undefined variable: waitSecond E:\Wamp\host\ZXZNZ\ThinkPHP\Tpl\dispatch_jump.tpl 第 38 行.

[ 2017-04-27T14:20:08+08:00 ] 127.0.0.1 /index.php/Home/Publish/index/navNum/4.html
INFO: [ app_init ] --START--
INFO: Run Behavior\BuildLiteBehavior [ RunTime:0.000017s ]
INFO: [ app_init ] --END-- [ RunTime:0.000476s ]
INFO: [ app_begin ] --START--
INFO: Run Behavior\ReadHtmlCacheBehavior [ RunTime:0.000587s ]
INFO: [ app_begin ] --END-- [ RunTime:0.000660s ]
SQL: SHOW COLUMNS FROM `zxznz_publish` [ RunTime:0.004761s ]
SQL: SELECT `id`,`title`,`intro`,`begin`,`action`,`bg`,`bg_type` FROM `zxznz_publish` WHERE ( `is_show` = '1' ) ORDER BY begin desc  [ RunTime:0.000283s ]
SQL: SHOW COLUMNS FROM `zxznz_active` [ RunTime:0.004848s ]
ERR: Think\Model:getAct方法不存在！
NOTIC: [8] Undefined variable: message E:\Wamp\host\ZXZNZ\ThinkPHP\Tpl\dispatch_jump.tpl 第 31 行.
NOTIC: [8] Undefined variable: jumpUrl E:\Wamp\host\ZXZNZ\ThinkPHP\Tpl\dispatch_jump.tpl 第 38 行.
NOTIC: [8] Undefined variable: waitSecond E:\Wamp\host\ZXZNZ\ThinkPHP\Tpl\dispatch_jump.tpl 第 38 行.

[ 2017-04-27T14:20:09+08:00 ] 127.0.0.1 /index.php/Home/Publish/index/navNum/4.html
INFO: [ app_init ] --START--
INFO: Run Behavior\BuildLiteBehavior [ RunTime:0.000016s ]
INFO: [ app_init ] --END-- [ RunTime:0.000581s ]
INFO: [ app_begin ] --START--
INFO: Run Behavior\ReadHtmlCacheBehavior [ RunTime:0.000581s ]
INFO: [ app_begin ] --END-- [ RunTime:0.000649s ]
SQL: SHOW COLUMNS FROM `zxznz_publish` [ RunTime:0.004714s ]
SQL: SELECT `id`,`title`,`intro`,`begin`,`action`,`bg`,`bg_type` FROM `zxznz_publish` WHERE ( `is_show` = '1' ) ORDER BY begin desc  [ RunTime:0.000276s ]
SQL: SHOW COLUMNS FROM `zxznz_active` [ RunTime:0.005329s ]
ERR: Think\Model:getAct方法不存在！
NOTIC: [8] Undefined variable: message E:\Wamp\host\ZXZNZ\ThinkPHP\Tpl\dispatch_jump.tpl 第 31 行.
NOTIC: [8] Undefined variable: jumpUrl E:\Wamp\host\ZXZNZ\ThinkPHP\Tpl\dispatch_jump.tpl 第 38 行.
NOTIC: [8] Undefined variable: waitSecond E:\Wamp\host\ZXZNZ\ThinkPHP\Tpl\dispatch_jump.tpl 第 38 行.

[ 2017-04-27T14:20:10+08:00 ] 127.0.0.1 /index.php/Home/Publish/index/navNum/4.html
INFO: [ app_init ] --START--
INFO: Run Behavior\BuildLiteBehavior [ RunTime:0.000016s ]
INFO: [ app_init ] --END-- [ RunTime:0.000438s ]
INFO: [ app_begin ] --START--
INFO: Run Behavior\ReadHtmlCacheBehavior [ RunTime:0.000570s ]
INFO: [ app_begin ] --END-- [ RunTime:0.000637s ]
SQL: SHOW COLUMNS FROM `zxznz_publish` [ RunTime:0.005606s ]
SQL: SELECT `id`,`title`,`intro`,`begin`,`action`,`bg`,`bg_type` FROM `zxznz_publish` WHERE ( `is_show` = '1' ) ORDER BY begin desc  [ RunTime:0.009132s ]
SQL: SHOW COLUMNS FROM `zxznz_active` [ RunTime:0.008723s ]
ERR: Think\Model:getAct方法不存在！
NOTIC: [8] Undefined variable: message E:\Wamp\host\ZXZNZ\ThinkPHP\Tpl\dispatch_jump.tpl 第 31 行.
NOTIC: [8] Undefined variable: jumpUrl E:\Wamp\host\ZXZNZ\ThinkPHP\Tpl\dispatch_jump.tpl 第 38 行.
NOTIC: [8] Undefined variable: waitSecond E:\Wamp\host\ZXZNZ\ThinkPHP\Tpl\dispatch_jump.tpl 第 38 行.

[ 2017-04-27T14:20:11+08:00 ] 127.0.0.1 /index.php/Home/Publish/index/navNum/4.html
INFO: [ app_init ] --START--
INFO: Run Behavior\BuildLiteBehavior [ RunTime:0.000018s ]
INFO: [ app_init ] --END-- [ RunTime:0.000485s ]
INFO: [ app_begin ] --START--
INFO: Run Behavior\ReadHtmlCacheBehavior [ RunTime:0.000633s ]
INFO: [ app_begin ] --END-- [ RunTime:0.000708s ]
SQL: SHOW COLUMNS FROM `zxznz_publish` [ RunTime:0.004730s ]
SQL: SELECT `id`,`title`,`intro`,`begin`,`action`,`bg`,`bg_type` FROM `zxznz_publish` WHERE ( `is_show` = '1' ) ORDER BY begin desc  [ RunTime:0.000290s ]
SQL: SHOW COLUMNS FROM `zxznz_active` [ RunTime:0.005092s ]
ERR: Think\Model:getAct方法不存在！
NOTIC: [8] Undefined variable: message E:\Wamp\host\ZXZNZ\ThinkPHP\Tpl\dispatch_jump.tpl 第 31 行.
NOTIC: [8] Undefined variable: jumpUrl E:\Wamp\host\ZXZNZ\ThinkPHP\Tpl\dispatch_jump.tpl 第 38 行.
NOTIC: [8] Undefined variable: waitSecond E:\Wamp\host\ZXZNZ\ThinkPHP\Tpl\dispatch_jump.tpl 第 38 行.

[ 2017-04-27T14:20:13+08:00 ] 127.0.0.1 /index.php/Home/Publish/index/navNum/4.html
INFO: [ app_init ] --START--
INFO: Run Behavior\BuildLiteBehavior [ RunTime:0.000026s ]
INFO: [ app_init ] --END-- [ RunTime:0.000774s ]
INFO: [ app_begin ] --START--
INFO: Run Behavior\ReadHtmlCacheBehavior [ RunTime:0.000624s ]
INFO: [ app_begin ] --END-- [ RunTime:0.000697s ]
SQL: SHOW COLUMNS FROM `zxznz_publish` [ RunTime:0.004979s ]
SQL: SELECT `id`,`title`,`intro`,`begin`,`action`,`bg`,`bg_type` FROM `zxznz_publish` WHERE ( `is_show` = '1' ) ORDER BY begin desc  [ RunTime:0.000363s ]
SQL: SHOW COLUMNS FROM `zxznz_active` [ RunTime:0.005552s ]
ERR: Think\Model:getAct方法不存在！
NOTIC: [8] Undefined variable: message E:\Wamp\host\ZXZNZ\ThinkPHP\Tpl\dispatch_jump.tpl 第 31 行.
NOTIC: [8] Undefined variable: jumpUrl E:\Wamp\host\ZXZNZ\ThinkPHP\Tpl\dispatch_jump.tpl 第 38 行.
NOTIC: [8] Undefined variable: waitSecond E:\Wamp\host\ZXZNZ\ThinkPHP\Tpl\dispatch_jump.tpl 第 38 行.

[ 2017-04-27T14:20:14+08:00 ] 127.0.0.1 /index.php/Home/Publish/index/navNum/4.html
INFO: [ app_init ] --START--
INFO: Run Behavior\BuildLiteBehavior [ RunTime:0.000025s ]
INFO: [ app_init ] --END-- [ RunTime:0.000777s ]
INFO: [ app_begin ] --START--
INFO: Run Behavior\ReadHtmlCacheBehavior [ RunTime:0.000799s ]
INFO: [ app_begin ] --END-- [ RunTime:0.000887s ]
SQL: SHOW COLUMNS FROM `zxznz_publish` [ RunTime:0.006752s ]
SQL: SELECT `id`,`title`,`intro`,`begin`,`action`,`bg`,`bg_type` FROM `zxznz_publish` WHERE ( `is_show` = '1' ) ORDER BY begin desc  [ RunTime:0.001287s ]
SQL: SHOW COLUMNS FROM `zxznz_active` [ RunTime:0.010981s ]
ERR: Think\Model:getAct方法不存在！
NOTIC: [8] Undefined variable: message E:\Wamp\host\ZXZNZ\ThinkPHP\Tpl\dispatch_jump.tpl 第 31 行.
NOTIC: [8] Undefined variable: jumpUrl E:\Wamp\host\ZXZNZ\ThinkPHP\Tpl\dispatch_jump.tpl 第 38 行.
NOTIC: [8] Undefined variable: waitSecond E:\Wamp\host\ZXZNZ\ThinkPHP\Tpl\dispatch_jump.tpl 第 38 行.

[ 2017-04-27T14:20:15+08:00 ] 127.0.0.1 /index.php/Home/Publish/index/navNum/4.html
INFO: [ app_init ] --START--
INFO: Run Behavior\BuildLiteBehavior [ RunTime:0.000019s ]
INFO: [ app_init ] --END-- [ RunTime:0.000497s ]
INFO: [ app_begin ] --START--
INFO: Run Behavior\ReadHtmlCacheBehavior [ RunTime:0.000683s ]
INFO: [ app_begin ] --END-- [ RunTime:0.000773s ]
SQL: SHOW COLUMNS FROM `zxznz_publish` [ RunTime:0.004619s ]
SQL: SELECT `id`,`title`,`intro`,`begin`,`action`,`bg`,`bg_type` FROM `zxznz_publish` WHERE ( `is_show` = '1' ) ORDER BY begin desc  [ RunTime:0.000267s ]
SQL: SHOW COLUMNS FROM `zxznz_active` [ RunTime:0.005233s ]
ERR: Think\Model:getAct方法不存在！
NOTIC: [8] Undefined variable: message E:\Wamp\host\ZXZNZ\ThinkPHP\Tpl\dispatch_jump.tpl 第 31 行.
NOTIC: [8] Undefined variable: jumpUrl E:\Wamp\host\ZXZNZ\ThinkPHP\Tpl\dispatch_jump.tpl 第 38 行.
NOTIC: [8] Undefined variable: waitSecond E:\Wamp\host\ZXZNZ\ThinkPHP\Tpl\dispatch_jump.tpl 第 38 行.

[ 2017-04-27T14:20:16+08:00 ] 127.0.0.1 /index.php/Home/Publish/index/navNum/4.html
INFO: [ app_init ] --START--
INFO: Run Behavior\BuildLiteBehavior [ RunTime:0.000016s ]
INFO: [ app_init ] --END-- [ RunTime:0.000443s ]
INFO: [ app_begin ] --START--
INFO: Run Behavior\ReadHtmlCacheBehavior [ RunTime:0.000570s ]
INFO: [ app_begin ] --END-- [ RunTime:0.000638s ]
SQL: SHOW COLUMNS FROM `zxznz_publish` [ RunTime:0.004952s ]
SQL: SELECT `id`,`title`,`intro`,`begin`,`action`,`bg`,`bg_type` FROM `zxznz_publish` WHERE ( `is_show` = '1' ) ORDER BY begin desc  [ RunTime:0.002781s ]
SQL: SHOW COLUMNS FROM `zxznz_active` [ RunTime:0.004917s ]
NOTIC: [8] Undefined variable: actData E:\Wamp\host\ZXZNZ\Application\Home\Controller\PublishController.class.php 第 22 行.

[ 2017-04-27T14:22:36+08:00 ] 127.0.0.1 /index.php/Home/Publish/index/navNum/4.html
ERR: Think\Model:getAct方法不存在！

[ 2017-04-27T14:22:37+08:00 ] 127.0.0.1 /index.php/Home/Publish/index/navNum/4.html
ERR: Think\Model:getAct方法不存在！

[ 2017-04-27T14:22:38+08:00 ] 127.0.0.1 /index.php/Home/Publish/index/navNum/4.html
ERR: Think\Model:getAct方法不存在！

[ 2017-04-27T14:22:39+08:00 ] 127.0.0.1 /index.php/Home/Publish/index/navNum/4.html
ERR: Think\Model:getAct方法不存在！

[ 2017-04-27T14:22:41+08:00 ] 127.0.0.1 /index.php/Home/Publish/index/navNum/4.html
ERR: Think\Model:getAct方法不存在！

[ 2017-04-27T14:22:42+08:00 ] 127.0.0.1 /index.php/Home/Publish/index/navNum/4.html
ERR: Think\Model:getAct方法不存在！

[ 2017-04-27T14:22:43+08:00 ] 127.0.0.1 /index.php/Home/Publish/index/navNum/4.html
ERR: Think\Model:getAct方法不存在！

[ 2017-04-27T14:22:44+08:00 ] 127.0.0.1 /index.php/Home/Publish/index/navNum/4.html
ERR: Think\Model:getAct方法不存在！

[ 2017-04-27T14:22:45+08:00 ] 127.0.0.1 /index.php/Home/Publish/index/navNum/4.html
ERR: Think\Model:getAct方法不存在！

[ 2017-04-27T14:22:46+08:00 ] 127.0.0.1 /index.php/Home/Publish/index/navNum/4.html
ERR: Think\Model:getAct方法不存在！

[ 2017-04-27T14:22:47+08:00 ] 127.0.0.1 /index.php/Home/Publish/index/navNum/4.html
ERR: Think\Model:getAct方法不存在！

[ 2017-04-27T14:22:48+08:00 ] 127.0.0.1 /index.php/Home/Publish/index/navNum/4.html
ERR: Think\Model:getAct方法不存在！

[ 2017-04-27T14:22:49+08:00 ] 127.0.0.1 /index.php/Home/Publish/index/navNum/4.html
ERR: Think\Model:getAct方法不存在！

[ 2017-04-27T14:22:51+08:00 ] 127.0.0.1 /index.php/Home/Publish/index/navNum/4.html
ERR: Think\Model:getAct方法不存在！

[ 2017-04-27T14:22:52+08:00 ] 127.0.0.1 /index.php/Home/Publish/index/navNum/4.html
ERR: Think\Model:getAct方法不存在！

[ 2017-04-27T14:22:53+08:00 ] 127.0.0.1 /index.php/Home/Publish/index/navNum/4.html
ERR: Think\Model:getAct方法不存在！

[ 2017-04-27T14:22:54+08:00 ] 127.0.0.1 /index.php/Home/Publish/index/navNum/4.html
ERR: Think\Model:getAct方法不存在！

[ 2017-04-27T14:22:55+08:00 ] 127.0.0.1 /index.php/Home/Publish/index/navNum/4.html
ERR: Think\Model:getAct方法不存在！

[ 2017-04-27T14:22:56+08:00 ] 127.0.0.1 /index.php/Home/Publish/index/navNum/4.html
ERR: Think\Model:getAct方法不存在！

[ 2017-04-27T14:22:57+08:00 ] 127.0.0.1 /index.php/Home/Publish/index/navNum/4.html
ERR: Think\Model:getAct方法不存在！

[ 2017-04-27T14:22:58+08:00 ] 127.0.0.1 /index.php/Home/Publish/index/navNum/4.html
ERR: Think\Model:getAct方法不存在！

[ 2017-04-27T14:22:59+08:00 ] 127.0.0.1 /index.php/Home/Publish/index/navNum/4.html
ERR: Think\Model:getAct方法不存在！

[ 2017-04-27T14:23:01+08:00 ] 127.0.0.1 /index.php/Home/Publish/index/navNum/4.html
ERR: Think\Model:getAct方法不存在！

[ 2017-04-27T14:23:02+08:00 ] 127.0.0.1 /index.php/Home/Publish/index/navNum/4.html
ERR: Think\Model:getAct方法不存在！

[ 2017-04-27T14:23:03+08:00 ] 127.0.0.1 /index.php/Home/Publish/index/navNum/4.html
ERR: Think\Model:getAct方法不存在！

[ 2017-04-27T14:23:04+08:00 ] 127.0.0.1 /index.php/Home/Publish/index/navNum/4.html
ERR: Think\Model:getAct方法不存在！

[ 2017-04-27T14:23:05+08:00 ] 127.0.0.1 /index.php/Home/Publish/index/navNum/4.html
ERR: Think\Model:getAct方法不存在！

[ 2017-04-27T14:23:06+08:00 ] 127.0.0.1 /index.php/Home/Publish/index/navNum/4.html
ERR: Think\Model:getAct方法不存在！

[ 2017-04-27T14:23:07+08:00 ] 127.0.0.1 /index.php/Home/Publish/index/navNum/4.html
ERR: Think\Model:getAct方法不存在！

[ 2017-04-27T14:23:08+08:00 ] 127.0.0.1 /index.php/Home/Publish/index/navNum/4.html
ERR: Think\Model:getAct方法不存在！

[ 2017-04-27T14:23:09+08:00 ] 127.0.0.1 /index.php/Home/Publish/index/navNum/4.html
ERR: Think\Model:getAct方法不存在！

[ 2017-04-27T14:23:11+08:00 ] 127.0.0.1 /index.php/Home/Publish/index/navNum/4.html
ERR: Think\Model:getAct方法不存在！

[ 2017-04-27T14:23:12+08:00 ] 127.0.0.1 /index.php/Home/Publish/index/navNum/4.html
ERR: Think\Model:getAct方法不存在！

[ 2017-04-27T14:23:13+08:00 ] 127.0.0.1 /index.php/Home/Publish/index/navNum/4.html
ERR: Think\Model:getAct方法不存在！

[ 2017-04-27T14:23:14+08:00 ] 127.0.0.1 /index.php/Home/Publish/index/navNum/4.html
ERR: Think\Model:getAct方法不存在！

[ 2017-04-27T14:23:15+08:00 ] 127.0.0.1 /index.php/Home/Publish/index/navNum/4.html
ERR: Think\Model:getAct方法不存在！

[ 2017-04-27T14:23:16+08:00 ] 127.0.0.1 /index.php/Home/Publish/index/navNum/4.html
ERR: Think\Model:getAct方法不存在！

[ 2017-04-27T14:23:17+08:00 ] 127.0.0.1 /index.php/Home/Publish/index/navNum/4.html
ERR: Think\Model:getAct方法不存在！

[ 2017-04-27T14:23:18+08:00 ] 127.0.0.1 /index.php/Home/Publish/index/navNum/4.html
ERR: Think\Model:getAct方法不存在！

[ 2017-04-27T14:23:19+08:00 ] 127.0.0.1 /index.php/Home/Publish/index/navNum/4.html
ERR: Think\Model:getAct方法不存在！

[ 2017-04-27T14:23:20+08:00 ] 127.0.0.1 /index.php/Home/Publish/index/navNum/4.html
ERR: Think\Model:getAct方法不存在！

[ 2017-04-27T14:23:21+08:00 ] 127.0.0.1 /index.php/Home/Publish/index/navNum/4.html
ERR: Think\Model:getAct方法不存在！

[ 2017-04-27T14:23:22+08:00 ] 127.0.0.1 /index.php/Home/Publish/index/navNum/4.html
ERR: Think\Model:getAct方法不存在！

[ 2017-04-27T14:23:23+08:00 ] 127.0.0.1 /index.php/Home/Publish/index/navNum/4.html
ERR: Think\Model:getAct方法不存在！

[ 2017-04-27T14:23:24+08:00 ] 127.0.0.1 /index.php/Home/Publish/index/navNum/4.html
ERR: Think\Model:getAct方法不存在！

[ 2017-04-27T14:23:25+08:00 ] 127.0.0.1 /index.php/Home/Publish/index/navNum/4.html
ERR: Think\Model:getAct方法不存在！

[ 2017-04-27T14:23:27+08:00 ] 127.0.0.1 /index.php/Home/Publish/index/navNum/4.html
ERR: Think\Model:getAct方法不存在！

[ 2017-04-27T14:23:28+08:00 ] 127.0.0.1 /index.php/Home/Publish/index/navNum/4.html
ERR: Think\Model:getAct方法不存在！

[ 2017-04-27T14:23:29+08:00 ] 127.0.0.1 /index.php/Home/Publish/index/navNum/4.html
ERR: Think\Model:getAct方法不存在！

[ 2017-04-27T14:23:30+08:00 ] 127.0.0.1 /index.php/Home/Publish/index/navNum/4.html
ERR: Think\Model:getAct方法不存在！

[ 2017-04-27T14:23:31+08:00 ] 127.0.0.1 /index.php/Home/Publish/index/navNum/4.html
ERR: Think\Model:getAct方法不存在！

[ 2017-04-27T14:23:32+08:00 ] 127.0.0.1 /index.php/Home/Publish/index/navNum/4.html
ERR: Think\Model:getAct方法不存在！

[ 2017-04-27T14:23:34+08:00 ] 127.0.0.1 /index.php/Home/Publish/index/navNum/4.html
ERR: Think\Model:getAct方法不存在！

[ 2017-04-27T14:23:35+08:00 ] 127.0.0.1 /index.php/Home/Publish/index/navNum/4.html
ERR: Think\Model:getAct方法不存在！

[ 2017-04-27T14:23:36+08:00 ] 127.0.0.1 /index.php/Home/Publish/index/navNum/4.html
ERR: Think\Model:getAct方法不存在！

[ 2017-04-27T14:23:37+08:00 ] 127.0.0.1 /index.php/Home/Publish/index/navNum/4.html
ERR: Think\Model:getAct方法不存在！

[ 2017-04-27T14:23:38+08:00 ] 127.0.0.1 /index.php/Home/Publish/index/navNum/4.html
ERR: Think\Model:getAct方法不存在！

[ 2017-04-27T14:23:39+08:00 ] 127.0.0.1 /index.php/Home/Publish/index/navNum/4.html
ERR: Think\Model:getAct方法不存在！

[ 2017-04-27T14:23:41+08:00 ] 127.0.0.1 /index.php/Home/Publish/index/navNum/4.html
ERR: Think\Model:getAct方法不存在！

[ 2017-04-27T14:23:42+08:00 ] 127.0.0.1 /index.php/Home/Publish/index/navNum/4.html
ERR: Think\Model:getAct方法不存在！

[ 2017-04-27T14:23:43+08:00 ] 127.0.0.1 /index.php/Home/Publish/index/navNum/4.html
ERR: Think\Model:getAct方法不存在！

[ 2017-04-27T14:23:44+08:00 ] 127.0.0.1 /index.php/Home/Publish/index/navNum/4.html
ERR: Think\Model:getAct方法不存在！

[ 2017-04-27T14:23:45+08:00 ] 127.0.0.1 /index.php/Home/Publish/index/navNum/4.html
ERR: Think\Model:getAct方法不存在！

[ 2017-04-27T14:23:46+08:00 ] 127.0.0.1 /index.php/Home/Publish/index/navNum/4.html
ERR: Think\Model:getAct方法不存在！

[ 2017-04-27T14:23:48+08:00 ] 127.0.0.1 /index.php/Home/Publish/index/navNum/4.html
ERR: Think\Model:getAct方法不存在！

[ 2017-04-27T14:23:49+08:00 ] 127.0.0.1 /index.php/Home/Publish/index/navNum/4.html
ERR: Think\Model:getAct方法不存在！

[ 2017-04-27T14:23:50+08:00 ] 127.0.0.1 /index.php/Home/Publish/index/navNum/4.html
ERR: Think\Model:getAct方法不存在！

[ 2017-04-27T14:23:51+08:00 ] 127.0.0.1 /index.php/Home/Publish/index/navNum/4.html
ERR: Think\Model:getAct方法不存在！

[ 2017-04-27T14:23:52+08:00 ] 127.0.0.1 /index.php/Home/Publish/index/navNum/4.html
ERR: Think\Model:getAct方法不存在！

[ 2017-04-27T14:23:53+08:00 ] 127.0.0.1 /index.php/Home/Publish/index/navNum/4.html
ERR: Think\Model:getAct方法不存在！

[ 2017-04-27T14:23:55+08:00 ] 127.0.0.1 /index.php/Home/Publish/index/navNum/4.html
ERR: Think\Model:getAct方法不存在！

[ 2017-04-27T14:23:56+08:00 ] 127.0.0.1 /index.php/Home/Publish/index/navNum/4.html
ERR: Think\Model:getAct方法不存在！

[ 2017-04-27T14:23:57+08:00 ] 127.0.0.1 /index.php/Home/Publish/index/navNum/4.html
ERR: Think\Model:getAct方法不存在！

[ 2017-04-27T14:23:58+08:00 ] 127.0.0.1 /index.php/Home/Publish/index/navNum/4.html
ERR: Think\Model:getAct方法不存在！

[ 2017-04-27T14:23:59+08:00 ] 127.0.0.1 /index.php/Home/Publish/index/navNum/4.html
ERR: Think\Model:getAct方法不存在！

[ 2017-04-27T14:24:00+08:00 ] 127.0.0.1 /index.php/Home/Publish/index/navNum/4.html
ERR: Think\Model:getAct方法不存在！

[ 2017-04-27T14:24:02+08:00 ] 127.0.0.1 /index.php/Home/Publish/index/navNum/4.html
ERR: Think\Model:getAct方法不存在！

[ 2017-04-27T14:24:03+08:00 ] 127.0.0.1 /index.php/Home/Publish/index/navNum/4.html
ERR: Think\Model:getAct方法不存在！

[ 2017-04-27T14:24:04+08:00 ] 127.0.0.1 /index.php/Home/Publish/index/navNum/4.html
ERR: Think\Model:getAct方法不存在！

[ 2017-04-27T14:24:05+08:00 ] 127.0.0.1 /index.php/Home/Publish/index/navNum/4.html
ERR: Think\Model:getAct方法不存在！

[ 2017-04-27T14:24:06+08:00 ] 127.0.0.1 /index.php/Home/Publish/index/navNum/4.html
ERR: Think\Model:getAct方法不存在！

[ 2017-04-27T14:24:08+08:00 ] 127.0.0.1 /index.php/Home/Publish/index/navNum/4.html
ERR: Think\Model:getAct方法不存在！

[ 2017-04-27T14:24:09+08:00 ] 127.0.0.1 /index.php/Home/Publish/index/navNum/4.html
ERR: Think\Model:getAct方法不存在！

