[ 2017-03-12T06:45:03+08:00 ] 123.125.71.50 /index.php/Home/Active/theme/navNum/6.html
ERR: 非法操作:theme

[ 2017-03-12T06:57:58+08:00 ] 220.181.108.114 /index.php/home/active/theme/navnum/6.html
ERR: 非法操作:theme

[ 2017-03-12T11:39:14+08:00 ] 101.229.147.188 /api.php/api
INFO: [ app_init ] --START--
INFO: Run Behavior\BuildLiteBehavior [ RunTime:0.000000s ]
INFO: [ app_init ] --END-- [ RunTime:0.000000s ]
INFO: [ app_begin ] --START--
INFO: Run Behavior\ReadHtmlCacheBehavior [ RunTime:0.000000s ]
INFO: [ app_begin ] --END-- [ RunTime:0.000000s ]
SQL: SHOW COLUMNS FROM `zxznz_doctor` [ RunTime:0.000000s ]
SQL: SHOW COLUMNS FROM `zxznz_hospital` [ RunTime:0.000000s ]
SQL: SELECT d.id,d.name,d.picture,(h.name)hos_name FROM zxznz_doctor d LEFT JOIN zxznz_hospital AS h ON d.hos_id=h.id  WHERE ( h.is_show = '1' ) ORDER BY d.id desc LIMIT 12   [ RunTime:0.000000s ]
SQL: SELECT `id`,`name`,`logo` FROM `zxznz_hospital` WHERE ( `is_show` = '1' ) AND ( `is_index` = '1' ) ORDER BY is_top desc LIMIT 9   [ RunTime:0.000000s ]
INFO: [ app_end ] --START--
INFO: Run Behavior\ShowPageTraceBehavior [ RunTime:0.000000s ]
INFO: [ app_end ] --END-- [ RunTime:0.000000s ]

[ 2017-03-12T11:40:35+08:00 ] 101.229.147.188 /api.php/api/Hospital/index
INFO: [ app_init ] --START--
INFO: Run Behavior\BuildLiteBehavior [ RunTime:0.000000s ]
INFO: [ app_init ] --END-- [ RunTime:0.000000s ]
INFO: [ app_begin ] --START--
INFO: Run Behavior\ReadHtmlCacheBehavior [ RunTime:0.000000s ]
INFO: [ app_begin ] --END-- [ RunTime:0.000000s ]
SQL: SHOW COLUMNS FROM `zxznz_hospital` [ RunTime:0.000000s ]
SQL: SELECT `id`,`name`,`logo` FROM `zxznz_hospital` WHERE ( `is_show` = '1' ) ORDER BY is_top desc LIMIT 0,8   [ RunTime:0.000000s ]
INFO: [ app_end ] --START--
INFO: Run Behavior\ShowPageTraceBehavior [ RunTime:0.000000s ]
INFO: [ app_end ] --END-- [ RunTime:0.000000s ]

[ 2017-03-12T11:40:37+08:00 ] 101.229.147.188 /api.php/api/Hospital/index
INFO: [ app_init ] --START--
INFO: Run Behavior\BuildLiteBehavior [ RunTime:0.000000s ]
INFO: [ app_init ] --END-- [ RunTime:0.000000s ]
INFO: [ app_begin ] --START--
INFO: Run Behavior\ReadHtmlCacheBehavior [ RunTime:0.015625s ]
INFO: [ app_begin ] --END-- [ RunTime:0.015625s ]
SQL: SHOW COLUMNS FROM `zxznz_hospital` [ RunTime:0.000000s ]
SQL: SELECT `id`,`name`,`logo` FROM `zxznz_hospital` WHERE ( `is_show` = '1' ) ORDER BY is_top desc LIMIT 8,8   [ RunTime:0.000000s ]
INFO: [ app_end ] --START--
INFO: Run Behavior\ShowPageTraceBehavior [ RunTime:0.000000s ]
INFO: [ app_end ] --END-- [ RunTime:0.000000s ]

[ 2017-03-12T11:40:37+08:00 ] 101.229.147.188 /api.php/api/Hospital/index
INFO: [ app_init ] --START--
INFO: Run Behavior\BuildLiteBehavior [ RunTime:0.000000s ]
INFO: [ app_init ] --END-- [ RunTime:0.000000s ]
INFO: [ app_begin ] --START--
INFO: Run Behavior\ReadHtmlCacheBehavior [ RunTime:0.000000s ]
INFO: [ app_begin ] --END-- [ RunTime:0.000000s ]
SQL: SHOW COLUMNS FROM `zxznz_hospital` [ RunTime:0.000000s ]
SQL: SELECT `id`,`name`,`logo` FROM `zxznz_hospital` WHERE ( `is_show` = '1' ) ORDER BY is_top desc LIMIT 32,8   [ RunTime:0.000000s ]
INFO: [ app_end ] --START--
INFO: Run Behavior\ShowPageTraceBehavior [ RunTime:0.000000s ]
INFO: [ app_end ] --END-- [ RunTime:0.000000s ]

[ 2017-03-12T11:40:37+08:00 ] 101.229.147.188 /api.php/api/Hospital/index
INFO: [ app_init ] --START--
INFO: Run Behavior\BuildLiteBehavior [ RunTime:0.000000s ]
INFO: [ app_init ] --END-- [ RunTime:0.000000s ]
INFO: [ app_begin ] --START--
INFO: Run Behavior\ReadHtmlCacheBehavior [ RunTime:0.015625s ]
INFO: [ app_begin ] --END-- [ RunTime:0.015625s ]
SQL: SHOW COLUMNS FROM `zxznz_hospital` [ RunTime:0.000000s ]
SQL: SELECT `id`,`name`,`logo` FROM `zxznz_hospital` WHERE ( `is_show` = '1' ) ORDER BY is_top desc LIMIT 16,8   [ RunTime:0.000000s ]
INFO: [ app_end ] --START--
INFO: Run Behavior\ShowPageTraceBehavior [ RunTime:0.000000s ]
INFO: [ app_end ] --END-- [ RunTime:0.000000s ]

[ 2017-03-12T11:40:37+08:00 ] 101.229.147.188 /api.php/api/Hospital/index
INFO: [ app_init ] --START--
INFO: Run Behavior\BuildLiteBehavior [ RunTime:0.000000s ]
INFO: [ app_init ] --END-- [ RunTime:0.000000s ]
INFO: [ app_begin ] --START--
INFO: Run Behavior\ReadHtmlCacheBehavior [ RunTime:0.000000s ]
INFO: [ app_begin ] --END-- [ RunTime:0.000000s ]
SQL: SHOW COLUMNS FROM `zxznz_hospital` [ RunTime:0.000000s ]
SQL: SELECT `id`,`name`,`logo` FROM `zxznz_hospital` WHERE ( `is_show` = '1' ) ORDER BY is_top desc LIMIT 40,8   [ RunTime:0.000000s ]
INFO: [ app_end ] --START--
INFO: Run Behavior\ShowPageTraceBehavior [ RunTime:0.000000s ]
INFO: [ app_end ] --END-- [ RunTime:0.015625s ]

[ 2017-03-12T11:40:37+08:00 ] 101.229.147.188 /api.php/api/Hospital/index
INFO: [ app_init ] --START--
INFO: Run Behavior\BuildLiteBehavior [ RunTime:0.000000s ]
INFO: [ app_init ] --END-- [ RunTime:0.000000s ]
INFO: [ app_begin ] --START--
INFO: Run Behavior\ReadHtmlCacheBehavior [ RunTime:0.000000s ]
INFO: [ app_begin ] --END-- [ RunTime:0.000000s ]
SQL: SHOW COLUMNS FROM `zxznz_hospital` [ RunTime:0.000000s ]
SQL: SELECT `id`,`name`,`logo` FROM `zxznz_hospital` WHERE ( `is_show` = '1' ) ORDER BY is_top desc LIMIT 24,8   [ RunTime:0.000000s ]
INFO: [ app_end ] --START--
INFO: Run Behavior\ShowPageTraceBehavior [ RunTime:0.000000s ]
INFO: [ app_end ] --END-- [ RunTime:0.000000s ]

[ 2017-03-12T11:40:37+08:00 ] 101.229.147.188 /api.php/api/Hospital/index
INFO: [ app_init ] --START--
INFO: Run Behavior\BuildLiteBehavior [ RunTime:0.000000s ]
INFO: [ app_init ] --END-- [ RunTime:0.000000s ]
INFO: [ app_begin ] --START--
INFO: Run Behavior\ReadHtmlCacheBehavior [ RunTime:0.000000s ]
INFO: [ app_begin ] --END-- [ RunTime:0.000000s ]
SQL: SHOW COLUMNS FROM `zxznz_hospital` [ RunTime:0.000000s ]
SQL: SELECT `id`,`name`,`logo` FROM `zxznz_hospital` WHERE ( `is_show` = '1' ) ORDER BY is_top desc LIMIT 48,8   [ RunTime:0.000000s ]
INFO: [ app_end ] --START--
INFO: Run Behavior\ShowPageTraceBehavior [ RunTime:0.000000s ]
INFO: [ app_end ] --END-- [ RunTime:0.000000s ]

[ 2017-03-12T11:40:37+08:00 ] 101.229.147.188 /api.php/api/Hospital/index
INFO: [ app_init ] --START--
INFO: Run Behavior\BuildLiteBehavior [ RunTime:0.000000s ]
INFO: [ app_init ] --END-- [ RunTime:0.000000s ]
INFO: [ app_begin ] --START--
INFO: Run Behavior\ReadHtmlCacheBehavior [ RunTime:0.000000s ]
INFO: [ app_begin ] --END-- [ RunTime:0.000000s ]
SQL: SHOW COLUMNS FROM `zxznz_hospital` [ RunTime:0.000000s ]
SQL: SELECT `id`,`name`,`logo` FROM `zxznz_hospital` WHERE ( `is_show` = '1' ) ORDER BY is_top desc LIMIT 56,8   [ RunTime:0.000000s ]
INFO: [ app_end ] --START--
INFO: Run Behavior\ShowPageTraceBehavior [ RunTime:0.000000s ]
INFO: [ app_end ] --END-- [ RunTime:0.000000s ]

[ 2017-03-12T11:40:37+08:00 ] 101.229.147.188 /api.php/api/Hospital/index
INFO: [ app_init ] --START--
INFO: Run Behavior\BuildLiteBehavior [ RunTime:0.000000s ]
INFO: [ app_init ] --END-- [ RunTime:0.000000s ]
INFO: [ app_begin ] --START--
INFO: Run Behavior\ReadHtmlCacheBehavior [ RunTime:0.000000s ]
INFO: [ app_begin ] --END-- [ RunTime:0.000000s ]
SQL: SHOW COLUMNS FROM `zxznz_hospital` [ RunTime:0.000000s ]
SQL: SELECT `id`,`name`,`logo` FROM `zxznz_hospital` WHERE ( `is_show` = '1' ) ORDER BY is_top desc LIMIT 64,8   [ RunTime:0.000000s ]
INFO: [ app_end ] --START--
INFO: Run Behavior\ShowPageTraceBehavior [ RunTime:0.000000s ]
INFO: [ app_end ] --END-- [ RunTime:0.000000s ]

[ 2017-03-12T11:41:15+08:00 ] 101.229.147.188 /api.php/api
INFO: [ app_init ] --START--
INFO: Run Behavior\BuildLiteBehavior [ RunTime:0.000000s ]
INFO: [ app_init ] --END-- [ RunTime:0.000000s ]
INFO: [ app_begin ] --START--
INFO: Run Behavior\ReadHtmlCacheBehavior [ RunTime:0.000000s ]
INFO: [ app_begin ] --END-- [ RunTime:0.000000s ]
SQL: SHOW COLUMNS FROM `zxznz_doctor` [ RunTime:0.000000s ]
SQL: SHOW COLUMNS FROM `zxznz_hospital` [ RunTime:0.000000s ]
SQL: SELECT d.id,d.name,d.picture,(h.name)hos_name FROM zxznz_doctor d LEFT JOIN zxznz_hospital AS h ON d.hos_id=h.id  WHERE ( h.is_show = '1' ) ORDER BY d.id desc LIMIT 12   [ RunTime:0.000000s ]
SQL: SELECT `id`,`name`,`logo` FROM `zxznz_hospital` WHERE ( `is_show` = '1' ) AND ( `is_index` = '1' ) ORDER BY is_top desc LIMIT 9   [ RunTime:0.000000s ]
INFO: [ app_end ] --START--
INFO: Run Behavior\ShowPageTraceBehavior [ RunTime:0.000000s ]
INFO: [ app_end ] --END-- [ RunTime:0.000000s ]

[ 2017-03-12T14:26:51+08:00 ] 223.104.5.192 /api.php/api
INFO: [ app_init ] --START--
INFO: Run Behavior\BuildLiteBehavior [ RunTime:0.000000s ]
INFO: [ app_init ] --END-- [ RunTime:0.000000s ]
INFO: [ app_begin ] --START--
INFO: Run Behavior\ReadHtmlCacheBehavior [ RunTime:0.000000s ]
INFO: [ app_begin ] --END-- [ RunTime:0.000000s ]
SQL: SHOW COLUMNS FROM `zxznz_doctor` [ RunTime:0.000000s ]
SQL: SHOW COLUMNS FROM `zxznz_hospital` [ RunTime:0.000000s ]
SQL: SELECT d.id,d.name,d.picture,(h.name)hos_name FROM zxznz_doctor d LEFT JOIN zxznz_hospital AS h ON d.hos_id=h.id  WHERE ( h.is_show = '1' ) ORDER BY d.id desc LIMIT 12   [ RunTime:0.000000s ]
SQL: SELECT `id`,`name`,`logo` FROM `zxznz_hospital` WHERE ( `is_show` = '1' ) AND ( `is_index` = '1' ) ORDER BY is_top desc LIMIT 9   [ RunTime:0.000000s ]
INFO: [ app_end ] --START--
INFO: Run Behavior\ShowPageTraceBehavior [ RunTime:0.000000s ]
INFO: [ app_end ] --END-- [ RunTime:0.000000s ]

[ 2017-03-12T14:27:17+08:00 ] 223.104.5.192 /api.php/api
INFO: [ app_init ] --START--
INFO: Run Behavior\BuildLiteBehavior [ RunTime:0.000000s ]
INFO: [ app_init ] --END-- [ RunTime:0.000000s ]
INFO: [ app_begin ] --START--
INFO: Run Behavior\ReadHtmlCacheBehavior [ RunTime:0.000000s ]
INFO: [ app_begin ] --END-- [ RunTime:0.000000s ]
SQL: SHOW COLUMNS FROM `zxznz_doctor` [ RunTime:0.000000s ]
SQL: SHOW COLUMNS FROM `zxznz_hospital` [ RunTime:0.000000s ]
SQL: SELECT d.id,d.name,d.picture,(h.name)hos_name FROM zxznz_doctor d LEFT JOIN zxznz_hospital AS h ON d.hos_id=h.id  WHERE ( h.is_show = '1' ) ORDER BY d.id desc LIMIT 12   [ RunTime:0.000000s ]
SQL: SELECT `id`,`name`,`logo` FROM `zxznz_hospital` WHERE ( `is_show` = '1' ) AND ( `is_index` = '1' ) ORDER BY is_top desc LIMIT 9   [ RunTime:0.000000s ]
INFO: [ app_end ] --START--
INFO: Run Behavior\ShowPageTraceBehavior [ RunTime:0.000000s ]
INFO: [ app_end ] --END-- [ RunTime:0.000000s ]

[ 2017-03-12T14:27:49+08:00 ] 223.104.5.192 /api.php/api
INFO: [ app_init ] --START--
INFO: Run Behavior\BuildLiteBehavior [ RunTime:0.000000s ]
INFO: [ app_init ] --END-- [ RunTime:0.015625s ]
INFO: [ app_begin ] --START--
INFO: Run Behavior\ReadHtmlCacheBehavior [ RunTime:0.000000s ]
INFO: [ app_begin ] --END-- [ RunTime:0.000000s ]
SQL: SHOW COLUMNS FROM `zxznz_doctor` [ RunTime:0.000000s ]
SQL: SHOW COLUMNS FROM `zxznz_hospital` [ RunTime:0.000000s ]
SQL: SELECT d.id,d.name,d.picture,(h.name)hos_name FROM zxznz_doctor d LEFT JOIN zxznz_hospital AS h ON d.hos_id=h.id  WHERE ( h.is_show = '1' ) ORDER BY d.id desc LIMIT 12   [ RunTime:0.000000s ]
SQL: SELECT `id`,`name`,`logo` FROM `zxznz_hospital` WHERE ( `is_show` = '1' ) AND ( `is_index` = '1' ) ORDER BY is_top desc LIMIT 9   [ RunTime:0.000000s ]
INFO: [ app_end ] --START--
INFO: Run Behavior\ShowPageTraceBehavior [ RunTime:0.000000s ]
INFO: [ app_end ] --END-- [ RunTime:0.000000s ]

[ 2017-03-12T15:04:09+08:00 ] 106.38.241.156 /index.php/home/active/theme/navNum/6.html
ERR: 非法操作:theme

[ 2017-03-12T16:55:41+08:00 ] 101.229.147.188 /api.php/api
INFO: [ app_init ] --START--
INFO: Run Behavior\BuildLiteBehavior [ RunTime:0.000000s ]
INFO: [ app_init ] --END-- [ RunTime:0.000000s ]
INFO: [ app_begin ] --START--
INFO: Run Behavior\ReadHtmlCacheBehavior [ RunTime:0.000000s ]
INFO: [ app_begin ] --END-- [ RunTime:0.000000s ]
SQL: SHOW COLUMNS FROM `zxznz_doctor` [ RunTime:0.000000s ]
SQL: SHOW COLUMNS FROM `zxznz_hospital` [ RunTime:0.000000s ]
SQL: SELECT d.id,d.name,d.picture,(h.name)hos_name FROM zxznz_doctor d LEFT JOIN zxznz_hospital AS h ON d.hos_id=h.id  WHERE ( h.is_show = '1' ) ORDER BY d.id desc LIMIT 12   [ RunTime:0.000000s ]
SQL: SELECT `id`,`name`,`logo` FROM `zxznz_hospital` WHERE ( `is_show` = '1' ) AND ( `is_index` = '1' ) ORDER BY is_top desc LIMIT 9   [ RunTime:0.015625s ]
INFO: [ app_end ] --START--
INFO: Run Behavior\ShowPageTraceBehavior [ RunTime:0.000000s ]
INFO: [ app_end ] --END-- [ RunTime:0.000000s ]

[ 2017-03-12T16:55:54+08:00 ] 101.229.147.188 /api.php/api
INFO: [ app_init ] --START--
INFO: Run Behavior\BuildLiteBehavior [ RunTime:0.000000s ]
INFO: [ app_init ] --END-- [ RunTime:0.000000s ]
INFO: [ app_begin ] --START--
INFO: Run Behavior\ReadHtmlCacheBehavior [ RunTime:0.000000s ]
INFO: [ app_begin ] --END-- [ RunTime:0.000000s ]
SQL: SHOW COLUMNS FROM `zxznz_doctor` [ RunTime:0.000000s ]
SQL: SHOW COLUMNS FROM `zxznz_hospital` [ RunTime:0.000000s ]
SQL: SELECT d.id,d.name,d.picture,(h.name)hos_name FROM zxznz_doctor d LEFT JOIN zxznz_hospital AS h ON d.hos_id=h.id  WHERE ( h.is_show = '1' ) ORDER BY d.id desc LIMIT 12   [ RunTime:0.000000s ]
SQL: SELECT `id`,`name`,`logo` FROM `zxznz_hospital` WHERE ( `is_show` = '1' ) AND ( `is_index` = '1' ) ORDER BY is_top desc LIMIT 9   [ RunTime:0.000000s ]
INFO: [ app_end ] --START--
INFO: Run Behavior\ShowPageTraceBehavior [ RunTime:0.000000s ]
INFO: [ app_end ] --END-- [ RunTime:0.000000s ]

[ 2017-03-12T16:56:11+08:00 ] 101.229.147.188 /api.php/api
INFO: [ app_init ] --START--
INFO: Run Behavior\BuildLiteBehavior [ RunTime:0.000000s ]
INFO: [ app_init ] --END-- [ RunTime:0.000000s ]
INFO: [ app_begin ] --START--
INFO: Run Behavior\ReadHtmlCacheBehavior [ RunTime:0.000000s ]
INFO: [ app_begin ] --END-- [ RunTime:0.000000s ]
SQL: SHOW COLUMNS FROM `zxznz_doctor` [ RunTime:0.000000s ]
SQL: SHOW COLUMNS FROM `zxznz_hospital` [ RunTime:0.000000s ]
SQL: SELECT d.id,d.name,d.picture,(h.name)hos_name FROM zxznz_doctor d LEFT JOIN zxznz_hospital AS h ON d.hos_id=h.id  WHERE ( h.is_show = '1' ) ORDER BY d.id desc LIMIT 12   [ RunTime:0.000000s ]
SQL: SELECT `id`,`name`,`logo` FROM `zxznz_hospital` WHERE ( `is_show` = '1' ) AND ( `is_index` = '1' ) ORDER BY is_top desc LIMIT 9   [ RunTime:0.000000s ]
INFO: [ app_end ] --START--
INFO: Run Behavior\ShowPageTraceBehavior [ RunTime:0.000000s ]
INFO: [ app_end ] --END-- [ RunTime:0.000000s ]

[ 2017-03-12T16:56:15+08:00 ] 101.229.147.188 /api.php/api
INFO: [ app_init ] --START--
INFO: Run Behavior\BuildLiteBehavior [ RunTime:0.000000s ]
INFO: [ app_init ] --END-- [ RunTime:0.000000s ]
INFO: [ app_begin ] --START--
INFO: Run Behavior\ReadHtmlCacheBehavior [ RunTime:0.000000s ]
INFO: [ app_begin ] --END-- [ RunTime:0.000000s ]
SQL: SHOW COLUMNS FROM `zxznz_doctor` [ RunTime:0.000000s ]
SQL: SHOW COLUMNS FROM `zxznz_hospital` [ RunTime:0.000000s ]
SQL: SELECT d.id,d.name,d.picture,(h.name)hos_name FROM zxznz_doctor d LEFT JOIN zxznz_hospital AS h ON d.hos_id=h.id  WHERE ( h.is_show = '1' ) ORDER BY d.id desc LIMIT 12   [ RunTime:0.000000s ]
SQL: SELECT `id`,`name`,`logo` FROM `zxznz_hospital` WHERE ( `is_show` = '1' ) AND ( `is_index` = '1' ) ORDER BY is_top desc LIMIT 9   [ RunTime:0.015625s ]
INFO: [ app_end ] --START--
INFO: Run Behavior\ShowPageTraceBehavior [ RunTime:0.000000s ]
INFO: [ app_end ] --END-- [ RunTime:0.000000s ]

[ 2017-03-12T16:56:28+08:00 ] 101.229.147.188 /api.php/api
INFO: [ app_init ] --START--
INFO: Run Behavior\BuildLiteBehavior [ RunTime:0.000000s ]
INFO: [ app_init ] --END-- [ RunTime:0.000000s ]
INFO: [ app_begin ] --START--
INFO: Run Behavior\ReadHtmlCacheBehavior [ RunTime:0.000000s ]
INFO: [ app_begin ] --END-- [ RunTime:0.000000s ]
SQL: SHOW COLUMNS FROM `zxznz_doctor` [ RunTime:0.000000s ]
SQL: SHOW COLUMNS FROM `zxznz_hospital` [ RunTime:0.000000s ]
SQL: SELECT d.id,d.name,d.picture,(h.name)hos_name FROM zxznz_doctor d LEFT JOIN zxznz_hospital AS h ON d.hos_id=h.id  WHERE ( h.is_show = '1' ) ORDER BY d.id desc LIMIT 12   [ RunTime:0.000000s ]
SQL: SELECT `id`,`name`,`logo` FROM `zxznz_hospital` WHERE ( `is_show` = '1' ) AND ( `is_index` = '1' ) ORDER BY is_top desc LIMIT 9   [ RunTime:0.000000s ]
INFO: [ app_end ] --START--
INFO: Run Behavior\ShowPageTraceBehavior [ RunTime:0.000000s ]
INFO: [ app_end ] --END-- [ RunTime:0.000000s ]

[ 2017-03-12T16:56:29+08:00 ] 101.229.147.188 /api.php/api
INFO: [ app_init ] --START--
INFO: Run Behavior\BuildLiteBehavior [ RunTime:0.000000s ]
INFO: [ app_init ] --END-- [ RunTime:0.015625s ]
INFO: [ app_begin ] --START--
INFO: Run Behavior\ReadHtmlCacheBehavior [ RunTime:0.000000s ]
INFO: [ app_begin ] --END-- [ RunTime:0.000000s ]
SQL: SHOW COLUMNS FROM `zxznz_doctor` [ RunTime:0.000000s ]
SQL: SHOW COLUMNS FROM `zxznz_hospital` [ RunTime:0.000000s ]
SQL: SELECT d.id,d.name,d.picture,(h.name)hos_name FROM zxznz_doctor d LEFT JOIN zxznz_hospital AS h ON d.hos_id=h.id  WHERE ( h.is_show = '1' ) ORDER BY d.id desc LIMIT 12   [ RunTime:0.000000s ]
SQL: SELECT `id`,`name`,`logo` FROM `zxznz_hospital` WHERE ( `is_show` = '1' ) AND ( `is_index` = '1' ) ORDER BY is_top desc LIMIT 9   [ RunTime:0.000000s ]
INFO: [ app_end ] --START--
INFO: Run Behavior\ShowPageTraceBehavior [ RunTime:0.000000s ]
INFO: [ app_end ] --END-- [ RunTime:0.000000s ]

[ 2017-03-12T16:56:37+08:00 ] 101.229.147.188 /api.php/api
INFO: [ app_init ] --START--
INFO: Run Behavior\BuildLiteBehavior [ RunTime:0.000000s ]
INFO: [ app_init ] --END-- [ RunTime:0.000000s ]
INFO: [ app_begin ] --START--
INFO: Run Behavior\ReadHtmlCacheBehavior [ RunTime:0.000000s ]
INFO: [ app_begin ] --END-- [ RunTime:0.000000s ]
SQL: SHOW COLUMNS FROM `zxznz_doctor` [ RunTime:0.000000s ]
SQL: SHOW COLUMNS FROM `zxznz_hospital` [ RunTime:0.000000s ]
SQL: SELECT d.id,d.name,d.picture,(h.name)hos_name FROM zxznz_doctor d LEFT JOIN zxznz_hospital AS h ON d.hos_id=h.id  WHERE ( h.is_show = '1' ) ORDER BY d.id desc LIMIT 12   [ RunTime:0.000000s ]
SQL: SELECT `id`,`name`,`logo` FROM `zxznz_hospital` WHERE ( `is_show` = '1' ) AND ( `is_index` = '1' ) ORDER BY is_top desc LIMIT 9   [ RunTime:0.000000s ]
INFO: [ app_end ] --START--
INFO: Run Behavior\ShowPageTraceBehavior [ RunTime:0.000000s ]
INFO: [ app_end ] --END-- [ RunTime:0.000000s ]

