[ 2017-01-12T09:00:23+08:00 ] 127.0.0.1 /index.php/Admin/Doctor/ajaxDelDoctor.html1
INFO: [ app_begin ] --START--
INFO: Run Behavior\ReadHtmlCacheBehavior [ RunTime:0.000558s ]
INFO: [ app_begin ] --END-- [ RunTime:0.001009s ]
ERR: 非法操作:ajaxDelDoctor.html1

[ 2017-01-12T09:01:02+08:00 ] 127.0.0.1 /index.php/Admin/Doctor/ajaxDelDoctor1
INFO: [ app_begin ] --START--
INFO: Run Behavior\ReadHtmlCacheBehavior [ RunTime:0.001069s ]
INFO: [ app_begin ] --END-- [ RunTime:0.001867s ]
ERR: 非法操作:ajaxDelDoctor1

[ 2017-01-12T09:12:02+08:00 ] 127.0.0.1 /index.php/Admin/Doctor/ajaxDelDoctor/id/1
INFO: [ app_begin ] --START--
INFO: Run Behavior\ReadHtmlCacheBehavior [ RunTime:0.000590s ]
INFO: [ app_begin ] --END-- [ RunTime:0.001091s ]
SQL: SHOW COLUMNS FROM `emp_doctor` [ RunTime:0.003932s ]
SQL: DELETE FROM `emp_doctor` WHERE ( `id` = 1 ) [ RunTime:0.031122s ]
INFO: [ app_end ] --START--
INFO: Run Behavior\ShowPageTraceBehavior [ RunTime:0.000763s ]
INFO: [ app_end ] --END-- [ RunTime:0.000828s ]

[ 2017-01-12T09:18:53+08:00 ] 127.0.0.1 /index.php/Admin/Doctor/ajaxDelDoctor/id/2
INFO: [ app_begin ] --START--
INFO: Run Behavior\ReadHtmlCacheBehavior [ RunTime:0.001042s ]
INFO: [ app_begin ] --END-- [ RunTime:0.001827s ]
SQL: SHOW COLUMNS FROM `emp_doctor` [ RunTime:0.003812s ]
SQL: SELECT `picture` FROM `emp_doctor` WHERE ( `id` = 2 ) LIMIT 1   [ RunTime:0.000298s ]
SQL: DELETE FROM `emp_doctor` WHERE ( `id` = 2 ) [ RunTime:0.032642s ]
INFO: [ app_end ] --START--
INFO: Run Behavior\ShowPageTraceBehavior [ RunTime:0.001761s ]
INFO: [ app_end ] --END-- [ RunTime:0.001867s ]

[ 2017-01-12T09:34:52+08:00 ] 127.0.0.1 /index.php/Admin/Hospital/ajaxGetCitys/province/%E5%B1%B1%E8%A5%BF
INFO: [ app_begin ] --START--
INFO: Run Behavior\ReadHtmlCacheBehavior [ RunTime:0.000583s ]
INFO: [ app_begin ] --END-- [ RunTime:0.001053s ]
INFO: [ app_end ] --START--
INFO: Run Behavior\ShowPageTraceBehavior [ RunTime:0.000622s ]
INFO: [ app_end ] --END-- [ RunTime:0.000696s ]

[ 2017-01-12T09:35:47+08:00 ] 127.0.0.1 /index.php/Admin/Doctor/ajaxDelDoctor/id/5
INFO: [ app_begin ] --START--
INFO: Run Behavior\ReadHtmlCacheBehavior [ RunTime:0.001141s ]
INFO: [ app_begin ] --END-- [ RunTime:0.001899s ]
SQL: SHOW COLUMNS FROM `emp_doctor` [ RunTime:0.004357s ]
SQL: SELECT `picture` FROM `emp_doctor` WHERE ( `id` = 5 ) LIMIT 1   [ RunTime:0.000371s ]
SQL: DELETE FROM `emp_doctor` WHERE ( `id` = 5 ) [ RunTime:0.030599s ]
INFO: [ app_end ] --START--
INFO: Run Behavior\ShowPageTraceBehavior [ RunTime:0.001082s ]
INFO: [ app_end ] --END-- [ RunTime:0.001141s ]

[ 2017-01-12T09:36:27+08:00 ] 127.0.0.1 /index.php/Admin/Hospital/ajaxGetCitys/province/%E6%B2%B3%E5%8D%97
INFO: [ app_begin ] --START--
INFO: Run Behavior\ReadHtmlCacheBehavior [ RunTime:0.000600s ]
INFO: [ app_begin ] --END-- [ RunTime:0.001046s ]
INFO: [ app_end ] --START--
INFO: Run Behavior\ShowPageTraceBehavior [ RunTime:0.000719s ]
INFO: [ app_end ] --END-- [ RunTime:0.000814s ]

[ 2017-01-12T12:29:16+08:00 ] 127.0.0.1 /index.php/Admin/Hospital/ajaxGetCitys/province/%E5%B1%B1%E8%A5%BF
INFO: [ app_begin ] --START--
INFO: Run Behavior\ReadHtmlCacheBehavior [ RunTime:0.000835s ]
INFO: [ app_begin ] --END-- [ RunTime:0.001337s ]
INFO: [ app_end ] --START--
INFO: Run Behavior\ShowPageTraceBehavior [ RunTime:0.000924s ]
INFO: [ app_end ] --END-- [ RunTime:0.001023s ]

[ 2017-01-12T12:29:28+08:00 ] 127.0.0.1 /index.php/Admin/Hospital/ajaxGetCitys/province/%E5%B1%B1%E8%A5%BF
INFO: [ app_begin ] --START--
INFO: Run Behavior\ReadHtmlCacheBehavior [ RunTime:0.000838s ]
INFO: [ app_begin ] --END-- [ RunTime:0.001402s ]
INFO: [ app_end ] --START--
INFO: Run Behavior\ShowPageTraceBehavior [ RunTime:0.001295s ]
INFO: [ app_end ] --END-- [ RunTime:0.001403s ]

[ 2017-01-12T12:29:42+08:00 ] 127.0.0.1 /index.php/Admin/Comment/index
ERR: 无法加载控制器:Comment

[ 2017-01-12T12:29:46+08:00 ] 127.0.0.1 /index.php/Admin/Hospital/ajaxGetCitys/province/%E8%BE%BD%E5%AE%81
INFO: [ app_begin ] --START--
INFO: Run Behavior\ReadHtmlCacheBehavior [ RunTime:0.000711s ]
INFO: [ app_begin ] --END-- [ RunTime:0.001244s ]
INFO: [ app_end ] --START--
INFO: Run Behavior\ShowPageTraceBehavior [ RunTime:0.000841s ]
INFO: [ app_end ] --END-- [ RunTime:0.000938s ]

[ 2017-01-12T13:14:24+08:00 ] 127.0.0.1 /index.php/Admin/Comment/index
ERR: 无法加载控制器:Comment

[ 2017-01-12T13:24:33+08:00 ] 127.0.0.1 /index.php/Admin/Hospital/ajaxGetCitys/province/%E9%BB%91%E9%BE%99%E6%B1%9F
INFO: [ app_begin ] --START--
INFO: Run Behavior\ReadHtmlCacheBehavior [ RunTime:0.000611s ]
INFO: [ app_begin ] --END-- [ RunTime:0.001113s ]
INFO: [ app_end ] --START--
INFO: Run Behavior\ShowPageTraceBehavior [ RunTime:0.000714s ]
INFO: [ app_end ] --END-- [ RunTime:0.000804s ]

[ 2017-01-12T13:25:59+08:00 ] 127.0.0.1 /index.php/Admin/Hospital/ajaxGetCitys/province/%E9%BB%91%E9%BE%99%E6%B1%9F
INFO: [ app_begin ] --START--
INFO: Run Behavior\ReadHtmlCacheBehavior [ RunTime:0.000771s ]
INFO: [ app_begin ] --END-- [ RunTime:0.001337s ]
INFO: [ app_end ] --START--
INFO: Run Behavior\ShowPageTraceBehavior [ RunTime:0.000844s ]
INFO: [ app_end ] --END-- [ RunTime:0.000946s ]

[ 2017-01-12T13:35:54+08:00 ] 127.0.0.1 /index.php/Admin/Hospital/ajaxGetCitys/province/%E9%BB%91%E9%BE%99%E6%B1%9F
INFO: [ app_begin ] --START--
INFO: Run Behavior\ReadHtmlCacheBehavior [ RunTime:0.000652s ]
INFO: [ app_begin ] --END-- [ RunTime:0.001180s ]
INFO: [ app_end ] --START--
INFO: Run Behavior\ShowPageTraceBehavior [ RunTime:0.000739s ]
INFO: [ app_end ] --END-- [ RunTime:0.000834s ]

[ 2017-01-12T13:36:00+08:00 ] 127.0.0.1 /index.php/Admin/Hospital/ajaxGetCitys/province/%E9%BB%91%E9%BE%99%E6%B1%9F
INFO: [ app_begin ] --START--
INFO: Run Behavior\ReadHtmlCacheBehavior [ RunTime:0.000655s ]
INFO: [ app_begin ] --END-- [ RunTime:0.001131s ]
INFO: [ app_end ] --START--
INFO: Run Behavior\ShowPageTraceBehavior [ RunTime:0.000764s ]
INFO: [ app_end ] --END-- [ RunTime:0.000860s ]

[ 2017-01-12T13:36:22+08:00 ] 127.0.0.1 /index.php/Admin/Doctor/ajaxDelDoctor/id/11
INFO: [ app_begin ] --START--
INFO: Run Behavior\ReadHtmlCacheBehavior [ RunTime:0.000556s ]
INFO: [ app_begin ] --END-- [ RunTime:0.000960s ]
SQL: SHOW COLUMNS FROM `emp_doctor` [ RunTime:0.004211s ]
SQL: SELECT `picture` FROM `emp_doctor` WHERE ( `id` = 11 ) LIMIT 1   [ RunTime:0.000315s ]
SQL: DELETE FROM `emp_doctor` WHERE ( `id` = 11 ) [ RunTime:0.027857s ]
INFO: [ app_end ] --START--
INFO: Run Behavior\ShowPageTraceBehavior [ RunTime:0.001095s ]
INFO: [ app_end ] --END-- [ RunTime:0.001155s ]

[ 2017-01-12T13:39:18+08:00 ] 127.0.0.1 /index.php/Admin/Doctor/ajaxDelDoctor/id/13
INFO: [ app_begin ] --START--
INFO: Run Behavior\ReadHtmlCacheBehavior [ RunTime:0.000935s ]
INFO: [ app_begin ] --END-- [ RunTime:0.001387s ]
SQL: SHOW COLUMNS FROM `emp_doctor` [ RunTime:0.004523s ]
SQL: SELECT `picture` FROM `emp_doctor` WHERE ( `id` = 13 ) LIMIT 1   [ RunTime:0.000460s ]
SQL: DELETE FROM `emp_doctor` WHERE ( `id` = 13 ) [ RunTime:0.025308s ]
INFO: [ app_end ] --START--
INFO: Run Behavior\ShowPageTraceBehavior [ RunTime:0.001120s ]
INFO: [ app_end ] --END-- [ RunTime:0.001184s ]

[ 2017-01-12T13:40:17+08:00 ] 127.0.0.1 /index.php/Admin/Hospital/ajaxGetCitys/province/%E8%BE%BD%E5%AE%81
INFO: [ app_begin ] --START--
INFO: Run Behavior\ReadHtmlCacheBehavior [ RunTime:0.000603s ]
INFO: [ app_begin ] --END-- [ RunTime:0.001224s ]
INFO: [ app_end ] --START--
INFO: Run Behavior\ShowPageTraceBehavior [ RunTime:0.000749s ]
INFO: [ app_end ] --END-- [ RunTime:0.000852s ]

[ 2017-01-12T13:40:28+08:00 ] 127.0.0.1 /index.php/Admin/Hospital/ajaxDelPic/id/6
INFO: [ app_begin ] --START--
INFO: Run Behavior\ReadHtmlCacheBehavior [ RunTime:0.000828s ]
INFO: [ app_begin ] --END-- [ RunTime:0.001550s ]
SQL: SHOW COLUMNS FROM `emp_hos_img` [ RunTime:0.004763s ]
SQL: SELECT `path` FROM `emp_hos_img` WHERE ( `id` = 6 ) LIMIT 1   [ RunTime:0.000290s ]
SQL: DELETE FROM `emp_hos_img` WHERE ( `id` = 6 ) [ RunTime:0.028552s ]
INFO: [ app_end ] --START--
INFO: Run Behavior\ShowPageTraceBehavior [ RunTime:0.001091s ]
INFO: [ app_end ] --END-- [ RunTime:0.001151s ]

[ 2017-01-12T13:44:45+08:00 ] 127.0.0.1 /index.php/Admin/Hospital/ajaxGetCitys/province/%E4%B8%8A%E6%B5%B7
INFO: [ app_begin ] --START--
INFO: Run Behavior\ReadHtmlCacheBehavior [ RunTime:0.000678s ]
INFO: [ app_begin ] --END-- [ RunTime:0.001351s ]
INFO: [ app_end ] --START--
INFO: Run Behavior\ShowPageTraceBehavior [ RunTime:0.001070s ]
INFO: [ app_end ] --END-- [ RunTime:0.001169s ]

[ 2017-01-12T13:46:52+08:00 ] 127.0.0.1 /index.php/Admin/Hospital/ajaxGetCitys/province/%E4%B8%8A%E6%B5%B7
INFO: [ app_begin ] --START--
INFO: Run Behavior\ReadHtmlCacheBehavior [ RunTime:0.000796s ]
INFO: [ app_begin ] --END-- [ RunTime:0.001375s ]
INFO: [ app_end ] --START--
INFO: Run Behavior\ShowPageTraceBehavior [ RunTime:0.000860s ]
INFO: [ app_end ] --END-- [ RunTime:0.000959s ]

[ 2017-01-12T13:53:29+08:00 ] 127.0.0.1 /index.php/Admin/Comment/index
ERR: 无法加载控制器:Comment

[ 2017-01-12T13:53:50+08:00 ] 127.0.0.1 /index.php/Admin/Hospital/ajaxGetCitys/province/%E4%B8%8A%E6%B5%B7
INFO: [ app_begin ] --START--
INFO: Run Behavior\ReadHtmlCacheBehavior [ RunTime:0.000556s ]
INFO: [ app_begin ] --END-- [ RunTime:0.000977s ]
INFO: [ app_end ] --START--
INFO: Run Behavior\ShowPageTraceBehavior [ RunTime:0.000669s ]
INFO: [ app_end ] --END-- [ RunTime:0.000767s ]

[ 2017-01-12T13:57:59+08:00 ] 127.0.0.1 /index.php/Admin/Comment/index
ERR: 无法加载控制器:Comment

[ 2017-01-12T13:58:00+08:00 ] 127.0.0.1 /index.php/Admin/Wed/index
ERR: 无法加载控制器:Wed

[ 2017-01-12T14:00:23+08:00 ] 127.0.0.1 /index.php/Admin/Privilege/del/id/69
INFO: [ app_begin ] --START--
INFO: Run Behavior\ReadHtmlCacheBehavior [ RunTime:0.000818s ]
INFO: [ app_begin ] --END-- [ RunTime:0.001317s ]
SQL: SHOW COLUMNS FROM `emp_privilege` [ RunTime:0.005817s ]
SQL: SELECT * FROM `emp_privilege`  [ RunTime:0.000268s ]
SQL: DELETE FROM `emp_privilege` WHERE ( `id` = 69 ) [ RunTime:0.025986s ]
INFO: [ app_end ] --START--
INFO: Run Behavior\ShowPageTraceBehavior [ RunTime:0.000990s ]
INFO: [ app_end ] --END-- [ RunTime:0.001061s ]

[ 2017-01-12T14:01:15+08:00 ] 127.0.0.1 /index.php/Admin/Comment/index
ERR: 无法加载控制器:Comment

[ 2017-01-12T14:01:31+08:00 ] 127.0.0.1 /index.php/Admin/Hospital/ajaxGetCitys/province/%E4%B8%8A%E6%B5%B7
INFO: [ app_begin ] --START--
INFO: Run Behavior\ReadHtmlCacheBehavior [ RunTime:0.000887s ]
INFO: [ app_begin ] --END-- [ RunTime:0.001373s ]
INFO: [ app_end ] --START--
INFO: Run Behavior\ShowPageTraceBehavior [ RunTime:0.000978s ]
INFO: [ app_end ] --END-- [ RunTime:0.001072s ]

[ 2017-01-12T14:26:20+08:00 ] 127.0.0.1 /index.php/Admin/Comment/index
ERR: 无法加载控制器:Comment

[ 2017-01-12T16:49:04+08:00 ] 127.0.0.1 /index.php/Admin/Hospital/ajaxGetCitys/province/%E4%B8%8A%E6%B5%B7
INFO: [ app_begin ] --START--
INFO: Run Behavior\ReadHtmlCacheBehavior [ RunTime:0.001016s ]
INFO: [ app_begin ] --END-- [ RunTime:0.001536s ]
INFO: [ app_end ] --START--
INFO: Run Behavior\ShowPageTraceBehavior [ RunTime:0.001007s ]
INFO: [ app_end ] --END-- [ RunTime:0.001104s ]

[ 2017-01-12T17:01:22+08:00 ] 127.0.0.1 /index.php/Admin/Hospital/ajaxGetCitys/province/%E4%B8%8A%E6%B5%B7
INFO: [ app_begin ] --START--
INFO: Run Behavior\ReadHtmlCacheBehavior [ RunTime:0.000623s ]
INFO: [ app_begin ] --END-- [ RunTime:0.001140s ]
INFO: [ app_end ] --START--
INFO: Run Behavior\ShowPageTraceBehavior [ RunTime:0.000719s ]
INFO: [ app_end ] --END-- [ RunTime:0.000809s ]

[ 2017-01-12T17:05:29+08:00 ] 127.0.0.1 /index.php/Admin/Comment/index
ERR: 无法加载控制器:Comment

