[ 2017-03-09T05:26:33+08:00 ] 66.249.69.238 /index.php/Home/Active/theme/navNum/6.html
ERR: 非法操作:theme

[ 2017-03-09T08:55:47+08:00 ] 180.173.90.235 /api.php/api
INFO: [ app_init ] --START--
INFO: Run Behavior\BuildLiteBehavior [ RunTime:0.000000s ]
INFO: [ app_init ] --END-- [ RunTime:0.000000s ]
INFO: [ app_begin ] --START--
INFO: Run Behavior\ReadHtmlCacheBehavior [ RunTime:0.000000s ]
INFO: [ app_begin ] --END-- [ RunTime:0.000000s ]
SQL: SHOW COLUMNS FROM `zxznz_doctor` [ RunTime:0.000000s ]
SQL: SHOW COLUMNS FROM `zxznz_hospital` [ RunTime:0.000000s ]
SQL: SELECT d.id,d.name,d.picture,(h.name)hos_name FROM zxznz_doctor d LEFT JOIN zxznz_hospital AS h ON d.hos_id=h.id  WHERE ( h.is_show = '1' ) ORDER BY d.id desc LIMIT 12   [ RunTime:0.000000s ]
SQL: SELECT `id`,`name`,`logo` FROM `zxznz_hospital` WHERE ( `is_show` = '1' ) AND ( `is_index` = '1' ) ORDER BY is_top desc LIMIT 9   [ RunTime:0.000000s ]
INFO: [ app_end ] --START--
INFO: Run Behavior\ShowPageTraceBehavior [ RunTime:0.000000s ]
INFO: [ app_end ] --END-- [ RunTime:0.000000s ]

[ 2017-03-09T08:55:53+08:00 ] 180.173.90.235 /api.php/api
INFO: [ app_init ] --START--
INFO: Run Behavior\BuildLiteBehavior [ RunTime:0.000000s ]
INFO: [ app_init ] --END-- [ RunTime:0.000000s ]
INFO: [ app_begin ] --START--
INFO: Run Behavior\ReadHtmlCacheBehavior [ RunTime:0.000000s ]
INFO: [ app_begin ] --END-- [ RunTime:0.000000s ]
SQL: SHOW COLUMNS FROM `zxznz_doctor` [ RunTime:0.000000s ]
SQL: SHOW COLUMNS FROM `zxznz_hospital` [ RunTime:0.000000s ]
SQL: SELECT d.id,d.name,d.picture,(h.name)hos_name FROM zxznz_doctor d LEFT JOIN zxznz_hospital AS h ON d.hos_id=h.id  WHERE ( h.is_show = '1' ) ORDER BY d.id desc LIMIT 12   [ RunTime:0.000000s ]
SQL: SELECT `id`,`name`,`logo` FROM `zxznz_hospital` WHERE ( `is_show` = '1' ) AND ( `is_index` = '1' ) ORDER BY is_top desc LIMIT 9   [ RunTime:0.000000s ]
INFO: [ app_end ] --START--
INFO: Run Behavior\ShowPageTraceBehavior [ RunTime:0.000000s ]
INFO: [ app_end ] --END-- [ RunTime:0.000000s ]

[ 2017-03-09T08:56:02+08:00 ] 180.173.90.235 /api.php/api
INFO: [ app_init ] --START--
INFO: Run Behavior\BuildLiteBehavior [ RunTime:0.000000s ]
INFO: [ app_init ] --END-- [ RunTime:0.000000s ]
INFO: [ app_begin ] --START--
INFO: Run Behavior\ReadHtmlCacheBehavior [ RunTime:0.000000s ]
INFO: [ app_begin ] --END-- [ RunTime:0.000000s ]
SQL: SHOW COLUMNS FROM `zxznz_doctor` [ RunTime:0.000000s ]
SQL: SHOW COLUMNS FROM `zxznz_hospital` [ RunTime:0.000000s ]
SQL: SELECT d.id,d.name,d.picture,(h.name)hos_name FROM zxznz_doctor d LEFT JOIN zxznz_hospital AS h ON d.hos_id=h.id  WHERE ( h.is_show = '1' ) ORDER BY d.id desc LIMIT 12   [ RunTime:0.000000s ]
SQL: SELECT `id`,`name`,`logo` FROM `zxznz_hospital` WHERE ( `is_show` = '1' ) AND ( `is_index` = '1' ) ORDER BY is_top desc LIMIT 9   [ RunTime:0.000000s ]
INFO: [ app_end ] --START--
INFO: Run Behavior\ShowPageTraceBehavior [ RunTime:0.000000s ]
INFO: [ app_end ] --END-- [ RunTime:0.000000s ]

[ 2017-03-09T08:56:12+08:00 ] 180.173.90.235 /api.php/api/Hospital/detial
INFO: [ app_init ] --START--
INFO: Run Behavior\BuildLiteBehavior [ RunTime:0.000000s ]
INFO: [ app_init ] --END-- [ RunTime:0.000000s ]
INFO: [ app_begin ] --START--
INFO: Run Behavior\ReadHtmlCacheBehavior [ RunTime:0.000000s ]
INFO: [ app_begin ] --END-- [ RunTime:0.000000s ]
SQL: SHOW COLUMNS FROM `zxznz_hospital` [ RunTime:0.000000s ]
SQL: SELECT `id`,`name`,`tel`,`address`,`logo`,`intro`,`like` FROM `zxznz_hospital` WHERE ( `id` = 53 ) LIMIT 1   [ RunTime:0.000000s ]
INFO: [ app_end ] --START--
INFO: Run Behavior\ShowPageTraceBehavior [ RunTime:0.000000s ]
INFO: [ app_end ] --END-- [ RunTime:0.000000s ]

[ 2017-03-09T08:56:16+08:00 ] 180.173.90.235 /api.php/api
INFO: [ app_init ] --START--
INFO: Run Behavior\BuildLiteBehavior [ RunTime:0.000000s ]
INFO: [ app_init ] --END-- [ RunTime:0.000000s ]
INFO: [ app_begin ] --START--
INFO: Run Behavior\ReadHtmlCacheBehavior [ RunTime:0.000000s ]
INFO: [ app_begin ] --END-- [ RunTime:0.000000s ]
SQL: SHOW COLUMNS FROM `zxznz_doctor` [ RunTime:0.000000s ]
SQL: SHOW COLUMNS FROM `zxznz_hospital` [ RunTime:0.000000s ]
SQL: SELECT d.id,d.name,d.picture,(h.name)hos_name FROM zxznz_doctor d LEFT JOIN zxznz_hospital AS h ON d.hos_id=h.id  WHERE ( h.is_show = '1' ) ORDER BY d.id desc LIMIT 12   [ RunTime:0.000000s ]
SQL: SELECT `id`,`name`,`logo` FROM `zxznz_hospital` WHERE ( `is_show` = '1' ) AND ( `is_index` = '1' ) ORDER BY is_top desc LIMIT 9   [ RunTime:0.000000s ]
INFO: [ app_end ] --START--
INFO: Run Behavior\ShowPageTraceBehavior [ RunTime:0.000000s ]
INFO: [ app_end ] --END-- [ RunTime:0.000000s ]

[ 2017-03-09T09:06:41+08:00 ] 223.104.5.230 /api.php/api
INFO: [ app_init ] --START--
INFO: Run Behavior\BuildLiteBehavior [ RunTime:0.000000s ]
INFO: [ app_init ] --END-- [ RunTime:0.000000s ]
INFO: [ app_begin ] --START--
INFO: Run Behavior\ReadHtmlCacheBehavior [ RunTime:0.000000s ]
INFO: [ app_begin ] --END-- [ RunTime:0.000000s ]
SQL: SHOW COLUMNS FROM `zxznz_doctor` [ RunTime:0.000000s ]
SQL: SHOW COLUMNS FROM `zxznz_hospital` [ RunTime:0.000000s ]
SQL: SELECT d.id,d.name,d.picture,(h.name)hos_name FROM zxznz_doctor d LEFT JOIN zxznz_hospital AS h ON d.hos_id=h.id  WHERE ( h.is_show = '1' ) ORDER BY d.id desc LIMIT 12   [ RunTime:0.000000s ]
SQL: SELECT `id`,`name`,`logo` FROM `zxznz_hospital` WHERE ( `is_show` = '1' ) AND ( `is_index` = '1' ) ORDER BY is_top desc LIMIT 9   [ RunTime:0.000000s ]
INFO: [ app_end ] --START--
INFO: Run Behavior\ShowPageTraceBehavior [ RunTime:0.000000s ]
INFO: [ app_end ] --END-- [ RunTime:0.000000s ]

[ 2017-03-09T11:26:15+08:00 ] 180.173.90.235 /api.php/api
INFO: [ app_init ] --START--
INFO: Run Behavior\BuildLiteBehavior [ RunTime:0.000000s ]
INFO: [ app_init ] --END-- [ RunTime:0.000000s ]
INFO: [ app_begin ] --START--
INFO: Run Behavior\ReadHtmlCacheBehavior [ RunTime:0.000000s ]
INFO: [ app_begin ] --END-- [ RunTime:0.000000s ]
SQL: SHOW COLUMNS FROM `zxznz_doctor` [ RunTime:0.000000s ]
SQL: SHOW COLUMNS FROM `zxznz_hospital` [ RunTime:0.000000s ]
SQL: SELECT d.id,d.name,d.picture,(h.name)hos_name FROM zxznz_doctor d LEFT JOIN zxznz_hospital AS h ON d.hos_id=h.id  WHERE ( h.is_show = '1' ) ORDER BY d.id desc LIMIT 12   [ RunTime:0.000000s ]
SQL: SELECT `id`,`name`,`logo` FROM `zxznz_hospital` WHERE ( `is_show` = '1' ) AND ( `is_index` = '1' ) ORDER BY is_top desc LIMIT 9   [ RunTime:0.000000s ]
INFO: [ app_end ] --START--
INFO: Run Behavior\ShowPageTraceBehavior [ RunTime:0.000000s ]
INFO: [ app_end ] --END-- [ RunTime:0.000000s ]

[ 2017-03-09T11:27:16+08:00 ] 180.173.90.235 /api.php/api
INFO: [ app_init ] --START--
INFO: Run Behavior\BuildLiteBehavior [ RunTime:0.000000s ]
INFO: [ app_init ] --END-- [ RunTime:0.000000s ]
INFO: [ app_begin ] --START--
INFO: Run Behavior\ReadHtmlCacheBehavior [ RunTime:0.000000s ]
INFO: [ app_begin ] --END-- [ RunTime:0.000000s ]
SQL: SHOW COLUMNS FROM `zxznz_doctor` [ RunTime:0.000000s ]
SQL: SHOW COLUMNS FROM `zxznz_hospital` [ RunTime:0.000000s ]
SQL: SELECT d.id,d.name,d.picture,(h.name)hos_name FROM zxznz_doctor d LEFT JOIN zxznz_hospital AS h ON d.hos_id=h.id  WHERE ( h.is_show = '1' ) ORDER BY d.id desc LIMIT 12   [ RunTime:0.000000s ]
SQL: SELECT `id`,`name`,`logo` FROM `zxznz_hospital` WHERE ( `is_show` = '1' ) AND ( `is_index` = '1' ) ORDER BY is_top desc LIMIT 9   [ RunTime:0.000000s ]
INFO: [ app_end ] --START--
INFO: Run Behavior\ShowPageTraceBehavior [ RunTime:0.000000s ]
INFO: [ app_end ] --END-- [ RunTime:0.000000s ]

[ 2017-03-09T11:27:22+08:00 ] 180.173.90.235 /api.php/api
INFO: [ app_init ] --START--
INFO: Run Behavior\BuildLiteBehavior [ RunTime:0.000000s ]
INFO: [ app_init ] --END-- [ RunTime:0.000000s ]
INFO: [ app_begin ] --START--
INFO: Run Behavior\ReadHtmlCacheBehavior [ RunTime:0.000000s ]
INFO: [ app_begin ] --END-- [ RunTime:0.000000s ]
SQL: SHOW COLUMNS FROM `zxznz_doctor` [ RunTime:0.000000s ]
SQL: SHOW COLUMNS FROM `zxznz_hospital` [ RunTime:0.000000s ]
SQL: SELECT d.id,d.name,d.picture,(h.name)hos_name FROM zxznz_doctor d LEFT JOIN zxznz_hospital AS h ON d.hos_id=h.id  WHERE ( h.is_show = '1' ) ORDER BY d.id desc LIMIT 12   [ RunTime:0.000000s ]
SQL: SELECT `id`,`name`,`logo` FROM `zxznz_hospital` WHERE ( `is_show` = '1' ) AND ( `is_index` = '1' ) ORDER BY is_top desc LIMIT 9   [ RunTime:0.000000s ]
INFO: [ app_end ] --START--
INFO: Run Behavior\ShowPageTraceBehavior [ RunTime:0.000000s ]
INFO: [ app_end ] --END-- [ RunTime:0.000000s ]

[ 2017-03-09T11:33:08+08:00 ] 180.173.90.235 /index.php/Admin/Object/lst
ERR: 无法加载控制器:Object

[ 2017-03-09T11:35:28+08:00 ] 180.173.90.235 /api.php/api
INFO: [ app_init ] --START--
INFO: Run Behavior\BuildLiteBehavior [ RunTime:0.000000s ]
INFO: [ app_init ] --END-- [ RunTime:0.000000s ]
INFO: [ app_begin ] --START--
INFO: Run Behavior\ReadHtmlCacheBehavior [ RunTime:0.000000s ]
INFO: [ app_begin ] --END-- [ RunTime:0.000000s ]
SQL: SHOW COLUMNS FROM `zxznz_doctor` [ RunTime:0.000000s ]
SQL: SHOW COLUMNS FROM `zxznz_hospital` [ RunTime:0.000000s ]
SQL: SELECT d.id,d.name,d.picture,(h.name)hos_name FROM zxznz_doctor d LEFT JOIN zxznz_hospital AS h ON d.hos_id=h.id  WHERE ( h.is_show = '1' ) ORDER BY d.id desc LIMIT 12   [ RunTime:0.000000s ]
SQL: SELECT `id`,`name`,`logo` FROM `zxznz_hospital` WHERE ( `is_show` = '1' ) AND ( `is_index` = '1' ) ORDER BY is_top desc LIMIT 9   [ RunTime:0.000000s ]
INFO: [ app_end ] --START--
INFO: Run Behavior\ShowPageTraceBehavior [ RunTime:0.000000s ]
INFO: [ app_end ] --END-- [ RunTime:0.000000s ]

[ 2017-03-09T11:35:57+08:00 ] 180.173.90.235 /api.php/api/Hospital/detial
INFO: [ app_init ] --START--
INFO: Run Behavior\BuildLiteBehavior [ RunTime:0.000000s ]
INFO: [ app_init ] --END-- [ RunTime:0.000000s ]
INFO: [ app_begin ] --START--
INFO: Run Behavior\ReadHtmlCacheBehavior [ RunTime:0.000000s ]
INFO: [ app_begin ] --END-- [ RunTime:0.000000s ]
SQL: SHOW COLUMNS FROM `zxznz_hospital` [ RunTime:0.000000s ]
SQL: SELECT `id`,`name`,`tel`,`address`,`logo`,`intro`,`like` FROM `zxznz_hospital` WHERE ( `id` = 47 ) LIMIT 1   [ RunTime:0.000000s ]
INFO: [ app_end ] --START--
INFO: Run Behavior\ShowPageTraceBehavior [ RunTime:0.015624s ]
INFO: [ app_end ] --END-- [ RunTime:0.015624s ]

[ 2017-03-09T11:37:16+08:00 ] 180.173.90.235 /api.php/api
INFO: [ app_init ] --START--
INFO: Run Behavior\BuildLiteBehavior [ RunTime:0.000000s ]
INFO: [ app_init ] --END-- [ RunTime:0.000000s ]
INFO: [ app_begin ] --START--
INFO: Run Behavior\ReadHtmlCacheBehavior [ RunTime:0.000000s ]
INFO: [ app_begin ] --END-- [ RunTime:0.000000s ]
SQL: SHOW COLUMNS FROM `zxznz_doctor` [ RunTime:0.000000s ]
SQL: SHOW COLUMNS FROM `zxznz_hospital` [ RunTime:0.000000s ]
SQL: SELECT d.id,d.name,d.picture,(h.name)hos_name FROM zxznz_doctor d LEFT JOIN zxznz_hospital AS h ON d.hos_id=h.id  WHERE ( h.is_show = '1' ) ORDER BY d.id desc LIMIT 12   [ RunTime:0.015625s ]
SQL: SELECT `id`,`name`,`logo` FROM `zxznz_hospital` WHERE ( `is_show` = '1' ) AND ( `is_index` = '1' ) ORDER BY is_top desc LIMIT 9   [ RunTime:0.000000s ]
INFO: [ app_end ] --START--
INFO: Run Behavior\ShowPageTraceBehavior [ RunTime:0.000000s ]
INFO: [ app_end ] --END-- [ RunTime:0.000000s ]

[ 2017-03-09T12:03:40+08:00 ] 58.241.44.199 /api.php/api
INFO: [ app_init ] --START--
INFO: Run Behavior\BuildLiteBehavior [ RunTime:0.000000s ]
INFO: [ app_init ] --END-- [ RunTime:0.015624s ]
INFO: [ app_begin ] --START--
INFO: Run Behavior\ReadHtmlCacheBehavior [ RunTime:0.000000s ]
INFO: [ app_begin ] --END-- [ RunTime:0.000000s ]
SQL: SHOW COLUMNS FROM `zxznz_doctor` [ RunTime:0.000000s ]
SQL: SHOW COLUMNS FROM `zxznz_hospital` [ RunTime:0.000000s ]
SQL: SELECT d.id,d.name,d.picture,(h.name)hos_name FROM zxznz_doctor d LEFT JOIN zxznz_hospital AS h ON d.hos_id=h.id  WHERE ( h.is_show = '1' ) ORDER BY d.id desc LIMIT 12   [ RunTime:0.015625s ]
SQL: SELECT `id`,`name`,`logo` FROM `zxznz_hospital` WHERE ( `is_show` = '1' ) AND ( `is_index` = '1' ) ORDER BY is_top desc LIMIT 9   [ RunTime:0.000000s ]
INFO: [ app_end ] --START--
INFO: Run Behavior\ShowPageTraceBehavior [ RunTime:0.000000s ]
INFO: [ app_end ] --END-- [ RunTime:0.000000s ]

[ 2017-03-09T12:44:11+08:00 ] 123.125.71.32 /index.php/Home/Active/theme/navNum/6.html
ERR: 非法操作:theme

[ 2017-03-09T16:05:13+08:00 ] 180.173.90.235 /index.php/admin/publish/ajaxgetcitys/province/undefined
ERR: 非法操作:ajaxgetcitys

[ 2017-03-09T16:07:44+08:00 ] 180.173.90.235 /index.php/admin/publish/ajaxgetcitys/province/undefined
ERR: 非法操作:ajaxgetcitys

[ 2017-03-09T16:14:42+08:00 ] 180.173.90.235 /index.php/admin/publish/ajaxgetcitys/province/undefined
ERR: 非法操作:ajaxgetcitys

[ 2017-03-09T16:26:53+08:00 ] 180.173.90.235 /index.php/admin/publish/ajaxgetcitys/province/undefined
ERR: 非法操作:ajaxgetcitys

[ 2017-03-09T16:29:31+08:00 ] 180.173.90.235 /index.php/admin/publish/ajaxgetcitys/province/undefined
ERR: 非法操作:ajaxgetcitys

[ 2017-03-09T16:29:33+08:00 ] 180.173.90.235 /index.php/admin/publish/ajaxgetcitys/province/undefined
ERR: 非法操作:ajaxgetcitys

[ 2017-03-09T16:29:34+08:00 ] 180.173.90.235 /index.php/admin/publish/ajaxgetcitys/province/undefined
ERR: 非法操作:ajaxgetcitys

[ 2017-03-09T16:33:05+08:00 ] 180.173.90.235 /index.php/admin/publish/ajaxgetcitys/province/undefined
ERR: 非法操作:ajaxgetcitys

[ 2017-03-09T16:33:13+08:00 ] 180.173.90.235 /index.php/admin/publish/ajaxgetcitys/province/undefined
ERR: 非法操作:ajaxgetcitys

[ 2017-03-09T16:33:19+08:00 ] 180.173.90.235 /index.php/admin/publish/ajaxgetcitys/province/undefined
ERR: 非法操作:ajaxgetcitys

[ 2017-03-09T16:34:04+08:00 ] 180.173.90.235 /index.php/admin/publish/ajaxgetcitys/province/undefined
ERR: 非法操作:ajaxgetcitys

[ 2017-03-09T16:36:46+08:00 ] 180.173.90.235 /index.php/admin/publish/ajaxgetcitys/province/undefined
ERR: 非法操作:ajaxgetcitys

[ 2017-03-09T16:36:49+08:00 ] 180.173.90.235 /index.php/admin/publish/ajaxgetcitys/province/undefined
ERR: 非法操作:ajaxgetcitys

[ 2017-03-09T16:36:54+08:00 ] 180.173.90.235 /index.php/admin/publish/ajaxgetcitys/province/undefined
ERR: 非法操作:ajaxgetcitys

[ 2017-03-09T16:36:55+08:00 ] 180.173.90.235 /index.php/admin/publish/ajaxgetcitys/province/undefined
ERR: 非法操作:ajaxgetcitys

[ 2017-03-09T16:37:15+08:00 ] 180.173.90.235 /index.php/admin/publish/ajaxgetcitys/province/undefined
ERR: 非法操作:ajaxgetcitys

[ 2017-03-09T16:37:19+08:00 ] 180.173.90.235 /index.php/admin/publish/ajaxgetcitys/province/undefined
ERR: 非法操作:ajaxgetcitys

[ 2017-03-09T16:37:20+08:00 ] 180.173.90.235 /index.php/admin/publish/ajaxgetcitys/province/undefined
ERR: 非法操作:ajaxgetcitys

[ 2017-03-09T16:37:21+08:00 ] 180.173.90.235 /index.php/admin/publish/ajaxgetcitys/province/undefined
ERR: 非法操作:ajaxgetcitys

[ 2017-03-09T16:37:23+08:00 ] 180.173.90.235 /index.php/admin/publish/ajaxgetcitys/province/undefined
ERR: 非法操作:ajaxgetcitys

[ 2017-03-09T16:37:29+08:00 ] 180.173.90.235 /index.php/admin/publish/ajaxgetcitys/province/undefined
ERR: 非法操作:ajaxgetcitys

[ 2017-03-09T16:37:36+08:00 ] 180.173.90.235 /index.php/admin/publish/ajaxgetcitys/province/undefined
ERR: 非法操作:ajaxgetcitys

[ 2017-03-09T16:37:52+08:00 ] 180.173.90.235 /index.php/admin/publish
ERR: 非法操作:index

[ 2017-03-09T16:37:59+08:00 ] 180.173.90.235 /index.php/admin/publish/ajaxgetcitys/province/undefined
ERR: 非法操作:ajaxgetcitys

[ 2017-03-09T16:42:35+08:00 ] 180.173.90.235 /index.php/admin/publish/ajaxgetcitys/province/undefined
ERR: 非法操作:ajaxgetcitys

[ 2017-03-09T16:43:40+08:00 ] 180.173.90.235 /index.php/admin/publish/ajaxgetcitys/province/undefined
ERR: 非法操作:ajaxgetcitys

[ 2017-03-09T16:51:24+08:00 ] 58.243.226.22 /api.php/api
INFO: [ app_init ] --START--
INFO: Run Behavior\BuildLiteBehavior [ RunTime:0.000000s ]
INFO: [ app_init ] --END-- [ RunTime:0.000000s ]
INFO: [ app_begin ] --START--
INFO: Run Behavior\ReadHtmlCacheBehavior [ RunTime:0.000000s ]
INFO: [ app_begin ] --END-- [ RunTime:0.000000s ]
SQL: SHOW COLUMNS FROM `zxznz_doctor` [ RunTime:0.000000s ]
SQL: SHOW COLUMNS FROM `zxznz_hospital` [ RunTime:0.000000s ]
SQL: SELECT d.id,d.name,d.picture,(h.name)hos_name FROM zxznz_doctor d LEFT JOIN zxznz_hospital AS h ON d.hos_id=h.id  WHERE ( h.is_show = '1' ) ORDER BY d.id desc LIMIT 12   [ RunTime:0.000000s ]
SQL: SELECT `id`,`name`,`logo` FROM `zxznz_hospital` WHERE ( `is_show` = '1' ) AND ( `is_index` = '1' ) ORDER BY is_top desc LIMIT 9   [ RunTime:0.000000s ]
INFO: [ app_end ] --START--
INFO: Run Behavior\ShowPageTraceBehavior [ RunTime:0.000000s ]
INFO: [ app_end ] --END-- [ RunTime:0.000000s ]

[ 2017-03-09T16:51:46+08:00 ] 58.243.226.22 /api.php/api/Hospital/detial
INFO: [ app_init ] --START--
INFO: Run Behavior\BuildLiteBehavior [ RunTime:0.000000s ]
INFO: [ app_init ] --END-- [ RunTime:0.000000s ]
INFO: [ app_begin ] --START--
INFO: Run Behavior\ReadHtmlCacheBehavior [ RunTime:0.000000s ]
INFO: [ app_begin ] --END-- [ RunTime:0.000000s ]
SQL: SHOW COLUMNS FROM `zxznz_hospital` [ RunTime:0.015624s ]
SQL: SELECT `id`,`name`,`tel`,`address`,`logo`,`intro`,`like` FROM `zxznz_hospital` WHERE ( `id` = 38 ) LIMIT 1   [ RunTime:0.000000s ]
INFO: [ app_end ] --START--
INFO: Run Behavior\ShowPageTraceBehavior [ RunTime:0.000000s ]
INFO: [ app_end ] --END-- [ RunTime:0.000000s ]

[ 2017-03-09T16:52:04+08:00 ] 58.243.226.22 /api.php/api
INFO: [ app_init ] --START--
INFO: Run Behavior\BuildLiteBehavior [ RunTime:0.000000s ]
INFO: [ app_init ] --END-- [ RunTime:0.000000s ]
INFO: [ app_begin ] --START--
INFO: Run Behavior\ReadHtmlCacheBehavior [ RunTime:0.000000s ]
INFO: [ app_begin ] --END-- [ RunTime:0.000000s ]
SQL: SHOW COLUMNS FROM `zxznz_doctor` [ RunTime:0.015624s ]
SQL: SHOW COLUMNS FROM `zxznz_hospital` [ RunTime:0.000000s ]
SQL: SELECT d.id,d.name,d.picture,(h.name)hos_name FROM zxznz_doctor d LEFT JOIN zxznz_hospital AS h ON d.hos_id=h.id  WHERE ( h.is_show = '1' ) ORDER BY d.id desc LIMIT 12   [ RunTime:0.000000s ]
SQL: SELECT `id`,`name`,`logo` FROM `zxznz_hospital` WHERE ( `is_show` = '1' ) AND ( `is_index` = '1' ) ORDER BY is_top desc LIMIT 9   [ RunTime:0.000000s ]
INFO: [ app_end ] --START--
INFO: Run Behavior\ShowPageTraceBehavior [ RunTime:0.000000s ]
INFO: [ app_end ] --END-- [ RunTime:0.000000s ]

[ 2017-03-09T16:52:34+08:00 ] 58.243.226.22 /api.php/api
INFO: [ app_init ] --START--
INFO: Run Behavior\BuildLiteBehavior [ RunTime:0.000000s ]
INFO: [ app_init ] --END-- [ RunTime:0.000000s ]
INFO: [ app_begin ] --START--
INFO: Run Behavior\ReadHtmlCacheBehavior [ RunTime:0.015625s ]
INFO: [ app_begin ] --END-- [ RunTime:0.015625s ]
SQL: SHOW COLUMNS FROM `zxznz_doctor` [ RunTime:0.000000s ]
SQL: SHOW COLUMNS FROM `zxznz_hospital` [ RunTime:0.000000s ]
SQL: SELECT d.id,d.name,d.picture,(h.name)hos_name FROM zxznz_doctor d LEFT JOIN zxznz_hospital AS h ON d.hos_id=h.id  WHERE ( h.is_show = '1' ) ORDER BY d.id desc LIMIT 12   [ RunTime:0.000000s ]
SQL: SELECT `id`,`name`,`logo` FROM `zxznz_hospital` WHERE ( `is_show` = '1' ) AND ( `is_index` = '1' ) ORDER BY is_top desc LIMIT 9   [ RunTime:0.000000s ]
INFO: [ app_end ] --START--
INFO: Run Behavior\ShowPageTraceBehavior [ RunTime:0.000000s ]
INFO: [ app_end ] --END-- [ RunTime:0.000000s ]

[ 2017-03-09T16:52:53+08:00 ] 58.243.226.22 /api.php/api
INFO: [ app_init ] --START--
INFO: Run Behavior\BuildLiteBehavior [ RunTime:0.000000s ]
INFO: [ app_init ] --END-- [ RunTime:0.000000s ]
INFO: [ app_begin ] --START--
INFO: Run Behavior\ReadHtmlCacheBehavior [ RunTime:0.000000s ]
INFO: [ app_begin ] --END-- [ RunTime:0.000000s ]
SQL: SHOW COLUMNS FROM `zxznz_doctor` [ RunTime:0.000000s ]
SQL: SHOW COLUMNS FROM `zxznz_hospital` [ RunTime:0.000000s ]
SQL: SELECT d.id,d.name,d.picture,(h.name)hos_name FROM zxznz_doctor d LEFT JOIN zxznz_hospital AS h ON d.hos_id=h.id  WHERE ( h.is_show = '1' ) ORDER BY d.id desc LIMIT 12   [ RunTime:0.000000s ]
SQL: SELECT `id`,`name`,`logo` FROM `zxznz_hospital` WHERE ( `is_show` = '1' ) AND ( `is_index` = '1' ) ORDER BY is_top desc LIMIT 9   [ RunTime:0.000000s ]
INFO: [ app_end ] --START--
INFO: Run Behavior\ShowPageTraceBehavior [ RunTime:0.000000s ]
INFO: [ app_end ] --END-- [ RunTime:0.000000s ]

[ 2017-03-09T16:53:06+08:00 ] 58.243.226.22 /api.php/api
INFO: [ app_init ] --START--
INFO: Run Behavior\BuildLiteBehavior [ RunTime:0.000000s ]
INFO: [ app_init ] --END-- [ RunTime:0.000000s ]
INFO: [ app_begin ] --START--
INFO: Run Behavior\ReadHtmlCacheBehavior [ RunTime:0.000000s ]
INFO: [ app_begin ] --END-- [ RunTime:0.000000s ]
SQL: SHOW COLUMNS FROM `zxznz_doctor` [ RunTime:0.015625s ]
SQL: SHOW COLUMNS FROM `zxznz_hospital` [ RunTime:0.000000s ]
SQL: SELECT d.id,d.name,d.picture,(h.name)hos_name FROM zxznz_doctor d LEFT JOIN zxznz_hospital AS h ON d.hos_id=h.id  WHERE ( h.is_show = '1' ) ORDER BY d.id desc LIMIT 12   [ RunTime:0.000000s ]
SQL: SELECT `id`,`name`,`logo` FROM `zxznz_hospital` WHERE ( `is_show` = '1' ) AND ( `is_index` = '1' ) ORDER BY is_top desc LIMIT 9   [ RunTime:0.000000s ]
INFO: [ app_end ] --START--
INFO: Run Behavior\ShowPageTraceBehavior [ RunTime:0.000000s ]
INFO: [ app_end ] --END-- [ RunTime:0.000000s ]

[ 2017-03-09T16:53:19+08:00 ] 58.243.226.22 /api.php/api
INFO: [ app_init ] --START--
INFO: Run Behavior\BuildLiteBehavior [ RunTime:0.000000s ]
INFO: [ app_init ] --END-- [ RunTime:0.000000s ]
INFO: [ app_begin ] --START--
INFO: Run Behavior\ReadHtmlCacheBehavior [ RunTime:0.000000s ]
INFO: [ app_begin ] --END-- [ RunTime:0.000000s ]
SQL: SHOW COLUMNS FROM `zxznz_doctor` [ RunTime:0.000000s ]
SQL: SHOW COLUMNS FROM `zxznz_hospital` [ RunTime:0.000000s ]
SQL: SELECT d.id,d.name,d.picture,(h.name)hos_name FROM zxznz_doctor d LEFT JOIN zxznz_hospital AS h ON d.hos_id=h.id  WHERE ( h.is_show = '1' ) ORDER BY d.id desc LIMIT 12   [ RunTime:0.015625s ]
SQL: SELECT `id`,`name`,`logo` FROM `zxznz_hospital` WHERE ( `is_show` = '1' ) AND ( `is_index` = '1' ) ORDER BY is_top desc LIMIT 9   [ RunTime:0.000000s ]
INFO: [ app_end ] --START--
INFO: Run Behavior\ShowPageTraceBehavior [ RunTime:0.000000s ]
INFO: [ app_end ] --END-- [ RunTime:0.000000s ]

[ 2017-03-09T16:53:25+08:00 ] 58.243.226.22 /api.php/api
INFO: [ app_init ] --START--
INFO: Run Behavior\BuildLiteBehavior [ RunTime:0.000000s ]
INFO: [ app_init ] --END-- [ RunTime:0.000000s ]
INFO: [ app_begin ] --START--
INFO: Run Behavior\ReadHtmlCacheBehavior [ RunTime:0.015624s ]
INFO: [ app_begin ] --END-- [ RunTime:0.015624s ]
SQL: SHOW COLUMNS FROM `zxznz_doctor` [ RunTime:0.000000s ]
SQL: SHOW COLUMNS FROM `zxznz_hospital` [ RunTime:0.015625s ]
SQL: SELECT d.id,d.name,d.picture,(h.name)hos_name FROM zxznz_doctor d LEFT JOIN zxznz_hospital AS h ON d.hos_id=h.id  WHERE ( h.is_show = '1' ) ORDER BY d.id desc LIMIT 12   [ RunTime:0.000000s ]
SQL: SELECT `id`,`name`,`logo` FROM `zxznz_hospital` WHERE ( `is_show` = '1' ) AND ( `is_index` = '1' ) ORDER BY is_top desc LIMIT 9   [ RunTime:0.000000s ]
INFO: [ app_end ] --START--
INFO: Run Behavior\ShowPageTraceBehavior [ RunTime:0.000000s ]
INFO: [ app_end ] --END-- [ RunTime:0.000000s ]

[ 2017-03-09T16:53:32+08:00 ] 58.243.226.22 /api.php/api/Hospital/detial
INFO: [ app_init ] --START--
INFO: Run Behavior\BuildLiteBehavior [ RunTime:0.000000s ]
INFO: [ app_init ] --END-- [ RunTime:0.000000s ]
INFO: [ app_begin ] --START--
INFO: Run Behavior\ReadHtmlCacheBehavior [ RunTime:0.000000s ]
INFO: [ app_begin ] --END-- [ RunTime:0.000000s ]
SQL: SHOW COLUMNS FROM `zxznz_hospital` [ RunTime:0.000000s ]
SQL: SELECT `id`,`name`,`tel`,`address`,`logo`,`intro`,`like` FROM `zxznz_hospital` WHERE ( `id` = 38 ) LIMIT 1   [ RunTime:0.000000s ]
INFO: [ app_end ] --START--
INFO: Run Behavior\ShowPageTraceBehavior [ RunTime:0.000000s ]
INFO: [ app_end ] --END-- [ RunTime:0.000000s ]

[ 2017-03-09T16:53:39+08:00 ] 58.243.226.22 /api.php/api
INFO: [ app_init ] --START--
INFO: Run Behavior\BuildLiteBehavior [ RunTime:0.000000s ]
INFO: [ app_init ] --END-- [ RunTime:0.000000s ]
INFO: [ app_begin ] --START--
INFO: Run Behavior\ReadHtmlCacheBehavior [ RunTime:0.000000s ]
INFO: [ app_begin ] --END-- [ RunTime:0.000000s ]
SQL: SHOW COLUMNS FROM `zxznz_doctor` [ RunTime:0.000000s ]
SQL: SHOW COLUMNS FROM `zxznz_hospital` [ RunTime:0.000000s ]
SQL: SELECT d.id,d.name,d.picture,(h.name)hos_name FROM zxznz_doctor d LEFT JOIN zxznz_hospital AS h ON d.hos_id=h.id  WHERE ( h.is_show = '1' ) ORDER BY d.id desc LIMIT 12   [ RunTime:0.000000s ]
SQL: SELECT `id`,`name`,`logo` FROM `zxznz_hospital` WHERE ( `is_show` = '1' ) AND ( `is_index` = '1' ) ORDER BY is_top desc LIMIT 9   [ RunTime:0.000000s ]
INFO: [ app_end ] --START--
INFO: Run Behavior\ShowPageTraceBehavior [ RunTime:0.000000s ]
INFO: [ app_end ] --END-- [ RunTime:0.000000s ]

[ 2017-03-09T16:54:12+08:00 ] 103.240.125.48 /api.php/api/Hospital/detial
INFO: [ app_init ] --START--
INFO: Run Behavior\BuildLiteBehavior [ RunTime:0.000000s ]
INFO: [ app_init ] --END-- [ RunTime:0.000000s ]
INFO: [ app_begin ] --START--
INFO: Run Behavior\ReadHtmlCacheBehavior [ RunTime:0.000000s ]
INFO: [ app_begin ] --END-- [ RunTime:0.000000s ]
SQL: SHOW COLUMNS FROM `zxznz_hospital` [ RunTime:0.000000s ]
SQL: SELECT `id`,`name`,`tel`,`address`,`logo`,`intro`,`like` FROM `zxznz_hospital` WHERE ( `id` = 47 ) LIMIT 1   [ RunTime:0.000000s ]
INFO: [ app_end ] --START--
INFO: Run Behavior\ShowPageTraceBehavior [ RunTime:0.000000s ]
INFO: [ app_end ] --END-- [ RunTime:0.000000s ]

[ 2017-03-09T16:54:18+08:00 ] 103.240.125.48 /api.php/api
INFO: [ app_init ] --START--
INFO: Run Behavior\BuildLiteBehavior [ RunTime:0.000000s ]
INFO: [ app_init ] --END-- [ RunTime:0.000000s ]
INFO: [ app_begin ] --START--
INFO: Run Behavior\ReadHtmlCacheBehavior [ RunTime:0.000000s ]
INFO: [ app_begin ] --END-- [ RunTime:0.000000s ]
SQL: SHOW COLUMNS FROM `zxznz_doctor` [ RunTime:0.015624s ]
SQL: SHOW COLUMNS FROM `zxznz_hospital` [ RunTime:0.000000s ]
SQL: SELECT d.id,d.name,d.picture,(h.name)hos_name FROM zxznz_doctor d LEFT JOIN zxznz_hospital AS h ON d.hos_id=h.id  WHERE ( h.is_show = '1' ) ORDER BY d.id desc LIMIT 12   [ RunTime:0.000000s ]
SQL: SELECT `id`,`name`,`logo` FROM `zxznz_hospital` WHERE ( `is_show` = '1' ) AND ( `is_index` = '1' ) ORDER BY is_top desc LIMIT 9   [ RunTime:0.000000s ]
INFO: [ app_end ] --START--
INFO: Run Behavior\ShowPageTraceBehavior [ RunTime:0.000000s ]
INFO: [ app_end ] --END-- [ RunTime:0.000000s ]

[ 2017-03-09T16:54:55+08:00 ] 58.243.226.22 /api.php/api
INFO: [ app_init ] --START--
INFO: Run Behavior\BuildLiteBehavior [ RunTime:0.000000s ]
INFO: [ app_init ] --END-- [ RunTime:0.000000s ]
INFO: [ app_begin ] --START--
INFO: Run Behavior\ReadHtmlCacheBehavior [ RunTime:0.000000s ]
INFO: [ app_begin ] --END-- [ RunTime:0.000000s ]
SQL: SHOW COLUMNS FROM `zxznz_doctor` [ RunTime:0.000000s ]
SQL: SHOW COLUMNS FROM `zxznz_hospital` [ RunTime:0.000000s ]
SQL: SELECT d.id,d.name,d.picture,(h.name)hos_name FROM zxznz_doctor d LEFT JOIN zxznz_hospital AS h ON d.hos_id=h.id  WHERE ( h.is_show = '1' ) ORDER BY d.id desc LIMIT 12   [ RunTime:0.000000s ]
SQL: SELECT `id`,`name`,`logo` FROM `zxznz_hospital` WHERE ( `is_show` = '1' ) AND ( `is_index` = '1' ) ORDER BY is_top desc LIMIT 9   [ RunTime:0.000000s ]
INFO: [ app_end ] --START--
INFO: Run Behavior\ShowPageTraceBehavior [ RunTime:0.000000s ]
INFO: [ app_end ] --END-- [ RunTime:0.000000s ]

[ 2017-03-09T16:55:08+08:00 ] 58.243.226.22 /api.php/api
INFO: [ app_init ] --START--
INFO: Run Behavior\BuildLiteBehavior [ RunTime:0.000000s ]
INFO: [ app_init ] --END-- [ RunTime:0.000000s ]
INFO: [ app_begin ] --START--
INFO: Run Behavior\ReadHtmlCacheBehavior [ RunTime:0.000000s ]
INFO: [ app_begin ] --END-- [ RunTime:0.000000s ]
SQL: SHOW COLUMNS FROM `zxznz_doctor` [ RunTime:0.000000s ]
SQL: SHOW COLUMNS FROM `zxznz_hospital` [ RunTime:0.000000s ]
SQL: SELECT d.id,d.name,d.picture,(h.name)hos_name FROM zxznz_doctor d LEFT JOIN zxznz_hospital AS h ON d.hos_id=h.id  WHERE ( h.is_show = '1' ) ORDER BY d.id desc LIMIT 12   [ RunTime:0.000000s ]
SQL: SELECT `id`,`name`,`logo` FROM `zxznz_hospital` WHERE ( `is_show` = '1' ) AND ( `is_index` = '1' ) ORDER BY is_top desc LIMIT 9   [ RunTime:0.000000s ]
INFO: [ app_end ] --START--
INFO: Run Behavior\ShowPageTraceBehavior [ RunTime:0.000000s ]
INFO: [ app_end ] --END-- [ RunTime:0.000000s ]

[ 2017-03-09T17:08:36+08:00 ] 180.173.90.235 /index.php/admin/publish/ajaxgetcitys/province/undefined
ERR: 非法操作:ajaxgetcitys

[ 2017-03-09T17:08:45+08:00 ] 180.173.90.235 /index.php/admin/publish/ajaxgetcitys/province/undefined
ERR: 非法操作:ajaxgetcitys

[ 2017-03-09T17:09:02+08:00 ] 180.173.90.235 /index.php/admin/publish/ajaxgetcitys/province/undefined
ERR: 非法操作:ajaxgetcitys

[ 2017-03-09T17:09:08+08:00 ] 180.173.90.235 /index.php/admin/publish/ajaxgetcitys/province/undefined
ERR: 非法操作:ajaxgetcitys

[ 2017-03-09T17:10:23+08:00 ] 180.173.90.235 /index.php/admin/publish/ajaxgetcitys/province/undefined
ERR: 非法操作:ajaxgetcitys

[ 2017-03-09T17:10:24+08:00 ] 180.173.90.235 /index.php/admin/publish/ajaxgetcitys/province/undefined
ERR: 非法操作:ajaxgetcitys

[ 2017-03-09T17:11:47+08:00 ] 180.173.90.235 /index.php/admin/publish/ajaxgetcitys/province/undefined
ERR: 非法操作:ajaxgetcitys

[ 2017-03-09T17:16:06+08:00 ] 180.173.90.235 /api.php/api
INFO: [ app_init ] --START--
INFO: Run Behavior\BuildLiteBehavior [ RunTime:0.000000s ]
INFO: [ app_init ] --END-- [ RunTime:0.000000s ]
INFO: [ app_begin ] --START--
INFO: Run Behavior\ReadHtmlCacheBehavior [ RunTime:0.000000s ]
INFO: [ app_begin ] --END-- [ RunTime:0.000000s ]
SQL: SHOW COLUMNS FROM `zxznz_doctor` [ RunTime:0.000000s ]
SQL: SHOW COLUMNS FROM `zxznz_hospital` [ RunTime:0.000000s ]
SQL: SELECT d.id,d.name,d.picture,(h.name)hos_name FROM zxznz_doctor d LEFT JOIN zxznz_hospital AS h ON d.hos_id=h.id  WHERE ( h.is_show = '1' ) ORDER BY d.id desc LIMIT 12   [ RunTime:0.015624s ]
SQL: SELECT `id`,`name`,`logo` FROM `zxznz_hospital` WHERE ( `is_show` = '1' ) AND ( `is_index` = '1' ) ORDER BY is_top desc LIMIT 9   [ RunTime:0.000000s ]
INFO: [ app_end ] --START--
INFO: Run Behavior\ShowPageTraceBehavior [ RunTime:0.000000s ]
INFO: [ app_end ] --END-- [ RunTime:0.000000s ]

[ 2017-03-09T17:20:01+08:00 ] 180.173.90.235 /api.php/api/Hospital/index
INFO: [ app_init ] --START--
INFO: Run Behavior\BuildLiteBehavior [ RunTime:0.000000s ]
INFO: [ app_init ] --END-- [ RunTime:0.000000s ]
INFO: [ app_begin ] --START--
INFO: Run Behavior\ReadHtmlCacheBehavior [ RunTime:0.015625s ]
INFO: [ app_begin ] --END-- [ RunTime:0.015625s ]
SQL: SHOW COLUMNS FROM `zxznz_hospital` [ RunTime:0.000000s ]
SQL: SELECT `id`,`name`,`logo` FROM `zxznz_hospital` WHERE ( `is_show` = '1' ) ORDER BY is_top desc LIMIT 0,8   [ RunTime:0.000000s ]
INFO: [ app_end ] --START--
INFO: Run Behavior\ShowPageTraceBehavior [ RunTime:0.000000s ]
INFO: [ app_end ] --END-- [ RunTime:0.000000s ]

[ 2017-03-09T17:24:00+08:00 ] 223.104.5.226 /api.php/api
INFO: [ app_init ] --START--
INFO: Run Behavior\BuildLiteBehavior [ RunTime:0.000000s ]
INFO: [ app_init ] --END-- [ RunTime:0.000000s ]
INFO: [ app_begin ] --START--
INFO: Run Behavior\ReadHtmlCacheBehavior [ RunTime:0.000000s ]
INFO: [ app_begin ] --END-- [ RunTime:0.000000s ]
SQL: SHOW COLUMNS FROM `zxznz_doctor` [ RunTime:0.000000s ]
SQL: SHOW COLUMNS FROM `zxznz_hospital` [ RunTime:0.000000s ]
SQL: SELECT d.id,d.name,d.picture,(h.name)hos_name FROM zxznz_doctor d LEFT JOIN zxznz_hospital AS h ON d.hos_id=h.id  WHERE ( h.is_show = '1' ) ORDER BY d.id desc LIMIT 12   [ RunTime:0.000000s ]
SQL: SELECT `id`,`name`,`logo` FROM `zxznz_hospital` WHERE ( `is_show` = '1' ) AND ( `is_index` = '1' ) ORDER BY is_top desc LIMIT 9   [ RunTime:0.000000s ]
INFO: [ app_end ] --START--
INFO: Run Behavior\ShowPageTraceBehavior [ RunTime:0.000000s ]
INFO: [ app_end ] --END-- [ RunTime:0.000000s ]

[ 2017-03-09T17:24:45+08:00 ] 58.241.44.246 /api.php/api
INFO: [ app_init ] --START--
INFO: Run Behavior\BuildLiteBehavior [ RunTime:0.000000s ]
INFO: [ app_init ] --END-- [ RunTime:0.000000s ]
INFO: [ app_begin ] --START--
INFO: Run Behavior\ReadHtmlCacheBehavior [ RunTime:0.000000s ]
INFO: [ app_begin ] --END-- [ RunTime:0.000000s ]
SQL: SHOW COLUMNS FROM `zxznz_doctor` [ RunTime:0.000000s ]
SQL: SHOW COLUMNS FROM `zxznz_hospital` [ RunTime:0.000000s ]
SQL: SELECT d.id,d.name,d.picture,(h.name)hos_name FROM zxznz_doctor d LEFT JOIN zxznz_hospital AS h ON d.hos_id=h.id  WHERE ( h.is_show = '1' ) ORDER BY d.id desc LIMIT 12   [ RunTime:0.000000s ]
SQL: SELECT `id`,`name`,`logo` FROM `zxznz_hospital` WHERE ( `is_show` = '1' ) AND ( `is_index` = '1' ) ORDER BY is_top desc LIMIT 9   [ RunTime:0.000000s ]
INFO: [ app_end ] --START--
INFO: Run Behavior\ShowPageTraceBehavior [ RunTime:0.000000s ]
INFO: [ app_end ] --END-- [ RunTime:0.000000s ]

[ 2017-03-09T17:25:57+08:00 ] 58.241.44.246 /api.php/api
INFO: [ app_init ] --START--
INFO: Run Behavior\BuildLiteBehavior [ RunTime:0.000000s ]
INFO: [ app_init ] --END-- [ RunTime:0.000000s ]
INFO: [ app_begin ] --START--
INFO: Run Behavior\ReadHtmlCacheBehavior [ RunTime:0.000000s ]
INFO: [ app_begin ] --END-- [ RunTime:0.000000s ]
SQL: SHOW COLUMNS FROM `zxznz_doctor` [ RunTime:0.000000s ]
SQL: SHOW COLUMNS FROM `zxznz_hospital` [ RunTime:0.000000s ]
SQL: SELECT d.id,d.name,d.picture,(h.name)hos_name FROM zxznz_doctor d LEFT JOIN zxznz_hospital AS h ON d.hos_id=h.id  WHERE ( h.is_show = '1' ) ORDER BY d.id desc LIMIT 12   [ RunTime:0.000000s ]
SQL: SELECT `id`,`name`,`logo` FROM `zxznz_hospital` WHERE ( `is_show` = '1' ) AND ( `is_index` = '1' ) ORDER BY is_top desc LIMIT 9   [ RunTime:0.000000s ]
INFO: [ app_end ] --START--
INFO: Run Behavior\ShowPageTraceBehavior [ RunTime:0.000000s ]
INFO: [ app_end ] --END-- [ RunTime:0.000000s ]

[ 2017-03-09T17:29:17+08:00 ] 180.173.90.235 /index.php/Admin/Object/lst
ERR: 无法加载控制器:Object

[ 2017-03-09T17:35:53+08:00 ] 180.173.90.235 /index.php/Admin/Object/lst
ERR: 无法加载控制器:Object

[ 2017-03-09T17:35:59+08:00 ] 180.173.90.235 /index.php/Admin/Object/lst
ERR: 无法加载控制器:Object

[ 2017-03-09T17:37:16+08:00 ] 180.173.90.235 /index.php/admin/publish/ajaxgetcitys/province/undefined
ERR: 非法操作:ajaxgetcitys

[ 2017-03-09T18:03:29+08:00 ] 180.173.90.235 /index.php/admin/publish/ajaxgetcitys/province/undefined
ERR: 非法操作:ajaxgetcitys

[ 2017-03-09T19:01:58+08:00 ] 223.104.5.237 /api.php/api
INFO: [ app_init ] --START--
INFO: Run Behavior\BuildLiteBehavior [ RunTime:0.000000s ]
INFO: [ app_init ] --END-- [ RunTime:0.000000s ]
INFO: [ app_begin ] --START--
INFO: Run Behavior\ReadHtmlCacheBehavior [ RunTime:0.000000s ]
INFO: [ app_begin ] --END-- [ RunTime:0.000000s ]
SQL: SHOW COLUMNS FROM `zxznz_doctor` [ RunTime:0.000000s ]
SQL: SHOW COLUMNS FROM `zxznz_hospital` [ RunTime:0.015625s ]
SQL: SELECT d.id,d.name,d.picture,(h.name)hos_name FROM zxznz_doctor d LEFT JOIN zxznz_hospital AS h ON d.hos_id=h.id  WHERE ( h.is_show = '1' ) ORDER BY d.id desc LIMIT 12   [ RunTime:0.000000s ]
SQL: SELECT `id`,`name`,`logo` FROM `zxznz_hospital` WHERE ( `is_show` = '1' ) AND ( `is_index` = '1' ) ORDER BY is_top desc LIMIT 9   [ RunTime:0.000000s ]
INFO: [ app_end ] --START--
INFO: Run Behavior\ShowPageTraceBehavior [ RunTime:0.000000s ]
INFO: [ app_end ] --END-- [ RunTime:0.000000s ]

[ 2017-03-09T20:46:10+08:00 ] 223.104.5.239 /api.php/api
INFO: [ app_init ] --START--
INFO: Run Behavior\BuildLiteBehavior [ RunTime:0.000000s ]
INFO: [ app_init ] --END-- [ RunTime:0.000000s ]
INFO: [ app_begin ] --START--
INFO: Run Behavior\ReadHtmlCacheBehavior [ RunTime:0.000000s ]
INFO: [ app_begin ] --END-- [ RunTime:0.000000s ]
SQL: SHOW COLUMNS FROM `zxznz_doctor` [ RunTime:0.015624s ]
SQL: SHOW COLUMNS FROM `zxznz_hospital` [ RunTime:0.000000s ]
SQL: SELECT d.id,d.name,d.picture,(h.name)hos_name FROM zxznz_doctor d LEFT JOIN zxznz_hospital AS h ON d.hos_id=h.id  WHERE ( h.is_show = '1' ) ORDER BY d.id desc LIMIT 12   [ RunTime:0.000000s ]
SQL: SELECT `id`,`name`,`logo` FROM `zxznz_hospital` WHERE ( `is_show` = '1' ) AND ( `is_index` = '1' ) ORDER BY is_top desc LIMIT 9   [ RunTime:0.000000s ]
INFO: [ app_end ] --START--
INFO: Run Behavior\ShowPageTraceBehavior [ RunTime:0.000000s ]
INFO: [ app_end ] --END-- [ RunTime:0.000000s ]

[ 2017-03-09T20:46:13+08:00 ] 223.104.5.239 /api.php/api
INFO: [ app_init ] --START--
INFO: Run Behavior\BuildLiteBehavior [ RunTime:0.000000s ]
INFO: [ app_init ] --END-- [ RunTime:0.000000s ]
INFO: [ app_begin ] --START--
INFO: Run Behavior\ReadHtmlCacheBehavior [ RunTime:0.000000s ]
INFO: [ app_begin ] --END-- [ RunTime:0.000000s ]
SQL: SHOW COLUMNS FROM `zxznz_doctor` [ RunTime:0.000000s ]
SQL: SHOW COLUMNS FROM `zxznz_hospital` [ RunTime:0.000000s ]
SQL: SELECT d.id,d.name,d.picture,(h.name)hos_name FROM zxznz_doctor d LEFT JOIN zxznz_hospital AS h ON d.hos_id=h.id  WHERE ( h.is_show = '1' ) ORDER BY d.id desc LIMIT 12   [ RunTime:0.000000s ]
SQL: SELECT `id`,`name`,`logo` FROM `zxznz_hospital` WHERE ( `is_show` = '1' ) AND ( `is_index` = '1' ) ORDER BY is_top desc LIMIT 9   [ RunTime:0.000000s ]
INFO: [ app_end ] --START--
INFO: Run Behavior\ShowPageTraceBehavior [ RunTime:0.000000s ]
INFO: [ app_end ] --END-- [ RunTime:0.000000s ]

[ 2017-03-09T20:55:35+08:00 ] 220.181.108.181 /index.php/Home/Active/theme/navNum/6.html
ERR: 非法操作:theme

[ 2017-03-09T21:04:01+08:00 ] 180.162.249.105 /api.php/api
INFO: [ app_init ] --START--
INFO: Run Behavior\BuildLiteBehavior [ RunTime:0.000000s ]
INFO: [ app_init ] --END-- [ RunTime:0.000000s ]
INFO: [ app_begin ] --START--
INFO: Run Behavior\ReadHtmlCacheBehavior [ RunTime:0.000000s ]
INFO: [ app_begin ] --END-- [ RunTime:0.000000s ]
SQL: SHOW COLUMNS FROM `zxznz_doctor` [ RunTime:0.000000s ]
SQL: SHOW COLUMNS FROM `zxznz_hospital` [ RunTime:0.000000s ]
SQL: SELECT d.id,d.name,d.picture,(h.name)hos_name FROM zxznz_doctor d LEFT JOIN zxznz_hospital AS h ON d.hos_id=h.id  WHERE ( h.is_show = '1' ) ORDER BY d.id desc LIMIT 12   [ RunTime:0.000000s ]
SQL: SELECT `id`,`name`,`logo` FROM `zxznz_hospital` WHERE ( `is_show` = '1' ) AND ( `is_index` = '1' ) ORDER BY is_top desc LIMIT 9   [ RunTime:0.000000s ]
INFO: [ app_end ] --START--
INFO: Run Behavior\ShowPageTraceBehavior [ RunTime:0.000000s ]
INFO: [ app_end ] --END-- [ RunTime:0.000000s ]

[ 2017-03-09T21:04:40+08:00 ] 180.162.249.105 /api.php/api
INFO: [ app_init ] --START--
INFO: Run Behavior\BuildLiteBehavior [ RunTime:0.000000s ]
INFO: [ app_init ] --END-- [ RunTime:0.000000s ]
INFO: [ app_begin ] --START--
INFO: Run Behavior\ReadHtmlCacheBehavior [ RunTime:0.000000s ]
INFO: [ app_begin ] --END-- [ RunTime:0.000000s ]
SQL: SHOW COLUMNS FROM `zxznz_doctor` [ RunTime:0.000000s ]
SQL: SHOW COLUMNS FROM `zxznz_hospital` [ RunTime:0.000000s ]
SQL: SELECT d.id,d.name,d.picture,(h.name)hos_name FROM zxznz_doctor d LEFT JOIN zxznz_hospital AS h ON d.hos_id=h.id  WHERE ( h.is_show = '1' ) ORDER BY d.id desc LIMIT 12   [ RunTime:0.000000s ]
SQL: SELECT `id`,`name`,`logo` FROM `zxznz_hospital` WHERE ( `is_show` = '1' ) AND ( `is_index` = '1' ) ORDER BY is_top desc LIMIT 9   [ RunTime:0.000000s ]
INFO: [ app_end ] --START--
INFO: Run Behavior\ShowPageTraceBehavior [ RunTime:0.000000s ]
INFO: [ app_end ] --END-- [ RunTime:0.000000s ]

[ 2017-03-09T21:04:51+08:00 ] 180.162.249.105 /api.php/api
INFO: [ app_init ] --START--
INFO: Run Behavior\BuildLiteBehavior [ RunTime:0.000000s ]
INFO: [ app_init ] --END-- [ RunTime:0.000000s ]
INFO: [ app_begin ] --START--
INFO: Run Behavior\ReadHtmlCacheBehavior [ RunTime:0.000000s ]
INFO: [ app_begin ] --END-- [ RunTime:0.000000s ]
SQL: SHOW COLUMNS FROM `zxznz_doctor` [ RunTime:0.000000s ]
SQL: SHOW COLUMNS FROM `zxznz_hospital` [ RunTime:0.000000s ]
SQL: SELECT d.id,d.name,d.picture,(h.name)hos_name FROM zxznz_doctor d LEFT JOIN zxznz_hospital AS h ON d.hos_id=h.id  WHERE ( h.is_show = '1' ) ORDER BY d.id desc LIMIT 12   [ RunTime:0.000000s ]
SQL: SELECT `id`,`name`,`logo` FROM `zxznz_hospital` WHERE ( `is_show` = '1' ) AND ( `is_index` = '1' ) ORDER BY is_top desc LIMIT 9   [ RunTime:0.000000s ]
INFO: [ app_end ] --START--
INFO: Run Behavior\ShowPageTraceBehavior [ RunTime:0.000000s ]
INFO: [ app_end ] --END-- [ RunTime:0.000000s ]

[ 2017-03-09T21:05:40+08:00 ] 123.125.193.254 /api.php/api
INFO: [ app_init ] --START--
INFO: Run Behavior\BuildLiteBehavior [ RunTime:0.000000s ]
INFO: [ app_init ] --END-- [ RunTime:0.000000s ]
INFO: [ app_begin ] --START--
INFO: Run Behavior\ReadHtmlCacheBehavior [ RunTime:0.000000s ]
INFO: [ app_begin ] --END-- [ RunTime:0.000000s ]
SQL: SHOW COLUMNS FROM `zxznz_doctor` [ RunTime:0.000000s ]
SQL: SHOW COLUMNS FROM `zxznz_hospital` [ RunTime:0.000000s ]
SQL: SELECT d.id,d.name,d.picture,(h.name)hos_name FROM zxznz_doctor d LEFT JOIN zxznz_hospital AS h ON d.hos_id=h.id  WHERE ( h.is_show = '1' ) ORDER BY d.id desc LIMIT 12   [ RunTime:0.000000s ]
SQL: SELECT `id`,`name`,`logo` FROM `zxznz_hospital` WHERE ( `is_show` = '1' ) AND ( `is_index` = '1' ) ORDER BY is_top desc LIMIT 9   [ RunTime:0.000000s ]
INFO: [ app_end ] --START--
INFO: Run Behavior\ShowPageTraceBehavior [ RunTime:0.015624s ]
INFO: [ app_end ] --END-- [ RunTime:0.015624s ]

[ 2017-03-09T21:06:21+08:00 ] 58.241.44.240 /api.php/api/Hospital/index
INFO: [ app_init ] --START--
INFO: Run Behavior\BuildLiteBehavior [ RunTime:0.000000s ]
INFO: [ app_init ] --END-- [ RunTime:0.000000s ]
INFO: [ app_begin ] --START--
INFO: Run Behavior\ReadHtmlCacheBehavior [ RunTime:0.000000s ]
INFO: [ app_begin ] --END-- [ RunTime:0.000000s ]
SQL: SHOW COLUMNS FROM `zxznz_hospital` [ RunTime:0.000000s ]
SQL: SELECT `id`,`name`,`logo` FROM `zxznz_hospital` WHERE ( `is_show` = '1' ) ORDER BY is_top desc LIMIT 0,8   [ RunTime:0.000000s ]
INFO: [ app_end ] --START--
INFO: Run Behavior\ShowPageTraceBehavior [ RunTime:0.000000s ]
INFO: [ app_end ] --END-- [ RunTime:0.000000s ]

[ 2017-03-09T21:06:39+08:00 ] 58.241.44.240 /api.php/api/Hospital/index
INFO: [ app_init ] --START--
INFO: Run Behavior\BuildLiteBehavior [ RunTime:0.000000s ]
INFO: [ app_init ] --END-- [ RunTime:0.000000s ]
INFO: [ app_begin ] --START--
INFO: Run Behavior\ReadHtmlCacheBehavior [ RunTime:0.000000s ]
INFO: [ app_begin ] --END-- [ RunTime:0.000000s ]
SQL: SHOW COLUMNS FROM `zxznz_hospital` [ RunTime:0.000000s ]
SQL: SELECT `id`,`name`,`logo` FROM `zxznz_hospital` WHERE ( `is_show` = '1' ) ORDER BY is_top desc LIMIT 8,8   [ RunTime:0.015624s ]
INFO: [ app_end ] --START--
INFO: Run Behavior\ShowPageTraceBehavior [ RunTime:0.000000s ]
INFO: [ app_end ] --END-- [ RunTime:0.000000s ]

[ 2017-03-09T21:06:40+08:00 ] 58.241.44.240 /api.php/api/Hospital/detial
INFO: [ app_init ] --START--
INFO: Run Behavior\BuildLiteBehavior [ RunTime:0.000000s ]
INFO: [ app_init ] --END-- [ RunTime:0.000000s ]
INFO: [ app_begin ] --START--
INFO: Run Behavior\ReadHtmlCacheBehavior [ RunTime:0.000000s ]
INFO: [ app_begin ] --END-- [ RunTime:0.000000s ]
SQL: SHOW COLUMNS FROM `zxznz_hospital` [ RunTime:0.000000s ]
SQL: SELECT `id`,`name`,`tel`,`address`,`logo`,`intro`,`like` FROM `zxznz_hospital` WHERE ( `id` = 40 ) LIMIT 1   [ RunTime:0.000000s ]
INFO: [ app_end ] --START--
INFO: Run Behavior\ShowPageTraceBehavior [ RunTime:0.000000s ]
INFO: [ app_end ] --END-- [ RunTime:0.000000s ]

[ 2017-03-09T21:06:46+08:00 ] 58.241.44.240 /api.php/api/Hospital/detial
INFO: [ app_init ] --START--
INFO: Run Behavior\BuildLiteBehavior [ RunTime:0.000000s ]
INFO: [ app_init ] --END-- [ RunTime:0.000000s ]
INFO: [ app_begin ] --START--
INFO: Run Behavior\ReadHtmlCacheBehavior [ RunTime:0.000000s ]
INFO: [ app_begin ] --END-- [ RunTime:0.000000s ]
SQL: SHOW COLUMNS FROM `zxznz_hospital` [ RunTime:0.000000s ]
SQL: SELECT `id`,`name`,`tel`,`address`,`logo`,`intro`,`like` FROM `zxznz_hospital` WHERE ( `id` = 40 ) LIMIT 1   [ RunTime:0.000000s ]
INFO: [ app_end ] --START--
INFO: Run Behavior\ShowPageTraceBehavior [ RunTime:0.000000s ]
INFO: [ app_end ] --END-- [ RunTime:0.000000s ]

[ 2017-03-09T21:06:51+08:00 ] 58.241.44.240 /api.php/api/Hospital/detial
INFO: [ app_init ] --START--
INFO: Run Behavior\BuildLiteBehavior [ RunTime:0.000000s ]
INFO: [ app_init ] --END-- [ RunTime:0.000000s ]
INFO: [ app_begin ] --START--
INFO: Run Behavior\ReadHtmlCacheBehavior [ RunTime:0.000000s ]
INFO: [ app_begin ] --END-- [ RunTime:0.000000s ]
SQL: SHOW COLUMNS FROM `zxznz_hospital` [ RunTime:0.000000s ]
SQL: SELECT `id`,`name`,`tel`,`address`,`logo`,`intro`,`like` FROM `zxznz_hospital` WHERE ( `id` = 42 ) LIMIT 1   [ RunTime:0.000000s ]
INFO: [ app_end ] --START--
INFO: Run Behavior\ShowPageTraceBehavior [ RunTime:0.000000s ]
INFO: [ app_end ] --END-- [ RunTime:0.000000s ]

[ 2017-03-09T21:07:05+08:00 ] 58.241.44.240 /api.php/api/Hospital/detial
INFO: [ app_init ] --START--
INFO: Run Behavior\BuildLiteBehavior [ RunTime:0.000000s ]
INFO: [ app_init ] --END-- [ RunTime:0.000000s ]
INFO: [ app_begin ] --START--
INFO: Run Behavior\ReadHtmlCacheBehavior [ RunTime:0.000000s ]
INFO: [ app_begin ] --END-- [ RunTime:0.000000s ]
SQL: SHOW COLUMNS FROM `zxznz_hospital` [ RunTime:0.015624s ]
SQL: SELECT `id`,`name`,`tel`,`address`,`logo`,`intro`,`like` FROM `zxznz_hospital` WHERE ( `id` = 42 ) LIMIT 1   [ RunTime:0.000000s ]
INFO: [ app_end ] --START--
INFO: Run Behavior\ShowPageTraceBehavior [ RunTime:0.000000s ]
INFO: [ app_end ] --END-- [ RunTime:0.000000s ]

