[ 2017-01-10T09:24:57+08:00 ] 127.0.0.1 /index.php/Admin/Hospital/ajaxGetCitys/province/%E5%B1%B1%E8%A5%BF
INFO: [ app_begin ] --START--
INFO: Run Behavior\ReadHtmlCacheBehavior [ RunTime:0.000835s ]
INFO: [ app_begin ] --END-- [ RunTime:0.001932s ]
INFO: [ app_end ] --START--
INFO: Run Behavior\ShowPageTraceBehavior [ RunTime:0.000858s ]
INFO: [ app_end ] --END-- [ RunTime:0.000954s ]

[ 2017-01-10T09:34:56+08:00 ] 127.0.0.1 /index.php/Admin/Hospital/ajaxGetCitys/province/%E6%B1%9F%E8%8B%8F
INFO: [ app_begin ] --START--
INFO: Run Behavior\ReadHtmlCacheBehavior [ RunTime:0.000553s ]
INFO: [ app_begin ] --END-- [ RunTime:0.000962s ]
INFO: [ app_end ] --START--
INFO: Run Behavior\ShowPageTraceBehavior [ RunTime:0.000764s ]
INFO: [ app_end ] --END-- [ RunTime:0.000843s ]

[ 2017-01-10T09:37:08+08:00 ] 127.0.0.1 /index.php/Admin/Hospital/ajaxGetCitys/province/%E5%B1%B1%E4%B8%9C
INFO: [ app_begin ] --START--
INFO: Run Behavior\ReadHtmlCacheBehavior [ RunTime:0.001142s ]
INFO: [ app_begin ] --END-- [ RunTime:0.001968s ]
INFO: [ app_end ] --START--
INFO: Run Behavior\ShowPageTraceBehavior [ RunTime:0.001415s ]
INFO: [ app_end ] --END-- [ RunTime:0.001573s ]

[ 2017-01-10T09:53:05+08:00 ] 127.0.0.1 /index.php/Admin/Hospital/ajaxGetCitys/province/%E5%B1%B1%E4%B8%9C
INFO: [ app_begin ] --START--
INFO: Run Behavior\ReadHtmlCacheBehavior [ RunTime:0.001338s ]
INFO: [ app_begin ] --END-- [ RunTime:0.001964s ]
INFO: [ app_end ] --START--
INFO: Run Behavior\ShowPageTraceBehavior [ RunTime:0.001040s ]
INFO: [ app_end ] --END-- [ RunTime:0.001138s ]

[ 2017-01-10T09:54:01+08:00 ] 127.0.0.1 /index.php/Admin/Hospital/ajaxGetCitys/province/%E6%B5%99%E6%B1%9F
INFO: [ app_begin ] --START--
INFO: Run Behavior\ReadHtmlCacheBehavior [ RunTime:0.000931s ]
INFO: [ app_begin ] --END-- [ RunTime:0.001505s ]
INFO: [ app_end ] --START--
INFO: Run Behavior\ShowPageTraceBehavior [ RunTime:0.002664s ]
INFO: [ app_end ] --END-- [ RunTime:0.002784s ]

[ 2017-01-10T09:56:50+08:00 ] 127.0.0.1 /index.php/Admin/Hospital/ajaxGetCitys/province/%E6%B2%B3%E5%8D%97
INFO: [ app_begin ] --START--
INFO: Run Behavior\ReadHtmlCacheBehavior [ RunTime:0.001009s ]
INFO: [ app_begin ] --END-- [ RunTime:0.001640s ]
INFO: [ app_end ] --START--
INFO: Run Behavior\ShowPageTraceBehavior [ RunTime:0.000983s ]
INFO: [ app_end ] --END-- [ RunTime:0.001067s ]

[ 2017-01-10T10:09:57+08:00 ] 127.0.0.1 /index.php/Admin/Hospital/delete/id/1.html
ERR: 非法操作:delete

[ 2017-01-10T10:11:44+08:00 ] 127.0.0.1 /index.php/Admin/Hospital/delete/id/1.html
ERR: 非法操作:delete

[ 2017-01-10T10:12:46+08:00 ] 127.0.0.1 /index.php/Admin/Hospital/delete/id/1.html
ERR: 非法操作:delete

[ 2017-01-10T10:13:16+08:00 ] 127.0.0.1 /index.php/Admin/Hospital/delete/id/1.html
ERR: 非法操作:delete

[ 2017-01-10T11:04:07+08:00 ] 127.0.0.1 /index.php/Admin/Hospital/ajaxGetCitys/province/%E4%B8%8A%E6%B5%B7
INFO: [ app_begin ] --START--
INFO: Run Behavior\ReadHtmlCacheBehavior [ RunTime:0.000573s ]
INFO: [ app_begin ] --END-- [ RunTime:0.001157s ]
INFO: [ app_end ] --START--
INFO: Run Behavior\ShowPageTraceBehavior [ RunTime:0.001358s ]
INFO: [ app_end ] --END-- [ RunTime:0.001563s ]

[ 2017-01-10T11:06:09+08:00 ] 127.0.0.1 /index.php/Admin/Hospital/ajaxGetCitys/province/%E4%B8%8A%E6%B5%B7
INFO: [ app_begin ] --START--
INFO: Run Behavior\ReadHtmlCacheBehavior [ RunTime:0.000554s ]
INFO: [ app_begin ] --END-- [ RunTime:0.000964s ]
INFO: [ app_end ] --START--
INFO: Run Behavior\ShowPageTraceBehavior [ RunTime:0.000594s ]
INFO: [ app_end ] --END-- [ RunTime:0.000666s ]

[ 2017-01-10T11:06:49+08:00 ] 127.0.0.1 /index.php/Admin/Hospital/ajaxGetCitys/province/%E4%B8%8A%E6%B5%B7
INFO: [ app_begin ] --START--
INFO: Run Behavior\ReadHtmlCacheBehavior [ RunTime:0.000629s ]
INFO: [ app_begin ] --END-- [ RunTime:0.001145s ]
INFO: [ app_end ] --START--
INFO: Run Behavior\ShowPageTraceBehavior [ RunTime:0.000701s ]
INFO: [ app_end ] --END-- [ RunTime:0.000862s ]

[ 2017-01-10T11:16:21+08:00 ] 127.0.0.1 /index.php/Admin/Hospital/ajaxGetCitys/province/%E9%BB%91%E9%BE%99%E6%B1%9F
INFO: [ app_begin ] --START--
INFO: Run Behavior\ReadHtmlCacheBehavior [ RunTime:0.001358s ]
INFO: [ app_begin ] --END-- [ RunTime:0.002188s ]
INFO: [ app_end ] --START--
INFO: Run Behavior\ShowPageTraceBehavior [ RunTime:0.001099s ]
INFO: [ app_end ] --END-- [ RunTime:0.001208s ]

[ 2017-01-10T11:18:43+08:00 ] 127.0.0.1 /index.php/Admin/Hospital/ajaxGetCitys/province/%E6%B2%B3%E5%8C%97
INFO: [ app_begin ] --START--
INFO: Run Behavior\ReadHtmlCacheBehavior [ RunTime:0.001015s ]
INFO: [ app_begin ] --END-- [ RunTime:0.001677s ]
INFO: [ app_end ] --START--
INFO: Run Behavior\ShowPageTraceBehavior [ RunTime:0.000585s ]
INFO: [ app_end ] --END-- [ RunTime:0.000657s ]

[ 2017-01-10T11:19:34+08:00 ] 127.0.0.1 /index.php/Admin/Comment/index
ERR: 无法加载控制器:Comment

[ 2017-01-10T12:03:33+08:00 ] 127.0.0.1 /index.php/Admin/Hospital/ajaxGetCitys/province/%E4%B8%8A%E6%B5%B7
INFO: [ app_begin ] --START--
INFO: Run Behavior\ReadHtmlCacheBehavior [ RunTime:0.000834s ]
INFO: [ app_begin ] --END-- [ RunTime:0.001386s ]
INFO: [ app_end ] --START--
INFO: Run Behavior\ShowPageTraceBehavior [ RunTime:0.000944s ]
INFO: [ app_end ] --END-- [ RunTime:0.001025s ]

[ 2017-01-10T12:03:37+08:00 ] 127.0.0.1 /index.php/Admin/Hospital/ajaxGetCitys/province/%E8%BE%BD%E5%AE%81
INFO: [ app_begin ] --START--
INFO: Run Behavior\ReadHtmlCacheBehavior [ RunTime:0.001205s ]
INFO: [ app_begin ] --END-- [ RunTime:0.001698s ]
INFO: [ app_end ] --START--
INFO: Run Behavior\ShowPageTraceBehavior [ RunTime:0.000833s ]
INFO: [ app_end ] --END-- [ RunTime:0.000904s ]

[ 2017-01-10T12:06:11+08:00 ] 127.0.0.1 /index.php/Admin/Hospital/ajaxGetCitys/province/%E5%86%85%E8%92%99%E5%8F%A4
INFO: [ app_begin ] --START--
INFO: Run Behavior\ReadHtmlCacheBehavior [ RunTime:0.000701s ]
INFO: [ app_begin ] --END-- [ RunTime:0.001236s ]
INFO: [ app_end ] --START--
INFO: Run Behavior\ShowPageTraceBehavior [ RunTime:0.000699s ]
INFO: [ app_end ] --END-- [ RunTime:0.000771s ]

[ 2017-01-10T12:47:56+08:00 ] 127.0.0.1 /Admin/Hospi
ERR: 无法加载控制器:Hospi

[ 2017-01-10T12:48:34+08:00 ] 127.0.0.1 /index.php/Admin/Hospital/ajaxGetCitys/province/%E5%86%85%E8%92%99%E5%8F%A4
INFO: [ app_begin ] --START--
INFO: Run Behavior\ReadHtmlCacheBehavior [ RunTime:0.000595s ]
INFO: [ app_begin ] --END-- [ RunTime:0.001060s ]
INFO: [ app_end ] --START--
INFO: Run Behavior\ShowPageTraceBehavior [ RunTime:0.000586s ]
INFO: [ app_end ] --END-- [ RunTime:0.000656s ]

[ 2017-01-10T12:48:38+08:00 ] 127.0.0.1 /index.php/Admin/Hospital/ajaxGetCitys/province/%E7%A6%8F%E5%BB%BA
INFO: [ app_begin ] --START--
INFO: Run Behavior\ReadHtmlCacheBehavior [ RunTime:0.000613s ]
INFO: [ app_begin ] --END-- [ RunTime:0.001132s ]
INFO: [ app_end ] --START--
INFO: Run Behavior\ShowPageTraceBehavior [ RunTime:0.000580s ]
INFO: [ app_end ] --END-- [ RunTime:0.000652s ]

[ 2017-01-10T13:05:33+08:00 ] 127.0.0.1 /index.php/Admin/Hospital/ajaxGetCitys/province/%E5%86%85%E8%92%99%E5%8F%A4
INFO: [ app_begin ] --START--
INFO: Run Behavior\ReadHtmlCacheBehavior [ RunTime:0.000796s ]
INFO: [ app_begin ] --END-- [ RunTime:0.001372s ]
INFO: [ app_end ] --START--
INFO: Run Behavior\ShowPageTraceBehavior [ RunTime:0.000684s ]
INFO: [ app_end ] --END-- [ RunTime:0.000765s ]

[ 2017-01-10T13:07:15+08:00 ] 127.0.0.1 /index.php/Admin/Hospital/ajaxGetCitys/province/%E5%90%89%E6%9E%97
INFO: [ app_begin ] --START--
INFO: Run Behavior\ReadHtmlCacheBehavior [ RunTime:0.000694s ]
INFO: [ app_begin ] --END-- [ RunTime:0.001121s ]
INFO: [ app_end ] --START--
INFO: Run Behavior\ShowPageTraceBehavior [ RunTime:0.000573s ]
INFO: [ app_end ] --END-- [ RunTime:0.000644s ]

[ 2017-01-10T13:09:06+08:00 ] 127.0.0.1 /index.php/Admin/Hospital/ajaxGetCitys/province/%E6%B9%96%E5%8C%97
INFO: [ app_begin ] --START--
INFO: Run Behavior\ReadHtmlCacheBehavior [ RunTime:0.000668s ]
INFO: [ app_begin ] --END-- [ RunTime:0.001119s ]
INFO: [ app_end ] --START--
INFO: Run Behavior\ShowPageTraceBehavior [ RunTime:0.000698s ]
INFO: [ app_end ] --END-- [ RunTime:0.000774s ]

[ 2017-01-10T13:09:17+08:00 ] 127.0.0.1 /index.php/Admin/Hospital/ajaxGetCitys/province/%E6%B9%96%E5%8D%97
INFO: [ app_begin ] --START--
INFO: Run Behavior\ReadHtmlCacheBehavior [ RunTime:0.002935s ]
INFO: [ app_begin ] --END-- [ RunTime:0.003649s ]
INFO: [ app_end ] --START--
INFO: Run Behavior\ShowPageTraceBehavior [ RunTime:0.000685s ]
INFO: [ app_end ] --END-- [ RunTime:0.000771s ]

[ 2017-01-10T13:09:23+08:00 ] 127.0.0.1 /index.php/Admin/Hospital/ajaxGetCitys/province/%E6%B9%96%E5%8C%97
INFO: [ app_begin ] --START--
INFO: Run Behavior\ReadHtmlCacheBehavior [ RunTime:0.001090s ]
INFO: [ app_begin ] --END-- [ RunTime:0.001939s ]
INFO: [ app_end ] --START--
INFO: Run Behavior\ShowPageTraceBehavior [ RunTime:0.000727s ]
INFO: [ app_end ] --END-- [ RunTime:0.000826s ]

[ 2017-01-10T13:10:28+08:00 ] 127.0.0.1 /index.php/Admin/Hospital/ajaxGetCitys/province/%E5%AE%89%E5%BE%BD
INFO: [ app_begin ] --START--
INFO: Run Behavior\ReadHtmlCacheBehavior [ RunTime:0.000996s ]
INFO: [ app_begin ] --END-- [ RunTime:0.001770s ]
INFO: [ app_end ] --START--
INFO: Run Behavior\ShowPageTraceBehavior [ RunTime:0.000789s ]
INFO: [ app_end ] --END-- [ RunTime:0.000890s ]

[ 2017-01-10T13:39:17+08:00 ] 127.0.0.1 /index.php/Admin/Hospital/ajaxGetCitys/province/%E6%B2%B3%E5%8C%97
INFO: [ app_begin ] --START--
INFO: Run Behavior\ReadHtmlCacheBehavior [ RunTime:0.000679s ]
INFO: [ app_begin ] --END-- [ RunTime:0.001145s ]
INFO: [ app_end ] --START--
INFO: Run Behavior\ShowPageTraceBehavior [ RunTime:0.000757s ]
INFO: [ app_end ] --END-- [ RunTime:0.000844s ]

[ 2017-01-10T13:47:38+08:00 ] 127.0.0.1 /index.php/Admin/Hospital/ajaxGetCitys/province/%E6%B5%99%E6%B1%9F
INFO: [ app_begin ] --START--
INFO: Run Behavior\ReadHtmlCacheBehavior [ RunTime:0.000737s ]
INFO: [ app_begin ] --END-- [ RunTime:0.001192s ]
INFO: [ app_end ] --START--
INFO: Run Behavior\ShowPageTraceBehavior [ RunTime:0.000710s ]
INFO: [ app_end ] --END-- [ RunTime:0.000782s ]

[ 2017-01-10T13:47:58+08:00 ] 127.0.0.1 /index.php/Admin/Hospital/ajaxGetCitys/province/%E5%B1%B1%E8%A5%BF
INFO: [ app_begin ] --START--
INFO: Run Behavior\ReadHtmlCacheBehavior [ RunTime:0.000985s ]
INFO: [ app_begin ] --END-- [ RunTime:0.001593s ]
INFO: [ app_end ] --START--
INFO: Run Behavior\ShowPageTraceBehavior [ RunTime:0.000732s ]
INFO: [ app_end ] --END-- [ RunTime:0.000826s ]

[ 2017-01-10T13:48:15+08:00 ] 127.0.0.1 /index.php/Admin/Hospital/ajaxGetCitys/province/%E8%BE%BD%E5%AE%81
INFO: [ app_begin ] --START--
INFO: Run Behavior\ReadHtmlCacheBehavior [ RunTime:0.000740s ]
INFO: [ app_begin ] --END-- [ RunTime:0.001319s ]
INFO: [ app_end ] --START--
INFO: Run Behavior\ShowPageTraceBehavior [ RunTime:0.000733s ]
INFO: [ app_end ] --END-- [ RunTime:0.000825s ]

[ 2017-01-10T13:48:19+08:00 ] 127.0.0.1 /index.php/Admin/Hospital/ajaxGetCitys/province/%E9%BB%91%E9%BE%99%E6%B1%9F
INFO: [ app_begin ] --START--
INFO: Run Behavior\ReadHtmlCacheBehavior [ RunTime:0.000568s ]
INFO: [ app_begin ] --END-- [ RunTime:0.001009s ]
INFO: [ app_end ] --START--
INFO: Run Behavior\ShowPageTraceBehavior [ RunTime:0.000707s ]
INFO: [ app_end ] --END-- [ RunTime:0.000796s ]

[ 2017-01-10T13:49:13+08:00 ] 127.0.0.1 /index.php/Admin/Hospital/ajaxGetCitys/province/%E5%8C%97%E4%BA%AC
INFO: [ app_begin ] --START--
INFO: Run Behavior\ReadHtmlCacheBehavior [ RunTime:0.000552s ]
INFO: [ app_begin ] --END-- [ RunTime:0.000968s ]
INFO: [ app_end ] --START--
INFO: Run Behavior\ShowPageTraceBehavior [ RunTime:0.000848s ]
INFO: [ app_end ] --END-- [ RunTime:0.000972s ]

[ 2017-01-10T13:49:46+08:00 ] 127.0.0.1 /index.php/Admin/Hospital/ajaxGetCitys/province/%E5%B1%B1%E8%A5%BF
INFO: [ app_begin ] --START--
INFO: Run Behavior\ReadHtmlCacheBehavior [ RunTime:0.000806s ]
INFO: [ app_begin ] --END-- [ RunTime:0.001517s ]
INFO: [ app_end ] --START--
INFO: Run Behavior\ShowPageTraceBehavior [ RunTime:0.000962s ]
INFO: [ app_end ] --END-- [ RunTime:0.001076s ]

[ 2017-01-10T13:49:49+08:00 ] 127.0.0.1 /index.php/Admin/Hospital/ajaxGetCitys/province/%E5%AE%89%E5%BE%BD
INFO: [ app_begin ] --START--
INFO: Run Behavior\ReadHtmlCacheBehavior [ RunTime:0.000599s ]
INFO: [ app_begin ] --END-- [ RunTime:0.001073s ]
INFO: [ app_end ] --START--
INFO: Run Behavior\ShowPageTraceBehavior [ RunTime:0.000694s ]
INFO: [ app_end ] --END-- [ RunTime:0.000781s ]

[ 2017-01-10T13:49:51+08:00 ] 127.0.0.1 /index.php/Admin/Hospital/ajaxGetCitys/province/%E7%A6%8F%E5%BB%BA
INFO: [ app_begin ] --START--
INFO: Run Behavior\ReadHtmlCacheBehavior [ RunTime:0.000718s ]
INFO: [ app_begin ] --END-- [ RunTime:0.001310s ]
INFO: [ app_end ] --START--
INFO: Run Behavior\ShowPageTraceBehavior [ RunTime:0.000735s ]
INFO: [ app_end ] --END-- [ RunTime:0.000826s ]

[ 2017-01-10T13:49:57+08:00 ] 127.0.0.1 /index.php/Admin/Hospital/ajaxGetCitys/province/%E5%86%85%E8%92%99%E5%8F%A4
INFO: [ app_begin ] --START--
INFO: Run Behavior\ReadHtmlCacheBehavior [ RunTime:0.000634s ]
INFO: [ app_begin ] --END-- [ RunTime:0.001150s ]
INFO: [ app_end ] --START--
INFO: Run Behavior\ShowPageTraceBehavior [ RunTime:0.000723s ]
INFO: [ app_end ] --END-- [ RunTime:0.000820s ]

[ 2017-01-10T13:52:30+08:00 ] 127.0.0.1 /index.php/Admin/Hospital/ajaxGetCitys/province/%E5%86%85%E8%92%99%E5%8F%A4
INFO: [ app_begin ] --START--
INFO: Run Behavior\ReadHtmlCacheBehavior [ RunTime:0.000668s ]
INFO: [ app_begin ] --END-- [ RunTime:0.001419s ]
INFO: [ app_end ] --START--
INFO: Run Behavior\ShowPageTraceBehavior [ RunTime:0.000593s ]
INFO: [ app_end ] --END-- [ RunTime:0.000671s ]

[ 2017-01-10T13:56:01+08:00 ] 127.0.0.1 /index.php/Admin/Hospital/ajaxGetCitys/province/%E5%B1%B1%E8%A5%BF
INFO: [ app_begin ] --START--
INFO: Run Behavior\ReadHtmlCacheBehavior [ RunTime:0.000665s ]
INFO: [ app_begin ] --END-- [ RunTime:0.001127s ]
INFO: [ app_end ] --START--
INFO: Run Behavior\ShowPageTraceBehavior [ RunTime:0.000966s ]
INFO: [ app_end ] --END-- [ RunTime:0.001069s ]

[ 2017-01-10T13:56:05+08:00 ] 127.0.0.1 /index.php/Admin/Hospital/ajaxGetCitys/province/%E7%A6%8F%E5%BB%BA
INFO: [ app_begin ] --START--
INFO: Run Behavior\ReadHtmlCacheBehavior [ RunTime:0.000556s ]
INFO: [ app_begin ] --END-- [ RunTime:0.001106s ]
INFO: [ app_end ] --START--
INFO: Run Behavior\ShowPageTraceBehavior [ RunTime:0.001026s ]
INFO: [ app_end ] --END-- [ RunTime:0.001135s ]

[ 2017-01-10T13:56:29+08:00 ] 127.0.0.1 /index.php/Admin/Hospital/ajaxGetCitys/province/%E5%90%89%E6%9E%97
INFO: [ app_begin ] --START--
INFO: Run Behavior\ReadHtmlCacheBehavior [ RunTime:0.000554s ]
INFO: [ app_begin ] --END-- [ RunTime:0.000977s ]
INFO: [ app_end ] --START--
INFO: Run Behavior\ShowPageTraceBehavior [ RunTime:0.000566s ]
INFO: [ app_end ] --END-- [ RunTime:0.000633s ]

[ 2017-01-10T13:56:33+08:00 ] 127.0.0.1 /index.php/Admin/Hospital/ajaxGetCitys/province/%E6%B2%B3%E5%8D%97
INFO: [ app_begin ] --START--
INFO: Run Behavior\ReadHtmlCacheBehavior [ RunTime:0.000552s ]
INFO: [ app_begin ] --END-- [ RunTime:0.000962s ]
INFO: [ app_end ] --START--
INFO: Run Behavior\ShowPageTraceBehavior [ RunTime:0.000576s ]
INFO: [ app_end ] --END-- [ RunTime:0.000647s ]

[ 2017-01-10T13:57:11+08:00 ] 127.0.0.1 /index.php/Admin/Hospital/ajaxGetCitys/province/%E5%90%89%E6%9E%97
INFO: [ app_begin ] --START--
INFO: Run Behavior\ReadHtmlCacheBehavior [ RunTime:0.000560s ]
INFO: [ app_begin ] --END-- [ RunTime:0.000993s ]
INFO: [ app_end ] --START--
INFO: Run Behavior\ShowPageTraceBehavior [ RunTime:0.000731s ]
INFO: [ app_end ] --END-- [ RunTime:0.000824s ]

[ 2017-01-10T13:57:14+08:00 ] 127.0.0.1 /index.php/Admin/Hospital/ajaxGetCitys/province/%E5%B1%B1%E4%B8%9C
INFO: [ app_begin ] --START--
INFO: Run Behavior\ReadHtmlCacheBehavior [ RunTime:0.000648s ]
INFO: [ app_begin ] --END-- [ RunTime:0.001213s ]
INFO: [ app_end ] --START--
INFO: Run Behavior\ShowPageTraceBehavior [ RunTime:0.000749s ]
INFO: [ app_end ] --END-- [ RunTime:0.000847s ]

[ 2017-01-10T16:06:31+08:00 ] 127.0.0.1 /index.php/Admin/Hospital/ajaxDelPic.html1
INFO: [ app_begin ] --START--
INFO: Run Behavior\ReadHtmlCacheBehavior [ RunTime:0.000656s ]
INFO: [ app_begin ] --END-- [ RunTime:0.001097s ]
ERR: 非法操作:ajaxDelPic.html1

[ 2017-01-10T16:08:00+08:00 ] 127.0.0.1 /index.php/Admin/Hospital/ajaxDelPic.html1
INFO: [ app_begin ] --START--
INFO: Run Behavior\ReadHtmlCacheBehavior [ RunTime:0.001270s ]
INFO: [ app_begin ] --END-- [ RunTime:0.002286s ]
ERR: 非法操作:ajaxDelPic.html1

[ 2017-01-10T16:09:06+08:00 ] 127.0.0.1 /index.php/Admin/ajaxDelPic/id.html1
INFO: [ app_begin ] --START--
INFO: Run Behavior\ReadHtmlCacheBehavior [ RunTime:0.000605s ]
INFO: [ app_begin ] --END-- [ RunTime:0.001064s ]
ERR: 无法加载控制器:AjaxDelPic

[ 2017-01-10T16:09:54+08:00 ] 127.0.0.1 /index.php/Admin/ajaxDelPic/id.html1
INFO: [ app_begin ] --START--
INFO: Run Behavior\ReadHtmlCacheBehavior [ RunTime:0.001026s ]
INFO: [ app_begin ] --END-- [ RunTime:0.001732s ]
ERR: 无法加载控制器:AjaxDelPic

[ 2017-01-10T16:11:06+08:00 ] 127.0.0.1 /index.php/Admin/Hospital/ajaxDelPic/id/1
INFO: [ app_begin ] --START--
INFO: Run Behavior\ReadHtmlCacheBehavior [ RunTime:0.000758s ]
INFO: [ app_begin ] --END-- [ RunTime:0.001568s ]
SQL: SHOW COLUMNS FROM `emp_hos_img` [ RunTime:0.006990s ]
SQL: SELECT `path` FROM `emp_hos_img` WHERE ( `id` = 1 ) LIMIT 1   [ RunTime:0.000530s ]
SQL: DELETE FROM `emp_hos_img` WHERE ( `id` = 1 ) [ RunTime:0.028726s ]
INFO: [ app_end ] --START--
INFO: Run Behavior\ShowPageTraceBehavior [ RunTime:0.001499s ]
INFO: [ app_end ] --END-- [ RunTime:0.001627s ]

[ 2017-01-10T16:13:07+08:00 ] 127.0.0.1 /index.php/Admin/Hospital/ajaxDelPic/id/2
INFO: [ app_begin ] --START--
INFO: Run Behavior\ReadHtmlCacheBehavior [ RunTime:0.000626s ]
INFO: [ app_begin ] --END-- [ RunTime:0.001194s ]
SQL: SHOW COLUMNS FROM `emp_hos_img` [ RunTime:0.005056s ]
SQL: SELECT `path` FROM `emp_hos_img` WHERE ( `id` = 2 ) LIMIT 1   [ RunTime:0.000375s ]
SQL: DELETE FROM `emp_hos_img` WHERE ( `id` = 2 ) [ RunTime:0.025919s ]
INFO: [ app_end ] --START--
INFO: Run Behavior\ShowPageTraceBehavior [ RunTime:0.001065s ]
INFO: [ app_end ] --END-- [ RunTime:0.001126s ]

[ 2017-01-10T16:13:28+08:00 ] 127.0.0.1 /index.php/Admin/Hospital/ajaxGetCitys/province/%E5%90%89%E6%9E%97
INFO: [ app_begin ] --START--
INFO: Run Behavior\ReadHtmlCacheBehavior [ RunTime:0.000872s ]
INFO: [ app_begin ] --END-- [ RunTime:0.001484s ]
INFO: [ app_end ] --START--
INFO: Run Behavior\ShowPageTraceBehavior [ RunTime:0.000763s ]
INFO: [ app_end ] --END-- [ RunTime:0.000860s ]

[ 2017-01-10T16:14:33+08:00 ] 127.0.0.1 /index.php/Admin/Hospital/ajaxGetCitys/province/%E5%A4%A9%E6%B4%A5
INFO: [ app_begin ] --START--
INFO: Run Behavior\ReadHtmlCacheBehavior [ RunTime:0.002309s ]
INFO: [ app_begin ] --END-- [ RunTime:0.002977s ]
INFO: [ app_end ] --START--
INFO: Run Behavior\ShowPageTraceBehavior [ RunTime:0.001506s ]
INFO: [ app_end ] --END-- [ RunTime:0.001579s ]

[ 2017-01-10T16:14:37+08:00 ] 127.0.0.1 /index.php/Admin/Hospital/ajaxGetCitys/province/%E6%B1%9F%E8%8B%8F
INFO: [ app_begin ] --START--
INFO: Run Behavior\ReadHtmlCacheBehavior [ RunTime:0.001462s ]
INFO: [ app_begin ] --END-- [ RunTime:0.002117s ]
INFO: [ app_end ] --START--
INFO: Run Behavior\ShowPageTraceBehavior [ RunTime:0.001733s ]
INFO: [ app_end ] --END-- [ RunTime:0.001826s ]

[ 2017-01-10T16:19:06+08:00 ] 127.0.0.1 /index.php/Admin/Hospital/ajaxGetCitys/province/%E6%B2%B3%E5%8C%97
INFO: [ app_begin ] --START--
INFO: Run Behavior\ReadHtmlCacheBehavior [ RunTime:0.000612s ]
INFO: [ app_begin ] --END-- [ RunTime:0.001081s ]
INFO: [ app_end ] --START--
INFO: Run Behavior\ShowPageTraceBehavior [ RunTime:0.000629s ]
INFO: [ app_end ] --END-- [ RunTime:0.000701s ]

[ 2017-01-10T16:26:46+08:00 ] 127.0.0.1 /index.php/Admin/Hospital/ajaxDelPic/id/4
INFO: [ app_begin ] --START--
INFO: Run Behavior\ReadHtmlCacheBehavior [ RunTime:0.000684s ]
INFO: [ app_begin ] --END-- [ RunTime:0.001424s ]
SQL: SHOW COLUMNS FROM `emp_hos_img` [ RunTime:0.005479s ]
SQL: SELECT `path` FROM `emp_hos_img` WHERE ( `id` = 4 ) LIMIT 1   [ RunTime:0.000296s ]
SQL: DELETE FROM `emp_hos_img` WHERE ( `id` = 4 ) [ RunTime:0.026835s ]
INFO: [ app_end ] --START--
INFO: Run Behavior\ShowPageTraceBehavior [ RunTime:0.001094s ]
INFO: [ app_end ] --END-- [ RunTime:0.001157s ]

[ 2017-01-10T16:31:35+08:00 ] 127.0.0.1 /index.php/Admin/Comment/index
ERR: 无法加载控制器:Comment

[ 2017-01-10T16:32:04+08:00 ] 127.0.0.1 /index.php/Admin/Hospital/ajaxGetCitys/province/%E6%B2%B3%E5%8C%97
INFO: [ app_begin ] --START--
INFO: Run Behavior\ReadHtmlCacheBehavior [ RunTime:0.000922s ]
INFO: [ app_begin ] --END-- [ RunTime:0.001448s ]
INFO: [ app_end ] --START--
INFO: Run Behavior\ShowPageTraceBehavior [ RunTime:0.000711s ]
INFO: [ app_end ] --END-- [ RunTime:0.000790s ]

[ 2017-01-10T16:32:07+08:00 ] 127.0.0.1 /index.php/Admin/Hospital/ajaxGetCitys/province/%E9%BB%91%E9%BE%99%E6%B1%9F
INFO: [ app_begin ] --START--
INFO: Run Behavior\ReadHtmlCacheBehavior [ RunTime:0.000568s ]
INFO: [ app_begin ] --END-- [ RunTime:0.001128s ]
INFO: [ app_end ] --START--
INFO: Run Behavior\ShowPageTraceBehavior [ RunTime:0.000661s ]
INFO: [ app_end ] --END-- [ RunTime:0.000737s ]

[ 2017-01-10T16:32:11+08:00 ] 127.0.0.1 /index.php/Admin/Hospital/ajaxGetCitys/province/%E6%B1%9F%E8%A5%BF
INFO: [ app_begin ] --START--
INFO: Run Behavior\ReadHtmlCacheBehavior [ RunTime:0.000680s ]
INFO: [ app_begin ] --END-- [ RunTime:0.001445s ]
INFO: [ app_end ] --START--
INFO: Run Behavior\ShowPageTraceBehavior [ RunTime:0.000709s ]
INFO: [ app_end ] --END-- [ RunTime:0.000790s ]

[ 2017-01-10T16:33:18+08:00 ] 127.0.0.1 /index.php/Admin/Hospital/ajaxGetCitys/province/%E8%BE%BD%E5%AE%81
INFO: [ app_begin ] --START--
INFO: Run Behavior\ReadHtmlCacheBehavior [ RunTime:0.001331s ]
INFO: [ app_begin ] --END-- [ RunTime:0.002051s ]
INFO: [ app_end ] --START--
INFO: Run Behavior\ShowPageTraceBehavior [ RunTime:0.000869s ]
INFO: [ app_end ] --END-- [ RunTime:0.000965s ]

[ 2017-01-10T16:53:06+08:00 ] 127.0.0.1 /index.php/Admin/Hospital/ajaxGetCitys/province/%E4%B8%8A%E6%B5%B7
INFO: [ app_begin ] --START--
INFO: Run Behavior\ReadHtmlCacheBehavior [ RunTime:0.001172s ]
INFO: [ app_begin ] --END-- [ RunTime:0.001813s ]
INFO: [ app_end ] --START--
INFO: Run Behavior\ShowPageTraceBehavior [ RunTime:0.000728s ]
INFO: [ app_end ] --END-- [ RunTime:0.000806s ]

[ 2017-01-10T17:03:32+08:00 ] 127.0.0.1 /index.php/Admin/Hospital/ajaxDelPic/id/5
INFO: [ app_begin ] --START--
INFO: Run Behavior\ReadHtmlCacheBehavior [ RunTime:0.000678s ]
INFO: [ app_begin ] --END-- [ RunTime:0.001135s ]
SQL: SHOW COLUMNS FROM `emp_hos_img` [ RunTime:0.004487s ]
SQL: SELECT `path` FROM `emp_hos_img` WHERE ( `id` = 5 ) LIMIT 1   [ RunTime:0.000344s ]
SQL: DELETE FROM `emp_hos_img` WHERE ( `id` = 5 ) [ RunTime:0.027435s ]
INFO: [ app_end ] --START--
INFO: Run Behavior\ShowPageTraceBehavior [ RunTime:0.001088s ]
INFO: [ app_end ] --END-- [ RunTime:0.001148s ]

[ 2017-01-10T17:03:40+08:00 ] 127.0.0.1 /index.php/Admin/Hospital/ajaxDelPic/id/8
INFO: [ app_begin ] --START--
INFO: Run Behavior\ReadHtmlCacheBehavior [ RunTime:0.001052s ]
INFO: [ app_begin ] --END-- [ RunTime:0.001550s ]
SQL: SHOW COLUMNS FROM `emp_hos_img` [ RunTime:0.005134s ]
SQL: SELECT `path` FROM `emp_hos_img` WHERE ( `id` = 8 ) LIMIT 1   [ RunTime:0.000693s ]
SQL: DELETE FROM `emp_hos_img` WHERE ( `id` = 8 ) [ RunTime:0.023852s ]
INFO: [ app_end ] --START--
INFO: Run Behavior\ShowPageTraceBehavior [ RunTime:0.001100s ]
INFO: [ app_end ] --END-- [ RunTime:0.001163s ]

[ 2017-01-10T17:20:36+08:00 ] 127.0.0.1 /index.php/Admin/Hospital/ajaxGetCitys/province/%E5%B1%B1%E8%A5%BF
INFO: [ app_begin ] --START--
INFO: Run Behavior\ReadHtmlCacheBehavior [ RunTime:0.000619s ]
INFO: [ app_begin ] --END-- [ RunTime:0.001172s ]
INFO: [ app_end ] --START--
INFO: Run Behavior\ShowPageTraceBehavior [ RunTime:0.000907s ]
INFO: [ app_end ] --END-- [ RunTime:0.001014s ]

[ 2017-01-10T17:22:30+08:00 ] 127.0.0.1 /index.php/Admin/Hospital/ajaxGetCitys/province/%E5%B1%B1%E8%A5%BF
INFO: [ app_begin ] --START--
INFO: Run Behavior\ReadHtmlCacheBehavior [ RunTime:0.000920s ]
INFO: [ app_begin ] --END-- [ RunTime:0.001496s ]
INFO: [ app_end ] --START--
INFO: Run Behavior\ShowPageTraceBehavior [ RunTime:0.001200s ]
INFO: [ app_end ] --END-- [ RunTime:0.001309s ]

[ 2017-01-10T17:22:33+08:00 ] 127.0.0.1 /index.php/Admin/Hospital/ajaxGetCitys/province/%E5%A4%A9%E6%B4%A5
INFO: [ app_begin ] --START--
INFO: Run Behavior\ReadHtmlCacheBehavior [ RunTime:0.000943s ]
INFO: [ app_begin ] --END-- [ RunTime:0.001540s ]
INFO: [ app_end ] --START--
INFO: Run Behavior\ShowPageTraceBehavior [ RunTime:0.000966s ]
INFO: [ app_end ] --END-- [ RunTime:0.001053s ]

[ 2017-01-10T17:23:13+08:00 ] 127.0.0.1 /index.php/Admin/Hospital/ajaxGetCitys/province/%E5%A4%A9%E6%B4%A5
INFO: [ app_begin ] --START--
INFO: Run Behavior\ReadHtmlCacheBehavior [ RunTime:0.000961s ]
INFO: [ app_begin ] --END-- [ RunTime:0.001575s ]
INFO: [ app_end ] --START--
INFO: Run Behavior\ShowPageTraceBehavior [ RunTime:0.001026s ]
INFO: [ app_end ] --END-- [ RunTime:0.001128s ]

[ 2017-01-10T17:23:15+08:00 ] 127.0.0.1 /index.php/Admin/Hospital/ajaxGetCitys/province/%E5%B1%B1%E8%A5%BF
INFO: [ app_begin ] --START--
INFO: Run Behavior\ReadHtmlCacheBehavior [ RunTime:0.001280s ]
INFO: [ app_begin ] --END-- [ RunTime:0.002176s ]
INFO: [ app_end ] --START--
INFO: Run Behavior\ShowPageTraceBehavior [ RunTime:0.000954s ]
INFO: [ app_end ] --END-- [ RunTime:0.001041s ]

[ 2017-01-10T17:26:01+08:00 ] 127.0.0.1 /index.php/Admin/Hospital/ajaxGetCitys/province/%E6%B2%B3%E5%8C%97
INFO: [ app_begin ] --START--
INFO: Run Behavior\ReadHtmlCacheBehavior [ RunTime:0.000813s ]
INFO: [ app_begin ] --END-- [ RunTime:0.001402s ]
INFO: [ app_end ] --START--
INFO: Run Behavior\ShowPageTraceBehavior [ RunTime:0.000980s ]
INFO: [ app_end ] --END-- [ RunTime:0.001090s ]

[ 2017-01-10T17:26:34+08:00 ] 127.0.0.1 /index.php/Admin/Hospital/ajaxGetCitys/province/%E5%86%85%E8%92%99%E5%8F%A4
INFO: [ app_begin ] --START--
INFO: Run Behavior\ReadHtmlCacheBehavior [ RunTime:0.001215s ]
INFO: [ app_begin ] --END-- [ RunTime:0.001765s ]
INFO: [ app_end ] --START--
INFO: Run Behavior\ShowPageTraceBehavior [ RunTime:0.000667s ]
INFO: [ app_end ] --END-- [ RunTime:0.000747s ]

[ 2017-01-10T17:38:41+08:00 ] 127.0.0.1 /index.php/Admin/Hospital/ajaxGetCitys/province/%E5%86%85%E8%92%99%E5%8F%A4
INFO: [ app_begin ] --START--
INFO: Run Behavior\ReadHtmlCacheBehavior [ RunTime:0.000617s ]
INFO: [ app_begin ] --END-- [ RunTime:0.001101s ]
INFO: [ app_end ] --START--
INFO: Run Behavior\ShowPageTraceBehavior [ RunTime:0.000976s ]
INFO: [ app_end ] --END-- [ RunTime:0.001093s ]

[ 2017-01-10T17:38:44+08:00 ] 127.0.0.1 /index.php/Admin/Hospital/ajaxGetCitys/province/%E6%B2%B3%E5%8C%97
INFO: [ app_begin ] --START--
INFO: Run Behavior\ReadHtmlCacheBehavior [ RunTime:0.000645s ]
INFO: [ app_begin ] --END-- [ RunTime:0.001168s ]
INFO: [ app_end ] --START--
INFO: Run Behavior\ShowPageTraceBehavior [ RunTime:0.000731s ]
INFO: [ app_end ] --END-- [ RunTime:0.000820s ]

[ 2017-01-10T17:38:46+08:00 ] 127.0.0.1 /index.php/Admin/Hospital/ajaxGetCitys/province/%E5%AE%89%E5%BE%BD
INFO: [ app_begin ] --START--
INFO: Run Behavior\ReadHtmlCacheBehavior [ RunTime:0.001027s ]
INFO: [ app_begin ] --END-- [ RunTime:0.001807s ]
INFO: [ app_end ] --START--
INFO: Run Behavior\ShowPageTraceBehavior [ RunTime:0.000661s ]
INFO: [ app_end ] --END-- [ RunTime:0.000741s ]

[ 2017-01-10T17:40:52+08:00 ] 127.0.0.1 /index.php/Admin/Hospital/ajaxGetCitys/province/%E6%B2%B3%E5%8C%97
INFO: [ app_begin ] --START--
INFO: Run Behavior\ReadHtmlCacheBehavior [ RunTime:0.000557s ]
INFO: [ app_begin ] --END-- [ RunTime:0.000969s ]
INFO: [ app_end ] --START--
INFO: Run Behavior\ShowPageTraceBehavior [ RunTime:0.000581s ]
INFO: [ app_end ] --END-- [ RunTime:0.000651s ]

[ 2017-01-10T17:41:07+08:00 ] 127.0.0.1 /index.php/Admin/Hospital/ajaxGetCitys/province/
INFO: [ app_begin ] --START--
INFO: Run Behavior\ReadHtmlCacheBehavior [ RunTime:0.000548s ]
INFO: [ app_begin ] --END-- [ RunTime:0.000955s ]
INFO: [ app_end ] --START--
INFO: Run Behavior\ShowPageTraceBehavior [ RunTime:0.000599s ]
INFO: [ app_end ] --END-- [ RunTime:0.000673s ]

[ 2017-01-10T17:41:08+08:00 ] 127.0.0.1 /index.php/Admin/Hospital/ajaxGetCitys/province/%E9%BB%91%E9%BE%99%E6%B1%9F
INFO: [ app_begin ] --START--
INFO: Run Behavior\ReadHtmlCacheBehavior [ RunTime:0.000555s ]
INFO: [ app_begin ] --END-- [ RunTime:0.000956s ]
INFO: [ app_end ] --START--
INFO: Run Behavior\ShowPageTraceBehavior [ RunTime:0.000689s ]
INFO: [ app_end ] --END-- [ RunTime:0.000771s ]

[ 2017-01-10T17:41:47+08:00 ] 127.0.0.1 /index.php/Admin/Hospital/ajaxGetCitys/province/%E5%8C%97%E4%BA%AC
INFO: [ app_begin ] --START--
INFO: Run Behavior\ReadHtmlCacheBehavior [ RunTime:0.000562s ]
INFO: [ app_begin ] --END-- [ RunTime:0.001003s ]
INFO: [ app_end ] --START--
INFO: Run Behavior\ShowPageTraceBehavior [ RunTime:0.000779s ]
INFO: [ app_end ] --END-- [ RunTime:0.000873s ]

[ 2017-01-10T17:41:50+08:00 ] 127.0.0.1 /index.php/Admin/Hospital/ajaxGetCitys/province/%E5%B1%B1%E8%A5%BF
INFO: [ app_begin ] --START--
INFO: Run Behavior\ReadHtmlCacheBehavior [ RunTime:0.000547s ]
INFO: [ app_begin ] --END-- [ RunTime:0.000947s ]
INFO: [ app_end ] --START--
INFO: Run Behavior\ShowPageTraceBehavior [ RunTime:0.000623s ]
INFO: [ app_end ] --END-- [ RunTime:0.000700s ]

[ 2017-01-10T17:41:52+08:00 ] 127.0.0.1 /index.php/Admin/Hospital/ajaxGetCitys/province/%E9%BB%91%E9%BE%99%E6%B1%9F
INFO: [ app_begin ] --START--
INFO: Run Behavior\ReadHtmlCacheBehavior [ RunTime:0.000576s ]
INFO: [ app_begin ] --END-- [ RunTime:0.001012s ]
INFO: [ app_end ] --START--
INFO: Run Behavior\ShowPageTraceBehavior [ RunTime:0.000647s ]
INFO: [ app_end ] --END-- [ RunTime:0.000725s ]

[ 2017-01-10T17:41:54+08:00 ] 127.0.0.1 /index.php/Admin/Hospital/ajaxGetCitys/province/%E7%A6%8F%E5%BB%BA
INFO: [ app_begin ] --START--
INFO: Run Behavior\ReadHtmlCacheBehavior [ RunTime:0.000589s ]
INFO: [ app_begin ] --END-- [ RunTime:0.001189s ]
INFO: [ app_end ] --START--
INFO: Run Behavior\ShowPageTraceBehavior [ RunTime:0.000657s ]
INFO: [ app_end ] --END-- [ RunTime:0.000733s ]

[ 2017-01-10T17:42:00+08:00 ] 127.0.0.1 /index.php/Admin/Hospital/ajaxGetCitys/province/%E4%B8%8A%E6%B5%B7
INFO: [ app_begin ] --START--
INFO: Run Behavior\ReadHtmlCacheBehavior [ RunTime:0.002539s ]
INFO: [ app_begin ] --END-- [ RunTime:0.003003s ]
INFO: [ app_end ] --START--
INFO: Run Behavior\ShowPageTraceBehavior [ RunTime:0.000611s ]
INFO: [ app_end ] --END-- [ RunTime:0.000690s ]

[ 2017-01-10T17:42:10+08:00 ] 127.0.0.1 /index.php/Admin/Hospital/ajaxGetCitys/province/%E6%B2%B3%E5%8C%97
INFO: [ app_begin ] --START--
INFO: Run Behavior\ReadHtmlCacheBehavior [ RunTime:0.000815s ]
INFO: [ app_begin ] --END-- [ RunTime:0.001385s ]
INFO: [ app_end ] --START--
INFO: Run Behavior\ShowPageTraceBehavior [ RunTime:0.000852s ]
INFO: [ app_end ] --END-- [ RunTime:0.000948s ]

[ 2017-01-10T17:42:19+08:00 ] 127.0.0.1 /index.php/Admin/Hospital/ajaxGetCitys/province/%E5%90%89%E6%9E%97
INFO: [ app_begin ] --START--
INFO: Run Behavior\ReadHtmlCacheBehavior [ RunTime:0.000555s ]
INFO: [ app_begin ] --END-- [ RunTime:0.000963s ]
INFO: [ app_end ] --START--
INFO: Run Behavior\ShowPageTraceBehavior [ RunTime:0.002732s ]
INFO: [ app_end ] --END-- [ RunTime:0.002829s ]

[ 2017-01-10T17:42:28+08:00 ] 127.0.0.1 /index.php/Admin/Hospital/ajaxGetCitys/province/%E5%90%89%E6%9E%97
INFO: [ app_begin ] --START--
INFO: Run Behavior\ReadHtmlCacheBehavior [ RunTime:0.000635s ]
INFO: [ app_begin ] --END-- [ RunTime:0.001112s ]
INFO: [ app_end ] --START--
INFO: Run Behavior\ShowPageTraceBehavior [ RunTime:0.000643s ]
INFO: [ app_end ] --END-- [ RunTime:0.000725s ]

[ 2017-01-10T17:44:33+08:00 ] 127.0.0.1 /index.php/Admin/Hospital/ajaxGetCitys/province/%E6%B2%B3%E5%8C%97
INFO: [ app_begin ] --START--
INFO: Run Behavior\ReadHtmlCacheBehavior [ RunTime:0.000614s ]
INFO: [ app_begin ] --END-- [ RunTime:0.001102s ]
INFO: [ app_end ] --START--
INFO: Run Behavior\ShowPageTraceBehavior [ RunTime:0.000668s ]
INFO: [ app_end ] --END-- [ RunTime:0.000749s ]

[ 2017-01-10T17:44:38+08:00 ] 127.0.0.1 /index.php/Admin/Hospital/ajaxGetCitys/province/%E6%B1%9F%E8%8B%8F
INFO: [ app_begin ] --START--
INFO: Run Behavior\ReadHtmlCacheBehavior [ RunTime:0.000886s ]
INFO: [ app_begin ] --END-- [ RunTime:0.001667s ]
INFO: [ app_end ] --START--
INFO: Run Behavior\ShowPageTraceBehavior [ RunTime:0.000653s ]
INFO: [ app_end ] --END-- [ RunTime:0.000731s ]

[ 2017-01-10T17:44:55+08:00 ] 127.0.0.1 /index.php/Admin/Hospital/ajaxGetCitys/province/%E6%B1%9F%E8%A5%BF
INFO: [ app_begin ] --START--
INFO: Run Behavior\ReadHtmlCacheBehavior [ RunTime:0.000801s ]
INFO: [ app_begin ] --END-- [ RunTime:0.001536s ]
INFO: [ app_end ] --START--
INFO: Run Behavior\ShowPageTraceBehavior [ RunTime:0.001118s ]
INFO: [ app_end ] --END-- [ RunTime:0.001220s ]

[ 2017-01-10T17:44:58+08:00 ] 127.0.0.1 /index.php/Admin/Hospital/ajaxGetCitys/province/%E5%8C%97%E4%BA%AC
INFO: [ app_begin ] --START--
INFO: Run Behavior\ReadHtmlCacheBehavior [ RunTime:0.000788s ]
INFO: [ app_begin ] --END-- [ RunTime:0.001552s ]
INFO: [ app_end ] --START--
INFO: Run Behavior\ShowPageTraceBehavior [ RunTime:0.000707s ]
INFO: [ app_end ] --END-- [ RunTime:0.000796s ]

[ 2017-01-10T17:49:42+08:00 ] 127.0.0.1 /index.php/Admin/Hospital/ajaxGetCitys/province/%E8%BE%BD%E5%AE%81
INFO: [ app_begin ] --START--
INFO: Run Behavior\ReadHtmlCacheBehavior [ RunTime:0.000638s ]
INFO: [ app_begin ] --END-- [ RunTime:0.001142s ]
INFO: [ app_end ] --START--
INFO: Run Behavior\ShowPageTraceBehavior [ RunTime:0.000722s ]
INFO: [ app_end ] --END-- [ RunTime:0.000825s ]

[ 2017-01-10T17:50:47+08:00 ] 127.0.0.1 /index.php/Admin/Hospital/ajaxGetCitys/province/%E8%BE%BD%E5%AE%81
INFO: [ app_begin ] --START--
INFO: Run Behavior\ReadHtmlCacheBehavior [ RunTime:0.000646s ]
INFO: [ app_begin ] --END-- [ RunTime:0.001137s ]
INFO: [ app_end ] --START--
INFO: Run Behavior\ShowPageTraceBehavior [ RunTime:0.000737s ]
INFO: [ app_end ] --END-- [ RunTime:0.000836s ]

[ 2017-01-10T17:51:22+08:00 ] 127.0.0.1 /index.php/Admin/Hospital/ajaxGetCitys/province/%E8%BE%BD%E5%AE%81
INFO: [ app_begin ] --START--
INFO: Run Behavior\ReadHtmlCacheBehavior [ RunTime:0.000656s ]
INFO: [ app_begin ] --END-- [ RunTime:0.001176s ]
INFO: [ app_end ] --START--
INFO: Run Behavior\ShowPageTraceBehavior [ RunTime:0.000742s ]
INFO: [ app_end ] --END-- [ RunTime:0.000838s ]

[ 2017-01-10T17:52:02+08:00 ] 127.0.0.1 /index.php/Admin/Hospital/ajaxGetCitys/province/%E8%BE%BD%E5%AE%81
INFO: [ app_begin ] --START--
INFO: Run Behavior\ReadHtmlCacheBehavior [ RunTime:0.000641s ]
INFO: [ app_begin ] --END-- [ RunTime:0.001156s ]
INFO: [ app_end ] --START--
INFO: Run Behavior\ShowPageTraceBehavior [ RunTime:0.000768s ]
INFO: [ app_end ] --END-- [ RunTime:0.001363s ]

[ 2017-01-10T17:53:19+08:00 ] 127.0.0.1 /index.php/Admin/Hospital/ajaxGetCitys/province/%E8%BE%BD%E5%AE%81
INFO: [ app_begin ] --START--
INFO: Run Behavior\ReadHtmlCacheBehavior [ RunTime:0.000650s ]
INFO: [ app_begin ] --END-- [ RunTime:0.001166s ]
INFO: [ app_end ] --START--
INFO: Run Behavior\ShowPageTraceBehavior [ RunTime:0.000739s ]
INFO: [ app_end ] --END-- [ RunTime:0.000834s ]

[ 2017-01-10T17:53:36+08:00 ] 127.0.0.1 /index.php/Admin/Hospital/ajaxGetCitys/province/%E8%BE%BD%E5%AE%81
INFO: [ app_begin ] --START--
INFO: Run Behavior\ReadHtmlCacheBehavior [ RunTime:0.000623s ]
INFO: [ app_begin ] --END-- [ RunTime:0.001132s ]
INFO: [ app_end ] --START--
INFO: Run Behavior\ShowPageTraceBehavior [ RunTime:0.000855s ]
INFO: [ app_end ] --END-- [ RunTime:0.000959s ]

[ 2017-01-10T17:53:40+08:00 ] 127.0.0.1 /index.php/Admin/Hospital/ajaxGetCitys/province/%E5%90%89%E6%9E%97
INFO: [ app_begin ] --START--
INFO: Run Behavior\ReadHtmlCacheBehavior [ RunTime:0.000624s ]
INFO: [ app_begin ] --END-- [ RunTime:0.001169s ]
INFO: [ app_end ] --START--
INFO: Run Behavior\ShowPageTraceBehavior [ RunTime:0.000742s ]
INFO: [ app_end ] --END-- [ RunTime:0.000842s ]

[ 2017-01-10T18:21:52+08:00 ] 127.0.0.1 /index.php/Admin/Hospital/ajaxGetCitys/province/%E5%90%89%E6%9E%97
INFO: [ app_begin ] --START--
INFO: Run Behavior\ReadHtmlCacheBehavior [ RunTime:0.000613s ]
INFO: [ app_begin ] --END-- [ RunTime:0.001086s ]
INFO: [ app_end ] --START--
INFO: Run Behavior\ShowPageTraceBehavior [ RunTime:0.000785s ]
INFO: [ app_end ] --END-- [ RunTime:0.000882s ]

[ 2017-01-10T18:21:55+08:00 ] 127.0.0.1 /index.php/Admin/Hospital/ajaxGetCitys/province/%E5%90%89%E6%9E%97
INFO: [ app_begin ] --START--
INFO: Run Behavior\ReadHtmlCacheBehavior [ RunTime:0.000659s ]
INFO: [ app_begin ] --END-- [ RunTime:0.001526s ]
INFO: [ app_end ] --START--
INFO: Run Behavior\ShowPageTraceBehavior [ RunTime:0.000767s ]
INFO: [ app_end ] --END-- [ RunTime:0.000863s ]

[ 2017-01-10T18:24:49+08:00 ] 127.0.0.1 /index.php/Admin/Hospital/ajaxGetCitys/province/%E8%BE%BD%E5%AE%81
INFO: [ app_begin ] --START--
INFO: Run Behavior\ReadHtmlCacheBehavior [ RunTime:0.000598s ]
INFO: [ app_begin ] --END-- [ RunTime:0.001110s ]
INFO: [ app_end ] --START--
INFO: Run Behavior\ShowPageTraceBehavior [ RunTime:0.000753s ]
INFO: [ app_end ] --END-- [ RunTime:0.000851s ]

[ 2017-01-10T18:24:57+08:00 ] 127.0.0.1 /index.php/Admin/Hospital/ajaxDelPic/id/9
INFO: [ app_begin ] --START--
INFO: Run Behavior\ReadHtmlCacheBehavior [ RunTime:0.000821s ]
INFO: [ app_begin ] --END-- [ RunTime:0.002293s ]
SQL: SHOW COLUMNS FROM `emp_hos_img` [ RunTime:0.006205s ]
SQL: SELECT `path` FROM `emp_hos_img` WHERE ( `id` = 9 ) LIMIT 1   [ RunTime:0.000296s ]
SQL: DELETE FROM `emp_hos_img` WHERE ( `id` = 9 ) [ RunTime:0.027008s ]
INFO: [ app_end ] --START--
INFO: Run Behavior\ShowPageTraceBehavior [ RunTime:0.001123s ]
INFO: [ app_end ] --END-- [ RunTime:0.001187s ]

[ 2017-01-10T18:25:00+08:00 ] 127.0.0.1 /index.php/Admin/Hospital/ajaxDelPic/id/10
INFO: [ app_begin ] --START--
INFO: Run Behavior\ReadHtmlCacheBehavior [ RunTime:0.000644s ]
INFO: [ app_begin ] --END-- [ RunTime:0.001096s ]
SQL: SHOW COLUMNS FROM `emp_hos_img` [ RunTime:0.004489s ]
SQL: SELECT `path` FROM `emp_hos_img` WHERE ( `id` = 10 ) LIMIT 1   [ RunTime:0.000414s ]
SQL: DELETE FROM `emp_hos_img` WHERE ( `id` = 10 ) [ RunTime:0.029908s ]
INFO: [ app_end ] --START--
INFO: Run Behavior\ShowPageTraceBehavior [ RunTime:0.001246s ]
INFO: [ app_end ] --END-- [ RunTime:0.001328s ]

[ 2017-01-10T18:25:02+08:00 ] 127.0.0.1 /index.php/Admin/Hospital/ajaxDelPic/id/7
INFO: [ app_begin ] --START--
INFO: Run Behavior\ReadHtmlCacheBehavior [ RunTime:0.000639s ]
INFO: [ app_begin ] --END-- [ RunTime:0.001141s ]
SQL: SHOW COLUMNS FROM `emp_hos_img` [ RunTime:0.005987s ]
SQL: SELECT `path` FROM `emp_hos_img` WHERE ( `id` = 7 ) LIMIT 1   [ RunTime:0.000534s ]
SQL: DELETE FROM `emp_hos_img` WHERE ( `id` = 7 ) [ RunTime:0.033967s ]
INFO: [ app_end ] --START--
INFO: Run Behavior\ShowPageTraceBehavior [ RunTime:0.001085s ]
INFO: [ app_end ] --END-- [ RunTime:0.001144s ]

[ 2017-01-10T18:25:13+08:00 ] 127.0.0.1 /index.php/Admin/Hospital/ajaxGetCitys/province/%E5%90%89%E6%9E%97
INFO: [ app_begin ] --START--
INFO: Run Behavior\ReadHtmlCacheBehavior [ RunTime:0.000611s ]
INFO: [ app_begin ] --END-- [ RunTime:0.001122s ]
INFO: [ app_end ] --START--
INFO: Run Behavior\ShowPageTraceBehavior [ RunTime:0.000799s ]
INFO: [ app_end ] --END-- [ RunTime:0.000931s ]

[ 2017-01-10T18:27:48+08:00 ] 127.0.0.1 /index.php/Admin/Hospital/ajaxGetCitys/province/%E5%90%89%E6%9E%97
INFO: [ app_begin ] --START--
INFO: Run Behavior\ReadHtmlCacheBehavior [ RunTime:0.000647s ]
INFO: [ app_begin ] --END-- [ RunTime:0.001239s ]
INFO: [ app_end ] --START--
INFO: Run Behavior\ShowPageTraceBehavior [ RunTime:0.000904s ]
INFO: [ app_end ] --END-- [ RunTime:0.001003s ]

[ 2017-01-10T18:29:03+08:00 ] 127.0.0.1 /index.php/Admin/Hospital/ajaxGetCitys/province/%E8%BE%BD%E5%AE%81
INFO: [ app_begin ] --START--
INFO: Run Behavior\ReadHtmlCacheBehavior [ RunTime:0.001099s ]
INFO: [ app_begin ] --END-- [ RunTime:0.001753s ]
INFO: [ app_end ] --START--
INFO: Run Behavior\ShowPageTraceBehavior [ RunTime:0.001022s ]
INFO: [ app_end ] --END-- [ RunTime:0.001123s ]

[ 2017-01-10T18:29:57+08:00 ] 127.0.0.1 /index.php/Admin/Hospital/ajaxGetCitys/province/%E5%90%89%E6%9E%97
INFO: [ app_begin ] --START--
INFO: Run Behavior\ReadHtmlCacheBehavior [ RunTime:0.000875s ]
INFO: [ app_begin ] --END-- [ RunTime:0.001493s ]
INFO: [ app_end ] --START--
INFO: Run Behavior\ShowPageTraceBehavior [ RunTime:0.001273s ]
INFO: [ app_end ] --END-- [ RunTime:0.001383s ]

[ 2017-01-10T18:32:15+08:00 ] 127.0.0.1 /index.php/Admin/Hospital/ajaxGetCitys/province/%E5%90%89%E6%9E%97
INFO: [ app_begin ] --START--
INFO: Run Behavior\ReadHtmlCacheBehavior [ RunTime:0.000658s ]
INFO: [ app_begin ] --END-- [ RunTime:0.001171s ]
INFO: [ app_end ] --START--
INFO: Run Behavior\ShowPageTraceBehavior [ RunTime:0.000830s ]
INFO: [ app_end ] --END-- [ RunTime:0.000930s ]

[ 2017-01-10T18:40:18+08:00 ] 127.0.0.1 /index.php/Admin/Hospital/ajaxGetCitys/province/%E5%90%89%E6%9E%97
INFO: [ app_begin ] --START--
INFO: Run Behavior\ReadHtmlCacheBehavior [ RunTime:0.000637s ]
INFO: [ app_begin ] --END-- [ RunTime:0.001162s ]
INFO: [ app_end ] --START--
INFO: Run Behavior\ShowPageTraceBehavior [ RunTime:0.000773s ]
INFO: [ app_end ] --END-- [ RunTime:0.000872s ]

[ 2017-01-10T18:40:19+08:00 ] 127.0.0.1 /index.php/Admin/Hospital/ajaxGetCitys/province/%E5%90%89%E6%9E%97
INFO: [ app_begin ] --START--
INFO: Run Behavior\ReadHtmlCacheBehavior [ RunTime:0.000663s ]
INFO: [ app_begin ] --END-- [ RunTime:0.001170s ]
INFO: [ app_end ] --START--
INFO: Run Behavior\ShowPageTraceBehavior [ RunTime:0.000720s ]
INFO: [ app_end ] --END-- [ RunTime:0.000811s ]

[ 2017-01-10T18:40:22+08:00 ] 127.0.0.1 /index.php/Admin/Hospital/ajaxGetCitys/province/%E5%90%89%E6%9E%97
INFO: [ app_begin ] --START--
INFO: Run Behavior\ReadHtmlCacheBehavior [ RunTime:0.000696s ]
INFO: [ app_begin ] --END-- [ RunTime:0.001266s ]
INFO: [ app_end ] --START--
INFO: Run Behavior\ShowPageTraceBehavior [ RunTime:0.000796s ]
INFO: [ app_end ] --END-- [ RunTime:0.000897s ]

[ 2017-01-10T18:41:15+08:00 ] 127.0.0.1 /index.php/Admin/Hospital/ajaxGetCitys/province/%E5%90%89%E6%9E%97
INFO: [ app_begin ] --START--
INFO: Run Behavior\ReadHtmlCacheBehavior [ RunTime:0.000667s ]
INFO: [ app_begin ] --END-- [ RunTime:0.001178s ]
INFO: [ app_end ] --START--
INFO: Run Behavior\ShowPageTraceBehavior [ RunTime:0.000900s ]
INFO: [ app_end ] --END-- [ RunTime:0.000995s ]

[ 2017-01-10T18:41:17+08:00 ] 127.0.0.1 /index.php/Admin/Hospital/ajaxGetCitys/province/%E5%90%89%E6%9E%97
INFO: [ app_begin ] --START--
INFO: Run Behavior\ReadHtmlCacheBehavior [ RunTime:0.000709s ]
INFO: [ app_begin ] --END-- [ RunTime:0.001222s ]
INFO: [ app_end ] --START--
INFO: Run Behavior\ShowPageTraceBehavior [ RunTime:0.000747s ]
INFO: [ app_end ] --END-- [ RunTime:0.000875s ]

[ 2017-01-10T18:41:17+08:00 ] 127.0.0.1 /index.php/Admin/Hospital/ajaxGetCitys/province/%E5%90%89%E6%9E%97
INFO: [ app_begin ] --START--
INFO: Run Behavior\ReadHtmlCacheBehavior [ RunTime:0.000643s ]
INFO: [ app_begin ] --END-- [ RunTime:0.001159s ]
INFO: [ app_end ] --START--
INFO: Run Behavior\ShowPageTraceBehavior [ RunTime:0.001037s ]
INFO: [ app_end ] --END-- [ RunTime:0.001175s ]

[ 2017-01-10T18:41:17+08:00 ] 127.0.0.1 /index.php/Admin/Hospital/ajaxGetCitys/province/%E5%90%89%E6%9E%97
INFO: [ app_begin ] --START--
INFO: Run Behavior\ReadHtmlCacheBehavior [ RunTime:0.000668s ]
INFO: [ app_begin ] --END-- [ RunTime:0.001319s ]
INFO: [ app_end ] --START--
INFO: Run Behavior\ShowPageTraceBehavior [ RunTime:0.000759s ]
INFO: [ app_end ] --END-- [ RunTime:0.000858s ]

[ 2017-01-10T18:41:55+08:00 ] 127.0.0.1 /index.php/Admin/Hospital/ajaxGetCitys/province/%E8%BE%BD%E5%AE%81
INFO: [ app_begin ] --START--
INFO: Run Behavior\ReadHtmlCacheBehavior [ RunTime:0.000740s ]
INFO: [ app_begin ] --END-- [ RunTime:0.002875s ]
INFO: [ app_end ] --START--
INFO: Run Behavior\ShowPageTraceBehavior [ RunTime:0.000716s ]
INFO: [ app_end ] --END-- [ RunTime:0.000813s ]

[ 2017-01-10T18:41:58+08:00 ] 127.0.0.1 /index.php/Admin/Hospital/ajaxGetCitys/province/%E5%90%89%E6%9E%97
INFO: [ app_begin ] --START--
INFO: Run Behavior\ReadHtmlCacheBehavior [ RunTime:0.000627s ]
INFO: [ app_begin ] --END-- [ RunTime:0.001126s ]
INFO: [ app_end ] --START--
INFO: Run Behavior\ShowPageTraceBehavior [ RunTime:0.000759s ]
INFO: [ app_end ] --END-- [ RunTime:0.000855s ]

[ 2017-01-10T18:42:08+08:00 ] 127.0.0.1 /index.php/Admin/Hospital/ajaxGetCitys/province/%E5%90%89%E6%9E%97
INFO: [ app_begin ] --START--
INFO: Run Behavior\ReadHtmlCacheBehavior [ RunTime:0.000629s ]
INFO: [ app_begin ] --END-- [ RunTime:0.001142s ]
INFO: [ app_end ] --START--
INFO: Run Behavior\ShowPageTraceBehavior [ RunTime:0.000756s ]
INFO: [ app_end ] --END-- [ RunTime:0.000860s ]

[ 2017-01-10T18:42:12+08:00 ] 127.0.0.1 /index.php/Admin/Hospital/ajaxGetCitys/province/%E8%BE%BD%E5%AE%81
INFO: [ app_begin ] --START--
INFO: Run Behavior\ReadHtmlCacheBehavior [ RunTime:0.000651s ]
INFO: [ app_begin ] --END-- [ RunTime:0.001157s ]
INFO: [ app_end ] --START--
INFO: Run Behavior\ShowPageTraceBehavior [ RunTime:0.000761s ]
INFO: [ app_end ] --END-- [ RunTime:0.000861s ]

[ 2017-01-10T18:42:51+08:00 ] 127.0.0.1 /index.php/Admin/Hospital/ajaxGetCitys/province/%E5%90%89%E6%9E%97
INFO: [ app_begin ] --START--
INFO: Run Behavior\ReadHtmlCacheBehavior [ RunTime:0.000636s ]
INFO: [ app_begin ] --END-- [ RunTime:0.001157s ]
INFO: [ app_end ] --START--
INFO: Run Behavior\ShowPageTraceBehavior [ RunTime:0.000824s ]
INFO: [ app_end ] --END-- [ RunTime:0.000935s ]

[ 2017-01-10T18:43:21+08:00 ] 127.0.0.1 /index.php/Admin/Hospital/ajaxDelPic/id/3
INFO: [ app_begin ] --START--
INFO: Run Behavior\ReadHtmlCacheBehavior [ RunTime:0.000562s ]
INFO: [ app_begin ] --END-- [ RunTime:0.000970s ]
SQL: SHOW COLUMNS FROM `emp_hos_img` [ RunTime:0.004775s ]
SQL: SELECT `path` FROM `emp_hos_img` WHERE ( `id` = 3 ) LIMIT 1   [ RunTime:0.000323s ]
SQL: DELETE FROM `emp_hos_img` WHERE ( `id` = 3 ) [ RunTime:0.029525s ]
INFO: [ app_end ] --START--
INFO: Run Behavior\ShowPageTraceBehavior [ RunTime:0.001320s ]
INFO: [ app_end ] --END-- [ RunTime:0.001422s ]

[ 2017-01-10T18:43:41+08:00 ] 127.0.0.1 /index.php/Admin/Hospital/ajaxGetCitys/province/%E8%BE%BD%E5%AE%81
INFO: [ app_begin ] --START--
INFO: Run Behavior\ReadHtmlCacheBehavior [ RunTime:0.000939s ]
INFO: [ app_begin ] --END-- [ RunTime:0.002081s ]
INFO: [ app_end ] --START--
INFO: Run Behavior\ShowPageTraceBehavior [ RunTime:0.000784s ]
INFO: [ app_end ] --END-- [ RunTime:0.000889s ]

