[ 2017-02-05T10:00:23+08:00 ] 127.0.0.1 /
ERR: 模板不存在:./Application/Home/View/Index/index.html

[ 2017-02-05T10:43:38+08:00 ] 127.0.0.1 /index.php/home/sponsor/index.html
ERR: 无法加载控制器:Sponsor

[ 2017-02-05T10:44:06+08:00 ] 127.0.0.1 /index.php/home/doctor/index.html
ERR: 无法加载控制器:Doctor

[ 2017-02-05T10:53:31+08:00 ] 127.0.0.1 /index.php/home/doctor/index.html
ERR: 无法加载控制器:Doctor

[ 2017-02-05T10:53:43+08:00 ] 127.0.0.1 /index.php/home/doctor/index.html
ERR: 无法加载控制器:Doctor

[ 2017-02-05T10:53:46+08:00 ] 127.0.0.1 /index.php/home/doctor/index.html
ERR: 无法加载控制器:Doctor

[ 2017-02-05T10:53:58+08:00 ] 127.0.0.1 /index.php/home/doctor/index.html
ERR: 无法加载控制器:Doctor

[ 2017-02-05T10:53:59+08:00 ] 127.0.0.1 /index.php/home/doctor/index.html
ERR: 无法加载控制器:Doctor

[ 2017-02-05T10:53:59+08:00 ] 127.0.0.1 /index.php/home/doctor/index.html
ERR: 无法加载控制器:Doctor

[ 2017-02-05T10:53:59+08:00 ] 127.0.0.1 /index.php/home/doctor/index.html
ERR: 无法加载控制器:Doctor

[ 2017-02-05T10:54:00+08:00 ] 127.0.0.1 /index.php/home/doctor/index.html
ERR: 无法加载控制器:Doctor

[ 2017-02-05T10:54:00+08:00 ] 127.0.0.1 /index.php/home/doctor/index.html
ERR: 无法加载控制器:Doctor

[ 2017-02-05T10:54:39+08:00 ] 127.0.0.1 /index.php/home/doctor/index.html
ERR: 无法加载控制器:Doctor

[ 2017-02-05T10:54:41+08:00 ] 127.0.0.1 /index.php/home/doctor/index.html
ERR: 无法加载控制器:Doctor

[ 2017-02-05T10:54:41+08:00 ] 127.0.0.1 /index.php/home/doctor/index.html
ERR: 无法加载控制器:Doctor

[ 2017-02-05T10:54:41+08:00 ] 127.0.0.1 /index.php/home/doctor/index.html
ERR: 无法加载控制器:Doctor

[ 2017-02-05T10:54:56+08:00 ] 127.0.0.1 /index.php/home/doctor/index.html
ERR: 无法加载控制器:Doctor

[ 2017-02-05T10:54:59+08:00 ] 127.0.0.1 /index.php/home/doctor/index.html
ERR: 无法加载控制器:Doctor

[ 2017-02-05T10:55:01+08:00 ] 127.0.0.1 /index.php/home/doctor/index.html
ERR: 无法加载控制器:Doctor

[ 2017-02-05T10:55:53+08:00 ] 127.0.0.1 /index.php/home/doctor/index.html
ERR: 无法加载控制器:Doctor

[ 2017-02-05T10:55:55+08:00 ] 127.0.0.1 /index.php/home/doctor/index.html
ERR: 无法加载控制器:Doctor

[ 2017-02-05T10:55:55+08:00 ] 127.0.0.1 /index.php/home/doctor/index.html
ERR: 无法加载控制器:Doctor

[ 2017-02-05T10:55:55+08:00 ] 127.0.0.1 /index.php/home/doctor/index.html
ERR: 无法加载控制器:Doctor

[ 2017-02-05T10:55:56+08:00 ] 127.0.0.1 /index.php/home/doctor/index.html
ERR: 无法加载控制器:Doctor

[ 2017-02-05T10:57:06+08:00 ] 127.0.0.1 /index.php/home/doctor/index.html
ERR: 无法加载控制器:Doctor

[ 2017-02-05T10:57:06+08:00 ] 127.0.0.1 /index.php/home/doctor/index.html
ERR: 无法加载控制器:Doctor

[ 2017-02-05T10:57:12+08:00 ] 127.0.0.1 /index.php/home/doctor/index.html
ERR: 无法加载控制器:Doctor

[ 2017-02-05T10:57:24+08:00 ] 127.0.0.1 /index.php/home/doctor/index.html
ERR: 无法加载控制器:Doctor

[ 2017-02-05T10:59:46+08:00 ] 127.0.0.1 /index.php/Home/Doctor/index.html
ERR: 无法加载控制器:Doctor

[ 2017-02-05T11:00:15+08:00 ] 127.0.0.1 /index.php/Home/Hospital/index.html
ERR: 无法加载控制器:Hospital

[ 2017-02-05T11:02:46+08:00 ] 127.0.0.1 /index.php/Home/Hospital/index.html
ERR: 无法加载控制器:Hospital

[ 2017-02-05T11:30:30+08:00 ] 127.0.0.1 /index.php/Home/Active/detial.php
ERR: 非法操作:detial.php

[ 2017-02-05T11:33:47+08:00 ] 127.0.0.1 /index.php/Home/Hospital/hos_detial.php
ERR: 非法操作:hos_detial.php

[ 2017-02-05T11:35:20+08:00 ] 127.0.0.1 /index.php/Home/Hospital/hos_detial.php
ERR: 非法操作:hos_detial.php

[ 2017-02-05T11:47:21+08:00 ] 127.0.0.1 /index.php/Home/Active/detial.htmlu
ERR: 非法操作:detial.htmlu

[ 2017-02-05T12:01:59+08:00 ] 127.0.0.1 /index.php/home/index/detial.php
ERR: 非法操作:detial.php

[ 2017-02-05T12:02:04+08:00 ] 127.0.0.1 /index.php/home/index/detial.php
ERR: 非法操作:detial.php

[ 2017-02-05T13:06:53+08:00 ] 127.0.0.1 /index.php/Admin/Comment/index
ERR: 无法加载控制器:Comment

[ 2017-02-05T13:32:10+08:00 ] 127.0.0.1 /index.php/admin/login/login.htm
ERR: 非法操作:login.htm

[ 2017-02-05T14:06:27+08:00 ] 127.0.0.1 /index.php/Admin/Comment/index
ERR: 无法加载控制器:Comment

[ 2017-02-05T14:07:37+08:00 ] 127.0.0.1 /index.php/Admin/Comment/index
ERR: 无法加载控制器:Comment

[ 2017-02-05T14:08:21+08:00 ] 127.0.0.1 /index.php/Admin/Comment/index
ERR: 无法加载控制器:Comment

[ 2017-02-05T14:11:12+08:00 ] 127.0.0.1 /index.php/Admin/Hospital/ajaxGetCitys/province/%E5%B1%B1%E8%A5%BF
INFO: [ app_begin ] --START--
INFO: Run Behavior\ReadHtmlCacheBehavior [ RunTime:0.000807s ]
INFO: [ app_begin ] --END-- [ RunTime:0.001273s ]

[ 2017-02-05T14:11:17+08:00 ] 127.0.0.1 /index.php/Admin/Hospital/ajaxGetCitys/province/%E9%BB%91%E9%BE%99%E6%B1%9F
INFO: [ app_begin ] --START--
INFO: Run Behavior\ReadHtmlCacheBehavior [ RunTime:0.000999s ]
INFO: [ app_begin ] --END-- [ RunTime:0.002429s ]

[ 2017-02-05T14:12:00+08:00 ] 127.0.0.1 /index.php/Admin/Hospital/ajaxGetCitys/province/%E5%B1%B1%E8%A5%BF
INFO: [ app_begin ] --START--
INFO: Run Behavior\ReadHtmlCacheBehavior [ RunTime:0.000844s ]
INFO: [ app_begin ] --END-- [ RunTime:0.001324s ]
INFO: [ app_end ] --START--
INFO: Run Behavior\ShowPageTraceBehavior [ RunTime:0.001407s ]
INFO: [ app_end ] --END-- [ RunTime:0.001562s ]

[ 2017-02-05T14:12:02+08:00 ] 127.0.0.1 /index.php/Admin/Hospital/ajaxGetCitys/province/%E6%B1%9F%E8%8B%8F
INFO: [ app_begin ] --START--
INFO: Run Behavior\ReadHtmlCacheBehavior [ RunTime:0.000921s ]
INFO: [ app_begin ] --END-- [ RunTime:0.001476s ]
INFO: [ app_end ] --START--
INFO: Run Behavior\ShowPageTraceBehavior [ RunTime:0.001292s ]
INFO: [ app_end ] --END-- [ RunTime:0.001397s ]

[ 2017-02-05T14:12:07+08:00 ] 127.0.0.1 /index.php/Admin/Hospital/ajaxDelPic/id/34
INFO: [ app_begin ] --START--
INFO: Run Behavior\ReadHtmlCacheBehavior [ RunTime:0.000942s ]
INFO: [ app_begin ] --END-- [ RunTime:0.001491s ]

[ 2017-02-05T14:13:35+08:00 ] 127.0.0.1 /index.php/Admin/Comment/index
ERR: 无法加载控制器:Comment

[ 2017-02-05T14:13:46+08:00 ] 127.0.0.1 /index.php/Admin/Comment/index
ERR: 无法加载控制器:Comment

[ 2017-02-05T14:13:59+08:00 ] 127.0.0.1 /index.php/Admin/Hospital/ajaxGetCitys/province/%E5%B1%B1%E8%A5%BF
INFO: [ app_begin ] --START--
INFO: Run Behavior\ReadHtmlCacheBehavior [ RunTime:0.000587s ]
INFO: [ app_begin ] --END-- [ RunTime:0.001038s ]
INFO: [ app_end ] --START--
INFO: Run Behavior\ShowPageTraceBehavior [ RunTime:0.000783s ]
INFO: [ app_end ] --END-- [ RunTime:0.000932s ]

[ 2017-02-05T14:14:02+08:00 ] 127.0.0.1 /index.php/Admin/Hospital/ajaxDelPic/id/34
INFO: [ app_begin ] --START--
INFO: Run Behavior\ReadHtmlCacheBehavior [ RunTime:0.000565s ]
INFO: [ app_begin ] --END-- [ RunTime:0.001059s ]
SQL: SHOW COLUMNS FROM `zxznz_hos_img` [ RunTime:0.004723s ]
SQL: SELECT `path` FROM `zxznz_hos_img` WHERE ( `id` = 34 ) LIMIT 1   [ RunTime:0.000308s ]
NOTIC: [8] Use of undefined constant __UPLOADS__ - assumed '__UPLOADS__' E:\Wamp\host\html\Application\Admin\Controller\HospitalController.class.php 第 170 行.
NOTIC: [2] unlink(__UPLOADS__Hos_img/2017-02-03/58941d52e9306.jpeg) [<a href='function.unlink'>function.unlink</a>]: No such file or directory E:\Wamp\host\html\Application\Admin\Controller\HospitalController.class.php 第 170 行.
SQL: DELETE FROM `zxznz_hos_img` WHERE ( `id` = 34 ) [ RunTime:0.038078s ]
INFO: [ app_end ] --START--
INFO: Run Behavior\ShowPageTraceBehavior [ RunTime:0.000785s ]
INFO: [ app_end ] --END-- [ RunTime:0.000847s ]

[ 2017-02-05T14:16:46+08:00 ] 127.0.0.1 /index.php/Admin/Hospital/ajaxGetCitys/province/%E5%B1%B1%E8%A5%BF
INFO: [ app_begin ] --START--
INFO: Run Behavior\ReadHtmlCacheBehavior [ RunTime:0.000623s ]
INFO: [ app_begin ] --END-- [ RunTime:0.001155s ]
INFO: [ app_end ] --START--
INFO: Run Behavior\ShowPageTraceBehavior [ RunTime:0.000712s ]
INFO: [ app_end ] --END-- [ RunTime:0.000805s ]

[ 2017-02-05T14:16:51+08:00 ] 127.0.0.1 /index.php/Admin/Hospital/ajaxDelPic/id/32
INFO: [ app_begin ] --START--
INFO: Run Behavior\ReadHtmlCacheBehavior [ RunTime:0.000990s ]
INFO: [ app_begin ] --END-- [ RunTime:0.001714s ]
SQL: SHOW COLUMNS FROM `zxznz_hos_img` [ RunTime:0.004386s ]
SQL: SELECT `path` FROM `zxznz_hos_img` WHERE ( `id` = 32 ) LIMIT 1   [ RunTime:0.000277s ]
SQL: DELETE FROM `zxznz_hos_img` WHERE ( `id` = 32 ) [ RunTime:0.034399s ]
INFO: [ app_end ] --START--
INFO: Run Behavior\ShowPageTraceBehavior [ RunTime:0.001846s ]
INFO: [ app_end ] --END-- [ RunTime:0.001961s ]

[ 2017-02-05T14:17:15+08:00 ] 127.0.0.1 /index.php/Admin/Hospital/ajaxGetCitys/province/%E5%B1%B1%E8%A5%BF
INFO: [ app_begin ] --START--
INFO: Run Behavior\ReadHtmlCacheBehavior [ RunTime:0.000969s ]
INFO: [ app_begin ] --END-- [ RunTime:0.001489s ]
INFO: [ app_end ] --START--
INFO: Run Behavior\ShowPageTraceBehavior [ RunTime:0.001264s ]
INFO: [ app_end ] --END-- [ RunTime:0.001383s ]

[ 2017-02-05T14:17:24+08:00 ] 127.0.0.1 /index.php/Admin/Hospital/ajaxDelPic/id/36
INFO: [ app_begin ] --START--
INFO: Run Behavior\ReadHtmlCacheBehavior [ RunTime:0.001127s ]
INFO: [ app_begin ] --END-- [ RunTime:0.002729s ]
SQL: SHOW COLUMNS FROM `zxznz_hos_img` [ RunTime:0.004580s ]
SQL: SELECT `path` FROM `zxznz_hos_img` WHERE ( `id` = 36 ) LIMIT 1   [ RunTime:0.000696s ]
SQL: DELETE FROM `zxznz_hos_img` WHERE ( `id` = 36 ) [ RunTime:0.030206s ]
INFO: [ app_end ] --START--
INFO: Run Behavior\ShowPageTraceBehavior [ RunTime:0.001098s ]
INFO: [ app_end ] --END-- [ RunTime:0.001157s ]

[ 2017-02-05T14:26:57+08:00 ] 127.0.0.1 /index.php/Admin/Comment/index
ERR: 无法加载控制器:Comment

[ 2017-02-05T14:27:01+08:00 ] 127.0.0.1 /index.php/Admin/Hospital/ajaxGetCitys/province/%E5%B1%B1%E8%A5%BF
INFO: [ app_begin ] --START--
INFO: Run Behavior\ReadHtmlCacheBehavior [ RunTime:0.000648s ]
INFO: [ app_begin ] --END-- [ RunTime:0.001316s ]
INFO: [ app_end ] --START--
INFO: Run Behavior\ShowPageTraceBehavior [ RunTime:0.005201s ]
INFO: [ app_end ] --END-- [ RunTime:0.005313s ]

[ 2017-02-05T14:32:58+08:00 ] 127.0.0.1 /
INFO: [ app_init ] --START--
INFO: Run Behavior\BuildLiteBehavior [ RunTime:0.000016s ]
INFO: [ app_init ] --END-- [ RunTime:0.000439s ]

[ 2017-02-05T14:33:00+08:00 ] 127.0.0.1 /
INFO: [ app_init ] --START--
INFO: Run Behavior\BuildLiteBehavior [ RunTime:0.000015s ]
INFO: [ app_init ] --END-- [ RunTime:0.000427s ]

[ 2017-02-05T14:33:01+08:00 ] 127.0.0.1 /
INFO: [ app_init ] --START--
INFO: Run Behavior\BuildLiteBehavior [ RunTime:0.000016s ]
INFO: [ app_init ] --END-- [ RunTime:0.000430s ]

[ 2017-02-05T14:33:01+08:00 ] 127.0.0.1 /
INFO: [ app_init ] --START--
INFO: Run Behavior\BuildLiteBehavior [ RunTime:0.000018s ]
INFO: [ app_init ] --END-- [ RunTime:0.000500s ]

[ 2017-02-05T14:33:01+08:00 ] 127.0.0.1 /
INFO: [ app_init ] --START--
INFO: Run Behavior\BuildLiteBehavior [ RunTime:0.000015s ]
INFO: [ app_init ] --END-- [ RunTime:0.000427s ]

[ 2017-02-05T14:33:01+08:00 ] 127.0.0.1 /
INFO: [ app_init ] --START--
INFO: Run Behavior\BuildLiteBehavior [ RunTime:0.000018s ]
INFO: [ app_init ] --END-- [ RunTime:0.000482s ]

[ 2017-02-05T14:33:02+08:00 ] 127.0.0.1 /
INFO: [ app_init ] --START--
INFO: Run Behavior\BuildLiteBehavior [ RunTime:0.000015s ]
INFO: [ app_init ] --END-- [ RunTime:0.000431s ]

[ 2017-02-05T14:33:02+08:00 ] 127.0.0.1 /
INFO: [ app_init ] --START--
INFO: Run Behavior\BuildLiteBehavior [ RunTime:0.000015s ]
INFO: [ app_init ] --END-- [ RunTime:0.000427s ]

[ 2017-02-05T14:33:02+08:00 ] 127.0.0.1 /
INFO: [ app_init ] --START--
INFO: Run Behavior\BuildLiteBehavior [ RunTime:0.000015s ]
INFO: [ app_init ] --END-- [ RunTime:0.000466s ]

[ 2017-02-05T17:52:08+08:00 ] 127.0.0.1 /index.php/home/testl/index.html
ERR: 无法加载控制器:Testl

[ 2017-02-05T17:52:33+08:00 ] 127.0.0.1 /index.php/home/hospital/index.html
INFO: [ app_init ] --START--
INFO: Run Behavior\BuildLiteBehavior [ RunTime:0.000015s ]
INFO: [ app_init ] --END-- [ RunTime:0.000518s ]
INFO: [ app_begin ] --START--
INFO: Run Behavior\ReadHtmlCacheBehavior [ RunTime:0.000706s ]
INFO: [ app_begin ] --END-- [ RunTime:0.000778s ]
INFO: [ view_parse ] --START--
INFO: [ template_filter ] --START--
INFO: Run Behavior\ContentReplaceBehavior [ RunTime:0.000056s ]
INFO: [ template_filter ] --END-- [ RunTime:0.000143s ]
INFO: Run Behavior\ParseTemplateBehavior [ RunTime:0.015660s ]
INFO: [ view_parse ] --END-- [ RunTime:0.015777s ]
INFO: [ view_filter ] --START--
INFO: Run Behavior\WriteHtmlCacheBehavior [ RunTime:0.000459s ]
INFO: [ view_filter ] --END-- [ RunTime:0.000522s ]
INFO: [ app_end ] --START--
INFO: Run Behavior\ShowPageTraceBehavior [ RunTime:0.003727s ]
INFO: [ app_end ] --END-- [ RunTime:0.003964s ]

[ 2017-02-05T17:52:38+08:00 ] 127.0.0.1 /index.php/home/test/index.html
INFO: [ app_init ] --START--
INFO: Run Behavior\BuildLiteBehavior [ RunTime:0.000016s ]
INFO: [ app_init ] --END-- [ RunTime:0.000485s ]
INFO: [ app_begin ] --START--
INFO: Run Behavior\ReadHtmlCacheBehavior [ RunTime:0.000780s ]
INFO: [ app_begin ] --END-- [ RunTime:0.000850s ]
ERR: 不存在的图像文件

[ 2017-02-05T17:54:51+08:00 ] 127.0.0.1 /index.php/home/test/index.html
INFO: [ app_init ] --START--
INFO: Run Behavior\BuildLiteBehavior [ RunTime:0.000018s ]
INFO: [ app_init ] --END-- [ RunTime:0.000734s ]
INFO: [ app_begin ] --START--
INFO: Run Behavior\ReadHtmlCacheBehavior [ RunTime:0.000761s ]
INFO: [ app_begin ] --END-- [ RunTime:0.000843s ]
ERR: 不存在的图像文件

[ 2017-02-05T17:54:52+08:00 ] 127.0.0.1 /index.php/home/test/index.html
INFO: [ app_init ] --START--
INFO: Run Behavior\BuildLiteBehavior [ RunTime:0.000015s ]
INFO: [ app_init ] --END-- [ RunTime:0.000463s ]
INFO: [ app_begin ] --START--
INFO: Run Behavior\ReadHtmlCacheBehavior [ RunTime:0.000604s ]
INFO: [ app_begin ] --END-- [ RunTime:0.000677s ]
ERR: 不存在的图像文件

[ 2017-02-05T17:54:53+08:00 ] 127.0.0.1 /index.php/home/test/index.html
INFO: [ app_init ] --START--
INFO: Run Behavior\BuildLiteBehavior [ RunTime:0.000017s ]
INFO: [ app_init ] --END-- [ RunTime:0.000497s ]
INFO: [ app_begin ] --START--
INFO: Run Behavior\ReadHtmlCacheBehavior [ RunTime:0.000599s ]
INFO: [ app_begin ] --END-- [ RunTime:0.000668s ]
ERR: 不存在的图像文件

[ 2017-02-05T17:54:53+08:00 ] 127.0.0.1 /index.php/home/test/index.html
INFO: [ app_init ] --START--
INFO: Run Behavior\BuildLiteBehavior [ RunTime:0.000015s ]
INFO: [ app_init ] --END-- [ RunTime:0.000431s ]
INFO: [ app_begin ] --START--
INFO: Run Behavior\ReadHtmlCacheBehavior [ RunTime:0.000574s ]
INFO: [ app_begin ] --END-- [ RunTime:0.000640s ]
ERR: 不存在的图像文件

[ 2017-02-05T17:54:53+08:00 ] 127.0.0.1 /index.php/home/test/index.html
INFO: [ app_init ] --START--
INFO: Run Behavior\BuildLiteBehavior [ RunTime:0.000015s ]
INFO: [ app_init ] --END-- [ RunTime:0.000426s ]
INFO: [ app_begin ] --START--
INFO: Run Behavior\ReadHtmlCacheBehavior [ RunTime:0.000574s ]
INFO: [ app_begin ] --END-- [ RunTime:0.000640s ]
ERR: 不存在的图像文件

[ 2017-02-05T17:56:19+08:00 ] 127.0.0.1 /index.php/Home/Doctor/index.html
INFO: [ app_init ] --START--
INFO: Run Behavior\BuildLiteBehavior [ RunTime:0.000017s ]
INFO: [ app_init ] --END-- [ RunTime:0.000469s ]
INFO: [ app_begin ] --START--
INFO: Run Behavior\ReadHtmlCacheBehavior [ RunTime:0.000562s ]
INFO: [ app_begin ] --END-- [ RunTime:0.000628s ]
INFO: [ view_parse ] --START--
INFO: [ template_filter ] --START--
INFO: Run Behavior\ContentReplaceBehavior [ RunTime:0.000064s ]
INFO: [ template_filter ] --END-- [ RunTime:0.000160s ]
INFO: Run Behavior\ParseTemplateBehavior [ RunTime:0.011061s ]
INFO: [ view_parse ] --END-- [ RunTime:0.011147s ]
INFO: [ view_filter ] --START--
INFO: Run Behavior\WriteHtmlCacheBehavior [ RunTime:0.000473s ]
INFO: [ view_filter ] --END-- [ RunTime:0.000533s ]
INFO: [ app_end ] --START--
INFO: Run Behavior\ShowPageTraceBehavior [ RunTime:0.000853s ]
INFO: [ app_end ] --END-- [ RunTime:0.000936s ]

[ 2017-02-05T17:56:20+08:00 ] 127.0.0.1 /index.php/Home/Index/index.html
INFO: [ app_init ] --START--
INFO: Run Behavior\BuildLiteBehavior [ RunTime:0.000016s ]
INFO: [ app_init ] --END-- [ RunTime:0.000472s ]
INFO: [ app_begin ] --START--
INFO: Run Behavior\ReadHtmlCacheBehavior [ RunTime:0.000566s ]
INFO: [ app_begin ] --END-- [ RunTime:0.000631s ]
INFO: [ view_parse ] --START--
INFO: [ template_filter ] --START--
INFO: Run Behavior\ContentReplaceBehavior [ RunTime:0.000086s ]
INFO: [ template_filter ] --END-- [ RunTime:0.000166s ]
INFO: Run Behavior\ParseTemplateBehavior [ RunTime:0.011380s ]
INFO: [ view_parse ] --END-- [ RunTime:0.011467s ]
INFO: [ view_filter ] --START--
INFO: Run Behavior\WriteHtmlCacheBehavior [ RunTime:0.000493s ]
INFO: [ view_filter ] --END-- [ RunTime:0.000559s ]
INFO: [ app_end ] --START--
INFO: Run Behavior\ShowPageTraceBehavior [ RunTime:0.000860s ]
INFO: [ app_end ] --END-- [ RunTime:0.000939s ]

[ 2017-02-05T17:56:20+08:00 ] 127.0.0.1 /index.php/Home/Doctor/index.html
INFO: [ app_init ] --START--
INFO: Run Behavior\BuildLiteBehavior [ RunTime:0.000017s ]
INFO: [ app_init ] --END-- [ RunTime:0.000647s ]
INFO: [ app_begin ] --START--
INFO: Run Behavior\ReadHtmlCacheBehavior [ RunTime:0.000676s ]
INFO: [ app_begin ] --END-- [ RunTime:0.000743s ]
INFO: [ view_parse ] --START--
INFO: [ template_filter ] --START--
INFO: Run Behavior\ContentReplaceBehavior [ RunTime:0.000060s ]
INFO: [ template_filter ] --END-- [ RunTime:0.000140s ]
INFO: Run Behavior\ParseTemplateBehavior [ RunTime:0.011176s ]
INFO: [ view_parse ] --END-- [ RunTime:0.011260s ]
INFO: [ view_filter ] --START--
INFO: Run Behavior\WriteHtmlCacheBehavior [ RunTime:0.000783s ]
INFO: [ view_filter ] --END-- [ RunTime:0.000854s ]
INFO: [ app_end ] --START--
INFO: Run Behavior\ShowPageTraceBehavior [ RunTime:0.001290s ]
INFO: [ app_end ] --END-- [ RunTime:0.001382s ]

[ 2017-02-05T17:56:21+08:00 ] 127.0.0.1 /index.php/Home/Hospital/index.html
INFO: [ app_init ] --START--
INFO: Run Behavior\BuildLiteBehavior [ RunTime:0.000016s ]
INFO: [ app_init ] --END-- [ RunTime:0.000437s ]
INFO: [ app_begin ] --START--
INFO: Run Behavior\ReadHtmlCacheBehavior [ RunTime:0.000842s ]
INFO: [ app_begin ] --END-- [ RunTime:0.000932s ]
INFO: [ view_parse ] --START--
INFO: [ template_filter ] --START--
INFO: Run Behavior\ContentReplaceBehavior [ RunTime:0.000050s ]
INFO: [ template_filter ] --END-- [ RunTime:0.000123s ]
INFO: Run Behavior\ParseTemplateBehavior [ RunTime:0.009158s ]
INFO: [ view_parse ] --END-- [ RunTime:0.009239s ]
INFO: [ view_filter ] --START--
INFO: Run Behavior\WriteHtmlCacheBehavior [ RunTime:0.000433s ]
INFO: [ view_filter ] --END-- [ RunTime:0.000492s ]
INFO: [ app_end ] --START--
INFO: Run Behavior\ShowPageTraceBehavior [ RunTime:0.000718s ]
INFO: [ app_end ] --END-- [ RunTime:0.000785s ]

[ 2017-02-05T17:56:22+08:00 ] 127.0.0.1 /index.php/Home/Help/index.html
INFO: [ app_init ] --START--
INFO: Run Behavior\BuildLiteBehavior [ RunTime:0.000017s ]
INFO: [ app_init ] --END-- [ RunTime:0.000574s ]
INFO: [ app_begin ] --START--
INFO: Run Behavior\ReadHtmlCacheBehavior [ RunTime:0.000653s ]
INFO: [ app_begin ] --END-- [ RunTime:0.000738s ]
INFO: [ view_parse ] --START--
INFO: [ template_filter ] --START--
INFO: Run Behavior\ContentReplaceBehavior [ RunTime:0.000064s ]
INFO: [ template_filter ] --END-- [ RunTime:0.000157s ]
INFO: Run Behavior\ParseTemplateBehavior [ RunTime:0.010704s ]
INFO: [ view_parse ] --END-- [ RunTime:0.010797s ]
INFO: [ view_filter ] --START--
INFO: Run Behavior\WriteHtmlCacheBehavior [ RunTime:0.000604s ]
INFO: [ view_filter ] --END-- [ RunTime:0.000678s ]
INFO: [ app_end ] --START--
INFO: Run Behavior\ShowPageTraceBehavior [ RunTime:0.000889s ]
INFO: [ app_end ] --END-- [ RunTime:0.000964s ]

[ 2017-02-05T17:56:22+08:00 ] 127.0.0.1 /index.php/Home/Sponsor/index.html
INFO: [ app_init ] --START--
INFO: Run Behavior\BuildLiteBehavior [ RunTime:0.000015s ]
INFO: [ app_init ] --END-- [ RunTime:0.000452s ]
INFO: [ app_begin ] --START--
INFO: Run Behavior\ReadHtmlCacheBehavior [ RunTime:0.000561s ]
INFO: [ app_begin ] --END-- [ RunTime:0.000625s ]
INFO: [ view_parse ] --START--
INFO: [ template_filter ] --START--
INFO: Run Behavior\ContentReplaceBehavior [ RunTime:0.000046s ]
INFO: [ template_filter ] --END-- [ RunTime:0.000126s ]
INFO: Run Behavior\ParseTemplateBehavior [ RunTime:0.009238s ]
INFO: [ view_parse ] --END-- [ RunTime:0.009363s ]
INFO: [ view_filter ] --START--
INFO: Run Behavior\WriteHtmlCacheBehavior [ RunTime:0.000511s ]
INFO: [ view_filter ] --END-- [ RunTime:0.000574s ]
INFO: [ app_end ] --START--
INFO: Run Behavior\ShowPageTraceBehavior [ RunTime:0.000722s ]
INFO: [ app_end ] --END-- [ RunTime:0.000785s ]

[ 2017-02-05T17:56:23+08:00 ] 127.0.0.1 /index.php/Home/Active/index.html
INFO: [ app_init ] --START--
INFO: Run Behavior\BuildLiteBehavior [ RunTime:0.000026s ]
INFO: [ app_init ] --END-- [ RunTime:0.000769s ]
INFO: [ app_begin ] --START--
INFO: Run Behavior\ReadHtmlCacheBehavior [ RunTime:0.000687s ]
INFO: [ app_begin ] --END-- [ RunTime:0.000774s ]
INFO: [ view_parse ] --START--
INFO: [ template_filter ] --START--
INFO: Run Behavior\ContentReplaceBehavior [ RunTime:0.000085s ]
INFO: [ template_filter ] --END-- [ RunTime:0.000172s ]
INFO: Run Behavior\ParseTemplateBehavior [ RunTime:0.011787s ]
INFO: [ view_parse ] --END-- [ RunTime:0.011870s ]
INFO: [ view_filter ] --START--
INFO: Run Behavior\WriteHtmlCacheBehavior [ RunTime:0.000463s ]
INFO: [ view_filter ] --END-- [ RunTime:0.000525s ]
INFO: [ app_end ] --START--
INFO: Run Behavior\ShowPageTraceBehavior [ RunTime:0.000872s ]
INFO: [ app_end ] --END-- [ RunTime:0.000953s ]

[ 2017-02-05T17:56:35+08:00 ] 127.0.0.1 /index.php/Home/test
INFO: [ app_init ] --START--
INFO: Run Behavior\BuildLiteBehavior [ RunTime:0.000015s ]
INFO: [ app_init ] --END-- [ RunTime:0.000429s ]
INFO: [ app_begin ] --START--
INFO: Run Behavior\ReadHtmlCacheBehavior [ RunTime:0.000628s ]
INFO: [ app_begin ] --END-- [ RunTime:0.000705s ]
ERR: 不存在的图像文件

[ 2017-02-05T17:59:26+08:00 ] 127.0.0.1 /index.php/Home/test
INFO: [ app_init ] --START--
INFO: Run Behavior\BuildLiteBehavior [ RunTime:0.000017s ]
INFO: [ app_init ] --END-- [ RunTime:0.000585s ]
INFO: [ app_begin ] --START--
INFO: Run Behavior\ReadHtmlCacheBehavior [ RunTime:0.000738s ]
INFO: [ app_begin ] --END-- [ RunTime:0.000829s ]
NOTIC: [2] imagejpeg() [<a href='function.imagejpeg'>function.imagejpeg</a>]: Unable to open '/Public/Uploads/ci/haha-69be9668ac99e202d81180c21db69f35./Public/999' for writing: No such file or directory E:\Wamp\host\ZXZNZ\ThinkPHP\Library\Think\Image\Driver\Gd.class.php 第 101 行.
INFO: [ app_end ] --START--
INFO: Run Behavior\ShowPageTraceBehavior [ RunTime:0.000823s ]
INFO: [ app_end ] --END-- [ RunTime:0.000892s ]

[ 2017-02-05T18:03:04+08:00 ] 127.0.0.1 /index.php/Home/test
INFO: [ app_init ] --START--
INFO: Run Behavior\BuildLiteBehavior [ RunTime:0.000021s ]
INFO: [ app_init ] --END-- [ RunTime:0.001657s ]
INFO: [ app_begin ] --START--
INFO: Run Behavior\ReadHtmlCacheBehavior [ RunTime:0.000722s ]
INFO: [ app_begin ] --END-- [ RunTime:0.000803s ]
NOTIC: [2] imagejpeg() [<a href='function.imagejpeg'>function.imagejpeg</a>]: Unable to open '/Public/Uploads/ci/haha-01331abef773cf05fe63377db5fed263.jpg' for writing: No such file or directory E:\Wamp\host\ZXZNZ\ThinkPHP\Library\Think\Image\Driver\Gd.class.php 第 101 行.
INFO: [ app_end ] --START--
INFO: Run Behavior\ShowPageTraceBehavior [ RunTime:0.000880s ]
INFO: [ app_end ] --END-- [ RunTime:0.000959s ]

[ 2017-02-05T18:04:27+08:00 ] 127.0.0.1 /index.php/Home/test
INFO: [ app_init ] --START--
INFO: Run Behavior\BuildLiteBehavior [ RunTime:0.000016s ]
INFO: [ app_init ] --END-- [ RunTime:0.000458s ]
INFO: [ app_begin ] --START--
INFO: Run Behavior\ReadHtmlCacheBehavior [ RunTime:0.000609s ]
INFO: [ app_begin ] --END-- [ RunTime:0.000686s ]

[ 2017-02-05T18:06:09+08:00 ] 127.0.0.1 /index.php/Home/test
INFO: [ app_init ] --START--
INFO: Run Behavior\BuildLiteBehavior [ RunTime:0.000017s ]
INFO: [ app_init ] --END-- [ RunTime:0.000675s ]
INFO: [ app_begin ] --START--
INFO: Run Behavior\ReadHtmlCacheBehavior [ RunTime:0.001092s ]
INFO: [ app_begin ] --END-- [ RunTime:0.001170s ]
NOTIC: [2] imagejpeg() [<a href='function.imagejpeg'>function.imagejpeg</a>]: Unable to open '/Public/Uploads/ci/haha-da4502e0da09bfdd04a2af1ebb815c01.jpg' for writing: No such file or directory E:\Wamp\host\ZXZNZ\ThinkPHP\Library\Think\Image\Driver\Gd.class.php 第 101 行.
INFO: [ app_end ] --START--
INFO: Run Behavior\ShowPageTraceBehavior [ RunTime:0.001034s ]
INFO: [ app_end ] --END-- [ RunTime:0.001108s ]

[ 2017-02-05T18:09:24+08:00 ] 127.0.0.1 /index.php/Home/test
INFO: [ app_init ] --START--
INFO: Run Behavior\BuildLiteBehavior [ RunTime:0.000017s ]
INFO: [ app_init ] --END-- [ RunTime:0.000501s ]
INFO: [ app_begin ] --START--
INFO: Run Behavior\ReadHtmlCacheBehavior [ RunTime:0.000932s ]
INFO: [ app_begin ] --END-- [ RunTime:0.001021s ]
NOTIC: [2] imagejpeg() [<a href='function.imagejpeg'>function.imagejpeg</a>]: Unable to open '/Public/Uploads/ci/haha-42be190eca36dfa55a2d01bf657b0ac2.jpg' for writing: No such file or directory E:\Wamp\host\ZXZNZ\ThinkPHP\Library\Think\Image\Driver\Gd.class.php 第 101 行.
INFO: [ app_end ] --START--
INFO: Run Behavior\ShowPageTraceBehavior [ RunTime:0.000845s ]
INFO: [ app_end ] --END-- [ RunTime:0.000919s ]

[ 2017-02-05T18:09:55+08:00 ] 127.0.0.1 /index.php/Home/test
INFO: [ app_init ] --START--
INFO: Run Behavior\BuildLiteBehavior [ RunTime:0.000105s ]
INFO: [ app_init ] --END-- [ RunTime:0.000593s ]
INFO: [ app_begin ] --START--
INFO: Run Behavior\ReadHtmlCacheBehavior [ RunTime:0.001311s ]
INFO: [ app_begin ] --END-- [ RunTime:0.001449s ]
NOTIC: [2] imagejpeg() [<a href='function.imagejpeg'>function.imagejpeg</a>]: Unable to open '/Public/Uploads/ci/haha-9aa05759c479c06a00f38df9507b9c21.jpg' for writing: No such file or directory E:\Wamp\host\ZXZNZ\ThinkPHP\Library\Think\Image\Driver\Gd.class.php 第 101 行.
INFO: [ app_end ] --START--
INFO: Run Behavior\ShowPageTraceBehavior [ RunTime:0.000793s ]
INFO: [ app_end ] --END-- [ RunTime:0.000866s ]

[ 2017-02-05T18:09:56+08:00 ] 127.0.0.1 /index.php/Home/test
INFO: [ app_init ] --START--
INFO: Run Behavior\BuildLiteBehavior [ RunTime:0.000026s ]
INFO: [ app_init ] --END-- [ RunTime:0.000970s ]
INFO: [ app_begin ] --START--
INFO: Run Behavior\ReadHtmlCacheBehavior [ RunTime:0.001233s ]
INFO: [ app_begin ] --END-- [ RunTime:0.001371s ]
NOTIC: [2] imagejpeg() [<a href='function.imagejpeg'>function.imagejpeg</a>]: Unable to open '/Public/Uploads/ci/haha-0dc37200860592521e7b055d6ce5bfa9.jpg' for writing: No such file or directory E:\Wamp\host\ZXZNZ\ThinkPHP\Library\Think\Image\Driver\Gd.class.php 第 101 行.
INFO: [ app_end ] --START--
INFO: Run Behavior\ShowPageTraceBehavior [ RunTime:0.000922s ]
INFO: [ app_end ] --END-- [ RunTime:0.000999s ]

