[ 2017-01-09T09:40:37+08:00 ] 127.0.0.1 /index.php/Admin/Hospital/ajaxGetAttr/type_id/%E5%90%89%E6%9E%97
INFO: [ app_begin ] --START--
INFO: Run Behavior\ReadHtmlCacheBehavior [ RunTime:0.001469s ]
INFO: [ app_begin ] --END-- [ RunTime:0.002307s ]
ERR: 非法操作:ajaxGetAttr

[ 2017-01-09T09:57:44+08:00 ] 127.0.0.1 /index.php/Admin/Hospital/ajaxGetAttr/type_id/%E9%BB%91%E9%BE%99%E6%B1%9F
INFO: [ app_begin ] --START--
INFO: Run Behavior\ReadHtmlCacheBehavior [ RunTime:0.000674s ]
INFO: [ app_begin ] --END-- [ RunTime:0.001160s ]
ERR: 非法操作:ajaxGetAttr

[ 2017-01-09T09:57:59+08:00 ] 127.0.0.1 /index.php/Admin/Hospital/ajaxGetCity/city/%E8%BE%BD%E5%AE%81
INFO: [ app_begin ] --START--
INFO: Run Behavior\ReadHtmlCacheBehavior [ RunTime:0.001303s ]
INFO: [ app_begin ] --END-- [ RunTime:0.002453s ]
INFO: [ app_end ] --START--
INFO: Run Behavior\ShowPageTraceBehavior [ RunTime:0.002317s ]
INFO: [ app_end ] --END-- [ RunTime:0.002424s ]

[ 2017-01-09T09:58:03+08:00 ] 127.0.0.1 /index.php/Admin/Hospital/ajaxGetCity/city/%E7%A6%8F%E5%BB%BA
INFO: [ app_begin ] --START--
INFO: Run Behavior\ReadHtmlCacheBehavior [ RunTime:0.001110s ]
INFO: [ app_begin ] --END-- [ RunTime:0.002054s ]
INFO: [ app_end ] --START--
INFO: Run Behavior\ShowPageTraceBehavior [ RunTime:0.001142s ]
INFO: [ app_end ] --END-- [ RunTime:0.001278s ]

[ 2017-01-09T09:59:20+08:00 ] 127.0.0.1 /index.php/Admin/Hospital/ajaxGetCity/city/%E6%B1%9F%E8%8B%8F
INFO: [ app_begin ] --START--
INFO: Run Behavior\ReadHtmlCacheBehavior [ RunTime:0.000808s ]
INFO: [ app_begin ] --END-- [ RunTime:0.001711s ]
INFO: [ app_end ] --START--
INFO: Run Behavior\ShowPageTraceBehavior [ RunTime:0.000753s ]
INFO: [ app_end ] --END-- [ RunTime:0.000839s ]

[ 2017-01-09T11:01:25+08:00 ] 127.0.0.1 /index.php/Admin/Hospital/ajaxGetCitys/province/%E9%BB%91%E9%BE%99%E6%B1%9F
INFO: [ app_begin ] --START--
INFO: Run Behavior\ReadHtmlCacheBehavior [ RunTime:0.001462s ]
INFO: [ app_begin ] --END-- [ RunTime:0.003089s ]
INFO: [ app_end ] --START--
INFO: Run Behavior\ShowPageTraceBehavior [ RunTime:0.000767s ]
INFO: [ app_end ] --END-- [ RunTime:0.000858s ]

[ 2017-01-09T11:25:47+08:00 ] 127.0.0.1 /index.php/Admin/Hospital/ajaxGetCitys/province/%E5%8C%97%E4%BA%AC
ERR: Serialization of 'SimpleXMLElement' is not allowed

[ 2017-01-09T11:26:32+08:00 ] 127.0.0.1 /index.php/Admin/Hospital/ajaxGetCitys/province/%E6%B5%99%E6%B1%9F
INFO: [ app_begin ] --START--
INFO: Run Behavior\ReadHtmlCacheBehavior [ RunTime:0.000718s ]
INFO: [ app_begin ] --END-- [ RunTime:0.001471s ]
INFO: [ app_end ] --START--
INFO: Run Behavior\ShowPageTraceBehavior [ RunTime:0.000726s ]
INFO: [ app_end ] --END-- [ RunTime:0.000810s ]

[ 2017-01-09T11:27:43+08:00 ] 127.0.0.1 /index.php/Admin/Hospital/ajaxGetCitys/province/%E9%BB%91%E9%BE%99%E6%B1%9F
INFO: [ app_begin ] --START--
INFO: Run Behavior\ReadHtmlCacheBehavior [ RunTime:0.000573s ]
INFO: [ app_begin ] --END-- [ RunTime:0.001038s ]
INFO: [ app_end ] --START--
INFO: Run Behavior\ShowPageTraceBehavior [ RunTime:0.000661s ]
INFO: [ app_end ] --END-- [ RunTime:0.000738s ]

[ 2017-01-09T11:29:49+08:00 ] 127.0.0.1 /index.php/Admin/Hospital/ajaxGetCitys/province/%E9%BB%91%E9%BE%99%E6%B1%9F
INFO: [ app_begin ] --START--
INFO: Run Behavior\ReadHtmlCacheBehavior [ RunTime:0.000566s ]
INFO: [ app_begin ] --END-- [ RunTime:0.001025s ]
INFO: [ app_end ] --START--
INFO: Run Behavior\ShowPageTraceBehavior [ RunTime:0.000651s ]
INFO: [ app_end ] --END-- [ RunTime:0.000728s ]

[ 2017-01-09T11:37:23+08:00 ] 127.0.0.1 /index.php/Admin/Hospital/ajaxGetCitys/province/%E5%B1%B1%E8%A5%BF
INFO: [ app_begin ] --START--
INFO: Run Behavior\ReadHtmlCacheBehavior [ RunTime:0.000699s ]
INFO: [ app_begin ] --END-- [ RunTime:0.001357s ]
INFO: [ app_end ] --START--
INFO: Run Behavior\ShowPageTraceBehavior [ RunTime:0.000767s ]
INFO: [ app_end ] --END-- [ RunTime:0.000864s ]

[ 2017-01-09T11:37:30+08:00 ] 127.0.0.1 /index.php/Admin/Hospital/ajaxGetCitys/province/%E6%B9%96%E5%8D%97
INFO: [ app_begin ] --START--
INFO: Run Behavior\ReadHtmlCacheBehavior [ RunTime:0.000602s ]
INFO: [ app_begin ] --END-- [ RunTime:0.001091s ]
INFO: [ app_end ] --START--
INFO: Run Behavior\ShowPageTraceBehavior [ RunTime:0.000691s ]
INFO: [ app_end ] --END-- [ RunTime:0.000778s ]

[ 2017-01-09T11:37:34+08:00 ] 127.0.0.1 /index.php/Admin/Hospital/ajaxGetCitys/province/%E5%8C%97%E4%BA%AC
INFO: [ app_begin ] --START--
INFO: Run Behavior\ReadHtmlCacheBehavior [ RunTime:0.000758s ]
INFO: [ app_begin ] --END-- [ RunTime:0.001430s ]
INFO: [ app_end ] --START--
INFO: Run Behavior\ShowPageTraceBehavior [ RunTime:0.000826s ]
INFO: [ app_end ] --END-- [ RunTime:0.000923s ]

[ 2017-01-09T11:37:37+08:00 ] 127.0.0.1 /index.php/Admin/Hospital/ajaxGetCitys/province/%E6%B2%B3%E5%8D%97
INFO: [ app_begin ] --START--
INFO: Run Behavior\ReadHtmlCacheBehavior [ RunTime:0.000771s ]
INFO: [ app_begin ] --END-- [ RunTime:0.001517s ]
INFO: [ app_end ] --START--
INFO: Run Behavior\ShowPageTraceBehavior [ RunTime:0.000735s ]
INFO: [ app_end ] --END-- [ RunTime:0.000835s ]

[ 2017-01-09T11:39:59+08:00 ] 127.0.0.1 /index.php/Admin/Hospital/ajaxGetCitys/province/%E5%B1%B1%E8%A5%BF
INFO: [ app_begin ] --START--
INFO: Run Behavior\ReadHtmlCacheBehavior [ RunTime:0.000618s ]
INFO: [ app_begin ] --END-- [ RunTime:0.001144s ]
INFO: [ app_end ] --START--
INFO: Run Behavior\ShowPageTraceBehavior [ RunTime:0.000710s ]
INFO: [ app_end ] --END-- [ RunTime:0.000821s ]

[ 2017-01-09T11:44:03+08:00 ] 127.0.0.1 /index.php/Admin/Hospital/ajaxGetCitys/province/%E5%8C%97%E4%BA%AC
ERR: Serialization of 'SimpleXMLElement' is not allowed

[ 2017-01-09T11:46:01+08:00 ] 127.0.0.1 /index.php/Admin/Hospital/ajaxGetCitys/province/%E5%8C%97%E4%BA%AC
ERR: Serialization of 'SimpleXMLElement' is not allowed

[ 2017-01-09T11:46:02+08:00 ] 127.0.0.1 /index.php/Admin/Hospital/ajaxGetCitys/province/%E5%8C%97%E4%BA%AC
ERR: Serialization of 'SimpleXMLElement' is not allowed

[ 2017-01-09T11:46:03+08:00 ] 127.0.0.1 /index.php/Admin/Hospital/ajaxGetCitys/province/%E5%8C%97%E4%BA%AC
ERR: Serialization of 'SimpleXMLElement' is not allowed

[ 2017-01-09T11:46:03+08:00 ] 127.0.0.1 /index.php/Admin/Hospital/ajaxGetCitys/province/%E5%8C%97%E4%BA%AC
ERR: Serialization of 'SimpleXMLElement' is not allowed

[ 2017-01-09T11:47:52+08:00 ] 127.0.0.1 /index.php/Admin/Hospital/ajaxGetCitys/province/%E5%8C%97%E4%BA%AC
ERR: Serialization of 'SimpleXMLElement' is not allowed

[ 2017-01-09T11:48:13+08:00 ] 127.0.0.1 /index.php/Admin/Hospital/ajaxGetCitys/province/%E5%8C%97%E4%BA%AC
ERR: Serialization of 'SimpleXMLElement' is not allowed

[ 2017-01-09T11:58:22+08:00 ] 127.0.0.1 /index.php/Admin/Hospital/ajaxGetCitys/province/%E6%B5%99%E6%B1%9F
INFO: [ app_begin ] --START--
INFO: Run Behavior\ReadHtmlCacheBehavior [ RunTime:0.000552s ]
INFO: [ app_begin ] --END-- [ RunTime:0.000965s ]
INFO: [ app_end ] --START--
INFO: Run Behavior\ShowPageTraceBehavior [ RunTime:0.000667s ]
INFO: [ app_end ] --END-- [ RunTime:0.000747s ]

[ 2017-01-09T11:58:37+08:00 ] 127.0.0.1 /index.php/Admin/Hospital/ajaxGetCitys/province/%E6%B2%B3%E5%8D%97
INFO: [ app_begin ] --START--
INFO: Run Behavior\ReadHtmlCacheBehavior [ RunTime:0.000580s ]
INFO: [ app_begin ] --END-- [ RunTime:0.001012s ]
INFO: [ app_end ] --START--
INFO: Run Behavior\ShowPageTraceBehavior [ RunTime:0.000598s ]
INFO: [ app_end ] --END-- [ RunTime:0.000666s ]

[ 2017-01-09T11:59:00+08:00 ] 127.0.0.1 /index.php/Admin/Hospital/ajaxGetCitys/province/%E8%BE%BD%E5%AE%81
INFO: [ app_begin ] --START--
INFO: Run Behavior\ReadHtmlCacheBehavior [ RunTime:0.000622s ]
INFO: [ app_begin ] --END-- [ RunTime:0.001342s ]
INFO: [ app_end ] --START--
INFO: Run Behavior\ShowPageTraceBehavior [ RunTime:0.000586s ]
INFO: [ app_end ] --END-- [ RunTime:0.000652s ]

[ 2017-01-09T11:59:04+08:00 ] 127.0.0.1 /index.php/Admin/Hospital/ajaxGetCitys/province/%E6%B9%96%E5%8D%97
INFO: [ app_begin ] --START--
INFO: Run Behavior\ReadHtmlCacheBehavior [ RunTime:0.000765s ]
INFO: [ app_begin ] --END-- [ RunTime:0.001312s ]
INFO: [ app_end ] --START--
INFO: Run Behavior\ShowPageTraceBehavior [ RunTime:0.000856s ]
INFO: [ app_end ] --END-- [ RunTime:0.000961s ]

[ 2017-01-09T11:59:16+08:00 ] 127.0.0.1 /index.php/Admin/Hospital/ajaxGetCitys/province/%E5%8C%97%E4%BA%AC
INFO: [ app_begin ] --START--
INFO: Run Behavior\ReadHtmlCacheBehavior [ RunTime:0.000557s ]
INFO: [ app_begin ] --END-- [ RunTime:0.000965s ]
INFO: [ app_end ] --START--
INFO: Run Behavior\ShowPageTraceBehavior [ RunTime:0.000677s ]
INFO: [ app_end ] --END-- [ RunTime:0.000759s ]

[ 2017-01-09T11:59:55+08:00 ] 127.0.0.1 /index.php/Admin/Comment/index
ERR: 无法加载控制器:Comment

[ 2017-01-09T12:00:00+08:00 ] 127.0.0.1 /index.php/Admin/Hospital/ajaxGetCitys/province/%E4%B8%8A%E6%B5%B7
INFO: [ app_begin ] --START--
INFO: Run Behavior\ReadHtmlCacheBehavior [ RunTime:0.000571s ]
INFO: [ app_begin ] --END-- [ RunTime:0.001017s ]
INFO: [ app_end ] --START--
INFO: Run Behavior\ShowPageTraceBehavior [ RunTime:0.000689s ]
INFO: [ app_end ] --END-- [ RunTime:0.000770s ]

[ 2017-01-09T12:10:31+08:00 ] 127.0.0.1 /index.php/Admin/Hospital/ajaxGetCitys/province/%E5%B1%B1%E8%A5%BF
INFO: [ app_begin ] --START--
INFO: Run Behavior\ReadHtmlCacheBehavior [ RunTime:0.000549s ]
INFO: [ app_begin ] --END-- [ RunTime:0.000954s ]
INFO: [ app_end ] --START--
INFO: Run Behavior\ShowPageTraceBehavior [ RunTime:0.000766s ]
INFO: [ app_end ] --END-- [ RunTime:0.000863s ]

[ 2017-01-09T12:58:57+08:00 ] 127.0.0.1 /index.php/Admin/Comment/index
ERR: 无法加载控制器:Comment

[ 2017-01-09T12:58:58+08:00 ] 127.0.0.1 /index.php/Admin/Wed/index
ERR: 无法加载控制器:Wed

[ 2017-01-09T13:00:50+08:00 ] 127.0.0.1 /index.php/Admin/Hospital/ajaxGetCitys/province/%E5%86%85%E8%92%99%E5%8F%A4
INFO: [ app_begin ] --START--
INFO: Run Behavior\ReadHtmlCacheBehavior [ RunTime:0.000588s ]
INFO: [ app_begin ] --END-- [ RunTime:0.001019s ]

[ 2017-01-09T13:00:57+08:00 ] 127.0.0.1 /index.php/Admin/Hospital/ajaxGetCitys/province/%E7%A6%8F%E5%BB%BA
INFO: [ app_begin ] --START--
INFO: Run Behavior\ReadHtmlCacheBehavior [ RunTime:0.000722s ]
INFO: [ app_begin ] --END-- [ RunTime:0.001477s ]

[ 2017-01-09T13:00:59+08:00 ] 127.0.0.1 /index.php/Admin/Hospital/ajaxGetCitys/province/%E6%B2%B3%E5%8D%97
INFO: [ app_begin ] --START--
INFO: Run Behavior\ReadHtmlCacheBehavior [ RunTime:0.001308s ]
INFO: [ app_begin ] --END-- [ RunTime:0.001857s ]

[ 2017-01-09T13:02:02+08:00 ] 127.0.0.1 /index.php/Admin/Hospital/ajaxGetCitys/province/%E5%B1%B1%E8%A5%BF
INFO: [ app_begin ] --START--
INFO: Run Behavior\ReadHtmlCacheBehavior [ RunTime:0.000564s ]
INFO: [ app_begin ] --END-- [ RunTime:0.001006s ]

[ 2017-01-09T13:02:05+08:00 ] 127.0.0.1 /index.php/Admin/Hospital/ajaxGetCitys/province/%E4%B8%8A%E6%B5%B7
INFO: [ app_begin ] --START--
INFO: Run Behavior\ReadHtmlCacheBehavior [ RunTime:0.000706s ]
INFO: [ app_begin ] --END-- [ RunTime:0.001319s ]

[ 2017-01-09T13:02:23+08:00 ] 127.0.0.1 /index.php/Admin/Hospital/ajaxGetCitys/province/%E5%86%85%E8%92%99%E5%8F%A4
INFO: [ app_begin ] --START--
INFO: Run Behavior\ReadHtmlCacheBehavior [ RunTime:0.000584s ]
INFO: [ app_begin ] --END-- [ RunTime:0.000995s ]
INFO: [ app_end ] --START--
INFO: Run Behavior\ShowPageTraceBehavior [ RunTime:0.000660s ]
INFO: [ app_end ] --END-- [ RunTime:0.000738s ]

[ 2017-01-09T13:02:25+08:00 ] 127.0.0.1 /index.php/Admin/Hospital/ajaxGetCitys/province/%E6%B1%9F%E8%8B%8F
INFO: [ app_begin ] --START--
INFO: Run Behavior\ReadHtmlCacheBehavior [ RunTime:0.000554s ]
INFO: [ app_begin ] --END-- [ RunTime:0.000978s ]
INFO: [ app_end ] --START--
INFO: Run Behavior\ShowPageTraceBehavior [ RunTime:0.000622s ]
INFO: [ app_end ] --END-- [ RunTime:0.000696s ]

[ 2017-01-09T13:02:32+08:00 ] 127.0.0.1 /index.php/Admin/Hospital/ajaxGetCitys/province/%E6%B2%B3%E5%8C%97
INFO: [ app_begin ] --START--
INFO: Run Behavior\ReadHtmlCacheBehavior [ RunTime:0.000622s ]
INFO: [ app_begin ] --END-- [ RunTime:0.001202s ]
INFO: [ app_end ] --START--
INFO: Run Behavior\ShowPageTraceBehavior [ RunTime:0.000951s ]
INFO: [ app_end ] --END-- [ RunTime:0.001047s ]

[ 2017-01-09T13:02:35+08:00 ] 127.0.0.1 /index.php/Admin/Hospital/ajaxGetCitys/province/%E6%B9%96%E5%8C%97
INFO: [ app_begin ] --START--
INFO: Run Behavior\ReadHtmlCacheBehavior [ RunTime:0.000554s ]
INFO: [ app_begin ] --END-- [ RunTime:0.000968s ]
INFO: [ app_end ] --START--
INFO: Run Behavior\ShowPageTraceBehavior [ RunTime:0.000573s ]
INFO: [ app_end ] --END-- [ RunTime:0.000640s ]

[ 2017-01-09T13:03:35+08:00 ] 127.0.0.1 /index.php/Admin/Hospital/ajaxGetCitys/province/%E5%90%89%E6%9E%97
INFO: [ app_begin ] --START--
INFO: Run Behavior\ReadHtmlCacheBehavior [ RunTime:0.000593s ]
INFO: [ app_begin ] --END-- [ RunTime:0.001056s ]
INFO: [ app_end ] --START--
INFO: Run Behavior\ShowPageTraceBehavior [ RunTime:0.000865s ]
INFO: [ app_end ] --END-- [ RunTime:0.000956s ]

[ 2017-01-09T13:04:08+08:00 ] 127.0.0.1 /index.php/Admin/Hospital/ajaxGetCitys/province/%E8%BE%BD%E5%AE%81
INFO: [ app_begin ] --START--
INFO: Run Behavior\ReadHtmlCacheBehavior [ RunTime:0.000565s ]
INFO: [ app_begin ] --END-- [ RunTime:0.000997s ]

[ 2017-01-09T13:07:20+08:00 ] 127.0.0.1 /index.php/Admin/Hospital/ajaxGetCitys/province/%E5%B1%B1%E8%A5%BF
INFO: [ app_begin ] --START--
INFO: Run Behavior\ReadHtmlCacheBehavior [ RunTime:0.001032s ]
INFO: [ app_begin ] --END-- [ RunTime:0.002132s ]

[ 2017-01-09T13:07:25+08:00 ] 127.0.0.1 /index.php/Admin/Hospital/ajaxGetCitys/province/%E5%AE%89%E5%BE%BD
INFO: [ app_begin ] --START--
INFO: Run Behavior\ReadHtmlCacheBehavior [ RunTime:0.000713s ]
INFO: [ app_begin ] --END-- [ RunTime:0.001338s ]

[ 2017-01-09T13:07:30+08:00 ] 127.0.0.1 /index.php/Admin/Comment/index
ERR: 无法加载控制器:Comment

[ 2017-01-09T13:07:31+08:00 ] 127.0.0.1 /index.php/Admin/Comment/index
ERR: 无法加载控制器:Comment

[ 2017-01-09T13:07:35+08:00 ] 127.0.0.1 /index.php/Admin/Hospital/ajaxGetCitys/province/%E6%B9%96%E5%8D%97
INFO: [ app_begin ] --START--
INFO: Run Behavior\ReadHtmlCacheBehavior [ RunTime:0.000779s ]
INFO: [ app_begin ] --END-- [ RunTime:0.001367s ]

[ 2017-01-09T13:09:26+08:00 ] 127.0.0.1 /index.php/Admin/Hospital/ajaxGetCitys/province/%E4%B8%8A%E6%B5%B7
INFO: [ app_begin ] --START--
INFO: Run Behavior\ReadHtmlCacheBehavior [ RunTime:0.000848s ]
INFO: [ app_begin ] --END-- [ RunTime:0.001401s ]

[ 2017-01-09T13:11:18+08:00 ] 127.0.0.1 /index.php/Admin/Hospital/ajaxGetCitys/province/%E5%86%85%E8%92%99%E5%8F%A4
INFO: [ app_begin ] --START--
INFO: Run Behavior\ReadHtmlCacheBehavior [ RunTime:0.000651s ]
INFO: [ app_begin ] --END-- [ RunTime:0.001101s ]

[ 2017-01-09T13:12:22+08:00 ] 127.0.0.1 /index.php/Admin/Hospital/ajaxGetCitys/province/%E5%90%89%E6%9E%97
INFO: [ app_begin ] --START--
INFO: Run Behavior\ReadHtmlCacheBehavior [ RunTime:0.000592s ]
INFO: [ app_begin ] --END-- [ RunTime:0.001055s ]
INFO: [ app_end ] --START--
INFO: Run Behavior\ShowPageTraceBehavior [ RunTime:0.000886s ]
INFO: [ app_end ] --END-- [ RunTime:0.000983s ]

[ 2017-01-09T13:12:26+08:00 ] 127.0.0.1 /index.php/Admin/Hospital/ajaxGetCitys/province/%E5%B9%BF%E4%B8%9C
INFO: [ app_begin ] --START--
INFO: Run Behavior\ReadHtmlCacheBehavior [ RunTime:0.000605s ]
INFO: [ app_begin ] --END-- [ RunTime:0.001117s ]
INFO: [ app_end ] --START--
INFO: Run Behavior\ShowPageTraceBehavior [ RunTime:0.000718s ]
INFO: [ app_end ] --END-- [ RunTime:0.000803s ]

[ 2017-01-09T13:12:38+08:00 ] 127.0.0.1 /index.php/Admin/Hospital/ajaxGetCitys/province/%E4%B8%8A%E6%B5%B7
INFO: [ app_begin ] --START--
INFO: Run Behavior\ReadHtmlCacheBehavior [ RunTime:0.001733s ]
INFO: [ app_begin ] --END-- [ RunTime:0.002410s ]
INFO: [ app_end ] --START--
INFO: Run Behavior\ShowPageTraceBehavior [ RunTime:0.000814s ]
INFO: [ app_end ] --END-- [ RunTime:0.000931s ]

[ 2017-01-09T13:13:00+08:00 ] 127.0.0.1 /index.php/Admin/Hospital/ajaxGetCitys/province/%E7%A6%8F%E5%BB%BA
INFO: [ app_begin ] --START--
INFO: Run Behavior\ReadHtmlCacheBehavior [ RunTime:0.000606s ]
INFO: [ app_begin ] --END-- [ RunTime:0.001077s ]
INFO: [ app_end ] --START--
INFO: Run Behavior\ShowPageTraceBehavior [ RunTime:0.000677s ]
INFO: [ app_end ] --END-- [ RunTime:0.000757s ]

[ 2017-01-09T13:13:05+08:00 ] 127.0.0.1 /index.php/Admin/Hospital/ajaxGetCitys/province/%E6%B1%9F%E8%A5%BF
INFO: [ app_begin ] --START--
INFO: Run Behavior\ReadHtmlCacheBehavior [ RunTime:0.000706s ]
INFO: [ app_begin ] --END-- [ RunTime:0.001401s ]
INFO: [ app_end ] --START--
INFO: Run Behavior\ShowPageTraceBehavior [ RunTime:0.000950s ]
INFO: [ app_end ] --END-- [ RunTime:0.001089s ]

[ 2017-01-09T13:20:45+08:00 ] 127.0.0.1 /index.php/Admin/Hospital/ajaxGetCitys/province/%E4%B8%8A%E6%B5%B7
INFO: [ app_begin ] --START--
INFO: Run Behavior\ReadHtmlCacheBehavior [ RunTime:0.000819s ]
INFO: [ app_begin ] --END-- [ RunTime:0.001553s ]
INFO: [ app_end ] --START--
INFO: Run Behavior\ShowPageTraceBehavior [ RunTime:0.000778s ]
INFO: [ app_end ] --END-- [ RunTime:0.000863s ]

[ 2017-01-09T13:22:13+08:00 ] 127.0.0.1 /index.php/Admin/Wed/index
ERR: 无法加载控制器:Wed

[ 2017-01-09T13:22:14+08:00 ] 127.0.0.1 /index.php/Admin/Comment/index
ERR: 无法加载控制器:Comment

[ 2017-01-09T13:22:15+08:00 ] 127.0.0.1 /index.php/Admin/Wed/index
ERR: 无法加载控制器:Wed

[ 2017-01-09T13:22:21+08:00 ] 127.0.0.1 /index.php/Admin/Wed/index
ERR: 无法加载控制器:Wed

[ 2017-01-09T13:22:24+08:00 ] 127.0.0.1 /index.php/Admin/Wed/index
ERR: 无法加载控制器:Wed

[ 2017-01-09T13:22:26+08:00 ] 127.0.0.1 /index.php/Admin/Wed/index
ERR: 无法加载控制器:Wed

[ 2017-01-09T13:22:26+08:00 ] 127.0.0.1 /index.php/Admin/Comment/index
ERR: 无法加载控制器:Comment

[ 2017-01-09T13:25:25+08:00 ] 127.0.0.1 /index.php/Admin/Wed/index
ERR: 无法加载控制器:Wed

[ 2017-01-09T13:25:26+08:00 ] 127.0.0.1 /index.php/Admin/Comment/index
ERR: 无法加载控制器:Comment

[ 2017-01-09T13:25:34+08:00 ] 127.0.0.1 /index.php/Admin/Hospital/ajaxGetCitys/province/%E6%B2%B3%E5%8C%97
INFO: [ app_begin ] --START--
INFO: Run Behavior\ReadHtmlCacheBehavior [ RunTime:0.000642s ]
INFO: [ app_begin ] --END-- [ RunTime:0.001194s ]
INFO: [ app_end ] --START--
INFO: Run Behavior\ShowPageTraceBehavior [ RunTime:0.000670s ]
INFO: [ app_end ] --END-- [ RunTime:0.000747s ]

[ 2017-01-09T13:25:40+08:00 ] 127.0.0.1 /index.php/Admin/Hospital/ajaxGetCitys/province/%E6%B2%B3%E5%8D%97
INFO: [ app_begin ] --START--
INFO: Run Behavior\ReadHtmlCacheBehavior [ RunTime:0.000627s ]
INFO: [ app_begin ] --END-- [ RunTime:0.001084s ]
INFO: [ app_end ] --START--
INFO: Run Behavior\ShowPageTraceBehavior [ RunTime:0.000675s ]
INFO: [ app_end ] --END-- [ RunTime:0.000758s ]

[ 2017-01-09T14:04:49+08:00 ] 127.0.0.1 /index.php/Admin/Hospital/ajaxGetCitys/province/%E6%B2%B3%E5%8C%97
INFO: [ app_begin ] --START--
INFO: Run Behavior\ReadHtmlCacheBehavior [ RunTime:0.000670s ]
INFO: [ app_begin ] --END-- [ RunTime:0.001123s ]
INFO: [ app_end ] --START--
INFO: Run Behavior\ShowPageTraceBehavior [ RunTime:0.000723s ]
INFO: [ app_end ] --END-- [ RunTime:0.000802s ]

[ 2017-01-09T14:04:52+08:00 ] 127.0.0.1 /index.php/Admin/Hospital/ajaxGetCitys/province/%E7%A6%8F%E5%BB%BA
INFO: [ app_begin ] --START--
INFO: Run Behavior\ReadHtmlCacheBehavior [ RunTime:0.000922s ]
INFO: [ app_begin ] --END-- [ RunTime:0.001542s ]
INFO: [ app_end ] --START--
INFO: Run Behavior\ShowPageTraceBehavior [ RunTime:0.000690s ]
INFO: [ app_end ] --END-- [ RunTime:0.000772s ]

[ 2017-01-09T14:05:00+08:00 ] 127.0.0.1 /index.php/Admin/Hospital/ajaxGetCitys/province/%E5%8C%97%E4%BA%AC
INFO: [ app_begin ] --START--
INFO: Run Behavior\ReadHtmlCacheBehavior [ RunTime:0.000643s ]
INFO: [ app_begin ] --END-- [ RunTime:0.001178s ]
INFO: [ app_end ] --START--
INFO: Run Behavior\ShowPageTraceBehavior [ RunTime:0.000758s ]
INFO: [ app_end ] --END-- [ RunTime:0.000853s ]

[ 2017-01-09T14:19:44+08:00 ] 127.0.0.1 /index.php/Admin/Hospital/ajaxGetCitys/province/%E4%B8%8A%E6%B5%B7
INFO: [ app_begin ] --START--
INFO: Run Behavior\ReadHtmlCacheBehavior [ RunTime:0.000742s ]
INFO: [ app_begin ] --END-- [ RunTime:0.002691s ]
INFO: [ app_end ] --START--
INFO: Run Behavior\ShowPageTraceBehavior [ RunTime:0.000687s ]
INFO: [ app_end ] --END-- [ RunTime:0.000764s ]

[ 2017-01-09T14:31:45+08:00 ] 127.0.0.1 /index.php/Admin/Hospital/ajaxGetCitys/province/%E5%B1%B1%E8%A5%BF
INFO: [ app_begin ] --START--
INFO: Run Behavior\ReadHtmlCacheBehavior [ RunTime:0.001667s ]
INFO: [ app_begin ] --END-- [ RunTime:0.002208s ]
INFO: [ app_end ] --START--
INFO: Run Behavior\ShowPageTraceBehavior [ RunTime:0.001008s ]
INFO: [ app_end ] --END-- [ RunTime:0.001123s ]

[ 2017-01-09T15:00:59+08:00 ] 127.0.0.1 /index.php/Admin/Hospital/ajaxGetCitys/province/%E5%B1%B1%E8%A5%BF
INFO: [ app_begin ] --START--
INFO: Run Behavior\ReadHtmlCacheBehavior [ RunTime:0.000700s ]
INFO: [ app_begin ] --END-- [ RunTime:0.001230s ]
INFO: [ app_end ] --START--
INFO: Run Behavior\ShowPageTraceBehavior [ RunTime:0.000787s ]
INFO: [ app_end ] --END-- [ RunTime:0.000888s ]

[ 2017-01-09T15:01:08+08:00 ] 127.0.0.1 /index.php/Admin/Hospital/ajaxGetCitys/province/%E9%BB%91%E9%BE%99%E6%B1%9F
INFO: [ app_begin ] --START--
INFO: Run Behavior\ReadHtmlCacheBehavior [ RunTime:0.001060s ]
INFO: [ app_begin ] --END-- [ RunTime:0.002008s ]
INFO: [ app_end ] --START--
INFO: Run Behavior\ShowPageTraceBehavior [ RunTime:0.000782s ]
INFO: [ app_end ] --END-- [ RunTime:0.000883s ]

[ 2017-01-09T15:01:22+08:00 ] 127.0.0.1 /index.php/Admin/Hospital/ajaxGetCitys/province/%E5%A4%A9%E6%B4%A5
INFO: [ app_begin ] --START--
INFO: Run Behavior\ReadHtmlCacheBehavior [ RunTime:0.001083s ]
INFO: [ app_begin ] --END-- [ RunTime:0.001978s ]
INFO: [ app_end ] --START--
INFO: Run Behavior\ShowPageTraceBehavior [ RunTime:0.000649s ]
INFO: [ app_end ] --END-- [ RunTime:0.000729s ]

[ 2017-01-09T15:02:08+08:00 ] 127.0.0.1 /index.php/Admin/Hospital/ajaxGetCitys/province/%E9%BB%91%E9%BE%99%E6%B1%9F
INFO: [ app_begin ] --START--
INFO: Run Behavior\ReadHtmlCacheBehavior [ RunTime:0.000616s ]
INFO: [ app_begin ] --END-- [ RunTime:0.001230s ]
INFO: [ app_end ] --START--
INFO: Run Behavior\ShowPageTraceBehavior [ RunTime:0.000818s ]
INFO: [ app_end ] --END-- [ RunTime:0.000930s ]

[ 2017-01-09T15:02:17+08:00 ] 127.0.0.1 /index.php/Admin/Hospital/ajaxGetCitys/province/%E5%86%85%E8%92%99%E5%8F%A4
INFO: [ app_begin ] --START--
INFO: Run Behavior\ReadHtmlCacheBehavior [ RunTime:0.000578s ]
INFO: [ app_begin ] --END-- [ RunTime:0.001007s ]
INFO: [ app_end ] --START--
INFO: Run Behavior\ShowPageTraceBehavior [ RunTime:0.000736s ]
INFO: [ app_end ] --END-- [ RunTime:0.000828s ]

[ 2017-01-09T15:02:29+08:00 ] 127.0.0.1 /index.php/Admin/Hospital/ajaxGetCitys/province/%E6%B2%B3%E5%8D%97
INFO: [ app_begin ] --START--
INFO: Run Behavior\ReadHtmlCacheBehavior [ RunTime:0.000913s ]
INFO: [ app_begin ] --END-- [ RunTime:0.001767s ]
INFO: [ app_end ] --START--
INFO: Run Behavior\ShowPageTraceBehavior [ RunTime:0.000691s ]
INFO: [ app_end ] --END-- [ RunTime:0.000771s ]

[ 2017-01-09T15:02:38+08:00 ] 127.0.0.1 /index.php/Admin/Hospital/ajaxGetCitys/province/%E6%B2%B3%E5%8C%97
INFO: [ app_begin ] --START--
INFO: Run Behavior\ReadHtmlCacheBehavior [ RunTime:0.001026s ]
INFO: [ app_begin ] --END-- [ RunTime:0.001464s ]
INFO: [ app_end ] --START--
INFO: Run Behavior\ShowPageTraceBehavior [ RunTime:0.000691s ]
INFO: [ app_end ] --END-- [ RunTime:0.000774s ]

[ 2017-01-09T15:04:45+08:00 ] 127.0.0.1 /index.php/Admin/Hospital/ajaxGetCitys/province/%E5%86%85%E8%92%99%E5%8F%A4
INFO: [ app_begin ] --START--
INFO: Run Behavior\ReadHtmlCacheBehavior [ RunTime:0.001101s ]
INFO: [ app_begin ] --END-- [ RunTime:0.001727s ]
INFO: [ app_end ] --START--
INFO: Run Behavior\ShowPageTraceBehavior [ RunTime:0.000755s ]
INFO: [ app_end ] --END-- [ RunTime:0.000836s ]

[ 2017-01-09T15:04:53+08:00 ] 127.0.0.1 /index.php/Admin/Hospital/ajaxGetCitys/province/%E4%B8%8A%E6%B5%B7
INFO: [ app_begin ] --START--
INFO: Run Behavior\ReadHtmlCacheBehavior [ RunTime:0.000706s ]
INFO: [ app_begin ] --END-- [ RunTime:0.001512s ]
INFO: [ app_end ] --START--
INFO: Run Behavior\ShowPageTraceBehavior [ RunTime:0.001001s ]
INFO: [ app_end ] --END-- [ RunTime:0.001217s ]

[ 2017-01-09T15:04:57+08:00 ] 127.0.0.1 /index.php/Admin/Hospital/ajaxGetCitys/province/%E5%B9%BF%E4%B8%9C
INFO: [ app_begin ] --START--
INFO: Run Behavior\ReadHtmlCacheBehavior [ RunTime:0.000896s ]
INFO: [ app_begin ] --END-- [ RunTime:0.001317s ]
INFO: [ app_end ] --START--
INFO: Run Behavior\ShowPageTraceBehavior [ RunTime:0.001647s ]
INFO: [ app_end ] --END-- [ RunTime:0.001759s ]

[ 2017-01-09T15:05:06+08:00 ] 127.0.0.1 /index.php/Admin/Hospital/ajaxGetCitys/province/%E9%9D%92%E6%B5%B7
INFO: [ app_begin ] --START--
INFO: Run Behavior\ReadHtmlCacheBehavior [ RunTime:0.000629s ]
INFO: [ app_begin ] --END-- [ RunTime:0.001333s ]
INFO: [ app_end ] --START--
INFO: Run Behavior\ShowPageTraceBehavior [ RunTime:0.000786s ]
INFO: [ app_end ] --END-- [ RunTime:0.000900s ]

[ 2017-01-09T15:05:11+08:00 ] 127.0.0.1 /index.php/Admin/Hospital/ajaxGetCitys/province/%E5%8F%B0%E6%B9%BE
INFO: [ app_begin ] --START--
INFO: Run Behavior\ReadHtmlCacheBehavior [ RunTime:0.000552s ]
INFO: [ app_begin ] --END-- [ RunTime:0.000967s ]
INFO: [ app_end ] --START--
INFO: Run Behavior\ShowPageTraceBehavior [ RunTime:0.000749s ]
INFO: [ app_end ] --END-- [ RunTime:0.000849s ]

[ 2017-01-09T15:05:14+08:00 ] 127.0.0.1 /index.php/Admin/Hospital/ajaxGetCitys/province/%E6%BE%B3%E9%97%A8
INFO: [ app_begin ] --START--
INFO: Run Behavior\ReadHtmlCacheBehavior [ RunTime:0.000645s ]
INFO: [ app_begin ] --END-- [ RunTime:0.001188s ]
INFO: [ app_end ] --START--
INFO: Run Behavior\ShowPageTraceBehavior [ RunTime:0.000887s ]
INFO: [ app_end ] --END-- [ RunTime:0.000992s ]

[ 2017-01-09T15:05:17+08:00 ] 127.0.0.1 /index.php/Admin/Hospital/ajaxGetCitys/province/%E6%96%B0%E7%96%86
INFO: [ app_begin ] --START--
INFO: Run Behavior\ReadHtmlCacheBehavior [ RunTime:0.000554s ]
INFO: [ app_begin ] --END-- [ RunTime:0.000971s ]
INFO: [ app_end ] --START--
INFO: Run Behavior\ShowPageTraceBehavior [ RunTime:0.000844s ]
INFO: [ app_end ] --END-- [ RunTime:0.001104s ]

[ 2017-01-09T15:06:48+08:00 ] 127.0.0.1 /index.php/Admin/Comment/index
ERR: 无法加载控制器:Comment

[ 2017-01-09T15:06:48+08:00 ] 127.0.0.1 /index.php/Admin/Wed/index
ERR: 无法加载控制器:Wed

[ 2017-01-09T15:11:38+08:00 ] 127.0.0.1 /index.php/Admin/Comment/index
ERR: 无法加载控制器:Comment

[ 2017-01-09T15:13:45+08:00 ] 127.0.0.1 /index.php/Admin/Hospital/ajaxGetCitys/province/%E8%BE%BD%E5%AE%81
INFO: [ app_begin ] --START--
INFO: Run Behavior\ReadHtmlCacheBehavior [ RunTime:0.000906s ]
INFO: [ app_begin ] --END-- [ RunTime:0.001433s ]
INFO: [ app_end ] --START--
INFO: Run Behavior\ShowPageTraceBehavior [ RunTime:0.001271s ]
INFO: [ app_end ] --END-- [ RunTime:0.001578s ]

[ 2017-01-09T15:13:57+08:00 ] 127.0.0.1 /index.php/Admin/Hospital/ajaxGetCitys/province/%E4%B8%8A%E6%B5%B7
INFO: [ app_begin ] --START--
INFO: Run Behavior\ReadHtmlCacheBehavior [ RunTime:0.000817s ]
INFO: [ app_begin ] --END-- [ RunTime:0.001440s ]
INFO: [ app_end ] --START--
INFO: Run Behavior\ShowPageTraceBehavior [ RunTime:0.000666s ]
INFO: [ app_end ] --END-- [ RunTime:0.000738s ]

[ 2017-01-09T15:19:34+08:00 ] 127.0.0.1 /index.php/Admin/Hospital/ajaxGetCitys/province/
INFO: [ app_begin ] --START--
INFO: Run Behavior\ReadHtmlCacheBehavior [ RunTime:0.000649s ]
INFO: [ app_begin ] --END-- [ RunTime:0.001181s ]
INFO: [ app_end ] --START--
INFO: Run Behavior\ShowPageTraceBehavior [ RunTime:0.000748s ]
INFO: [ app_end ] --END-- [ RunTime:0.000847s ]

[ 2017-01-09T15:19:39+08:00 ] 127.0.0.1 /index.php/Admin/Hospital/ajaxGetCitys/province/%E5%A4%A9%E6%B4%A5
INFO: [ app_begin ] --START--
INFO: Run Behavior\ReadHtmlCacheBehavior [ RunTime:0.001125s ]
INFO: [ app_begin ] --END-- [ RunTime:0.001977s ]
INFO: [ app_end ] --START--
INFO: Run Behavior\ShowPageTraceBehavior [ RunTime:0.001100s ]
INFO: [ app_end ] --END-- [ RunTime:0.001240s ]

[ 2017-01-09T15:19:45+08:00 ] 127.0.0.1 /index.php/Admin/Hospital/ajaxGetCitys/province/%E5%A4%A9%E6%B4%A5
INFO: [ app_begin ] --START--
INFO: Run Behavior\ReadHtmlCacheBehavior [ RunTime:0.000929s ]
INFO: [ app_begin ] --END-- [ RunTime:0.001466s ]
INFO: [ app_end ] --START--
INFO: Run Behavior\ShowPageTraceBehavior [ RunTime:0.000725s ]
INFO: [ app_end ] --END-- [ RunTime:0.000816s ]

[ 2017-01-09T15:19:48+08:00 ] 127.0.0.1 /index.php/Admin/Hospital/ajaxGetCitys/province/%E5%90%89%E6%9E%97
INFO: [ app_begin ] --START--
INFO: Run Behavior\ReadHtmlCacheBehavior [ RunTime:0.000878s ]
INFO: [ app_begin ] --END-- [ RunTime:0.001504s ]
INFO: [ app_end ] --START--
INFO: Run Behavior\ShowPageTraceBehavior [ RunTime:0.000685s ]
INFO: [ app_end ] --END-- [ RunTime:0.000768s ]

[ 2017-01-09T15:19:51+08:00 ] 127.0.0.1 /index.php/Admin/Hospital/ajaxGetCitys/province/%E5%B1%B1%E4%B8%9C
INFO: [ app_begin ] --START--
INFO: Run Behavior\ReadHtmlCacheBehavior [ RunTime:0.000895s ]
INFO: [ app_begin ] --END-- [ RunTime:0.001656s ]
INFO: [ app_end ] --START--
INFO: Run Behavior\ShowPageTraceBehavior [ RunTime:0.000783s ]
INFO: [ app_end ] --END-- [ RunTime:0.000880s ]

[ 2017-01-09T15:19:55+08:00 ] 127.0.0.1 /index.php/Admin/Hospital/ajaxGetCitys/province/%E5%B1%B1%E4%B8%9C
INFO: [ app_begin ] --START--
INFO: Run Behavior\ReadHtmlCacheBehavior [ RunTime:0.000666s ]
INFO: [ app_begin ] --END-- [ RunTime:0.001174s ]
INFO: [ app_end ] --START--
INFO: Run Behavior\ShowPageTraceBehavior [ RunTime:0.000744s ]
INFO: [ app_end ] --END-- [ RunTime:0.000841s ]

[ 2017-01-09T15:20:25+08:00 ] 127.0.0.1 /index.php/Admin/Hospital/ajaxGetCitys/province/%E6%B2%B3%E5%8C%97
INFO: [ app_begin ] --START--
INFO: Run Behavior\ReadHtmlCacheBehavior [ RunTime:0.000739s ]
INFO: [ app_begin ] --END-- [ RunTime:0.001340s ]
INFO: [ app_end ] --START--
INFO: Run Behavior\ShowPageTraceBehavior [ RunTime:0.000778s ]
INFO: [ app_end ] --END-- [ RunTime:0.000861s ]

[ 2017-01-09T15:20:36+08:00 ] 127.0.0.1 /index.php/Admin/Hospital/ajaxGetCitys/province/%E6%B2%B3%E5%8C%97
INFO: [ app_begin ] --START--
INFO: Run Behavior\ReadHtmlCacheBehavior [ RunTime:0.000640s ]
INFO: [ app_begin ] --END-- [ RunTime:0.001139s ]
INFO: [ app_end ] --START--
INFO: Run Behavior\ShowPageTraceBehavior [ RunTime:0.000658s ]
INFO: [ app_end ] --END-- [ RunTime:0.000744s ]

[ 2017-01-09T15:22:03+08:00 ] 127.0.0.1 /index.php/Admin/Hospital/ajaxGetCitys/province/
INFO: [ app_begin ] --START--
INFO: Run Behavior\ReadHtmlCacheBehavior [ RunTime:0.000610s ]
INFO: [ app_begin ] --END-- [ RunTime:0.001111s ]
INFO: [ app_end ] --START--
INFO: Run Behavior\ShowPageTraceBehavior [ RunTime:0.000710s ]
INFO: [ app_end ] --END-- [ RunTime:0.000805s ]

[ 2017-01-09T15:22:28+08:00 ] 127.0.0.1 /index.php/Admin/Hospital/ajaxGetCitys/province/
INFO: [ app_begin ] --START--
INFO: Run Behavior\ReadHtmlCacheBehavior [ RunTime:0.000615s ]
INFO: [ app_begin ] --END-- [ RunTime:0.001142s ]
INFO: [ app_end ] --START--
INFO: Run Behavior\ShowPageTraceBehavior [ RunTime:0.000786s ]
INFO: [ app_end ] --END-- [ RunTime:0.000881s ]

[ 2017-01-09T15:26:13+08:00 ] 127.0.0.1 /index.php/Admin/Wed/index
ERR: 无法加载控制器:Wed

[ 2017-01-09T15:26:13+08:00 ] 127.0.0.1 /index.php/Admin/Comment/index
ERR: 无法加载控制器:Comment

[ 2017-01-09T15:26:16+08:00 ] 127.0.0.1 /index.php/Admin/Hospital/ajaxGetCitys/province/
INFO: [ app_begin ] --START--
INFO: Run Behavior\ReadHtmlCacheBehavior [ RunTime:0.000592s ]
INFO: [ app_begin ] --END-- [ RunTime:0.001079s ]
INFO: [ app_end ] --START--
INFO: Run Behavior\ShowPageTraceBehavior [ RunTime:0.000757s ]
INFO: [ app_end ] --END-- [ RunTime:0.000860s ]

[ 2017-01-09T15:27:06+08:00 ] 127.0.0.1 /index.php/Admin/Hospital/ajaxGetCitys/province/
INFO: [ app_begin ] --START--
INFO: Run Behavior\ReadHtmlCacheBehavior [ RunTime:0.000615s ]
INFO: [ app_begin ] --END-- [ RunTime:0.001131s ]
INFO: [ app_end ] --START--
INFO: Run Behavior\ShowPageTraceBehavior [ RunTime:0.000721s ]
INFO: [ app_end ] --END-- [ RunTime:0.000814s ]

[ 2017-01-09T15:27:12+08:00 ] 127.0.0.1 /index.php/Admin/Hospital/ajaxGetCitys/province/%E5%A4%A9%E6%B4%A5
INFO: [ app_begin ] --START--
INFO: Run Behavior\ReadHtmlCacheBehavior [ RunTime:0.000779s ]
INFO: [ app_begin ] --END-- [ RunTime:0.001442s ]
INFO: [ app_end ] --START--
INFO: Run Behavior\ShowPageTraceBehavior [ RunTime:0.000770s ]
INFO: [ app_end ] --END-- [ RunTime:0.000889s ]

[ 2017-01-09T15:28:55+08:00 ] 127.0.0.1 /index.php/Admin/Hospital/ajaxGetCitys/province/
INFO: [ app_begin ] --START--
INFO: Run Behavior\ReadHtmlCacheBehavior [ RunTime:0.000988s ]
INFO: [ app_begin ] --END-- [ RunTime:0.001504s ]
INFO: [ app_end ] --START--
INFO: Run Behavior\ShowPageTraceBehavior [ RunTime:0.000632s ]
INFO: [ app_end ] --END-- [ RunTime:0.000712s ]

[ 2017-01-09T15:29:00+08:00 ] 127.0.0.1 /index.php/Admin/Hospital/ajaxGetCitys/province/%E5%86%85%E8%92%99%E5%8F%A4
INFO: [ app_begin ] --START--
INFO: Run Behavior\ReadHtmlCacheBehavior [ RunTime:0.001111s ]
INFO: [ app_begin ] --END-- [ RunTime:0.002023s ]
INFO: [ app_end ] --START--
INFO: Run Behavior\ShowPageTraceBehavior [ RunTime:0.000755s ]
INFO: [ app_end ] --END-- [ RunTime:0.000857s ]

[ 2017-01-09T16:06:54+08:00 ] 127.0.0.1 /index.php/Admin/Hospital/ajaxGetCitys/province/
INFO: [ app_begin ] --START--
INFO: Run Behavior\ReadHtmlCacheBehavior [ RunTime:0.000655s ]
INFO: [ app_begin ] --END-- [ RunTime:0.001182s ]
INFO: [ app_end ] --START--
INFO: Run Behavior\ShowPageTraceBehavior [ RunTime:0.000725s ]
INFO: [ app_end ] --END-- [ RunTime:0.000824s ]

[ 2017-01-09T16:09:24+08:00 ] 127.0.0.1 /index.php/Admin/Hospital/ajaxGetCitys/province/%E5%86%85%E8%92%99%E5%8F%A4
INFO: [ app_begin ] --START--
INFO: Run Behavior\ReadHtmlCacheBehavior [ RunTime:0.001139s ]
INFO: [ app_begin ] --END-- [ RunTime:0.002238s ]
INFO: [ app_end ] --START--
INFO: Run Behavior\ShowPageTraceBehavior [ RunTime:0.000974s ]
INFO: [ app_end ] --END-- [ RunTime:0.001112s ]

[ 2017-01-09T16:09:35+08:00 ] 127.0.0.1 /index.php/Admin/Hospital/ajaxGetCitys/province/%E5%86%85%E8%92%99%E5%8F%A4
INFO: [ app_begin ] --START--
INFO: Run Behavior\ReadHtmlCacheBehavior [ RunTime:0.000667s ]
INFO: [ app_begin ] --END-- [ RunTime:0.001159s ]
INFO: [ app_end ] --START--
INFO: Run Behavior\ShowPageTraceBehavior [ RunTime:0.000712s ]
INFO: [ app_end ] --END-- [ RunTime:0.000800s ]

[ 2017-01-09T16:09:42+08:00 ] 127.0.0.1 /index.php/Admin/Hospital/ajaxGetCitys/province/%E5%86%85%E8%92%99%E5%8F%A4
INFO: [ app_begin ] --START--
INFO: Run Behavior\ReadHtmlCacheBehavior [ RunTime:0.000598s ]
INFO: [ app_begin ] --END-- [ RunTime:0.001062s ]
INFO: [ app_end ] --START--
INFO: Run Behavior\ShowPageTraceBehavior [ RunTime:0.000740s ]
INFO: [ app_end ] --END-- [ RunTime:0.000843s ]

[ 2017-01-09T16:12:24+08:00 ] 127.0.0.1 /index.php/Admin/Hospital/ajaxGetCitys/province/%E7%A6%8F%E5%BB%BA
INFO: [ app_begin ] --START--
INFO: Run Behavior\ReadHtmlCacheBehavior [ RunTime:0.001125s ]
INFO: [ app_begin ] --END-- [ RunTime:0.001718s ]
INFO: [ app_end ] --START--
INFO: Run Behavior\ShowPageTraceBehavior [ RunTime:0.001504s ]
INFO: [ app_end ] --END-- [ RunTime:0.001628s ]

[ 2017-01-09T16:12:29+08:00 ] 127.0.0.1 /index.php/Admin/Hospital/ajaxGetCitys/province/%E6%B9%96%E5%8C%97
INFO: [ app_begin ] --START--
INFO: Run Behavior\ReadHtmlCacheBehavior [ RunTime:0.001310s ]
INFO: [ app_begin ] --END-- [ RunTime:0.001862s ]
INFO: [ app_end ] --START--
INFO: Run Behavior\ShowPageTraceBehavior [ RunTime:0.000679s ]
INFO: [ app_end ] --END-- [ RunTime:0.000760s ]

[ 2017-01-09T16:12:32+08:00 ] 127.0.0.1 /index.php/Admin/Hospital/ajaxGetCitys/province/%E5%B9%BF%E4%B8%9C
INFO: [ app_begin ] --START--
INFO: Run Behavior\ReadHtmlCacheBehavior [ RunTime:0.000638s ]
INFO: [ app_begin ] --END-- [ RunTime:0.001101s ]
INFO: [ app_end ] --START--
INFO: Run Behavior\ShowPageTraceBehavior [ RunTime:0.000769s ]
INFO: [ app_end ] --END-- [ RunTime:0.000864s ]

[ 2017-01-09T16:55:25+08:00 ] 127.0.0.1 /index.php/Admin/Hospital/ajaxGetCitys/province/%E4%B8%8A%E6%B5%B7
INFO: [ app_begin ] --START--
INFO: Run Behavior\ReadHtmlCacheBehavior [ RunTime:0.000643s ]
INFO: [ app_begin ] --END-- [ RunTime:0.001157s ]
INFO: [ app_end ] --START--
INFO: Run Behavior\ShowPageTraceBehavior [ RunTime:0.000850s ]
INFO: [ app_end ] --END-- [ RunTime:0.000957s ]

[ 2017-01-09T16:55:28+08:00 ] 127.0.0.1 /index.php/Admin/Hospital/ajaxGetCitys/province/%E5%B1%B1%E4%B8%9C
INFO: [ app_begin ] --START--
INFO: Run Behavior\ReadHtmlCacheBehavior [ RunTime:0.000638s ]
INFO: [ app_begin ] --END-- [ RunTime:0.001160s ]
INFO: [ app_end ] --START--
INFO: Run Behavior\ShowPageTraceBehavior [ RunTime:0.000748s ]
INFO: [ app_end ] --END-- [ RunTime:0.000849s ]

[ 2017-01-09T17:10:54+08:00 ] 127.0.0.1 /index.php/Admin/Hospital/ajaxGetCitys/province/%E6%B2%B3%E5%8C%97
INFO: [ app_begin ] --START--
INFO: Run Behavior\ReadHtmlCacheBehavior [ RunTime:0.000584s ]
INFO: [ app_begin ] --END-- [ RunTime:0.001086s ]
INFO: [ app_end ] --START--
INFO: Run Behavior\ShowPageTraceBehavior [ RunTime:0.000842s ]
INFO: [ app_end ] --END-- [ RunTime:0.000956s ]

[ 2017-01-09T17:21:27+08:00 ] 127.0.0.1 /index.php/Admin/Hospital/ajaxGetCitys/province/%E6%B2%B3%E5%8D%97
INFO: [ app_begin ] --START--
INFO: Run Behavior\ReadHtmlCacheBehavior [ RunTime:0.000841s ]
INFO: [ app_begin ] --END-- [ RunTime:0.001507s ]
INFO: [ app_end ] --START--
INFO: Run Behavior\ShowPageTraceBehavior [ RunTime:0.001000s ]
INFO: [ app_end ] --END-- [ RunTime:0.001118s ]

[ 2017-01-09T17:34:22+08:00 ] 127.0.0.1 /index.php/Admin/Hospital/ajaxGetCitys/province/%E6%B2%B3%E5%8D%97
INFO: [ app_begin ] --START--
INFO: Run Behavior\ReadHtmlCacheBehavior [ RunTime:0.000992s ]
INFO: [ app_begin ] --END-- [ RunTime:0.001574s ]
INFO: [ app_end ] --START--
INFO: Run Behavior\ShowPageTraceBehavior [ RunTime:0.001001s ]
INFO: [ app_end ] --END-- [ RunTime:0.001098s ]

[ 2017-01-09T17:38:24+08:00 ] 127.0.0.1 /index.php/Admin/Hospital/ajaxGetCitys/province/%E4%B8%8A%E6%B5%B7
INFO: [ app_begin ] --START--
INFO: Run Behavior\ReadHtmlCacheBehavior [ RunTime:0.000902s ]
INFO: [ app_begin ] --END-- [ RunTime:0.001486s ]
INFO: [ app_end ] --START--
INFO: Run Behavior\ShowPageTraceBehavior [ RunTime:0.000766s ]
INFO: [ app_end ] --END-- [ RunTime:0.000866s ]

[ 2017-01-09T17:46:52+08:00 ] 127.0.0.1 /index.php/Admin/Hospital/ajaxGetCitys/province/%E5%8C%97%E4%BA%AC
INFO: [ app_begin ] --START--
INFO: Run Behavior\ReadHtmlCacheBehavior [ RunTime:0.000946s ]
INFO: [ app_begin ] --END-- [ RunTime:0.001582s ]
INFO: [ app_end ] --START--
INFO: Run Behavior\ShowPageTraceBehavior [ RunTime:0.001568s ]
INFO: [ app_end ] --END-- [ RunTime:0.001674s ]

