[ 2017-02-27T14:57:21+08:00 ] 127.0.0.1 /
INFO: [ app_init ] --START--
INFO: Run Behavior\BuildLiteBehavior [ RunTime:0.000017s ]
INFO: [ app_init ] --END-- [ RunTime:0.000485s ]
INFO: [ app_begin ] --START--
INFO: Run Behavior\ReadHtmlCacheBehavior [ RunTime:0.000699s ]
INFO: [ app_begin ] --END-- [ RunTime:0.000764s ]
SQL: SHOW COLUMNS FROM `zxznz_doctor` [ RunTime:0.087827s ]
SQL: SELECT d.id,d.name,d.picture,(h.name)hos_name FROM zxznz_doctor d LEFT JOIN zxznz_hospital AS h ON d.hos_id=h.id  WHERE ( d.is_show = '是' ) ORDER BY d.id desc LIMIT 8   [ RunTime:0.036638s ]
SQL: SHOW COLUMNS FROM `zxznz_hospital` [ RunTime:0.006095s ]
SQL: SELECT `id`,`name`,`logo` FROM `zxznz_hospital` WHERE ( `is_show` = '1' ) AND ( `is_index` = '1' ) ORDER BY is_top desc LIMIT 10   [ RunTime:0.000788s ]
INFO: [ view_parse ] --START--
INFO: [ template_filter ] --START--
INFO: Run Behavior\ContentReplaceBehavior [ RunTime:0.000277s ]
INFO: [ template_filter ] --END-- [ RunTime:0.000404s ]
NOTIC: [8] Undefined variable: page_key E:\Wamp\host\ZXZNZ\Public\Home\header.html 第 6 行.
NOTIC: [8] Use of undefined constant id - assumed 'id' E:\Wamp\host\ZXZNZ\Application\Runtime\Cache\Home\2a94b8bda04ff446dcedd42276fc99ee.php 第 228 行.
NOTIC: [8] Use of undefined constant id - assumed 'id' E:\Wamp\host\ZXZNZ\Application\Runtime\Cache\Home\2a94b8bda04ff446dcedd42276fc99ee.php 第 247 行.
NOTIC: [8] Use of undefined constant id - assumed 'id' E:\Wamp\host\ZXZNZ\Application\Runtime\Cache\Home\2a94b8bda04ff446dcedd42276fc99ee.php 第 264 行.
NOTIC: [8] Use of undefined constant id - assumed 'id' E:\Wamp\host\ZXZNZ\Application\Runtime\Cache\Home\2a94b8bda04ff446dcedd42276fc99ee.php 第 283 行.
NOTIC: [8] Use of undefined constant id - assumed 'id' E:\Wamp\host\ZXZNZ\Application\Runtime\Cache\Home\2a94b8bda04ff446dcedd42276fc99ee.php 第 300 行.
NOTIC: [8] Use of undefined constant id - assumed 'id' E:\Wamp\host\ZXZNZ\Application\Runtime\Cache\Home\2a94b8bda04ff446dcedd42276fc99ee.php 第 228 行.
NOTIC: [8] Use of undefined constant id - assumed 'id' E:\Wamp\host\ZXZNZ\Application\Runtime\Cache\Home\2a94b8bda04ff446dcedd42276fc99ee.php 第 247 行.
NOTIC: [8] Use of undefined constant id - assumed 'id' E:\Wamp\host\ZXZNZ\Application\Runtime\Cache\Home\2a94b8bda04ff446dcedd42276fc99ee.php 第 264 行.
NOTIC: [8] Use of undefined constant id - assumed 'id' E:\Wamp\host\ZXZNZ\Application\Runtime\Cache\Home\2a94b8bda04ff446dcedd42276fc99ee.php 第 283 行.
NOTIC: [8] Use of undefined constant id - assumed 'id' E:\Wamp\host\ZXZNZ\Application\Runtime\Cache\Home\2a94b8bda04ff446dcedd42276fc99ee.php 第 300 行.
INFO: Run Behavior\ParseTemplateBehavior [ RunTime:0.026970s ]
INFO: [ view_parse ] --END-- [ RunTime:0.027066s ]
INFO: [ view_filter ] --START--
INFO: Run Behavior\WriteHtmlCacheBehavior [ RunTime:0.000395s ]
INFO: [ view_filter ] --END-- [ RunTime:0.000453s ]
INFO: [ app_end ] --START--
INFO: Run Behavior\ShowPageTraceBehavior [ RunTime:0.000794s ]
INFO: [ app_end ] --END-- [ RunTime:0.000874s ]

[ 2017-02-27T14:57:34+08:00 ] 127.0.0.1 /index.php/Home/Hospital/index/navNum/3.html
INFO: [ app_init ] --START--
INFO: Run Behavior\BuildLiteBehavior [ RunTime:0.000022s ]
INFO: [ app_init ] --END-- [ RunTime:0.000727s ]
INFO: [ app_begin ] --START--
INFO: Run Behavior\ReadHtmlCacheBehavior [ RunTime:0.002866s ]
INFO: [ app_begin ] --END-- [ RunTime:0.003035s ]
SQL: SHOW COLUMNS FROM `zxznz_hospital` [ RunTime:0.004098s ]
SQL: SELECT COUNT(*) AS tp_count FROM `zxznz_hospital` WHERE ( `is_show` = '1' ) LIMIT 1   [ RunTime:0.000375s ]
SQL: SELECT `id`,`name`,`logo`,`is_show` FROM `zxznz_hospital` WHERE ( `is_show` = '1' ) ORDER BY is_top desc LIMIT 0,6   [ RunTime:0.000451s ]
INFO: [ view_parse ] --START--
INFO: [ template_filter ] --START--
INFO: Run Behavior\ContentReplaceBehavior [ RunTime:0.000056s ]
INFO: [ template_filter ] --END-- [ RunTime:0.000129s ]
NOTIC: [8] Undefined variable: page_key E:\Wamp\host\ZXZNZ\Public\Home\header.html 第 6 行.
INFO: Run Behavior\ParseTemplateBehavior [ RunTime:0.010185s ]
INFO: [ view_parse ] --END-- [ RunTime:0.010260s ]
INFO: [ view_filter ] --START--
INFO: Run Behavior\WriteHtmlCacheBehavior [ RunTime:0.000388s ]
INFO: [ view_filter ] --END-- [ RunTime:0.000447s ]
INFO: [ app_end ] --START--
INFO: Run Behavior\ShowPageTraceBehavior [ RunTime:0.000861s ]
INFO: [ app_end ] --END-- [ RunTime:0.000939s ]

[ 2017-02-27T14:57:37+08:00 ] 127.0.0.1 /index.php/Home/Hospital/detial/navNum/3/hos_id/53.html
INFO: [ app_init ] --START--
INFO: Run Behavior\BuildLiteBehavior [ RunTime:0.000016s ]
INFO: [ app_init ] --END-- [ RunTime:0.000507s ]
INFO: [ app_begin ] --START--
INFO: Run Behavior\ReadHtmlCacheBehavior [ RunTime:0.000574s ]
INFO: [ app_begin ] --END-- [ RunTime:0.000640s ]
SQL: SHOW COLUMNS FROM `zxznz_hospital` [ RunTime:0.006271s ]
SQL: SELECT `id`,`name`,`logo`,`intro`,`like` FROM `zxznz_hospital` WHERE ( `id` = 53 ) LIMIT 1   [ RunTime:0.000333s ]
SQL: SHOW COLUMNS FROM `zxznz_hcomment` [ RunTime:0.026445s ]
SQL: SELECT `id`,`user_name`,`content`,`time` FROM `zxznz_hcomment` WHERE ( `hos_id` = '53' ) ORDER BY time desc  [ RunTime:0.000950s ]
SQL: SHOW COLUMNS FROM `zxznz_hreply` [ RunTime:0.023208s ]
SQL: SELECT `id`,`cmt_id`,`user_name`,`content`,`time` FROM `zxznz_hreply` WHERE ( `hos_id` = '53' ) ORDER BY time desc  [ RunTime:0.000364s ]
INFO: [ view_parse ] --START--
INFO: [ template_filter ] --START--
INFO: Run Behavior\ContentReplaceBehavior [ RunTime:0.000134s ]
INFO: [ template_filter ] --END-- [ RunTime:0.000220s ]
NOTIC: [8] Undefined index: hf E:\Wamp\host\ZXZNZ\Application\Runtime\Cache\Home\42755619c3b861633f2b160e22c5bb64.php 第 347 行.
NOTIC: [2] Invalid argument supplied for foreach() E:\Wamp\host\ZXZNZ\Application\Runtime\Cache\Home\42755619c3b861633f2b160e22c5bb64.php 第 347 行.
INFO: Run Behavior\ParseTemplateBehavior [ RunTime:0.012430s ]
INFO: [ view_parse ] --END-- [ RunTime:0.012525s ]
INFO: [ view_filter ] --START--
INFO: Run Behavior\WriteHtmlCacheBehavior [ RunTime:0.000365s ]
INFO: [ view_filter ] --END-- [ RunTime:0.000424s ]
INFO: [ app_end ] --START--
INFO: Run Behavior\ShowPageTraceBehavior [ RunTime:0.001014s ]
INFO: [ app_end ] --END-- [ RunTime:0.001096s ]

